Log file open, 03/05/20 12:37:20
LogWindows: Failed to load 'aqProf.dll' (GetLastError=126)
LogWindows: File 'aqProf.dll' does not exist
LogWindows: Failed to load 'VtuneApi.dll' (GetLastError=126)
LogWindows: File 'VtuneApi.dll' does not exist
LogWindows: Failed to load 'VtuneApi32e.dll' (GetLastError=126)
LogWindows: File 'VtuneApi32e.dll' does not exist
LogConsoleResponse: Display: Failed to find resolution value strings in scalability ini. Falling back to default.
LogInit: Display: Running engine for game: VR_Essential_Kit
LogPlatformFile: Not using cached read wrapper
LogTaskGraph: Started task graph with 5 named threads and 35 total threads with 3 sets of task threads.
LogStats: Stats thread started at 5.214702
LogD3D11RHI: Loaded GFSDK_Aftermath_Lib.x64.dll
LogICUInternationalization: ICU TimeZone Detection - Raw Offset: +0:00, Platform Override: ''
LogPluginManager: Mounting plugin Paper2D
LogPluginManager: Mounting plugin AISupport
LogPluginManager: Mounting plugin LightPropagationVolume
LogPluginManager: Mounting plugin ActorLayerUtilities
LogPluginManager: Mounting plugin AnimationSharing
LogPluginManager: Mounting plugin CLionSourceCodeAccess
LogPluginManager: Mounting plugin CodeLiteSourceCodeAccess
LogPluginManager: Mounting plugin GitSourceControl
LogPluginManager: Mounting plugin KDevelopSourceCodeAccess
LogPluginManager: Mounting plugin NullSourceCodeAccess
LogPluginManager: Mounting plugin PerforceSourceControl
LogPluginManager: Mounting plugin SubversionSourceControl
LogPluginManager: Mounting plugin UObjectPlugin
LogPluginManager: Mounting plugin VisualStudioCodeSourceCodeAccess
LogPluginManager: Mounting plugin VisualStudioSourceCodeAccess
LogPluginManager: Mounting plugin XCodeSourceCodeAccess
LogPluginManager: Mounting plugin AssetManagerEditor
LogPluginManager: Mounting plugin CryptoKeys
LogPluginManager: Mounting plugin CurveEditorTools
LogPluginManager: Mounting plugin DataValidation
LogPluginManager: Mounting plugin FacialAnimation
LogPluginManager: Mounting plugin GameplayTagsEditor
LogPluginManager: Mounting plugin MacGraphicsSwitching
LogPluginManager: Mounting plugin MaterialAnalyzer
LogPluginManager: Mounting plugin MobileLauncherProfileWizard
LogPluginManager: Mounting plugin PluginBrowser
LogPluginManager: Mounting plugin SpeedTreeImporter
LogPluginManager: Mounting plugin DatasmithContent
LogPluginManager: Mounting plugin VariantManagerContent
LogPluginManager: Mounting plugin AlembicImporter
LogPluginManager: Mounting plugin AutomationUtils
LogPluginManager: Mounting plugin BackChannel
LogPluginManager: Mounting plugin CharacterAI
LogPluginManager: Mounting plugin GeometryCache
LogPluginManager: Mounting plugin HTML5Networking
LogPluginManager: Mounting plugin PlatformCrypto
LogPluginManager: Mounting plugin ProxyLODPlugin
LogPluginManager: Mounting plugin SkeletalReduction
LogPluginManager: Mounting plugin MagicLeap
LogPluginManager: Mounting plugin MagicLeapMedia
LogPluginManager: Mounting plugin AndroidMedia
LogPluginManager: Mounting plugin AvfMedia
LogPluginManager: Mounting plugin ImgMedia
LogPluginManager: Mounting plugin MediaCompositing
LogPluginManager: Mounting plugin MediaPlayerEditor
LogPluginManager: Mounting plugin WebMMedia
LogPluginManager: Mounting plugin WmfMedia
LogPluginManager: Mounting plugin TcpMessaging
LogPluginManager: Mounting plugin UdpMessaging
LogPluginManager: Mounting plugin ActorSequence
LogPluginManager: Mounting plugin LevelSequenceEditor
LogPluginManager: Mounting plugin MatineeToLevelSequence
LogPluginManager: Mounting plugin NetcodeUnitTest
LogPluginManager: Mounting plugin NUTUnrealEngine4
LogPluginManager: Mounting plugin OnlineSubsystemGooglePlay
LogPluginManager: Mounting plugin OnlineSubsystemIOS
LogPluginManager: Mounting plugin OnlineSubsystem
LogPluginManager: Mounting plugin OnlineSubsystemNull
LogPluginManager: Mounting plugin OnlineSubsystemUtils
LogPluginManager: Mounting plugin LauncherChunkInstaller
LogPluginManager: Mounting plugin AndroidDeviceProfileSelector
LogPluginManager: Mounting plugin AndroidMoviePlayer
LogPluginManager: Mounting plugin AndroidPermission
LogPluginManager: Mounting plugin AppleImageUtils
LogPluginManager: Mounting plugin AppleMoviePlayer
LogPluginManager: Mounting plugin ArchVisCharacter
LogPluginManager: Mounting plugin AudioCapture
LogPluginManager: Mounting plugin CableComponent
LogPluginManager: Mounting plugin CustomMeshComponent
LogPluginManager: Mounting plugin EditableMesh
LogPluginManager: Mounting plugin ExampleDeviceProfileSelector
LogPluginManager: Mounting plugin GoogleCloudMessaging
LogPluginManager: Mounting plugin IOSDeviceProfileSelector
LogPluginManager: Mounting plugin LinuxDeviceProfileSelector
LogPluginManager: Mounting plugin LocationServicesBPLibrary
LogPluginManager: Mounting plugin MobilePatchingUtils
LogPluginManager: Mounting plugin OculusVR
LogPluginManager: Mounting plugin PhysXVehicles
LogPluginManager: Mounting plugin ProceduralMeshComponent
LogPluginManager: Mounting plugin RuntimePhysXCooking
LogPluginManager: Mounting plugin SignificanceManager
LogPluginManager: Mounting plugin SteamVR
LogPluginManager: Mounting plugin WebMMoviePlayer
LogPluginManager: Mounting plugin WindowsMoviePlayer
LogPluginManager: Mounting plugin ScreenshotTools
LogInit: Using libcurl 7.55.1-DEV
LogInit:  - built for x86_64-pc-win32
LogInit:  - supports SSL with OpenSSL/1.1.1
LogInit:  - supports HTTP deflate (compression) using libz 1.2.8
LogInit:  - other features:
LogInit:      CURL_VERSION_SSL
LogInit:      CURL_VERSION_LIBZ
LogInit:      CURL_VERSION_IPV6
LogInit:      CURL_VERSION_ASYNCHDNS
LogInit:      CURL_VERSION_LARGEFILE
LogInit:      CURL_VERSION_IDN
LogInit:  CurlRequestOptions (configurable via config and command line):
LogInit:  - bVerifyPeer = true  - Libcurl will verify peer certificate
LogInit:  - bUseHttpProxy = false  - Libcurl will NOT use HTTP proxy
LogInit:  - bDontReuseConnections = false  - Libcurl will reuse connections
LogInit:  - MaxHostConnections = 16  - Libcurl will limit the number of connections to a host
LogInit:  - LocalHostAddr = Default
LogInit:  - BufferSize = 65536
LogOnline: OSS: Creating online subsystem instance for: NULL
LogInit: WinSock: version 1.1 (2.2), MaxSocks=32767, MaxUdp=65467
LogInit: Build: ++UE4+Release-4.23-CL-9631420
LogInit: Engine Version: 4.23.1-9631420+++UE4+Release-4.23
LogInit: Compatible Engine Version: 4.23.0-8386587+++UE4+Release-4.23
LogInit: Net CL: 8386587
LogInit: OS: Windows 10 (Release 1809) (), CPU: Intel(R) Core(TM) i7-8700 CPU @ 3.20GHz, GPU: NVIDIA GeForce GTX 1080 Ti
LogInit: Compiled (64-bit): Oct 18 2019 02:07:44
LogInit: Compiled with Visual C++: 19.16.27030.01
LogInit: Build Configuration: Development
LogInit: Branch Name: ++UE4+Release-4.23
LogInit: Command Line: 
LogInit: Base Directory: C:/Epic Games/UE_4.23/Engine/Binaries/Win64/
LogInit: Installed Engine Build: 1
LogDevObjectVersion: Number of dev versions registered: 23
LogDevObjectVersion:   Dev-Blueprints (B0D832E4-1F89-4F0D-ACCF-7EB736FD4AA2): 10
LogDevObjectVersion:   Dev-Build (E1C64328-A22C-4D53-A36C-8E866417BD8C): 0
LogDevObjectVersion:   Dev-Core (375EC13C-06E4-48FB-B500-84F0262A717E): 3
LogDevObjectVersion:   Dev-Editor (E4B068ED-F494-42E9-A231-DA0B2E46BB41): 34
LogDevObjectVersion:   Dev-Framework (CFFC743F-43B0-4480-9391-14DF171D2073): 35
LogDevObjectVersion:   Dev-Mobile (B02B49B5-BB20-44E9-A304-32B752E40360): 2
LogDevObjectVersion:   Dev-Networking (A4E4105C-59A1-49B5-A7C5-40C4547EDFEE): 0
LogDevObjectVersion:   Dev-Online (39C831C9-5AE6-47DC-9A44-9C173E1C8E7C): 0
LogDevObjectVersion:   Dev-Physics (78F01B33-EBEA-4F98-B9B4-84EACCB95AA2): 0
LogDevObjectVersion:   Dev-Platform (6631380F-2D4D-43E0-8009-CF276956A95A): 0
LogDevObjectVersion:   Dev-Rendering (12F88B9F-8875-4AFC-A67C-D90C383ABD29): 31
LogDevObjectVersion:   Dev-Sequencer (7B5AE74C-D270-4C10-A958-57980B212A5A): 11
LogDevObjectVersion:   Dev-VR (D7296918-1DD6-4BDD-9DE2-64A83CC13884): 2
LogDevObjectVersion:   Dev-LoadTimes (C2A15278-BFE7-4AFE-6C17-90FF531DF755): 1
LogDevObjectVersion:   Private-Geometry (6EACA3D4-40EC-4CC1-B786-8BED09428FC5): 3
LogDevObjectVersion:   Dev-AnimPhys (29E575DD-E0A3-4627-9D10-D276232CDCEA): 17
LogDevObjectVersion:   Dev-Anim (AF43A65D-7FD3-4947-9873-3E8ED9C1BB05): 2
LogDevObjectVersion:   Dev-ReflectionCapture (6B266CEC-1EC7-4B8F-A30B-E4D90942FC07): 1
LogDevObjectVersion:   Dev-Automation (0DF73D61-A23F-47EA-B727-89E90C41499A): 1
LogDevObjectVersion:   FortniteMain (601D1886-AC64-4F84-AA16-D3DE0DEAC7D6): 27
LogDevObjectVersion:   Dev-Enterprise (9DFFBCD6-494F-0158-E221-12823C92A888): 6
LogDevObjectVersion:   Dev-Niagara (F2AED0AC-9AFE-416F-8664-AA7FFA26D6FC): 1
LogDevObjectVersion:   Dev-Destruction (174F1F0B-B4C6-45A5-B13F-2EE8D0FB917D): 9
LogInit: Presizing for max 16777216 objects, including 0 objects not considered by GC, pre-allocating 0 bytes for permanent pool.
LogInit: Object subsystem initialized
LogConfig: Setting CVar [[con.DebugEarlyDefault:1]]
LogConfig: Setting CVar [[r.setres:1280x720]]
[2020.03.05-12.37.22:956][  0]LogConfig: Setting CVar [[r.VSync:0]]
[2020.03.05-12.37.22:956][  0]LogConfig: Setting CVar [[r.RHICmdBypass:0]]
[2020.03.05-12.37.22:962][  0]LogConfig: Applying CVar settings from Section [/Script/Engine.RendererSettings] File [C:/Users/N0737367/Documents/GitHub/VR-Kit/VR_Kit/Saved/Config/Windows/Engine.ini]
[2020.03.05-12.37.22:962][  0]LogConfig: Setting CVar [[r.GPUCrashDebugging:0]]
[2020.03.05-12.37.22:962][  0]LogConfig: Setting CVar [[r.DefaultFeature.AmbientOcclusion:0]]
[2020.03.05-12.37.22:962][  0]LogConfig: Setting CVar [[r.DefaultFeature.AmbientOcclusionStaticFraction:0]]
[2020.03.05-12.37.22:962][  0]LogConfig: Setting CVar [[vr.InstancedStereo:1]]
[2020.03.05-12.37.22:962][  0]LogConfig: Setting CVar [[r.SeparateTranslucency:0]]
[2020.03.05-12.37.22:962][  0]LogConfig: Setting CVar [[r.HZBOcclusion:0]]
[2020.03.05-12.37.22:962][  0]LogConfig: Setting CVar [[r.SSR.MaxRoughness:0]]
[2020.03.05-12.37.22:962][  0]LogConfig: Setting CVar [[r.rhicmdbypass:0]]
[2020.03.05-12.37.22:962][  0]LogConfig: Applying CVar settings from Section [/Script/Engine.RendererOverrideSettings] File [C:/Users/N0737367/Documents/GitHub/VR-Kit/VR_Kit/Saved/Config/Windows/Engine.ini]
[2020.03.05-12.37.22:962][  0]LogConfig: Applying CVar settings from Section [/Script/Engine.StreamingSettings] File [C:/Users/N0737367/Documents/GitHub/VR-Kit/VR_Kit/Saved/Config/Windows/Engine.ini]
[2020.03.05-12.37.22:962][  0]LogConfig: Setting CVar [[s.MinBulkDataSizeForAsyncLoading:131072]]
[2020.03.05-12.37.22:962][  0]LogConfig: Setting CVar [[s.AsyncLoadingThreadEnabled:0]]
[2020.03.05-12.37.22:962][  0]LogConfig: Setting CVar [[s.EventDrivenLoaderEnabled:1]]
[2020.03.05-12.37.22:962][  0]LogConfig: Setting CVar [[s.WarnIfTimeLimitExceeded:0]]
[2020.03.05-12.37.22:962][  0]LogConfig: Setting CVar [[s.TimeLimitExceededMultiplier:1.5]]
[2020.03.05-12.37.22:962][  0]LogConfig: Setting CVar [[s.TimeLimitExceededMinTime:0.005]]
[2020.03.05-12.37.22:962][  0]LogConfig: Setting CVar [[s.UseBackgroundLevelStreaming:1]]
[2020.03.05-12.37.22:962][  0]LogConfig: Setting CVar [[s.PriorityAsyncLoadingExtraTime:15.0]]
[2020.03.05-12.37.22:962][  0]LogConfig: Setting CVar [[s.LevelStreamingActorsUpdateTimeLimit:5.0]]
[2020.03.05-12.37.22:962][  0]LogConfig: Setting CVar [[s.PriorityLevelStreamingActorsUpdateExtraTime:5.0]]
[2020.03.05-12.37.22:962][  0]LogConfig: Setting CVar [[s.LevelStreamingComponentsRegistrationGranularity:10]]
[2020.03.05-12.37.22:962][  0]LogConfig: Setting CVar [[s.UnregisterComponentsTimeLimit:1.0]]
[2020.03.05-12.37.22:962][  0]LogConfig: Setting CVar [[s.LevelStreamingComponentsUnregistrationGranularity:5]]
[2020.03.05-12.37.22:962][  0]LogConfig: Applying CVar settings from Section [/Script/Engine.GarbageCollectionSettings] File [C:/Users/N0737367/Documents/GitHub/VR-Kit/VR_Kit/Saved/Config/Windows/Engine.ini]
[2020.03.05-12.37.22:962][  0]LogConfig: Setting CVar [[gc.MaxObjectsNotConsideredByGC:1]]
[2020.03.05-12.37.22:962][  0]LogConfig: Setting CVar [[gc.SizeOfPermanentObjectPool:0]]
[2020.03.05-12.37.22:962][  0]LogConfig: Setting CVar [[gc.FlushStreamingOnGC:0]]
[2020.03.05-12.37.22:962][  0]LogConfig: Setting CVar [[gc.NumRetriesBeforeForcingGC:10]]
[2020.03.05-12.37.22:962][  0]LogConfig: Setting CVar [[gc.AllowParallelGC:1]]
[2020.03.05-12.37.22:962][  0]LogConfig: Setting CVar [[gc.TimeBetweenPurgingPendingKillObjects:61.1]]
[2020.03.05-12.37.22:962][  0]LogConfig: Setting CVar [[gc.MaxObjectsInEditor:16777216]]
[2020.03.05-12.37.22:963][  0]LogConfig: Setting CVar [[gc.IncrementalBeginDestroyEnabled:1]]
[2020.03.05-12.37.22:963][  0]LogConfig: Setting CVar [[gc.CreateGCClusters:1]]
[2020.03.05-12.37.22:963][  0]LogConfig: Setting CVar [[gc.MinGCClusterSize:5]]
[2020.03.05-12.37.22:963][  0]LogConfig: Setting CVar [[gc.ActorClusteringEnabled:0]]
[2020.03.05-12.37.22:963][  0]LogConfig: Setting CVar [[gc.BlueprintClusteringEnabled:0]]
[2020.03.05-12.37.22:963][  0]LogConfig: Setting CVar [[gc.UseDisregardForGCOnDedicatedServers:0]]
[2020.03.05-12.37.22:963][  0]LogConfig: Applying CVar settings from Section [/Script/Engine.NetworkSettings] File [C:/Users/N0737367/Documents/GitHub/VR-Kit/VR_Kit/Saved/Config/Windows/Engine.ini]
[2020.03.05-12.37.22:963][  0]LogConfig: Applying CVar settings from Section [/Script/UnrealEd.CookerSettings] File [C:/Users/N0737367/Documents/GitHub/VR-Kit/VR_Kit/Saved/Config/Windows/Engine.ini]
[2020.03.05-12.37.23:018][  0]LogConfig: Applying CVar settings from Section [ViewDistanceQuality@3] File [C:/Users/N0737367/Documents/GitHub/VR-Kit/VR_Kit/Saved/Config/Windows/Scalability.ini]
[2020.03.05-12.37.23:018][  0]LogConfig: Setting CVar [[r.SkeletalMeshLODBias:0]]
[2020.03.05-12.37.23:018][  0]LogConfig: Setting CVar [[r.ViewDistanceScale:1.0]]
[2020.03.05-12.37.23:018][  0]LogConfig: Applying CVar settings from Section [AntiAliasingQuality@3] File [C:/Users/N0737367/Documents/GitHub/VR-Kit/VR_Kit/Saved/Config/Windows/Scalability.ini]
[2020.03.05-12.37.23:018][  0]LogConfig: Setting CVar [[r.PostProcessAAQuality:3]]
[2020.03.05-12.37.23:018][  0]LogConfig: Applying CVar settings from Section [ShadowQuality@3] File [C:/Users/N0737367/Documents/GitHub/VR-Kit/VR_Kit/Saved/Config/Windows/Scalability.ini]
[2020.03.05-12.37.23:018][  0]LogConfig: Setting CVar [[r.LightFunctionQuality:1]]
[2020.03.05-12.37.23:018][  0]LogConfig: Setting CVar [[r.ShadowQuality:5]]
[2020.03.05-12.37.23:018][  0]LogConfig: Setting CVar [[r.Shadow.CSM.MaxCascades:10]]
[2020.03.05-12.37.23:018][  0]LogConfig: Setting CVar [[r.Shadow.MaxResolution:2048]]
[2020.03.05-12.37.23:018][  0]LogConfig: Setting CVar [[r.Shadow.MaxCSMResolution:2048]]
[2020.03.05-12.37.23:018][  0]LogConfig: Setting CVar [[r.Shadow.RadiusThreshold:0.01]]
[2020.03.05-12.37.23:018][  0]LogConfig: Setting CVar [[r.Shadow.DistanceScale:1.0]]
[2020.03.05-12.37.23:018][  0]LogConfig: Setting CVar [[r.Shadow.CSM.TransitionScale:1.0]]
[2020.03.05-12.37.23:018][  0]LogConfig: Setting CVar [[r.Shadow.PreShadowResolutionFactor:1.0]]
[2020.03.05-12.37.23:018][  0]LogConfig: Setting CVar [[r.DistanceFieldShadowing:1]]
[2020.03.05-12.37.23:018][  0]LogConfig: Setting CVar [[r.DistanceFieldAO:1]]
[2020.03.05-12.37.23:018][  0]LogConfig: Setting CVar [[r.AOQuality:2]]
[2020.03.05-12.37.23:018][  0]LogConfig: Setting CVar [[r.VolumetricFog:1]]
[2020.03.05-12.37.23:018][  0]LogConfig: Setting CVar [[r.VolumetricFog.GridPixelSize:8]]
[2020.03.05-12.37.23:018][  0]LogConfig: Setting CVar [[r.VolumetricFog.GridSizeZ:128]]
[2020.03.05-12.37.23:018][  0]LogConfig: Setting CVar [[r.VolumetricFog.HistoryMissSupersampleCount:4]]
[2020.03.05-12.37.23:018][  0]LogConfig: Setting CVar [[r.LightMaxDrawDistanceScale:1]]
[2020.03.05-12.37.23:018][  0]LogConfig: Setting CVar [[r.CapsuleShadows:1]]
[2020.03.05-12.37.23:018][  0]LogConfig: Applying CVar settings from Section [PostProcessQuality@3] File [C:/Users/N0737367/Documents/GitHub/VR-Kit/VR_Kit/Saved/Config/Windows/Scalability.ini]
[2020.03.05-12.37.23:018][  0]LogConfig: Setting CVar [[r.MotionBlurQuality:0]]
[2020.03.05-12.37.23:018][  0]LogConfig: Setting CVar [[r.AmbientOcclusionMipLevelFactor:0.4]]
[2020.03.05-12.37.23:018][  0]LogConfig: Setting CVar [[r.AmbientOcclusionMaxQuality:100]]
[2020.03.05-12.37.23:018][  0]LogConfig: Setting CVar [[r.AmbientOcclusionLevels:0]]
[2020.03.05-12.37.23:018][  0]LogConfig: Setting CVar [[r.AmbientOcclusionRadiusScale:1.0]]
[2020.03.05-12.37.23:018][  0]LogConfig: Setting CVar [[r.DepthOfFieldQuality:0]]
[2020.03.05-12.37.23:018][  0]LogConfig: Setting CVar [[r.RenderTargetPoolMin:400]]
[2020.03.05-12.37.23:018][  0]LogConfig: Setting CVar [[r.LensFlareQuality:0]]
[2020.03.05-12.37.23:018][  0]LogConfig: Setting CVar [[r.SceneColorFringeQuality:0]]
[2020.03.05-12.37.23:018][  0]LogConfig: Setting CVar [[r.EyeAdaptationQuality:2]]
[2020.03.05-12.37.23:018][  0]LogConfig: Setting CVar [[r.BloomQuality:1]]
[2020.03.05-12.37.23:018][  0]LogConfig: Setting CVar [[r.FastBlurThreshold:0]]
[2020.03.05-12.37.23:018][  0]LogConfig: Setting CVar [[r.Upscale.Quality:3]]
[2020.03.05-12.37.23:018][  0]LogConfig: Setting CVar [[r.Tonemapper.GrainQuantization:1]]
[2020.03.05-12.37.23:018][  0]LogConfig: Setting CVar [[r.LightShaftQuality:1]]
[2020.03.05-12.37.23:018][  0]LogConfig: Setting CVar [[r.Filter.SizeScale:1]]
[2020.03.05-12.37.23:018][  0]LogConfig: Setting CVar [[r.Tonemapper.Quality:5]]
[2020.03.05-12.37.23:018][  0]LogConfig: Setting CVar [[r.DOF.Gather.AccumulatorQuality:1        ; higher gathering accumulator quality]]
[2020.03.05-12.37.23:018][  0]LogConfig: Setting CVar [[r.DOF.Gather.PostfilterMethod:1          ; Median3x3 postfilering method]]
[2020.03.05-12.37.23:018][  0]LogConfig: Setting CVar [[r.DOF.Gather.EnableBokehSettings:0       ; no bokeh simulation when gathering]]
[2020.03.05-12.37.23:019][  0]LogConfig: Setting CVar [[r.DOF.Gather.RingCount:4                 ; medium number of samples when gathering]]
[2020.03.05-12.37.23:019][  0]LogConfig: Setting CVar [[r.DOF.Scatter.ForegroundCompositing:1    ; additive foreground scattering]]
[2020.03.05-12.37.23:019][  0]LogConfig: Setting CVar [[r.DOF.Scatter.BackgroundCompositing:2    ; additive background scattering]]
[2020.03.05-12.37.23:019][  0]LogConfig: Setting CVar [[r.DOF.Scatter.EnableBokehSettings:1      ; bokeh simulation when scattering]]
[2020.03.05-12.37.23:019][  0]LogConfig: Setting CVar [[r.DOF.Scatter.MaxSpriteRatio:0.1         ; only a maximum of 10% of scattered bokeh]]
[2020.03.05-12.37.23:019][  0]LogConfig: Setting CVar [[r.DOF.Recombine.Quality:1                ; cheap slight out of focus]]
[2020.03.05-12.37.23:019][  0]LogConfig: Setting CVar [[r.DOF.Recombine.EnableBokehSettings:0    ; no bokeh simulation on slight out of focus]]
[2020.03.05-12.37.23:019][  0]LogConfig: Setting CVar [[r.DOF.TemporalAAQuality:1                ; more stable temporal accumulation]]
[2020.03.05-12.37.23:019][  0]LogConfig: Setting CVar [[r.DOF.Kernel.MaxForegroundRadius:0.025]]
[2020.03.05-12.37.23:019][  0]LogConfig: Setting CVar [[r.DOF.Kernel.MaxBackgroundRadius:0.025]]
[2020.03.05-12.37.23:019][  0]LogConfig: Applying CVar settings from Section [TextureQuality@3] File [C:/Users/N0737367/Documents/GitHub/VR-Kit/VR_Kit/Saved/Config/Windows/Scalability.ini]
[2020.03.05-12.37.23:019][  0]LogConfig: Setting CVar [[r.Streaming.MipBias:0]]
[2020.03.05-12.37.23:019][  0]LogConfig: Setting CVar [[r.Streaming.AmortizeCPUToGPUCopy:0]]
[2020.03.05-12.37.23:019][  0]LogConfig: Setting CVar [[r.Streaming.MaxNumTexturesToStreamPerFrame:0]]
[2020.03.05-12.37.23:019][  0]LogConfig: Setting CVar [[r.Streaming.Boost:1]]
[2020.03.05-12.37.23:019][  0]LogConfig: Setting CVar [[r.MaxAnisotropy:8]]
[2020.03.05-12.37.23:019][  0]LogConfig: Setting CVar [[r.Streaming.LimitPoolSizeToVRAM:0]]
[2020.03.05-12.37.23:019][  0]LogConfig: Setting CVar [[r.Streaming.PoolSize:1000]]
[2020.03.05-12.37.23:019][  0]LogConfig: Setting CVar [[r.Streaming.MaxEffectiveScreenSize:0]]
[2020.03.05-12.37.23:019][  0]LogConfig: Applying CVar settings from Section [EffectsQuality@3] File [C:/Users/N0737367/Documents/GitHub/VR-Kit/VR_Kit/Saved/Config/Windows/Scalability.ini]
[2020.03.05-12.37.23:019][  0]LogConfig: Setting CVar [[r.TranslucencyLightingVolumeDim:4]]
[2020.03.05-12.37.23:019][  0]LogConfig: Setting CVar [[r.RefractionQuality:2]]
[2020.03.05-12.37.23:019][  0]LogConfig: Setting CVar [[r.SSR.Quality:0]]
[2020.03.05-12.37.23:019][  0]LogConfig: Setting CVar [[r.SceneColorFormat:2]]
[2020.03.05-12.37.23:019][  0]LogConfig: Setting CVar [[r.DetailMode:2]]
[2020.03.05-12.37.23:019][  0]LogConfig: Setting CVar [[r.TranslucencyVolumeBlur:0]]
[2020.03.05-12.37.23:019][  0]LogConfig: Setting CVar [[r.MaterialQualityLevel:1 ; High quality]]
[2020.03.05-12.37.23:019][  0]LogConfig: Setting CVar [[r.SSS.Scale:1]]
[2020.03.05-12.37.23:019][  0]LogConfig: Setting CVar [[r.SSS.SampleSet:2]]
[2020.03.05-12.37.23:019][  0]LogConfig: Setting CVar [[r.SSS.Quality:1]]
[2020.03.05-12.37.23:019][  0]LogConfig: Setting CVar [[r.SSS.HalfRes:1]]
[2020.03.05-12.37.23:019][  0]LogConfig: Setting CVar [[r.EmitterSpawnRateScale:1.0]]
[2020.03.05-12.37.23:019][  0]LogConfig: Setting CVar [[r.ParticleLightQuality:2]]
[2020.03.05-12.37.23:019][  0]LogConfig: Applying CVar settings from Section [FoliageQuality@3] File [C:/Users/N0737367/Documents/GitHub/VR-Kit/VR_Kit/Saved/Config/Windows/Scalability.ini]
[2020.03.05-12.37.23:019][  0]LogConfig: Setting CVar [[foliage.DensityScale:1.0]]
[2020.03.05-12.37.23:019][  0]LogConfig: Setting CVar [[grass.DensityScale:1.0]]
[2020.03.05-12.37.23:027][  0]LogInit: Selected Device Profile: [Windows]
[2020.03.05-12.37.23:033][  0]LogInit: Applying CVar settings loaded from the selected device profile: [Windows]
[2020.03.05-12.37.23:056][  0]LogHAL: Display: Platform has ~ 16 GB [17094701056 / 17179869184 / 16], which maps to Larger [LargestMinGB=32, LargerMinGB=12, DefaultMinGB=8, SmallerMinGB=6, SmallestMinGB=0)
[2020.03.05-12.37.23:056][  0]LogInit: Going up to parent DeviceProfile []
[2020.03.05-12.37.23:070][  0]LogConfig: Applying CVar settings from Section [ViewDistanceQuality@3] File [C:/Users/N0737367/Documents/GitHub/VR-Kit/VR_Kit/Saved/Config/Windows/Scalability.ini]
[2020.03.05-12.37.23:070][  0]LogConfig: Setting CVar [[r.SkeletalMeshLODBias:0]]
[2020.03.05-12.37.23:070][  0]LogConfig: Setting CVar [[r.ViewDistanceScale:1.0]]
[2020.03.05-12.37.23:070][  0]LogConfig: Applying CVar settings from Section [AntiAliasingQuality@3] File [C:/Users/N0737367/Documents/GitHub/VR-Kit/VR_Kit/Saved/Config/Windows/Scalability.ini]
[2020.03.05-12.37.23:070][  0]LogConfig: Setting CVar [[r.PostProcessAAQuality:3]]
[2020.03.05-12.37.23:070][  0]LogConfig: Applying CVar settings from Section [ShadowQuality@3] File [C:/Users/N0737367/Documents/GitHub/VR-Kit/VR_Kit/Saved/Config/Windows/Scalability.ini]
[2020.03.05-12.37.23:070][  0]LogConfig: Setting CVar [[r.LightFunctionQuality:1]]
[2020.03.05-12.37.23:070][  0]LogConfig: Setting CVar [[r.ShadowQuality:5]]
[2020.03.05-12.37.23:070][  0]LogConfig: Setting CVar [[r.Shadow.CSM.MaxCascades:10]]
[2020.03.05-12.37.23:070][  0]LogConfig: Setting CVar [[r.Shadow.MaxResolution:2048]]
[2020.03.05-12.37.23:070][  0]LogConfig: Setting CVar [[r.Shadow.MaxCSMResolution:2048]]
[2020.03.05-12.37.23:070][  0]LogConfig: Setting CVar [[r.Shadow.RadiusThreshold:0.01]]
[2020.03.05-12.37.23:070][  0]LogConfig: Setting CVar [[r.Shadow.DistanceScale:1.0]]
[2020.03.05-12.37.23:070][  0]LogConfig: Setting CVar [[r.Shadow.CSM.TransitionScale:1.0]]
[2020.03.05-12.37.23:070][  0]LogConfig: Setting CVar [[r.Shadow.PreShadowResolutionFactor:1.0]]
[2020.03.05-12.37.23:070][  0]LogConfig: Setting CVar [[r.DistanceFieldShadowing:1]]
[2020.03.05-12.37.23:070][  0]LogConfig: Setting CVar [[r.DistanceFieldAO:1]]
[2020.03.05-12.37.23:070][  0]LogConfig: Setting CVar [[r.AOQuality:2]]
[2020.03.05-12.37.23:070][  0]LogConfig: Setting CVar [[r.VolumetricFog:1]]
[2020.03.05-12.37.23:070][  0]LogConfig: Setting CVar [[r.VolumetricFog.GridPixelSize:8]]
[2020.03.05-12.37.23:070][  0]LogConfig: Setting CVar [[r.VolumetricFog.GridSizeZ:128]]
[2020.03.05-12.37.23:070][  0]LogConfig: Setting CVar [[r.VolumetricFog.HistoryMissSupersampleCount:4]]
[2020.03.05-12.37.23:070][  0]LogConfig: Setting CVar [[r.LightMaxDrawDistanceScale:1]]
[2020.03.05-12.37.23:070][  0]LogConfig: Setting CVar [[r.CapsuleShadows:1]]
[2020.03.05-12.37.23:070][  0]LogConfig: Applying CVar settings from Section [PostProcessQuality@3] File [C:/Users/N0737367/Documents/GitHub/VR-Kit/VR_Kit/Saved/Config/Windows/Scalability.ini]
[2020.03.05-12.37.23:070][  0]LogConfig: Setting CVar [[r.MotionBlurQuality:0]]
[2020.03.05-12.37.23:070][  0]LogConfig: Setting CVar [[r.AmbientOcclusionMipLevelFactor:0.4]]
[2020.03.05-12.37.23:070][  0]LogConfig: Setting CVar [[r.AmbientOcclusionMaxQuality:100]]
[2020.03.05-12.37.23:070][  0]LogConfig: Setting CVar [[r.AmbientOcclusionLevels:0]]
[2020.03.05-12.37.23:070][  0]LogConfig: Setting CVar [[r.AmbientOcclusionRadiusScale:1.0]]
[2020.03.05-12.37.23:070][  0]LogConfig: Setting CVar [[r.DepthOfFieldQuality:0]]
[2020.03.05-12.37.23:070][  0]LogConfig: Setting CVar [[r.RenderTargetPoolMin:400]]
[2020.03.05-12.37.23:070][  0]LogConfig: Setting CVar [[r.LensFlareQuality:0]]
[2020.03.05-12.37.23:070][  0]LogConfig: Setting CVar [[r.SceneColorFringeQuality:0]]
[2020.03.05-12.37.23:070][  0]LogConfig: Setting CVar [[r.EyeAdaptationQuality:2]]
[2020.03.05-12.37.23:070][  0]LogConfig: Setting CVar [[r.BloomQuality:1]]
[2020.03.05-12.37.23:070][  0]LogConfig: Setting CVar [[r.FastBlurThreshold:0]]
[2020.03.05-12.37.23:070][  0]LogConfig: Setting CVar [[r.Upscale.Quality:3]]
[2020.03.05-12.37.23:070][  0]LogConfig: Setting CVar [[r.Tonemapper.GrainQuantization:1]]
[2020.03.05-12.37.23:070][  0]LogConfig: Setting CVar [[r.LightShaftQuality:1]]
[2020.03.05-12.37.23:070][  0]LogConfig: Setting CVar [[r.Filter.SizeScale:1]]
[2020.03.05-12.37.23:070][  0]LogConfig: Setting CVar [[r.Tonemapper.Quality:5]]
[2020.03.05-12.37.23:070][  0]LogConfig: Setting CVar [[r.DOF.Gather.AccumulatorQuality:1        ; higher gathering accumulator quality]]
[2020.03.05-12.37.23:070][  0]LogConfig: Setting CVar [[r.DOF.Gather.PostfilterMethod:1          ; Median3x3 postfilering method]]
[2020.03.05-12.37.23:070][  0]LogConfig: Setting CVar [[r.DOF.Gather.EnableBokehSettings:0       ; no bokeh simulation when gathering]]
[2020.03.05-12.37.23:070][  0]LogConfig: Setting CVar [[r.DOF.Gather.RingCount:4                 ; medium number of samples when gathering]]
[2020.03.05-12.37.23:071][  0]LogConfig: Setting CVar [[r.DOF.Scatter.ForegroundCompositing:1    ; additive foreground scattering]]
[2020.03.05-12.37.23:071][  0]LogConfig: Setting CVar [[r.DOF.Scatter.BackgroundCompositing:2    ; additive background scattering]]
[2020.03.05-12.37.23:071][  0]LogConfig: Setting CVar [[r.DOF.Scatter.EnableBokehSettings:1      ; bokeh simulation when scattering]]
[2020.03.05-12.37.23:071][  0]LogConfig: Setting CVar [[r.DOF.Scatter.MaxSpriteRatio:0.1         ; only a maximum of 10% of scattered bokeh]]
[2020.03.05-12.37.23:071][  0]LogConfig: Setting CVar [[r.DOF.Recombine.Quality:1                ; cheap slight out of focus]]
[2020.03.05-12.37.23:071][  0]LogConfig: Setting CVar [[r.DOF.Recombine.EnableBokehSettings:0    ; no bokeh simulation on slight out of focus]]
[2020.03.05-12.37.23:071][  0]LogConfig: Setting CVar [[r.DOF.TemporalAAQuality:1                ; more stable temporal accumulation]]
[2020.03.05-12.37.23:071][  0]LogConfig: Setting CVar [[r.DOF.Kernel.MaxForegroundRadius:0.025]]
[2020.03.05-12.37.23:071][  0]LogConfig: Setting CVar [[r.DOF.Kernel.MaxBackgroundRadius:0.025]]
[2020.03.05-12.37.23:071][  0]LogConfig: Applying CVar settings from Section [TextureQuality@3] File [C:/Users/N0737367/Documents/GitHub/VR-Kit/VR_Kit/Saved/Config/Windows/Scalability.ini]
[2020.03.05-12.37.23:071][  0]LogConfig: Setting CVar [[r.Streaming.MipBias:0]]
[2020.03.05-12.37.23:071][  0]LogConfig: Setting CVar [[r.Streaming.AmortizeCPUToGPUCopy:0]]
[2020.03.05-12.37.23:071][  0]LogConfig: Setting CVar [[r.Streaming.MaxNumTexturesToStreamPerFrame:0]]
[2020.03.05-12.37.23:071][  0]LogConfig: Setting CVar [[r.Streaming.Boost:1]]
[2020.03.05-12.37.23:071][  0]LogConfig: Setting CVar [[r.MaxAnisotropy:8]]
[2020.03.05-12.37.23:071][  0]LogConfig: Setting CVar [[r.Streaming.LimitPoolSizeToVRAM:0]]
[2020.03.05-12.37.23:071][  0]LogConfig: Setting CVar [[r.Streaming.PoolSize:1000]]
[2020.03.05-12.37.23:071][  0]LogConfig: Setting CVar [[r.Streaming.MaxEffectiveScreenSize:0]]
[2020.03.05-12.37.23:071][  0]LogConfig: Applying CVar settings from Section [EffectsQuality@3] File [C:/Users/N0737367/Documents/GitHub/VR-Kit/VR_Kit/Saved/Config/Windows/Scalability.ini]
[2020.03.05-12.37.23:071][  0]LogConfig: Setting CVar [[r.TranslucencyLightingVolumeDim:4]]
[2020.03.05-12.37.23:071][  0]LogConfig: Setting CVar [[r.RefractionQuality:2]]
[2020.03.05-12.37.23:071][  0]LogConfig: Setting CVar [[r.SSR.Quality:0]]
[2020.03.05-12.37.23:071][  0]LogConfig: Setting CVar [[r.SceneColorFormat:2]]
[2020.03.05-12.37.23:071][  0]LogConfig: Setting CVar [[r.DetailMode:2]]
[2020.03.05-12.37.23:071][  0]LogConfig: Setting CVar [[r.TranslucencyVolumeBlur:0]]
[2020.03.05-12.37.23:071][  0]LogConfig: Setting CVar [[r.MaterialQualityLevel:1 ; High quality]]
[2020.03.05-12.37.23:071][  0]LogConfig: Setting CVar [[r.SSS.Scale:1]]
[2020.03.05-12.37.23:071][  0]LogConfig: Setting CVar [[r.SSS.SampleSet:2]]
[2020.03.05-12.37.23:071][  0]LogConfig: Setting CVar [[r.SSS.Quality:1]]
[2020.03.05-12.37.23:071][  0]LogConfig: Setting CVar [[r.SSS.HalfRes:1]]
[2020.03.05-12.37.23:071][  0]LogConfig: Setting CVar [[r.EmitterSpawnRateScale:1.0]]
[2020.03.05-12.37.23:071][  0]LogConfig: Setting CVar [[r.ParticleLightQuality:2]]
[2020.03.05-12.37.23:071][  0]LogConfig: Applying CVar settings from Section [FoliageQuality@3] File [C:/Users/N0737367/Documents/GitHub/VR-Kit/VR_Kit/Saved/Config/Windows/Scalability.ini]
[2020.03.05-12.37.23:071][  0]LogConfig: Setting CVar [[foliage.DensityScale:1.0]]
[2020.03.05-12.37.23:071][  0]LogConfig: Setting CVar [[grass.DensityScale:1.0]]
[2020.03.05-12.37.23:071][  0]LogConfig: Applying CVar settings from Section [Startup] File [../../../Engine/Config/ConsoleVariables.ini]
[2020.03.05-12.37.23:113][  0]LogConfig: Setting CVar [[net.UseAdaptiveNetUpdateFrequency:0]]
[2020.03.05-12.37.23:113][  0]LogConfig: Setting CVar [[p.chaos.AllowCreatePhysxBodies:1]]
[2020.03.05-12.37.23:113][  0]LogConfig: Applying CVar settings from Section [ConsoleVariables] File [C:/Users/N0737367/Documents/GitHub/VR-Kit/VR_Kit/Saved/Config/Windows/Engine.ini]
[2020.03.05-12.37.23:148][  0]LogInit: Computer: ERD177-02
[2020.03.05-12.37.23:148][  0]LogInit: User: N0737367
[2020.03.05-12.37.23:148][  0]LogInit: CPU Page size=4096, Cores=6
[2020.03.05-12.37.23:148][  0]LogInit: High frequency timer resolution =10.000000 MHz
[2020.03.05-12.37.23:149][  0]LogMemory: Memory total: Physical=15.9GB (16GB approx)
[2020.03.05-12.37.23:149][  0]LogMemory: Platform Memory Stats for Windows
[2020.03.05-12.37.23:149][  0]LogMemory: Process Physical Memory: 102.44 MB used, 102.45 MB peak
[2020.03.05-12.37.23:149][  0]LogMemory: Process Virtual Memory: 90.15 MB used, 90.15 MB peak
[2020.03.05-12.37.23:149][  0]LogMemory: Physical Memory: 6568.27 MB used,  9734.51 MB free, 16302.78 MB total
[2020.03.05-12.37.23:149][  0]LogMemory: Virtual Memory: 4696.22 MB used,  134213032.00 MB free, 134217728.00 MB total
[2020.03.05-12.37.23:153][  0]LogWindows: WindowsPlatformFeatures enabled
[2020.03.05-12.37.24:042][  0]LogInit: Using OS detected language (en-GB).
[2020.03.05-12.37.24:042][  0]LogInit: Using OS detected locale (en-GB).
[2020.03.05-12.37.24:075][  0]LogTextLocalizationManager: No specific localization for 'en-GB' exists, so the 'en' localization will be used.
[2020.03.05-12.37.24:725][  0]LogInit: Setting process to per monitor DPI aware
[2020.03.05-12.37.25:256][  0]LogSlate: New Slate User Created.  User Index 0, Is Virtual User: 0
[2020.03.05-12.37.25:256][  0]LogSlate: Slate User Registered.  User Index 0, Is Virtual User: 0
[2020.03.05-12.37.28:319][  0]LogD3D11RHI: D3D11 adapters:
[2020.03.05-12.37.28:414][  0]LogD3D11RHI:    0. 'NVIDIA GeForce GTX 1080 Ti' (Feature Level 11_0)
[2020.03.05-12.37.28:414][  0]LogD3D11RHI:       11127/0/8151 MB DedicatedVideo/DedicatedSystem/SharedSystem, Outputs:1, VendorId:0x10de
[2020.03.05-12.37.28:417][  0]LogD3D11RHI:    1. 'Microsoft Basic Render Driver' (Feature Level 11_0)
[2020.03.05-12.37.28:417][  0]LogD3D11RHI:       0/0/8151 MB DedicatedVideo/DedicatedSystem/SharedSystem, Outputs:0, VendorId:0x1414
[2020.03.05-12.37.28:417][  0]LogD3D11RHI: Chosen D3D11 Adapter: 0
[2020.03.05-12.37.28:432][  0]LogD3D11RHI: Creating new Direct3DDevice
[2020.03.05-12.37.28:432][  0]LogD3D11RHI:     GPU DeviceId: 0x1b06 (for the marketing name, search the web for "GPU Device Id")
[2020.03.05-12.37.28:432][  0]LogWindows: EnumDisplayDevices:
[2020.03.05-12.37.28:432][  0]LogWindows:    0. 'NVIDIA GeForce GTX 1080 Ti' (P:1 D:1)
[2020.03.05-12.37.28:433][  0]LogWindows:    1. 'NVIDIA GeForce GTX 1080 Ti' (P:0 D:0)
[2020.03.05-12.37.28:433][  0]LogWindows:    2. 'NVIDIA GeForce GTX 1080 Ti' (P:0 D:0)
[2020.03.05-12.37.28:434][  0]LogWindows:    3. 'NVIDIA GeForce GTX 1080 Ti' (P:0 D:0)
[2020.03.05-12.37.28:434][  0]LogWindows: DebugString: FoundDriverCount:4 
[2020.03.05-12.37.28:434][  0]LogD3D11RHI:     Adapter Name: NVIDIA GeForce GTX 1080 Ti
[2020.03.05-12.37.28:446][  0]LogD3D11RHI:   Driver Version: 441.20 (internal:26.21.14.4120, unified:441.20)
[2020.03.05-12.37.28:446][  0]LogD3D11RHI:      Driver Date: 11-6-2019
[2020.03.05-12.37.28:446][  0]LogRHI: Texture pool is 7788 MB (70% of 11127 MB)
[2020.03.05-12.37.28:510][  0]LogD3D11RHI: Async texture creation enabled
[2020.03.05-12.37.28:635][  0]LogD3D11RHI: GPU Timing Frequency: 1000.000000 (Debug: 2 1)
[2020.03.05-12.37.29:548][  0]LogTemp: Display: Module 'AllDesktopTargetPlatform' loaded TargetPlatform 'AllDesktop'
[2020.03.05-12.37.29:571][  0]LogTemp: Display: Module 'MacClientTargetPlatform' loaded TargetPlatform 'MacClient'
[2020.03.05-12.37.29:589][  0]LogTemp: Display: Module 'MacNoEditorTargetPlatform' loaded TargetPlatform 'MacNoEditor'
[2020.03.05-12.37.29:660][  0]LogTemp: Display: Module 'MacServerTargetPlatform' loaded TargetPlatform 'MacServer'
[2020.03.05-12.37.29:708][  0]LogTemp: Display: Module 'MacTargetPlatform' loaded TargetPlatform 'Mac'
[2020.03.05-12.37.29:752][  0]LogTemp: Display: Module 'WindowsClientTargetPlatform' loaded TargetPlatform 'WindowsClient'
[2020.03.05-12.37.29:764][  0]LogTemp: Display: Module 'WindowsNoEditorTargetPlatform' loaded TargetPlatform 'WindowsNoEditor'
[2020.03.05-12.37.29:790][  0]LogTemp: Display: Module 'WindowsServerTargetPlatform' loaded TargetPlatform 'WindowsServer'
[2020.03.05-12.37.29:804][  0]LogTemp: Display: Module 'WindowsTargetPlatform' loaded TargetPlatform 'Windows'
[2020.03.05-12.37.29:964][  0]LogTemp: Display: Module 'AndroidTargetPlatform' loaded TargetPlatform 'Android'
[2020.03.05-12.37.29:964][  0]LogTemp: Display: Module 'AndroidTargetPlatform' loaded TargetPlatform 'Android_ASTC'
[2020.03.05-12.37.29:964][  0]LogTemp: Display: Module 'AndroidTargetPlatform' loaded TargetPlatform 'Android_ATC'
[2020.03.05-12.37.29:964][  0]LogTemp: Display: Module 'AndroidTargetPlatform' loaded TargetPlatform 'Android_DXT'
[2020.03.05-12.37.29:964][  0]LogTemp: Display: Module 'AndroidTargetPlatform' loaded TargetPlatform 'Android_ETC1'
[2020.03.05-12.37.29:964][  0]LogTemp: Display: Module 'AndroidTargetPlatform' loaded TargetPlatform 'Android_ETC1a'
[2020.03.05-12.37.29:964][  0]LogTemp: Display: Module 'AndroidTargetPlatform' loaded TargetPlatform 'Android_ETC2'
[2020.03.05-12.37.29:964][  0]LogTemp: Display: Module 'AndroidTargetPlatform' loaded TargetPlatform 'Android_PVRTC'
[2020.03.05-12.37.29:964][  0]LogTemp: Display: Module 'AndroidTargetPlatform' loaded TargetPlatform 'AndroidClient'
[2020.03.05-12.37.29:964][  0]LogTemp: Display: Module 'AndroidTargetPlatform' loaded TargetPlatform 'Android_ASTCClient'
[2020.03.05-12.37.29:964][  0]LogTemp: Display: Module 'AndroidTargetPlatform' loaded TargetPlatform 'Android_ATCClient'
[2020.03.05-12.37.29:964][  0]LogTemp: Display: Module 'AndroidTargetPlatform' loaded TargetPlatform 'Android_DXTClient'
[2020.03.05-12.37.29:964][  0]LogTemp: Display: Module 'AndroidTargetPlatform' loaded TargetPlatform 'Android_ETC1Client'
[2020.03.05-12.37.29:964][  0]LogTemp: Display: Module 'AndroidTargetPlatform' loaded TargetPlatform 'Android_ETC1aClient'
[2020.03.05-12.37.29:964][  0]LogTemp: Display: Module 'AndroidTargetPlatform' loaded TargetPlatform 'Android_ETC2Client'
[2020.03.05-12.37.29:964][  0]LogTemp: Display: Module 'AndroidTargetPlatform' loaded TargetPlatform 'Android_PVRTCClient'
[2020.03.05-12.37.29:964][  0]LogTemp: Display: Module 'AndroidTargetPlatform' loaded TargetPlatform 'Android_Multi'
[2020.03.05-12.37.29:964][  0]LogTemp: Display: Module 'AndroidTargetPlatform' loaded TargetPlatform 'Android_MultiClient'
[2020.03.05-12.37.29:986][  0]LogTemp: Display: Module 'HTML5TargetPlatform' loaded TargetPlatform 'HTML5'
[2020.03.05-12.37.30:060][  0]LogTemp: Display: Module 'IOSTargetPlatform' loaded TargetPlatform 'IOSClient'
[2020.03.05-12.37.30:060][  0]LogTemp: Display: Module 'IOSTargetPlatform' loaded TargetPlatform 'IOS'
[2020.03.05-12.37.30:102][  0]LogTemp: Display: Module 'TVOSTargetPlatform' loaded TargetPlatform 'TVOSClient'
[2020.03.05-12.37.30:102][  0]LogTemp: Display: Module 'TVOSTargetPlatform' loaded TargetPlatform 'TVOS'
[2020.03.05-12.37.30:112][  0]LogTemp: Display: Module 'LinuxClientTargetPlatform' loaded TargetPlatform 'LinuxClient'
[2020.03.05-12.37.30:121][  0]LogTemp: Display: Module 'LinuxNoEditorTargetPlatform' loaded TargetPlatform 'LinuxNoEditor'
[2020.03.05-12.37.30:174][  0]LogTemp: Display: Module 'LinuxServerTargetPlatform' loaded TargetPlatform 'LinuxServer'
[2020.03.05-12.37.30:215][  0]LogTemp: Display: Module 'LinuxTargetPlatform' loaded TargetPlatform 'Linux'
[2020.03.05-12.37.30:263][  0]LogTemp: Display: Module 'LuminTargetPlatform' loaded TargetPlatform 'Lumin'
[2020.03.05-12.37.30:263][  0]LogTemp: Display: Module 'LuminTargetPlatform' loaded TargetPlatform 'LuminClient'
[2020.03.05-12.37.30:263][  0]LogTargetPlatformManager: Display: Building Assets For Windows
[2020.03.05-12.37.30:445][  0]LogAudioDebug: Display: Lib vorbis DLL was dynamically loaded.
[2020.03.05-12.37.31:038][  0]LogShaderCompilers: Guid format shader working directory is -12 characters bigger than the processId version (../../../../../Users/N0737367/Documents/GitHub/VR-Kit/VR_Kit/Intermediate/Shaders/WorkingDirectory/16104/).
[2020.03.05-12.37.31:038][  0]LogShaderCompilers: Cleaned the shader compiler working directory 'C:/Users/N0737367/AppData/Local/Temp/UnrealShaderWorkingDir/EEAB7BFE4A61B7F9D901DDA366AF609D/'.
[2020.03.05-12.37.31:059][  0]LogShaderCompilers: Display: Using XGE Shader Compiler (Interception Interface).
[2020.03.05-12.37.35:856][  0]LogDerivedDataCache: Display: Max Cache Size: 512 MB
[2020.03.05-12.37.35:856][  0]LogDerivedDataCache: Display: Starting with empty Boot cache
[2020.03.05-12.37.35:856][  0]LogDerivedDataCache: FDerivedDataBackendGraph:  Pak pak cache file ../../../../../Users/N0737367/Documents/GitHub/VR-Kit/VR_Kit/DerivedDataCache/DDC.ddp not found, will not use a pak cache.
[2020.03.05-12.37.35:856][  0]LogDerivedDataCache: Unable to find inner node Pak for hierarchical cache Hierarchy.
[2020.03.05-12.37.35:856][  0]LogDerivedDataCache: FDerivedDataBackendGraph:  CompressedPak pak cache file ../../../../../Users/N0737367/Documents/GitHub/VR-Kit/VR_Kit/DerivedDataCache/Compressed.ddp not found, will not use a pak cache.
[2020.03.05-12.37.35:856][  0]LogDerivedDataCache: Unable to find inner node CompressedPak for hierarchical cache Hierarchy.
[2020.03.05-12.37.35:981][  0]LogDerivedDataCache: Display: Pak cache opened for reading ../../../Engine/DerivedDataCache/Compressed.ddp.
[2020.03.05-12.37.35:982][  0]LogDerivedDataCache: FDerivedDataBackendGraph:  EnterprisePak pak cache file ../../../Enterprise/DerivedDataCache/Compressed.ddp not found, will not use a pak cache.
[2020.03.05-12.37.35:982][  0]LogDerivedDataCache: Unable to find inner node EnterprisePak for hierarchical cache Hierarchy.
[2020.03.05-12.37.35:983][  0]LogDerivedDataCache: Using Local data cache path C:/Users/N0737367/AppData/Local/UnrealEngine/Common/DerivedDataCache: Writable
[2020.03.05-12.37.35:983][  0]LogDerivedDataCache: Shared data cache path not found in *engine.ini, will not use an Shared cache.
[2020.03.05-12.37.35:983][  0]LogDerivedDataCache: Unable to find inner node Shared for hierarchical cache Hierarchy.
[2020.03.05-12.37.36:012][  0]LogMaterial: Verifying Global Shaders for PCD3D_SM5
[2020.03.05-12.37.37:175][  0]LogSlate: Using FreeType 2.6.0
[2020.03.05-12.37.37:460][  0]LogSlate: SlateFontServices - WITH_FREETYPE: 1, WITH_HARFBUZZ: 1
[2020.03.05-12.37.40:402][  0]LogAssetRegistry: FAssetRegistry took 0.0364 seconds to start up
[2020.03.05-12.37.48:797][  0]LogInit: Selected Device Profile: [Windows]
[2020.03.05-12.37.51:044][  0]LogMaterial: Display: Missing cached shader map for material WorldGridMaterial, compiling. Is special engine material.
[2020.03.05-12.51.51:161][  0]LogMaterial: Display: Missing cached shader map for material DefaultDeferredDecalMaterial, compiling. 
[2020.03.05-12.52.43:632][  0]LogMaterial: Display: Missing cached shader map for material DefaultLightFunctionMaterial, compiling. 
[2020.03.05-12.52.48:530][  0]LogMaterial: Display: Missing cached shader map for material DefaultPostProcessMaterial, compiling. 
[2020.03.05-12.52.51:847][  0]LogMaterial: Display: Missing cached shader map for material DefaultVirtualTextureMaterial, compiling. 
[2020.03.05-12.53.18:876][  0]LogMaterial: Display: Missing cached shader map for material MatineeCam_mat, compiling. 
[2020.03.05-12.53.19:456][  0]LogMeshReduction: Using QuadricMeshReduction for automatic static mesh reduction
[2020.03.05-12.53.19:456][  0]LogMeshReduction: Using SimplygonMeshReduction for automatic skeletal mesh reduction
[2020.03.05-12.53.19:456][  0]LogMeshReduction: Using ProxyLODMeshReduction for automatic mesh merging
[2020.03.05-12.53.19:456][  0]LogMeshReduction: No distributed automatic mesh merging module available
[2020.03.05-12.53.19:457][  0]LogMeshMerging: No distributed automatic mesh merging module available
[2020.03.05-12.53.20:204][  0]LogNetVersion: VR_Essential_Kit 1.0.0, NetCL: 8386587, EngineNetVer: 11, GameNetVer: 0 (Checksum: 1001419721)
[2020.03.05-12.53.20:549][  0]LogMaterial: Display: Missing cached shader map for material HelpActorMaterial, compiling. 
[2020.03.05-12.53.21:271][  0]LogNavigation: Error: [/Script/Engine.NavigationSystem] found in the DefaultEngine.ini file. This class has been moved. Please rename that section to [/Script/NavigationSystem.NavigationSystemV1]
[2020.03.05-12.53.21:523][  0]LogMaterial: Display: Missing cached shader map for material M_ChromeBall, compiling. 
[2020.03.05-12.53.21:973][  0]LogMaterial: Display: Missing cached shader map for material DefaultTextMaterialOpaque, compiling. 
[2020.03.05-12.53.22:274][  0]LogMaterial: Display: Missing cached shader map for material BaseFlattenMaterial, compiling. 
[2020.03.05-12.53.22:860][  0]LogMaterial: Display: Missing cached shader map for material Xray, compiling. 
[2020.03.05-12.53.22:872][  0]LogMaterial: Display: Missing cached shader map for material Main, compiling. 
[2020.03.05-12.53.23:129][  0]LogMaterial: Display: Missing cached shader map for material Widget3DPassThrough, compiling. 
[2020.03.05-12.53.23:193][  0]LogMaterial: Display: Missing cached shader map for material Widget3DPassThrough, compiling. 
[2020.03.05-12.53.23:229][  0]LogMaterial: Display: Missing cached shader map for material Widget3DPassThrough, compiling. 
[2020.03.05-12.53.23:237][  0]LogMaterial: Display: Missing cached shader map for material Widget3DPassThrough, compiling. 
[2020.03.05-12.53.23:244][  0]LogMaterial: Display: Missing cached shader map for material Widget3DPassThrough, compiling. 
[2020.03.05-12.53.23:254][  0]LogMaterial: Display: Missing cached shader map for material Widget3DPassThrough, compiling. 
[2020.03.05-12.53.23:569][  0]LogMaterial: Display: Missing cached shader map for material TranslucentTransformGizmoMaterial, compiling. 
[2020.03.05-12.53.23:635][  0]LogMaterial: Display: Missing cached shader map for material TransformGizmoMaterial, compiling. 
[2020.03.05-12.53.23:785][  0]LogMaterial: Display: Missing cached shader map for material WireframeMaterial, compiling. Is special engine material.
[2020.03.05-12.53.23:992][  0]LogMaterial: Display: Missing cached shader map for material CineMat, compiling. 
[2020.03.05-12.53.24:604][  0]LogMaterial: Display: Missing cached shader map for material M_SimpleOpaque, compiling. 
[2020.03.05-12.53.24:669][  0]LogMaterial: Display: Missing cached shader map for material M_SimpleTranslucent, compiling. 
[2020.03.05-12.53.26:079][  0]LogMaterial: Display: Missing cached shader map for material SkySphereMaterial, compiling. 
[2020.03.05-12.53.26:150][  0]LogMaterial: Display: Missing cached shader map for material FloorPlaneMaterial, compiling. 
[2020.03.05-12.53.26:561][  0]LogMaterial: Display: Missing cached shader map for material LandscapeGizmo_Mat, compiling. 
[2020.03.05-12.53.26:617][  0]LogMaterial: Display: Missing cached shader map for material LandscapeGizmoHeight_Mat, compiling. 
[2020.03.05-12.53.26:707][  0]LogMaterial: Display: Missing cached shader map for material SplineEditorMeshMat, compiling. 
[2020.03.05-12.53.27:550][  0]LogPackageLocalizationCache: Processed 12 localized package path(s) for 1 prioritized culture(s) in 0.352367 seconds
[2020.03.05-12.53.27:650][  0]LogUObjectArray: 43444 objects as part of root set at end of initial load.
[2020.03.05-12.53.27:650][  0]LogUObjectAllocator: 7548648 out of 0 bytes used by permanent object pool.
[2020.03.05-12.53.27:650][  0]LogUObjectArray: CloseDisregardForGC: 0/0 objects in disregard for GC pool
[2020.03.05-12.53.48:784][  0]LogMaterial: Display: Missing cached shader map for material DefaultSpriteMaterial, compiling. 
[2020.03.05-12.53.48:794][  0]LogMaterial: Display: Missing cached shader map for material DefaultSpriteMaterial, compiling. 
[2020.03.05-12.53.49:636][  0]LogMaterial: Display: Missing cached shader map for material BaseColor, compiling. 
[2020.03.05-12.53.49:656][  0]LogMaterial: Display: Missing cached shader map for material CustomDepth, compiling. 
[2020.03.05-12.53.49:836][  0]LogMaterial: Display: Missing cached shader map for material CustomStencil, compiling. 
[2020.03.05-12.53.49:844][  0]LogMaterial: Display: Missing cached shader map for material FinalImage, compiling. 
[2020.03.05-12.53.49:851][  0]LogMaterial: Display: Missing cached shader map for material LightingModel, compiling. 
[2020.03.05-12.53.49:858][  0]LogMaterial: Display: Missing cached shader map for material MaterialAO, compiling. 
[2020.03.05-12.53.49:867][  0]LogMaterial: Display: Missing cached shader map for material Metallic, compiling. 
[2020.03.05-12.53.49:875][  0]LogMaterial: Display: Missing cached shader map for material Opacity, compiling. 
[2020.03.05-12.53.49:882][  0]LogMaterial: Display: Missing cached shader map for material Roughness, compiling. 
[2020.03.05-12.53.49:909][  0]LogMaterial: Display: Missing cached shader map for material SceneColor, compiling. 
[2020.03.05-12.53.49:916][  0]LogMaterial: Display: Missing cached shader map for material SceneDepth, compiling. 
[2020.03.05-12.53.49:926][  0]LogMaterial: Display: Missing cached shader map for material SeparateTranslucencyRGB, compiling. 
[2020.03.05-12.53.49:933][  0]LogMaterial: Display: Missing cached shader map for material SeparateTranslucencyA, compiling. 
[2020.03.05-12.53.49:945][  0]LogMaterial: Display: Missing cached shader map for material Specular, compiling. 
[2020.03.05-12.53.49:970][  0]LogMaterial: Display: Missing cached shader map for material SubsurfaceColor, compiling. 
[2020.03.05-12.53.49:977][  0]LogMaterial: Display: Missing cached shader map for material WorldNormal, compiling. 
[2020.03.05-12.53.50:028][  0]LogMaterial: Display: Missing cached shader map for material AmbientOcclusion, compiling. 
[2020.03.05-12.53.50:081][  0]LogMaterial: Display: Missing cached shader map for material CustomDepthWorldUnits, compiling. 
[2020.03.05-12.53.50:097][  0]LogMaterial: Display: Missing cached shader map for material SceneDepthWorldUnits, compiling. 
[2020.03.05-12.53.50:119][  0]LogMaterial: Display: Missing cached shader map for material Velocity, compiling. 
[2020.03.05-12.53.50:133][  0]LogMaterial: Display: Missing cached shader map for material PreTonemapHDRColor, compiling. 
[2020.03.05-12.53.50:143][  0]LogMaterial: Display: Missing cached shader map for material PostTonemapHDRColor, compiling. 
[2020.03.05-12.53.50:980][  0]LogTcpMessaging: Initializing TcpMessaging bridge
[2020.03.05-12.53.51:043][  0]LogUdpMessaging: Initializing bridge on interface 0.0.0.0:0 to multicast group 230.0.0.1:6666.
[2020.03.05-12.53.51:284][  0]LogMaterial: Display: Missing cached shader map for material DefaultMaterial, compiling. 
[2020.03.05-12.53.51:836][  0]SourceControl: Source control is disabled
[2020.03.05-12.53.51:856][  0]SourceControl: Source control is disabled
[2020.03.05-12.53.51:991][  0]SourceControl: Source control is disabled
[2020.03.05-12.53.52:013][  0]SourceControl: Source control is disabled
[2020.03.05-12.53.53:254][  0]LogAndroidPermission: UAndroidPermissionCallbackProxy::GetInstance
[2020.03.05-12.53.54:028][  0]LogMaterial: Display: Missing cached shader map for material M_VolumeRenderSphereTracePP, compiling. 
[2020.03.05-12.53.54:094][  0]LogOcInput: OculusInput pre-init called
[2020.03.05-12.53.54:147][  0]LogWindows: Failed to load 'OVRPlugin.dll' (GetLastError=126)
[2020.03.05-12.53.54:147][  0]LogWindows: File 'OVRPlugin.dll' does not exist
[2020.03.05-12.53.54:449][  0]LogMaterial: Display: Missing cached shader map for material HighResScreenshot, compiling. 
[2020.03.05-12.53.54:471][  0]LogMaterial: Display: Missing cached shader map for material HighResScreenshotMask, compiling. 
[2020.03.05-12.53.54:497][  0]LogMaterial: Display: Missing cached shader map for material HighResScreenshotCaptureRegion, compiling. 
[2020.03.05-12.53.55:609][  0]LogEngine: Initializing Engine...
[2020.03.05-12.53.55:682][  0]LogHMD: SteamVR initialized.  Driver: lighthouse  Display: LHR-E448BF54
[2020.03.05-12.53.55:795][  0]LogStats: UGameplayTagsManager::InitializeManager -  0.054 s
[2020.03.05-12.53.55:812][  0]LogMaterial: Display: Missing cached shader map for material LevelColorationLitMaterial, compiling. Is special engine material.
[2020.03.05-12.53.56:118][  0]LogMaterial: Display: Missing cached shader map for material LevelColorationUnlitMaterial, compiling. Is special engine material.
[2020.03.05-12.53.56:254][  0]LogMaterial: Display: Missing cached shader map for material MAT_LevelColorationLitLightmapUV, compiling. Is special engine material.
[2020.03.05-12.53.56:562][  0]LogMaterial: Display: Missing cached shader map for material ShadedLevelColorationLitMaterial, compiling. Is special engine material.
[2020.03.05-12.53.56:893][  0]LogMaterial: Display: Missing cached shader map for material ShadedLevelColorationUnlitMateri, compiling. Is special engine material.
[2020.03.05-12.53.56:965][  0]LogMaterial: Display: Missing cached shader map for material VertexColorMaterial, compiling. 
[2020.03.05-12.53.57:028][  0]LogMaterial: Display: Missing cached shader map for material VertexColorViewMode_ColorOnly, compiling. 
[2020.03.05-12.53.57:044][  0]LogMaterial: Display: Missing cached shader map for material VertexColorViewMode_AlphaAsColor, compiling. 
[2020.03.05-12.53.57:059][  0]LogMaterial: Display: Missing cached shader map for material VertexColorViewMode_RedOnly, compiling. 
[2020.03.05-12.53.57:251][  0]LogMaterial: Display: Missing cached shader map for material VertexColorViewMode_GreenOnly, compiling. 
[2020.03.05-12.53.57:265][  0]LogMaterial: Display: Missing cached shader map for material VertexColorViewMode_BlueOnly, compiling. 
[2020.03.05-12.53.57:277][  0]LogMaterial: Display: Missing cached shader map for material RemoveSurfaceMaterial, compiling. 
[2020.03.05-12.53.57:284][  0]LogMaterial: Display: Missing cached shader map for material DebugMeshMaterial, compiling. 
[2020.03.05-12.53.57:314][  0]LogMaterial: Display: Missing cached shader map for material EmissiveMeshMaterial, compiling. 
[2020.03.05-12.53.57:362][  0]LogMaterial: Display: Missing cached shader map for material M_InvalidLightmapSettings, compiling. 
[2020.03.05-12.53.57:386][  0]LogMaterial: Display: Missing cached shader map for material GizmoMaterial, compiling. 
[2020.03.05-12.53.57:577][  0]LogMaterial: Display: Missing cached shader map for material PhAT_JointLimitMaterial, compiling. 
[2020.03.05-12.53.57:603][  0]LogMaterial: Display: Missing cached shader map for material GeomMaterial, compiling. 
[2020.03.05-12.53.57:614][  0]LogMaterial: Display: Missing cached shader map for material EditorBrushMaterial, compiling. 
[2020.03.05-12.53.57:658][  0]LogMaterial: Display: Missing cached shader map for material BoneWeightMaterial, compiling. 
[2020.03.05-12.53.57:722][  0]LogMaterial: Display: Missing cached shader map for material ClothMaterial, compiling. 
[2020.03.05-12.53.57:772][  0]LogMaterial: Display: Missing cached shader map for material ClothMaterial_WF, compiling. 
[2020.03.05-12.53.57:806][  0]LogMaterial: Display: Missing cached shader map for material DebugEditorMaterial, compiling. 
[2020.03.05-12.53.57:851][  0]LogMaterial: Display: Missing cached shader map for material PreviewShadowIndicatorMaterial, compiling. 
[2020.03.05-12.53.59:180][  0]LogInit: Initializing FReadOnlyCVARCache
[2020.03.05-12.54.00:206][  0]LogAIModule: Creating AISystem for world Untitled
[2020.03.05-12.54.00:720][  0]LogInit: XAudio2 using 'VIVE Pro (NVIDIA High Definition Audio)' : 2 channels at 48 kHz using 16 bits per sample (channel mask 0x3)
[2020.03.05-12.54.00:748][  0]LogInit: FAudioDevice initialized.
[2020.03.05-12.54.00:748][  0]LogNetVersion: Set ProjectVersion to 1.0.0.0. Version Checksum will be recalculated on next use.
[2020.03.05-12.54.00:941][  0]LogDerivedDataCache: Saved boot cache 0.19s 60MB C:/Users/N0737367/AppData/Local/UnrealEngine/4.23/DerivedDataCache/Boot.ddc.
[2020.03.05-12.54.00:998][  0]LogInit: Texture streaming: Enabled
[2020.03.05-12.54.01:782][  0]LogEngineSessionManager: EngineSessionManager initialized
[2020.03.05-12.54.01:782][  0]LogEngineSessionManager: EngineSessionManager sent abnormal shutdown report. Type=AbnormalShutdown, SessionId={90D43E52-4B6F-0CBD-91DF-8C9EBB7A9AB8}
[2020.03.05-12.54.01:822][  0]LogEditorSessionSummary: Verbose: Initializing EditorSessionSummaryWriter for editor session tracking
[2020.03.05-12.54.01:851][  0]LogEditorSessionSummary: EditorSessionSummaryWriter initialized
[2020.03.05-12.54.02:444][  0]LogInit: Transaction tracking system initialized
[2020.03.05-12.54.03:239][  0]BlueprintLog: New page: Editor Load
[2020.03.05-12.54.06:473][  0]LocalizationService: Localization service is disabled
[2020.03.05-12.54.08:139][  0]LogMaterial: Display: Missing cached shader map for material Cross_Mat, compiling. 
[2020.03.05-12.54.08:306][  0]LogMaterial: Display: Missing cached shader map for material PhAT_BoneSelectedMaterial, compiling. 
[2020.03.05-12.54.08:379][  0]LogMaterial: Display: Missing cached shader map for material PhAT_ElemSelectedMaterial, compiling. 
[2020.03.05-12.54.08:397][  0]LogMaterial: Display: Missing cached shader map for material PhAT_NoCollisionMaterial, compiling. 
[2020.03.05-12.54.08:409][  0]LogMaterial: Display: Missing cached shader map for material PhAT_UnselectedMaterial, compiling. 
[2020.03.05-12.54.08:498][  0]LogMaterial: Display: Missing cached shader map for material Tick_Mat, compiling. 
[2020.03.05-12.54.08:564][  0]LogMaterial: Display: Missing cached shader map for material WidgetGridVertexColorMaterial_Ma, compiling. 
[2020.03.05-12.54.08:575][  0]LogMaterial: Display: Missing cached shader map for material WidgetMaterial, compiling. 
[2020.03.05-12.54.08:583][  0]LogMaterial: Display: Missing cached shader map for material WidgetMaterial_Current, compiling. 
[2020.03.05-12.54.08:591][  0]LogMaterial: Display: Missing cached shader map for material WidgetMaterial_X, compiling. 
[2020.03.05-12.54.08:599][  0]LogMaterial: Display: Missing cached shader map for material WidgetMaterial_Y, compiling. 
[2020.03.05-12.54.08:608][  0]LogMaterial: Display: Missing cached shader map for material WidgetMaterial_Z, compiling. 
[2020.03.05-12.54.08:643][  0]LogMaterial: Display: Missing cached shader map for material WidgetVertexColorMaterial, compiling. 
[2020.03.05-12.54.08:937][  0]LogMaterial: Display: Missing cached shader map for material LevelGridMaterial, compiling. 
[2020.03.05-12.54.09:416][  0]LogMaterial: Display: Missing cached shader map for material BlinkingCaret, compiling. 
[2020.03.05-12.54.09:851][  0]LogMaterial: Display: Missing cached shader map for material M_StreamingPause, compiling. 
[2020.03.05-12.54.10:365][  0]LogFileCache: Scanning file cache for directory 'C:/Users/N0737367/Documents/GitHub/VR-Kit/VR_Kit/Content/' took 0.00s
[2020.03.05-12.54.10:365][  0]LogCook: Display: Max memory allowance for cook 16384mb min free memory 0mb
[2020.03.05-12.54.10:366][  0]LogCook: Display: Mobile HDR setting 1
[2020.03.05-12.54.14:852][  0]LogMaterial: Display: Missing cached shader map for material OculusMR_WhiteMaterial, compiling. 
[2020.03.05-12.54.14:946][  0]LogMaterial: Display: Missing cached shader map for material OculusMR_ChromaKey, compiling. 
[2020.03.05-12.54.15:021][  0]LogMaterial: Display: Missing cached shader map for material OculusMR_ChromaKey_Lit, compiling. 
[2020.03.05-12.54.15:042][  0]LogMaterial: Display: Missing cached shader map for material OculusMR_OpaqueColoredMaterial, compiling. 
[2020.03.05-12.54.17:356][  0]SourceControl: Source control is disabled
[2020.03.05-12.54.17:603][  0]Cmd: MAP LOAD FILE="../../../../../Users/N0737367/Documents/GitHub/VR-Kit/VR_Kit/Content/VR_Essential_Kit/Maps/DemoMap.umap" TEMPLATE=0 SHOWPROGRESS=1 FEATURELEVEL=3
[2020.03.05-12.54.17:617][  0]LightingResults: New page: Lighting Build
[2020.03.05-12.54.17:961][  0]LogWorld: UWorld::CleanupWorld for Untitled, bSessionEnded=true, bCleanupResources=true
[2020.03.05-12.54.18:134][  0]MapCheck: New page: Map Check
[2020.03.05-12.54.18:134][  0]LightingResults: New page: Lighting Build
[2020.03.05-12.54.19:353][  0]LogUObjectHash: Compacting FUObjectHashTables data took   1.57ms
[2020.03.05-12.54.21:097][  0]LogBlueprint: Warning: [Compiler BP_MotionController] Default value for  Sim Frequency  on  Predict Projectile Path By ObjectType  has changed and this asset is from a version that may have had incorrect default value information - verify and resave
[2020.03.05-12.54.21:106][  0]LogClass: Warning: Enum '/Game/VirtualRealityBP/Blueprints/GripEnum.GripEnum' was upgraded to use FText to store its display name data. Please re-save this asset to avoid issues with localization and determinstic cooking.
[2020.03.05-12.54.21:126][  0]LogBlueprint: Warning: [Compiler BP_MotionController] Set Hand : Usage of 'Hand' has been deprecated. Please replace or remove it.
[2020.03.05-12.54.21:126][  0]LogBlueprint: Warning: [Compiler BP_MotionController] Set Hand : Usage of 'Set Tracking Source' has been deprecated. Please use the Motion Source property instead of Hand
[2020.03.05-12.54.21:130][  0]LogBlueprint: Warning: [Compiler BP_MotionController] ProjectPointToNavigation_DEPRECATED : Usage of 'ProjectPointToNavigation_DEPRECATED' has been deprecated. This version of ProjectPointToNavigation is deprecated. Please use the new version
[2020.03.05-12.54.21:468][  0]LogClass: Warning: Enum '/Game/VR_Essential_Kit/Blueprints/ENUM_InteractableActorType.ENUM_InteractableActorType' was upgraded to use FText to store its display name data. Please re-save this asset to avoid issues with localization and determinstic cooking.
[2020.03.05-12.54.21:862][  0]LogClass: Warning: Enum '/Game/DemoRoom/BluePrint/BP_DemoDisplay_Enum.BP_DemoDisplay_Enum' was upgraded to use FText to store its display name data. Please re-save this asset to avoid issues with localization and determinstic cooking.
[2020.03.05-12.54.21:882][  0]LogBlueprint: Warning: [Compiler BP_DemoDisplay] Set Text (String) : Usage of 'Set Text (String)' has been deprecated. Use the SetText function taking an FText instead.
[2020.03.05-12.54.21:882][  0]LogBlueprint: Warning: [Compiler BP_DemoDisplay] Set Text (String) : Usage of 'Set Text (String)' has been deprecated. Use the SetText function taking an FText instead.
[2020.03.05-12.54.21:883][  0]LogBlueprint: Warning: [Compiler BP_DemoDisplay] Set Text (String) : Usage of 'Set Text (String)' has been deprecated. Use the SetText function taking an FText instead.
[2020.03.05-12.54.21:885][  0]LogBlueprint: Warning: [Compiler BP_DemoDisplay] Set Text (String) : Usage of 'Set Text (String)' has been deprecated. Use the SetText function taking an FText instead.
[2020.03.05-12.54.21:888][  0]LogBlueprint: Warning: [Compiler BP_DemoDisplay] Set Text (String) : Usage of 'Set Text (String)' has been deprecated. Use the SetText function taking an FText instead.
[2020.03.05-12.54.22:273][  0]LogBlueprint: Warning: [Compiler BP_DemoRoom] Set Text (String) : Usage of 'Set Text (String)' has been deprecated. Use the SetText function taking an FText instead.
[2020.03.05-12.54.22:273][  0]LogBlueprint: Warning: [Compiler BP_DemoRoom] Set Text (String) : Usage of 'Set Text (String)' has been deprecated. Use the SetText function taking an FText instead.
[2020.03.05-12.54.23:861][  0]LogTexture: Display: Building textures: HQ_Lightmap0_4 (AutoDXT, 1024X1024)
[2020.03.05-12.54.23:861][  0]LogTexture: Display: Building textures: LQ_Lightmap_0_4 (DXT1, 1024X1024)
[2020.03.05-12.54.23:862][  0]LogTexture: Display: Building textures: ShadowMapTexture2D_2 (BGRA8, 2048X1024)
[2020.03.05-12.54.23:862][  0]LogTexture: Display: Building textures: ShadowMapTexture2D_3 (BGRA8, 2048X1024)
[2020.03.05-12.54.23:862][  0]LogTexture: Display: Building textures: LQ_Lightmap_0_1 (DXT1, 2048X2048)
[2020.03.05-12.54.23:862][  0]LogTexture: Display: Building textures: LQ_Lightmap_0_2 (DXT1, 2048X2048)
[2020.03.05-12.54.23:862][  0]LogTexture: Display: Building textures: ShadowMapTexture2D_4 (BGRA8, 2048X1024)
[2020.03.05-12.54.23:862][  0]LogTexture: Display: Building textures: ShadowMapTexture2D_5 (BGRA8, 2048X1024)
[2020.03.05-12.54.23:862][  0]LogTexture: Display: Building textures: LQ_Lightmap_0_3 (DXT1, 2048X2048)
[2020.03.05-12.54.23:862][  0]LogTexture: Display: Building textures: ShadowMapTexture2D_6 (BGRA8, 2048X1024)
[2020.03.05-12.54.23:862][  0]LogTexture: Display: Building textures: ShadowMapTexture2D_7 (BGRA8, 2048X1024)
[2020.03.05-12.54.23:862][  0]LogTexture: Display: Building textures: HQ_Lightmap0_1 (AutoDXT, 2048X2048)
[2020.03.05-12.54.23:862][  0]LogMaterial: Display: Missing cached shader map for material BasicShapeMaterial, compiling. 
[2020.03.05-12.54.23:928][  0]LogTexture: Display: Building textures: ShadowMapTexture2D_8 (BGRA8, 1024X512)
[2020.03.05-12.54.23:928][  0]LogClass: Warning: Enum '/Game/VR_Essential_Kit/Blueprints/ENUM_PickupObjectType.ENUM_PickupObjectType' was upgraded to use FText to store its display name data. Please re-save this asset to avoid issues with localization and determinstic cooking.
[2020.03.05-12.54.24:155][  0]LogTexture: Display: Building textures: HQ_Lightmap0_2 (AutoDXT, 2048X2048)
[2020.03.05-12.54.24:155][  0]LogTexture: Display: Building textures: HQ_Lightmap0_3 (AutoDXT, 2048X2048)
[2020.03.05-12.54.24:155][  0]LogMaterial: Display: Missing cached shader map for material M_SplineArcMat, compiling. 
[2020.03.05-12.54.25:070][  0]LogTexture: Display: Building textures: T_Pattern_M (AutoDXT, 2048X2048)
[2020.03.05-12.54.25:070][  0]LogTexture: Display: Building textures: T_RoomTiles_N (BC5, 2048X2048)
[2020.03.05-12.54.25:070][  0]LogTexture: Display: Building textures: T_RoomTiles_M (DXT1, 2048X2048)
[2020.03.05-12.54.25:070][  0]LogTexture: Display: Building textures: T_UnrealEngineDecal (DXT1, 2048X2048)
[2020.03.05-12.54.25:070][  0]LogStaticMesh: Building static mesh SM_DemoDivider_1...
[2020.03.05-12.54.25:346][  0]LogStaticMesh: Built static mesh [0.37s] /Game/DemoRoom/Meshes/SM_DemoDivider_1.SM_DemoDivider_1
[2020.03.05-12.54.25:481][  0]LogMaterial: Display: Missing cached shader map for material M_Glass, compiling. 
[2020.03.05-12.54.25:669][  0]LogStaticMesh: Building static mesh SM_DemoRoomU...
[2020.03.05-12.54.25:681][  0]LogStaticMesh: Built static mesh [0.01s] /Game/DemoRoom/Meshes/SM_DemoRoomU.SM_DemoRoomU
[2020.03.05-12.54.25:767][  0]LogStaticMesh: Building static mesh SM_DemoRoomTrimAdd...
[2020.03.05-12.54.25:807][  0]LogStaticMesh: Built static mesh [0.04s] /Game/DemoRoom/Meshes/SM_DemoRoomTrimAdd.SM_DemoRoomTrimAdd
[2020.03.05-12.54.26:194][  0]LogStaticMesh: Building static mesh SM_DemoDivider_2...
[2020.03.05-12.54.26:207][  0]LogStaticMesh: Built static mesh [0.01s] /Game/DemoRoom/Meshes/SM_DemoDivider_2.SM_DemoDivider_2
[2020.03.05-12.54.26:212][  0]LogStaticMesh: Building static mesh SM_URoom_Wall...
[2020.03.05-12.54.26:212][  0]LogStaticMesh: Built static mesh [0.00s] /Game/DemoRoom/Meshes/SM_URoom_Wall.SM_URoom_Wall
[2020.03.05-12.54.26:213][  0]LogStaticMesh: Building static mesh SM_DemoRoomBackWall...
[2020.03.05-12.54.26:214][  0]LogStaticMesh: Built static mesh [0.00s] /Game/DemoRoom/Meshes/SM_DemoRoomBackWall.SM_DemoRoomBackWall
[2020.03.05-12.54.26:215][  0]LogStaticMesh: Building static mesh SM_DemoRoomLTrim...
[2020.03.05-12.54.26:215][  0]LogStaticMesh: Built static mesh [0.00s] /Game/DemoRoom/Meshes/SM_DemoRoomLTrim.SM_DemoRoomLTrim
[2020.03.05-12.54.26:612][  0]LogStaticMesh: Building static mesh SM_DemoRoomClamp...
[2020.03.05-12.54.26:664][  0]LogStaticMesh: Built static mesh [0.05s] /Game/DemoRoom/Meshes/SM_DemoRoomClamp.SM_DemoRoomClamp
[2020.03.05-12.54.26:777][  0]LogStaticMesh: Building static mesh SM_DemoRoomTrim...
[2020.03.05-12.54.26:826][  0]LogStaticMesh: Built static mesh [0.05s] /Game/DemoRoom/Meshes/SM_DemoRoomTrim.SM_DemoRoomTrim
[2020.03.05-12.54.26:880][  0]LogStaticMesh: Building static mesh BeamMesh...
[2020.03.05-12.54.26:906][  0]LogStaticMesh: Built static mesh [0.03s] /Game/VirtualReality/Meshes/BeamMesh.BeamMesh
[2020.03.05-12.54.26:907][  0]LogStaticMesh: Building static mesh BeaconDirection...
[2020.03.05-12.54.26:910][  0]LogStaticMesh: Built static mesh [0.00s] /Game/VirtualReality/Meshes/BeaconDirection.BeaconDirection
[2020.03.05-12.54.26:911][  0]LogStaticMesh: Building static mesh SM_FatCylinder...
[2020.03.05-12.54.26:944][  0]LogStaticMesh: Built static mesh [0.03s] /Game/VirtualReality/Meshes/SM_FatCylinder.SM_FatCylinder
[2020.03.05-12.54.26:945][  0]LogStaticMesh: Building static mesh 1x1_cube...
[2020.03.05-12.54.26:950][  0]LogStaticMesh: Built static mesh [0.01s] /Game/VirtualReality/Meshes/1x1_cube.1x1_cube
[2020.03.05-12.54.26:953][  0]LogMaterial: Display: Missing cached shader map for material M_ArcEndpoint, compiling. 
[2020.03.05-12.54.26:978][  0]LogMaterial: Display: Missing cached shader map for material M_TeleportPreviews, compiling. 
[2020.03.05-12.54.27:019][  0]LogStaticMesh: Building static mesh SM_Throttle...
[2020.03.05-12.54.27:141][  0]LogStaticMesh: Built static mesh [0.12s] /Game/VR_Essential_Kit/Meshes/SM_Throttle.SM_Throttle
[2020.03.05-12.54.27:149][  0]LogStaticMesh: Building static mesh SM_RamBase...
[2020.03.05-12.54.27:179][  0]LogStaticMesh: Built static mesh [0.03s] /Game/VR_Essential_Kit/Meshes/SM_RamBase.SM_RamBase
[2020.03.05-12.54.27:256][  0]LogStaticMesh: Building static mesh SM_Ram...
[2020.03.05-12.54.27:518][  0]LogStaticMesh: Built static mesh [0.26s] /Game/VR_Essential_Kit/Meshes/SM_Ram.SM_Ram
[2020.03.05-12.54.27:671][  0]LogAnimationCompression: Building Anim DDC data for AnimSequence /Game/VirtualReality/Mannequin/Animations/MannequinHand_Right_Open.MannequinHand_Right_Open
[2020.03.05-12.54.27:680][  0]LogAnimationCompression: Recompressing (AnimSequence /Game/VirtualReality/Mannequin/Animations/MannequinHand_Right_Open.MannequinHand_Right_Open) using current/default (AnimCompress_BitwiseCompressOnly_0) bFirstRecompressUsingCurrentOrDefault(1) bTryAlternateCompressor(0) IsCompressedDataValid(0)
[2020.03.05-12.54.27:692][  0]LogAnimationCompression: Building Anim DDC data for AnimSequence /Game/VirtualReality/Mannequin/Animations/MannequinHand_Right_Grab.MannequinHand_Right_Grab
[2020.03.05-12.54.27:692][  0]LogAnimationCompression: Recompressing (AnimSequence /Game/VirtualReality/Mannequin/Animations/MannequinHand_Right_Grab.MannequinHand_Right_Grab) using current/default (AnimCompress_BitwiseCompressOnly_0) bFirstRecompressUsingCurrentOrDefault(1) bTryAlternateCompressor(0) IsCompressedDataValid(0)
[2020.03.05-12.54.27:692][  0]LogAnimationCompression: Building Anim DDC data for AnimSequence /Game/VirtualReality/Mannequin/Animations/MannequinHand_Right_CanGrab.MannequinHand_Right_CanGrab
[2020.03.05-12.54.27:692][  0]LogAnimationCompression: Recompressing (AnimSequence /Game/VirtualReality/Mannequin/Animations/MannequinHand_Right_CanGrab.MannequinHand_Right_CanGrab) using current/default (AnimCompress_BitwiseCompressOnly_0) bFirstRecompressUsingCurrentOrDefault(1) bTryAlternateCompressor(0) IsCompressedDataValid(0)
[2020.03.05-12.54.27:829][  0]LogStaticMesh: Building static mesh SM_Base...
[2020.03.05-12.54.27:898][  0]LogStaticMesh: Built static mesh [0.07s] /Game/DemoRoom/Meshes/SM_Base.SM_Base
[2020.03.05-12.54.27:927][  0]LogMaterial: Display: Missing cached shader map for material M_DemoWall, compiling. 
[2020.03.05-12.54.27:981][  0]LogMaterial: Display: Missing cached shader map for material M_Sky_Panning_Clouds2, compiling. 
[2020.03.05-12.54.28:005][  0]LogStaticMesh: Building static mesh SM_NamePlate...
[2020.03.05-12.54.28:007][  0]LogStaticMesh: Built static mesh [0.00s] /Game/DemoRoom/Meshes/SM_NamePlate.SM_NamePlate
[2020.03.05-12.54.28:025][  0]LogStaticMesh: Building static mesh SM_DemoRoomU2...
[2020.03.05-12.54.28:035][  0]LogStaticMesh: Built static mesh [0.01s] /Game/DemoRoom/Meshes/SM_DemoRoomU2.SM_DemoRoomU2
[2020.03.05-12.54.28:105][  0]LogStaticMesh: Building static mesh SM_DemoRoomTrim2...
[2020.03.05-12.54.28:157][  0]LogStaticMesh: Built static mesh [0.05s] /Game/DemoRoom/Meshes/SM_DemoRoomTrim2.SM_DemoRoomTrim2
[2020.03.05-12.54.28:177][  0]LogStaticMesh: Building static mesh SM_URoom_Wall2...
[2020.03.05-12.54.28:177][  0]LogStaticMesh: Built static mesh [0.00s] /Game/DemoRoom/Meshes/SM_URoom_Wall2.SM_URoom_Wall2
[2020.03.05-12.54.28:179][  0]LogStaticMesh: Building static mesh SM_DemoRoomBackWall2...
[2020.03.05-12.54.28:179][  0]LogStaticMesh: Built static mesh [0.00s] /Game/DemoRoom/Meshes/SM_DemoRoomBackWall2.SM_DemoRoomBackWall2
[2020.03.05-12.54.28:239][  0]LogStaticMesh: Building static mesh SM_DemoRoomClamp2...
[2020.03.05-12.54.28:271][  0]LogStaticMesh: Built static mesh [0.03s] /Game/DemoRoom/Meshes/SM_DemoRoomClamp2.SM_DemoRoomClamp2
[2020.03.05-12.54.28:288][  0]LogStaticMesh: Building static mesh SM_Frame...
[2020.03.05-12.54.28:296][  0]LogStaticMesh: Built static mesh [0.01s] /Game/VR_Essential_Kit/Meshes/SM_Frame.SM_Frame
[2020.03.05-12.54.28:308][  0]LogStaticMesh: Building static mesh SM_Windmill...
[2020.03.05-12.54.28:326][  0]LogStaticMesh: Built static mesh [0.02s] /Game/VR_Essential_Kit/Meshes/SM_Windmill.SM_Windmill
[2020.03.05-12.54.28:339][  0]LogStaticMesh: Building static mesh SM_Lever...
[2020.03.05-12.54.28:363][  0]LogStaticMesh: Built static mesh [0.02s] /Game/VR_Essential_Kit/Meshes/SM_Lever.SM_Lever
[2020.03.05-12.54.28:366][  0]LogStaticMesh: Building static mesh SM_ChestDrawer...
[2020.03.05-12.54.28:390][  0]LogStaticMesh: Built static mesh [0.02s] /Game/VR_Essential_Kit/Meshes/SM_ChestDrawer.SM_ChestDrawer
[2020.03.05-12.54.28:397][  0]LogStaticMesh: Building static mesh SM_Button...
[2020.03.05-12.54.28:408][  0]LogStaticMesh: Built static mesh [0.01s] /Game/VR_Essential_Kit/Meshes/SM_Button.SM_Button
[2020.03.05-12.54.28:436][  0]LogStaticMesh: Building static mesh SM_Door...
[2020.03.05-12.54.28:471][  0]LogStaticMesh: Built static mesh [0.04s] /Game/VR_Essential_Kit/Meshes/SM_Door.SM_Door
[2020.03.05-12.54.28:564][  0]LogStaticMesh: Building static mesh SM_Hallway_Pipe_Valve_Wheel...
[2020.03.05-12.54.28:593][  0]LogStaticMesh: Built static mesh [0.03s] /Game/VR_Essential_Kit/Meshes/SM_Hallway_Pipe_Valve_Wheel.SM_Hallway_Pipe_Valve_Wheel
[2020.03.05-12.54.28:596][  0]LogStaticMesh: Building static mesh SM_Chest2...
[2020.03.05-12.54.28:619][  0]LogStaticMesh: Built static mesh [0.02s] /Game/VR_Essential_Kit/Meshes/SM_Chest2.SM_Chest2
[2020.03.05-12.54.28:625][  0]LogStaticMesh: Building static mesh SM_Key...
[2020.03.05-12.54.28:629][  0]LogStaticMesh: Built static mesh [0.00s] /Game/VR_Essential_Kit/Meshes/SM_Key.SM_Key
[2020.03.05-12.54.28:634][  0]LogStaticMesh: Building static mesh SM_Lock...
[2020.03.05-12.54.28:640][  0]LogStaticMesh: Built static mesh [0.01s] /Game/VR_Essential_Kit/Meshes/SM_Lock.SM_Lock
[2020.03.05-12.54.28:642][  0]LogStaticMesh: Building static mesh SM_ButtonBase...
[2020.03.05-12.54.28:670][  0]LogStaticMesh: Built static mesh [0.03s] /Game/VR_Essential_Kit/Meshes/SM_ButtonBase.SM_ButtonBase
[2020.03.05-12.54.28:676][  0]LogStaticMesh: Building static mesh SM_Chest...
[2020.03.05-12.54.28:701][  0]LogStaticMesh: Built static mesh [0.02s] /Game/VR_Essential_Kit/Meshes/SM_Chest.SM_Chest
[2020.03.05-12.54.28:703][  0]LogStaticMesh: Building static mesh SM_Chest2OutterBox...
[2020.03.05-12.54.28:715][  0]LogStaticMesh: Built static mesh [0.01s] /Game/VR_Essential_Kit/Meshes/SM_Chest2OutterBox.SM_Chest2OutterBox
[2020.03.05-12.54.28:719][  0]LogStaticMesh: Building static mesh SM_DoorFrame...
[2020.03.05-12.54.28:726][  0]LogStaticMesh: Built static mesh [0.01s] /Game/VR_Essential_Kit/Meshes/SM_DoorFrame.SM_DoorFrame
[2020.03.05-12.54.28:734][  0]LogStaticMesh: Building static mesh SM_Hallway_Pipe01_100_Bent_90Tight...
[2020.03.05-12.54.28:736][  0]LogStaticMesh: Built static mesh [0.01s] /Game/VR_Essential_Kit/Meshes/SM_Hallway_Pipe01_100_Bent_90Tight.SM_Hallway_Pipe01_100_Bent_90Tight
[2020.03.05-12.54.28:740][  0]LogStaticMesh: Building static mesh SM_Hallway_Pipe01_100...
[2020.03.05-12.54.28:743][  0]LogStaticMesh: Built static mesh [0.00s] /Game/VR_Essential_Kit/Meshes/SM_Hallway_Pipe01_100.SM_Hallway_Pipe01_100
[2020.03.05-12.54.28:781][  0]LogStaticMesh: Building static mesh SM_Hallway_Pipe_Clamp01...
[2020.03.05-12.54.28:809][  0]LogStaticMesh: Built static mesh [0.03s] /Game/VR_Essential_Kit/Meshes/SM_Hallway_Pipe_Clamp01.SM_Hallway_Pipe_Clamp01
[2020.03.05-12.54.28:825][  0]LogStaticMesh: Building static mesh SM_Hallway_Pipe_TJunction...
[2020.03.05-12.54.28:830][  0]LogStaticMesh: Built static mesh [0.01s] /Game/VR_Essential_Kit/Meshes/SM_Hallway_Pipe_TJunction.SM_Hallway_Pipe_TJunction
[2020.03.05-12.54.28:911][  0]LogStaticMesh: Building static mesh SM_Hallway_Pipe_Valve...
[2020.03.05-12.54.28:938][  0]LogStaticMesh: Built static mesh [0.03s] /Game/VR_Essential_Kit/Meshes/SM_Hallway_Pipe_Valve.SM_Hallway_Pipe_Valve
[2020.03.05-12.54.28:951][  0]LogStaticMesh: Building static mesh SM_LeverBase...
[2020.03.05-12.54.28:966][  0]LogStaticMesh: Built static mesh [0.01s] /Game/VR_Essential_Kit/Meshes/SM_LeverBase.SM_LeverBase
[2020.03.05-12.54.28:974][  0]LogStaticMesh: Building static mesh SM_ThrottleBase...
[2020.03.05-12.54.29:030][  0]LogStaticMesh: Built static mesh [0.06s] /Game/VR_Essential_Kit/Meshes/SM_ThrottleBase.SM_ThrottleBase
[2020.03.05-12.54.29:033][  0]LogStaticMesh: Building static mesh SM_WindmillStalk...
[2020.03.05-12.54.29:033][  0]LogStaticMesh: Built static mesh [0.00s] /Game/VR_Essential_Kit/Meshes/SM_WindmillStalk.SM_WindmillStalk
[2020.03.05-12.54.29:039][  0]LogMaterial: Display: Missing cached shader map for material CubeMaterial, compiling. 
[2020.03.05-12.54.29:072][  0]LogMaterial: Display: Missing cached shader map for material M_BaseMaterial, compiling. 
[2020.03.05-12.54.29:135][  0]LogStaticMesh: Building static mesh SM_DemoRoomU_Hole...
[2020.03.05-12.54.29:148][  0]LogStaticMesh: Built static mesh [0.01s] /Game/DemoRoom/Meshes/SM_DemoRoomU_Hole.SM_DemoRoomU_Hole
[2020.03.05-12.54.29:162][  0]LogStaticMesh: Building static mesh SM_DemoRoomL...
[2020.03.05-12.54.29:166][  0]LogStaticMesh: Built static mesh [0.00s] /Game/DemoRoom/Meshes/SM_DemoRoomL.SM_DemoRoomL
[2020.03.05-12.54.29:172][  0]LogMaterial: Display: Missing cached shader map for material M_LightTube, compiling. 
[2020.03.05-12.54.29:180][  0]LogMaterial: Display: Missing cached shader map for material M_Glass, compiling. 
[2020.03.05-12.54.29:207][  0]LogMaterial: Display: Missing cached shader map for material M_DemoWallPattern, compiling. 
[2020.03.05-12.54.29:228][  0]LogMaterial: Display: Missing cached shader map for material M_DemoWallPattern, compiling. 
[2020.03.05-12.54.29:246][  0]LogMaterial: Display: Missing cached shader map for material M_DemoWallPattern, compiling. 
[2020.03.05-12.54.29:264][  0]LogMaterial: Display: Missing cached shader map for material M_DemoRoomTiles, compiling. 
[2020.03.05-12.54.29:439][  0]LogStaticMesh: Building static mesh SM_BaseRoom...
[2020.03.05-12.54.29:535][  0]LogStaticMesh: Built static mesh [0.10s] /Game/DemoRoom/Meshes/SM_BaseRoom.SM_BaseRoom
[2020.03.05-12.54.29:573][  0]LogStaticMesh: Building static mesh SM_Base_FlatWall...
[2020.03.05-12.54.29:575][  0]LogStaticMesh: Built static mesh [0.00s] /Game/DemoRoom/Meshes/SM_Base_FlatWall.SM_Base_FlatWall
[2020.03.05-12.54.29:612][  0]LogStaticMesh: Building static mesh SM_Base2...
[2020.03.05-12.54.29:638][  0]LogStaticMesh: Built static mesh [0.03s] /Game/DemoRoom/Meshes/SM_Base2.SM_Base2
[2020.03.05-12.54.29:648][  0]LogMaterial: Display: Missing cached shader map for material DefaultTextMaterialTranslucentUnlit, compiling. 
[2020.03.05-12.54.29:753][  0]LogMaterial: Display: Missing cached shader map for material M_HandMat, compiling. 
[2020.03.05-12.54.29:801][  0]LogSkeletalMesh: Building Skeletal Mesh MannequinHand_Right...
[2020.03.05-12.54.29:826][  0]LogSkeletalMesh: Built Skeletal Mesh [0.03s] /Game/VirtualReality/Mannequin/Character/Mesh/MannequinHand_Right.MannequinHand_Right
[2020.03.05-12.54.30:432][  0]LogAIModule: Creating AISystem for world DemoMap
[2020.03.05-12.54.33:737][  0]LogEditorServer: Finished looking for orphan Actors (0.000 secs)
[2020.03.05-12.54.34:375][  0]LogUObjectHash: Compacting FUObjectHashTables data took   2.57ms
[2020.03.05-12.54.34:401][  0]Cmd: MAP CHECKDEP NOCLEARLOG
[2020.03.05-12.54.34:408][  0]MapCheck: Map check complete: 0 Error(s), 0 Warning(s), took 7.283ms to complete.
[2020.03.05-12.54.34:408][  0]LogFileHelpers: Loading map 'DemoMap' took 17.011
[2020.03.05-12.54.37:998][  0]LogSlate: Updating window title bar state: overlay mode, drag disabled, window buttons hidden, title bar hidden
[2020.03.05-12.54.38:005][  0]LogSlate: Updating window title bar state: overlay mode, drag disabled, window buttons hidden, title bar hidden
[2020.03.05-12.54.38:010][  0]LogSlate: Updating window title bar state: overlay mode, drag disabled, window buttons hidden, title bar hidden
[2020.03.05-12.54.38:015][  0]LogSlate: Updating window title bar state: overlay mode, drag disabled, window buttons hidden, title bar hidden
[2020.03.05-12.54.38:389][  0]LogCollectionManager: Loaded 0 collections in 0.002854 seconds
[2020.03.05-12.54.38:533][  0]LogFileCache: Scanning file cache for directory 'C:/Users/N0737367/Documents/GitHub/VR-Kit/VR_Kit/Saved/Collections/' took 0.00s
[2020.03.05-12.54.38:533][  0]LogFileCache: Scanning file cache for directory 'C:/Users/N0737367/Documents/GitHub/VR-Kit/VR_Kit/Content/Developers/N0737367/Collections/' took 0.00s
[2020.03.05-12.54.38:533][  0]LogFileCache: Scanning file cache for directory 'C:/Users/N0737367/Documents/GitHub/VR-Kit/VR_Kit/Content/Collections/' took 0.00s
[2020.03.05-12.54.38:533][  0]LogCollectionManager: Rebuilt the GUID cache for 0 collections in 0.000002 seconds
[2020.03.05-12.54.38:543][  0]LogContentBrowser: Native class hierarchy populated in 0.0077 seconds. Added 2863 classes and 680 folders.
[2020.03.05-12.54.38:800][  0]LogContentBrowser: Native class hierarchy updated for 'WidgetCarousel' in 0.0002 seconds. Added 0 classes and 0 folders.
[2020.03.05-12.54.40:668][  0]LogContentBrowser: Native class hierarchy updated for 'AddContentDialog' in 0.0002 seconds. Added 0 classes and 0 folders.
[2020.03.05-12.54.40:831][  0]LogContentBrowser: Native class hierarchy updated for 'SceneOutliner' in 0.0002 seconds. Added 1 classes and 2 folders.
[2020.03.05-12.54.41:611][  0]LogSlate: Took 0.017181 seconds to synchronously load lazily loaded font '../../../Engine/Content/Slate/Fonts/Roboto-Regular.ttf' (155K)
[2020.03.05-12.54.41:636][  0]LogSlate: Took 0.023391 seconds to synchronously load lazily loaded font '../../../Engine/Content/Slate/Fonts/Roboto-Bold.ttf' (160K)
[2020.03.05-12.54.41:717][  0]LogSlate: Took 0.043497 seconds to synchronously load lazily loaded font '../../../Engine/Content/Editor/Slate/Fonts/FontAwesome.ttf' (139K)
[2020.03.05-12.54.42:307][  0]LogMaterial: Display: Missing cached shader map for material LevelGridMaterial2, compiling. 
[2020.03.05-12.54.42:536][  0]LogRenderer: Reallocating scene render targets to support 1208x572 Format 26 NumSamples 1 (Frame:1).
[2020.03.05-12.54.43:109][  0]LogSlate: FSceneViewport::OnFocusLost() reason 5
[2020.03.05-12.54.43:314][  0]LogSlate: Window 'Tutorials' being destroyed
[2020.03.05-12.54.43:392][  0]LogContentBrowser: Native class hierarchy updated for 'HierarchicalLODOutliner' in 0.0002 seconds. Added 0 classes and 0 folders.
[2020.03.05-12.54.43:392][  0]LogLoad: (Engine Initialization) Total time: 1072.62 seconds
[2020.03.05-12.54.43:392][  0]LogLoad: (Engine Initialization) Total Blueprint compile time: 0.11 seconds
[2020.03.05-12.54.44:011][  0]LogHMD: SteamVR Shutting down.
[2020.03.05-12.54.44:115][  0]LogContentStreaming: Texture pool size now 1000 MB
[2020.03.05-12.54.45:019][  0]LogSlate: Took 0.025077 seconds to synchronously load lazily loaded font '../../../Engine/Content/Slate/Fonts/Roboto-Light.ttf' (167K)
[2020.03.05-12.54.45:450][  2]LogAssetRegistry: Asset discovery search completed in 1025.1118 seconds
[2020.03.05-12.54.45:464][  2]LogCollectionManager: Rebuilt the object cache for 0 collections in 0.000004 seconds (found 0 objects)
[2020.03.05-12.54.45:464][  2]LogCollectionManager: Fixed up redirectors for 0 collections in 0.000050 seconds (updated 0 objects)
[2020.03.05-13.13.43:494][912]LogEditorSessionSummary: EditorSessionSummary sent report. Type=AbnormalShutdown, SessionId={FEC61337-4E19-5B2D-B508-B0B76C5BC7DE}
[2020.03.05-13.17.44:377][128]LogSlate: FSceneViewport::OnFocusLost() reason 2
[2020.03.05-13.17.47:227][458]LogBlueprintUserMessages: Early PlayInEditor Detection: Level '/Game/VR_Essential_Kit/Maps/DemoMap.DemoMap:PersistentLevel' has LevelScriptBlueprint '/Game/VR_Essential_Kit/Maps/DemoMap.DemoMap:PersistentLevel.DemoMap' with GeneratedClass '/Game/VR_Essential_Kit/Maps/DemoMap.DemoMap_C' with ClassGeneratedBy '/Game/VR_Essential_Kit/Maps/DemoMap.DemoMap:PersistentLevel.DemoMap'
[2020.03.05-13.17.47:271][458]LogPlayLevel: PlayLevel: No blueprints needed recompiling
[2020.03.05-13.17.47:337][458]PIE: New page: PIE session: DemoMap (5 Mar 2020 13:17:47)
[2020.03.05-13.17.47:473][458]LogOnline: OSS: Creating online subsystem instance for: NULL
[2020.03.05-13.17.47:475][458]LogPlayLevel: Creating play world package: /Game/VR_Essential_Kit/Maps/UEDPIE_0_DemoMap
[2020.03.05-13.17.47:561][458]LogPlayLevel: PIE: StaticDuplicateObject took: (0.085938s)
[2020.03.05-13.17.47:578][458]LogAIModule: Creating AISystem for world DemoMap
[2020.03.05-13.17.47:592][458]LogPlayLevel: PIE: World Init took: (0.031661s)
[2020.03.05-13.17.47:600][458]LogPlayLevel: PIE: Created PIE world by copying editor world from /Game/VR_Essential_Kit/Maps/DemoMap.DemoMap to /Game/VR_Essential_Kit/Maps/UEDPIE_0_DemoMap.DemoMap (0.125512s)
[2020.03.05-13.17.47:624][458]LogUObjectHash: Compacting FUObjectHashTables data took   1.39ms
[2020.03.05-13.17.47:772][458]LogInit: XAudio2 using 'VIVE Pro (NVIDIA High Definition Audio)' : 2 channels at 48 kHz using 16 bits per sample (channel mask 0x3)
[2020.03.05-13.17.47:788][458]LogInit: FAudioDevice initialized.
[2020.03.05-13.17.47:806][458]LogSlate: Updating window title bar state: overlay mode, drag disabled, window buttons hidden, title bar hidden
[2020.03.05-13.17.48:880][458]LogHMD: SteamVR initialized.  Driver: lighthouse  Display: LHR-E448BF54
[2020.03.05-13.17.48:930][458]LogUObjectGlobals: Warning: Failed to find object 'Class None.'
[2020.03.05-13.17.48:930][458]LogLoad: Game class is 'GameModeBase'
[2020.03.05-13.17.49:129][458]LogWorld: Bringing World /Game/VR_Essential_Kit/Maps/UEDPIE_0_DemoMap.DemoMap up for play (max tick rate 0) at 2020.03.05-13.17.49
[2020.03.05-13.17.49:217][458]LogWorld: Bringing up level for play took: 0.107245
[2020.03.05-13.17.49:261][458]LogOnline: OSS: Creating online subsystem instance for: :Context_1
[2020.03.05-13.17.49:345][458]LogContentBrowser: Native class hierarchy updated for 'MovieSceneCapture' in 0.0209 seconds. Added 20 classes and 0 folders.
[2020.03.05-13.17.49:610][458]PIE: Play in editor start time for /Game/VR_Essential_Kit/Maps/UEDPIE_0_DemoMap 2.911
[2020.03.05-13.17.49:610][458]LogBlueprintUserMessages: Late PlayInEditor Detection: Level '/Game/VR_Essential_Kit/Maps/DemoMap.DemoMap:PersistentLevel' has LevelScriptBlueprint '/Game/VR_Essential_Kit/Maps/DemoMap.DemoMap:PersistentLevel.DemoMap' with GeneratedClass '/Game/VR_Essential_Kit/Maps/DemoMap.DemoMap_C' with ClassGeneratedBy '/Game/VR_Essential_Kit/Maps/DemoMap.DemoMap:PersistentLevel.DemoMap'
[2020.03.05-13.17.49:951][459]LogRenderer: Reallocating scene render targets to support 4592x2552 Format 26 NumSamples 1 (Frame:1).
[2020.03.05-13.17.50:020][460]LogProfilingDebugging: Allocated a 1024 x 1024 texture for HMD canvas layer
[2020.03.05-13.26.41:732][161]LogBlueprintUserMessages: Early EndPlayMap Detection: Level '/Game/VR_Essential_Kit/Maps/DemoMap.DemoMap:PersistentLevel' has LevelScriptBlueprint '/Game/VR_Essential_Kit/Maps/DemoMap.DemoMap:PersistentLevel.DemoMap' with GeneratedClass '/Game/VR_Essential_Kit/Maps/DemoMap.DemoMap_C' with ClassGeneratedBy '/Game/VR_Essential_Kit/Maps/DemoMap.DemoMap:PersistentLevel.DemoMap'
[2020.03.05-13.26.41:843][161]LogSlate: Updating window title bar state: overlay mode, drag disabled, window buttons hidden, title bar hidden
[2020.03.05-13.26.41:843][161]LogWorld: BeginTearingDown for /Game/VR_Essential_Kit/Maps/UEDPIE_0_DemoMap
[2020.03.05-13.26.41:959][161]LogSlate: Window 'VR_Essential_Kit Game Preview Standalone (64-bit/PCD3D_SM5)' being destroyed
[2020.03.05-13.26.41:979][161]LogWorld: UWorld::CleanupWorld for DemoMap, bSessionEnded=true, bCleanupResources=true
[2020.03.05-13.26.42:063][161]LogPlayLevel: Display: Shutting down PIE online subsystems
[2020.03.05-13.26.42:063][161]LogBlueprintUserMessages: Late EndPlayMap Detection: Level '/Game/VR_Essential_Kit/Maps/DemoMap.DemoMap:PersistentLevel' has LevelScriptBlueprint '/Game/VR_Essential_Kit/Maps/DemoMap.DemoMap:PersistentLevel.DemoMap' with GeneratedClass '/Game/VR_Essential_Kit/Maps/DemoMap.DemoMap_C' with ClassGeneratedBy '/Game/VR_Essential_Kit/Maps/DemoMap.DemoMap:PersistentLevel.DemoMap'
[2020.03.05-13.26.42:285][161]LogUObjectHash: Compacting FUObjectHashTables data took   1.75ms
[2020.03.05-13.26.42:296][162]LogPlayLevel: Display: Destroying online subsystem :Context_1
[2020.03.05-13.26.52:945][414]LogSlate: FSceneViewport::OnFocusLost() reason 0
[2020.03.05-13.26.55:091][632]PIE: Warning: Constraint in '/Engine/Transient.World_2:PersistentLevel.BP_InteractableActor_C_0.PhysicsConstraint' attempting to create a joint between objects that are both static.  No joint created.
[2020.03.05-13.26.59:383][134]LogSlate: Took 0.003878 seconds to synchronously load lazily loaded font '../../../Engine/Content/Slate/Fonts/Roboto-Light.ttf' (167K)
[2020.03.05-13.26.59:392][134]LogAssetEditorManager: Opening Asset editor for Blueprint /Game/VR_Essential_Kit/Blueprints/BI_SlotActor.BI_SlotActor
[2020.03.05-13.26.59:855][134]LogContentBrowser: Native class hierarchy updated for 'BlueprintGraph' in 0.0005 seconds. Added 121 classes and 0 folders.
[2020.03.05-13.27.06:561][717]LogSlate: Window 'BI_SlotActor' being destroyed
[2020.03.05-13.27.06:565][717]LogSlate: Window 'BI_SlotActor' being destroyed
[2020.03.05-13.27.06:607][717]LogWorld: UWorld::CleanupWorld for World_4, bSessionEnded=true, bCleanupResources=true
[2020.03.05-13.27.33:538][839]LogEditorViewport: Clicking on Actor (LMB): StaticMeshActor (SM_Chest4)
[2020.03.05-13.27.34:617][869]LogEditorViewport: Clicking on Actor (LMB): BP_InteractableActor_C (BP_InteractableActor25)
[2020.03.05-13.27.40:040][506]LogSlate: FSceneViewport::OnFocusLost() reason 0
[2020.03.05-13.27.43:302][884]LogAssetEditorManager: Opening Asset editor for Blueprint /Game/VR_Essential_Kit/Blueprints/BI_SlotActor.BI_SlotActor
[2020.03.05-13.27.47:469][217]LogSlate: Took 0.055101 seconds to synchronously load lazily loaded font '../../../Engine/Content/Slate/Fonts/Roboto-BoldCondensed.ttf' (158K)
[2020.03.05-13.27.54:920][  2]LogSlate: Window 'BI_SlotActor' being destroyed
[2020.03.05-13.27.54:924][  2]LogSlate: Window 'BI_SlotActor' being destroyed
[2020.03.05-13.27.54:939][  2]LogWorld: UWorld::CleanupWorld for World_7, bSessionEnded=true, bCleanupResources=true
[2020.03.05-13.27.57:171][247]LogAssetEditorManager: Opening Asset editor for Blueprint /Game/VR_Essential_Kit/Blueprints/BP_InteractableActor.BP_InteractableActor
[2020.03.05-13.27.58:326][247]LogMaterial: Display: Missing cached shader map for material GridMaterial, compiling. 
[2020.03.05-13.27.59:005][247]LogMaterial: Display: Missing cached shader map for material PersonaFloorMat, compiling. 
[2020.03.05-13.28.22:769][143]LogSlate: Took 0.029955 seconds to synchronously load lazily loaded font '../../../Engine/Content/Slate/Fonts/Roboto-Italic.ttf' (157K)
[2020.03.05-13.28.23:528][204]LogAssetEditorManager: Opening Asset editor for Blueprint /Game/VR_Essential_Kit/Blueprints/BP_Frame.BP_Frame
[2020.03.05-13.28.44:775][440]LogSlate: FSceneViewport::OnFocusLost() reason 0
[2020.03.05-13.28.47:137][689]LogWorld: UWorld::CleanupWorld for World_9, bSessionEnded=true, bCleanupResources=true
[2020.03.05-13.28.55:144][441]LogSlate: Window 'BP_InteractableActor' being destroyed
[2020.03.05-13.28.58:531][844]LogEditorViewport: Clicking on Actor (LMB): BP_InteractableActor_C (BP_InteractableActor26)
[2020.03.05-13.29.01:139][152]LogEditorViewport: Clicking on Actor (LMB): BP_Slot_C (BP_Slot)
[2020.03.05-13.29.04:417][539]LogSlate: FSceneViewport::OnFocusLost() reason 0
[2020.03.05-13.29.08:443][ 13]LogAssetEditorManager: Opening Asset editor for Blueprint /Game/VR_Essential_Kit/Blueprints/BP_Slot.BP_Slot
[2020.03.05-13.29.54:160][385]LogEditorViewport: Clicking on Actor (LMB): BP_InteractableActor_C (BP_InteractableActor25)
[2020.03.05-13.30.05:851][738]LogEditorViewport: Clicking on Actor (LMB): BP_PickupObject_C (BP_PickupObject2)
[2020.03.05-13.30.08:567][ 54]LogEditorViewport: Clicking on Actor (LMB): BP_PickupObject_C (BP_PickupObject)
[2020.03.05-13.30.12:441][499]LogEditorViewport: Clicking on Actor (LMB): BP_Slot_C (BP_Slot)
[2020.03.05-13.30.17:587][ 99]LogEditorViewport: Clicking on Actor (LMB): BP_InteractableActor_C (BP_InteractableActor25)
[2020.03.05-13.30.41:954][ 10]LogSlate: FSceneViewport::OnFocusLost() reason 2
[2020.03.05-13.30.45:582][426]LogEditorViewport: Clicking on Actor (LMB): BP_InteractableActor_C (BP_InteractableActor27)
[2020.03.05-13.30.57:693][857]LogSlate: FSceneViewport::OnFocusLost() reason 0
[2020.03.05-13.31.25:596][857]LogAssetEditorManager: Opening Asset editor for StaticMesh /Game/VR_Essential_Kit/Meshes/SM_Chest2OutterBox.SM_Chest2OutterBox
[2020.03.05-13.31.26:015][857]LogMaterial: Display: Missing cached shader map for material M_SkyBox, compiling. 
[2020.03.05-13.31.30:676][269]LogSlate: FSceneViewport::OnFocusLost() reason 0
[2020.03.05-13.31.30:794][282]LogWorld: UWorld::CleanupWorld for World_11, bSessionEnded=true, bCleanupResources=true
[2020.03.05-13.31.34:696][658]LogAssetEditorManager: Opening Asset editor for StaticMesh /Game/VR_Essential_Kit/Meshes/SM_ChestDrawer.SM_ChestDrawer
[2020.03.05-13.31.37:023][916]LogWorld: UWorld::CleanupWorld for World_12, bSessionEnded=true, bCleanupResources=true
[2020.03.05-13.31.40:027][261]LogEditorViewport: Clicking on Actor (LMB): BP_InteractableActor_C (BP_InteractableActor25)
[2020.03.05-13.31.43:814][710]LogSlate: FSceneViewport::OnFocusLost() reason 0
[2020.03.05-13.32.17:343][836]LogUObjectHash: Compacting FUObjectHashTables data took   6.83ms
[2020.03.05-13.32.19:245][836]LogSavePackage: Moving '../../../../../Users/N0737367/Documents/GitHub/VR-Kit/VR_Kit/Saved/DemoMap_Auto1724D454143DD8F6EFF8A5895A4128D2A.tmp' to '../../../../../Users/N0737367/Documents/GitHub/VR-Kit/VR_Kit/Saved/Autosaves/Game/VR_Essential_Kit/Maps/DemoMap_Auto1.umap'
[2020.03.05-13.32.19:315][836]LogFileHelpers: Editor autosave (incl. sublevels) for '/Game/VR_Essential_Kit/Maps/DemoMap' took 2.135
[2020.03.05-13.32.19:315][836]LogFileHelpers: Editor autosave (incl. sublevels) for all levels took 2.135
[2020.03.05-13.32.23:191][980]LogSlate: FSceneViewport::OnFocusLost() reason 0
[2020.03.05-13.32.35:365][ 26]LogHMD: SteamVR Shutting down.
[2020.03.05-13.34.36:553][622]LogEditorViewport: Clicking on Actor (LMB): StaticMeshActor (SM_Chest4)
[2020.03.05-13.36.05:849][632]LogSlate: FSceneViewport::OnFocusLost() reason 0
[2020.03.05-13.36.38:430][901]LogAssetEditorManager: Opening Asset editor for Blueprint /Game/VirtualRealityBP/Blueprints/BI_InteractableActor.BI_InteractableActor
[2020.03.05-13.36.45:758][732]LogWorld: UWorld::CleanupWorld for World_13, bSessionEnded=true, bCleanupResources=true
[2020.03.05-13.37.36:852][743]LogMaterial: Display: Missing cached shader map for material Material_0, compiling. 
[2020.03.05-13.37.36:853][743]LogMaterial: Warning: /Engine/Transient.Material_0 (no disk path found): Failed to compile Material for platform PCD3D_SM5, Default Material will be used in game.
[2020.03.05-13.37.36:853][743]LogMaterial: Display: 	Only transparent or postprocess materials can read from scene depth.
[2020.03.05-13.42.34:421][375]LogAssetEditorManager: Opening Asset editor for Blueprint /Game/VirtualRealityBP/Blueprints/BP_MotionController.BP_MotionController
[2020.03.05-13.42.53:345][592]BlueprintLog: New page: Compile BP_MotionController
[2020.03.05-13.42.53:385][592]LogBlueprint: Warning: [Compiler BP_MotionController] Set Hand : Usage of 'Hand' has been deprecated. Please replace or remove it.
[2020.03.05-13.42.53:385][592]LogBlueprint: Warning: [Compiler BP_MotionController] Set Hand : Usage of 'Set Tracking Source' has been deprecated. Please use the Motion Source property instead of Hand
[2020.03.05-13.42.53:393][592]LogBlueprint: Warning: [Compiler BP_MotionController] ProjectPointToNavigation_DEPRECATED : Usage of 'ProjectPointToNavigation_DEPRECATED' has been deprecated. This version of ProjectPointToNavigation is deprecated. Please use the new version
[2020.03.05-13.42.54:013][592]LogUObjectHash: Compacting FUObjectHashTables data took   5.78ms
[2020.03.05-13.43.47:489][703]LogUObjectHash: Compacting FUObjectHashTables data took   7.95ms
[2020.03.05-13.43.49:064][703]LogSavePackage: Moving '../../../../../Users/N0737367/Documents/GitHub/VR-Kit/VR_Kit/Saved/DemoMap_Auto27CA8C464471E9CBB5C26CF9AFCC32FFB.tmp' to '../../../../../Users/N0737367/Documents/GitHub/VR-Kit/VR_Kit/Saved/Autosaves/Game/VR_Essential_Kit/Maps/DemoMap_Auto2.umap'
[2020.03.05-13.43.49:071][703]LogFileHelpers: Editor autosave (incl. sublevels) for '/Game/VR_Essential_Kit/Maps/DemoMap' took 1.650
[2020.03.05-13.43.49:071][703]LogFileHelpers: Editor autosave (incl. sublevels) for all levels took 1.650
[2020.03.05-13.44.01:168][760]LogSlate: FSceneViewport::OnFocusLost() reason 5
[2020.03.05-13.46.05:496][524]LogSlate: FSceneViewport::OnFocusLost() reason 0
[2020.03.05-13.46.10:856][147]LogAssetEditorManager: Opening Asset editor for Blueprint /Game/VirtualRealityBP/Blueprints/MotionControllerPawn.MotionControllerPawn
[2020.03.05-13.47.57:710][116]LogSlate: Took 0.024917 seconds to synchronously load lazily loaded font '../../../Engine/Content/Slate/Fonts/Roboto-BoldCondensedItalic.ttf' (160K)
