Log file open, 03/05/20 12:53:09
LogWindows: Failed to load 'aqProf.dll' (GetLastError=126)
LogWindows: File 'aqProf.dll' does not exist
LogWindows: Failed to load 'VtuneApi.dll' (GetLastError=126)
LogWindows: File 'VtuneApi.dll' does not exist
LogWindows: Failed to load 'VtuneApi32e.dll' (GetLastError=126)
LogWindows: File 'VtuneApi32e.dll' does not exist
LogConsoleResponse: Display: Failed to find resolution value strings in scalability ini. Falling back to default.
LogInit: Display: Running engine for game: VR_Essential_Kit
LogPlatformFile: Not using cached read wrapper
LogTaskGraph: Started task graph with 5 named threads and 35 total threads with 3 sets of task threads.
LogStats: Stats thread started at 0.157576
LogD3D11RHI: Loaded GFSDK_Aftermath_Lib.x64.dll
LogICUInternationalization: ICU TimeZone Detection - Raw Offset: +0:00, Platform Override: ''
LogPluginManager: Mounting plugin Paper2D
LogPluginManager: Mounting plugin AISupport
LogPluginManager: Mounting plugin LightPropagationVolume
LogPluginManager: Mounting plugin ActorLayerUtilities
LogPluginManager: Mounting plugin AnimationSharing
LogPluginManager: Mounting plugin CLionSourceCodeAccess
LogPluginManager: Mounting plugin CodeLiteSourceCodeAccess
LogPluginManager: Mounting plugin GitSourceControl
LogPluginManager: Mounting plugin KDevelopSourceCodeAccess
LogPluginManager: Mounting plugin NullSourceCodeAccess
LogPluginManager: Mounting plugin PerforceSourceControl
LogPluginManager: Mounting plugin SubversionSourceControl
LogPluginManager: Mounting plugin UObjectPlugin
LogPluginManager: Mounting plugin VisualStudioCodeSourceCodeAccess
LogPluginManager: Mounting plugin VisualStudioSourceCodeAccess
LogPluginManager: Mounting plugin XCodeSourceCodeAccess
LogPluginManager: Mounting plugin AssetManagerEditor
LogPluginManager: Mounting plugin CryptoKeys
LogPluginManager: Mounting plugin CurveEditorTools
LogPluginManager: Mounting plugin DataValidation
LogPluginManager: Mounting plugin FacialAnimation
LogPluginManager: Mounting plugin GameplayTagsEditor
LogPluginManager: Mounting plugin MacGraphicsSwitching
LogPluginManager: Mounting plugin MaterialAnalyzer
LogPluginManager: Mounting plugin MobileLauncherProfileWizard
LogPluginManager: Mounting plugin PluginBrowser
LogPluginManager: Mounting plugin SpeedTreeImporter
LogPluginManager: Mounting plugin DatasmithContent
LogPluginManager: Mounting plugin VariantManagerContent
LogPluginManager: Mounting plugin AlembicImporter
LogPluginManager: Mounting plugin AutomationUtils
LogPluginManager: Mounting plugin BackChannel
LogPluginManager: Mounting plugin CharacterAI
LogPluginManager: Mounting plugin GeometryCache
LogPluginManager: Mounting plugin HTML5Networking
LogPluginManager: Mounting plugin PlatformCrypto
LogPluginManager: Mounting plugin ProxyLODPlugin
LogPluginManager: Mounting plugin SkeletalReduction
LogPluginManager: Mounting plugin MagicLeap
LogPluginManager: Mounting plugin MagicLeapMedia
LogPluginManager: Mounting plugin AndroidMedia
LogPluginManager: Mounting plugin AvfMedia
LogPluginManager: Mounting plugin ImgMedia
LogPluginManager: Mounting plugin MediaCompositing
LogPluginManager: Mounting plugin MediaPlayerEditor
LogPluginManager: Mounting plugin WebMMedia
LogPluginManager: Mounting plugin WmfMedia
LogPluginManager: Mounting plugin TcpMessaging
LogPluginManager: Mounting plugin UdpMessaging
LogPluginManager: Mounting plugin ActorSequence
LogPluginManager: Mounting plugin LevelSequenceEditor
LogPluginManager: Mounting plugin MatineeToLevelSequence
LogPluginManager: Mounting plugin NetcodeUnitTest
LogPluginManager: Mounting plugin NUTUnrealEngine4
LogPluginManager: Mounting plugin OnlineSubsystemGooglePlay
LogPluginManager: Mounting plugin OnlineSubsystemIOS
LogPluginManager: Mounting plugin OnlineSubsystem
LogPluginManager: Mounting plugin OnlineSubsystemNull
LogPluginManager: Mounting plugin OnlineSubsystemUtils
LogPluginManager: Mounting plugin LauncherChunkInstaller
LogPluginManager: Mounting plugin AndroidDeviceProfileSelector
LogPluginManager: Mounting plugin AndroidMoviePlayer
LogPluginManager: Mounting plugin AndroidPermission
LogPluginManager: Mounting plugin AppleImageUtils
LogPluginManager: Mounting plugin AppleMoviePlayer
LogPluginManager: Mounting plugin ArchVisCharacter
LogPluginManager: Mounting plugin AudioCapture
LogPluginManager: Mounting plugin CableComponent
LogPluginManager: Mounting plugin CustomMeshComponent
LogPluginManager: Mounting plugin EditableMesh
LogPluginManager: Mounting plugin ExampleDeviceProfileSelector
LogPluginManager: Mounting plugin GoogleCloudMessaging
LogPluginManager: Mounting plugin IOSDeviceProfileSelector
LogPluginManager: Mounting plugin LinuxDeviceProfileSelector
LogPluginManager: Mounting plugin LocationServicesBPLibrary
LogPluginManager: Mounting plugin MobilePatchingUtils
LogPluginManager: Mounting plugin OculusVR
LogPluginManager: Mounting plugin PhysXVehicles
LogPluginManager: Mounting plugin ProceduralMeshComponent
LogPluginManager: Mounting plugin RuntimePhysXCooking
LogPluginManager: Mounting plugin SignificanceManager
LogPluginManager: Mounting plugin SteamVR
LogPluginManager: Mounting plugin WebMMoviePlayer
LogPluginManager: Mounting plugin WindowsMoviePlayer
LogPluginManager: Mounting plugin ScreenshotTools
LogInit: Using libcurl 7.55.1-DEV
LogInit:  - built for x86_64-pc-win32
LogInit:  - supports SSL with OpenSSL/1.1.1
LogInit:  - supports HTTP deflate (compression) using libz 1.2.8
LogInit:  - other features:
LogInit:      CURL_VERSION_SSL
LogInit:      CURL_VERSION_LIBZ
LogInit:      CURL_VERSION_IPV6
LogInit:      CURL_VERSION_ASYNCHDNS
LogInit:      CURL_VERSION_LARGEFILE
LogInit:      CURL_VERSION_IDN
LogInit:  CurlRequestOptions (configurable via config and command line):
LogInit:  - bVerifyPeer = true  - Libcurl will verify peer certificate
LogInit:  - bUseHttpProxy = false  - Libcurl will NOT use HTTP proxy
LogInit:  - bDontReuseConnections = false  - Libcurl will reuse connections
LogInit:  - MaxHostConnections = 16  - Libcurl will limit the number of connections to a host
LogInit:  - LocalHostAddr = Default
LogInit:  - BufferSize = 65536
LogOnline: OSS: Creating online subsystem instance for: NULL
LogInit: WinSock: version 1.1 (2.2), MaxSocks=32767, MaxUdp=65467
LogInit: Build: ++UE4+Release-4.23-CL-9631420
LogInit: Engine Version: 4.23.1-9631420+++UE4+Release-4.23
LogInit: Compatible Engine Version: 4.23.0-8386587+++UE4+Release-4.23
LogInit: Net CL: 8386587
LogInit: OS: Windows 10 (Release 1809) (), CPU: Intel(R) Core(TM) i7-8700 CPU @ 3.20GHz, GPU: NVIDIA GeForce GTX 1080 Ti
LogInit: Compiled (64-bit): Oct 18 2019 02:07:44
LogInit: Compiled with Visual C++: 19.16.27030.01
LogInit: Build Configuration: Development
LogInit: Branch Name: ++UE4+Release-4.23
LogInit: Command Line: 
LogInit: Base Directory: C:/Epic Games/UE_4.23/Engine/Binaries/Win64/
LogInit: Installed Engine Build: 1
LogDevObjectVersion: Number of dev versions registered: 23
LogDevObjectVersion:   Dev-Blueprints (B0D832E4-1F89-4F0D-ACCF-7EB736FD4AA2): 10
LogDevObjectVersion:   Dev-Build (E1C64328-A22C-4D53-A36C-8E866417BD8C): 0
LogDevObjectVersion:   Dev-Core (375EC13C-06E4-48FB-B500-84F0262A717E): 3
LogDevObjectVersion:   Dev-Editor (E4B068ED-F494-42E9-A231-DA0B2E46BB41): 34
LogDevObjectVersion:   Dev-Framework (CFFC743F-43B0-4480-9391-14DF171D2073): 35
LogDevObjectVersion:   Dev-Mobile (B02B49B5-BB20-44E9-A304-32B752E40360): 2
LogDevObjectVersion:   Dev-Networking (A4E4105C-59A1-49B5-A7C5-40C4547EDFEE): 0
LogDevObjectVersion:   Dev-Online (39C831C9-5AE6-47DC-9A44-9C173E1C8E7C): 0
LogDevObjectVersion:   Dev-Physics (78F01B33-EBEA-4F98-B9B4-84EACCB95AA2): 0
LogDevObjectVersion:   Dev-Platform (6631380F-2D4D-43E0-8009-CF276956A95A): 0
LogDevObjectVersion:   Dev-Rendering (12F88B9F-8875-4AFC-A67C-D90C383ABD29): 31
LogDevObjectVersion:   Dev-Sequencer (7B5AE74C-D270-4C10-A958-57980B212A5A): 11
LogDevObjectVersion:   Dev-VR (D7296918-1DD6-4BDD-9DE2-64A83CC13884): 2
LogDevObjectVersion:   Dev-LoadTimes (C2A15278-BFE7-4AFE-6C17-90FF531DF755): 1
LogDevObjectVersion:   Private-Geometry (6EACA3D4-40EC-4CC1-B786-8BED09428FC5): 3
LogDevObjectVersion:   Dev-AnimPhys (29E575DD-E0A3-4627-9D10-D276232CDCEA): 17
LogDevObjectVersion:   Dev-Anim (AF43A65D-7FD3-4947-9873-3E8ED9C1BB05): 2
LogDevObjectVersion:   Dev-ReflectionCapture (6B266CEC-1EC7-4B8F-A30B-E4D90942FC07): 1
LogDevObjectVersion:   Dev-Automation (0DF73D61-A23F-47EA-B727-89E90C41499A): 1
LogDevObjectVersion:   FortniteMain (601D1886-AC64-4F84-AA16-D3DE0DEAC7D6): 27
LogDevObjectVersion:   Dev-Enterprise (9DFFBCD6-494F-0158-E221-12823C92A888): 6
LogDevObjectVersion:   Dev-Niagara (F2AED0AC-9AFE-416F-8664-AA7FFA26D6FC): 1
LogDevObjectVersion:   Dev-Destruction (174F1F0B-B4C6-45A5-B13F-2EE8D0FB917D): 9
LogInit: Presizing for max 16777216 objects, including 0 objects not considered by GC, pre-allocating 0 bytes for permanent pool.
LogInit: Object subsystem initialized
LogConfig: Setting CVar [[con.DebugEarlyDefault:1]]
LogConfig: Setting CVar [[r.setres:1280x720]]
[2020.03.05-12.53.09:953][  0]LogConfig: Setting CVar [[r.VSync:0]]
[2020.03.05-12.53.09:953][  0]LogConfig: Setting CVar [[r.RHICmdBypass:0]]
[2020.03.05-12.53.09:954][  0]LogConfig: Applying CVar settings from Section [/Script/Engine.RendererSettings] File [C:/Users/N0737367/Documents/GitHub/VR-Kit/VR_Kit/Saved/Config/Windows/Engine.ini]
[2020.03.05-12.53.09:954][  0]LogConfig: Setting CVar [[r.GPUCrashDebugging:0]]
[2020.03.05-12.53.09:954][  0]LogConfig: Setting CVar [[r.DefaultFeature.AmbientOcclusion:0]]
[2020.03.05-12.53.09:954][  0]LogConfig: Setting CVar [[r.DefaultFeature.AmbientOcclusionStaticFraction:0]]
[2020.03.05-12.53.09:954][  0]LogConfig: Setting CVar [[vr.InstancedStereo:1]]
[2020.03.05-12.53.09:954][  0]LogConfig: Setting CVar [[r.SeparateTranslucency:0]]
[2020.03.05-12.53.09:954][  0]LogConfig: Setting CVar [[r.HZBOcclusion:0]]
[2020.03.05-12.53.09:954][  0]LogConfig: Setting CVar [[r.SSR.MaxRoughness:0]]
[2020.03.05-12.53.09:954][  0]LogConfig: Setting CVar [[r.rhicmdbypass:0]]
[2020.03.05-12.53.09:954][  0]LogConfig: Applying CVar settings from Section [/Script/Engine.RendererOverrideSettings] File [C:/Users/N0737367/Documents/GitHub/VR-Kit/VR_Kit/Saved/Config/Windows/Engine.ini]
[2020.03.05-12.53.09:954][  0]LogConfig: Applying CVar settings from Section [/Script/Engine.StreamingSettings] File [C:/Users/N0737367/Documents/GitHub/VR-Kit/VR_Kit/Saved/Config/Windows/Engine.ini]
[2020.03.05-12.53.09:954][  0]LogConfig: Setting CVar [[s.MinBulkDataSizeForAsyncLoading:131072]]
[2020.03.05-12.53.09:954][  0]LogConfig: Setting CVar [[s.AsyncLoadingThreadEnabled:0]]
[2020.03.05-12.53.09:954][  0]LogConfig: Setting CVar [[s.EventDrivenLoaderEnabled:1]]
[2020.03.05-12.53.09:954][  0]LogConfig: Setting CVar [[s.WarnIfTimeLimitExceeded:0]]
[2020.03.05-12.53.09:954][  0]LogConfig: Setting CVar [[s.TimeLimitExceededMultiplier:1.5]]
[2020.03.05-12.53.09:954][  0]LogConfig: Setting CVar [[s.TimeLimitExceededMinTime:0.005]]
[2020.03.05-12.53.09:954][  0]LogConfig: Setting CVar [[s.UseBackgroundLevelStreaming:1]]
[2020.03.05-12.53.09:954][  0]LogConfig: Setting CVar [[s.PriorityAsyncLoadingExtraTime:15.0]]
[2020.03.05-12.53.09:954][  0]LogConfig: Setting CVar [[s.LevelStreamingActorsUpdateTimeLimit:5.0]]
[2020.03.05-12.53.09:954][  0]LogConfig: Setting CVar [[s.PriorityLevelStreamingActorsUpdateExtraTime:5.0]]
[2020.03.05-12.53.09:954][  0]LogConfig: Setting CVar [[s.LevelStreamingComponentsRegistrationGranularity:10]]
[2020.03.05-12.53.09:954][  0]LogConfig: Setting CVar [[s.UnregisterComponentsTimeLimit:1.0]]
[2020.03.05-12.53.09:954][  0]LogConfig: Setting CVar [[s.LevelStreamingComponentsUnregistrationGranularity:5]]
[2020.03.05-12.53.09:954][  0]LogConfig: Applying CVar settings from Section [/Script/Engine.GarbageCollectionSettings] File [C:/Users/N0737367/Documents/GitHub/VR-Kit/VR_Kit/Saved/Config/Windows/Engine.ini]
[2020.03.05-12.53.09:954][  0]LogConfig: Setting CVar [[gc.MaxObjectsNotConsideredByGC:1]]
[2020.03.05-12.53.09:954][  0]LogConfig: Setting CVar [[gc.SizeOfPermanentObjectPool:0]]
[2020.03.05-12.53.09:954][  0]LogConfig: Setting CVar [[gc.FlushStreamingOnGC:0]]
[2020.03.05-12.53.09:954][  0]LogConfig: Setting CVar [[gc.NumRetriesBeforeForcingGC:10]]
[2020.03.05-12.53.09:954][  0]LogConfig: Setting CVar [[gc.AllowParallelGC:1]]
[2020.03.05-12.53.09:954][  0]LogConfig: Setting CVar [[gc.TimeBetweenPurgingPendingKillObjects:61.1]]
[2020.03.05-12.53.09:954][  0]LogConfig: Setting CVar [[gc.MaxObjectsInEditor:16777216]]
[2020.03.05-12.53.09:954][  0]LogConfig: Setting CVar [[gc.IncrementalBeginDestroyEnabled:1]]
[2020.03.05-12.53.09:954][  0]LogConfig: Setting CVar [[gc.CreateGCClusters:1]]
[2020.03.05-12.53.09:954][  0]LogConfig: Setting CVar [[gc.MinGCClusterSize:5]]
[2020.03.05-12.53.09:954][  0]LogConfig: Setting CVar [[gc.ActorClusteringEnabled:0]]
[2020.03.05-12.53.09:954][  0]LogConfig: Setting CVar [[gc.BlueprintClusteringEnabled:0]]
[2020.03.05-12.53.09:954][  0]LogConfig: Setting CVar [[gc.UseDisregardForGCOnDedicatedServers:0]]
[2020.03.05-12.53.09:954][  0]LogConfig: Applying CVar settings from Section [/Script/Engine.NetworkSettings] File [C:/Users/N0737367/Documents/GitHub/VR-Kit/VR_Kit/Saved/Config/Windows/Engine.ini]
[2020.03.05-12.53.09:954][  0]LogConfig: Applying CVar settings from Section [/Script/UnrealEd.CookerSettings] File [C:/Users/N0737367/Documents/GitHub/VR-Kit/VR_Kit/Saved/Config/Windows/Engine.ini]
[2020.03.05-12.53.09:958][  0]LogConfig: Applying CVar settings from Section [ViewDistanceQuality@3] File [C:/Users/N0737367/Documents/GitHub/VR-Kit/VR_Kit/Saved/Config/Windows/Scalability.ini]
[2020.03.05-12.53.09:958][  0]LogConfig: Setting CVar [[r.SkeletalMeshLODBias:0]]
[2020.03.05-12.53.09:958][  0]LogConfig: Setting CVar [[r.ViewDistanceScale:1.0]]
[2020.03.05-12.53.09:958][  0]LogConfig: Applying CVar settings from Section [AntiAliasingQuality@3] File [C:/Users/N0737367/Documents/GitHub/VR-Kit/VR_Kit/Saved/Config/Windows/Scalability.ini]
[2020.03.05-12.53.09:958][  0]LogConfig: Setting CVar [[r.PostProcessAAQuality:3]]
[2020.03.05-12.53.09:958][  0]LogConfig: Applying CVar settings from Section [ShadowQuality@3] File [C:/Users/N0737367/Documents/GitHub/VR-Kit/VR_Kit/Saved/Config/Windows/Scalability.ini]
[2020.03.05-12.53.09:958][  0]LogConfig: Setting CVar [[r.LightFunctionQuality:1]]
[2020.03.05-12.53.09:958][  0]LogConfig: Setting CVar [[r.ShadowQuality:5]]
[2020.03.05-12.53.09:958][  0]LogConfig: Setting CVar [[r.Shadow.CSM.MaxCascades:10]]
[2020.03.05-12.53.09:958][  0]LogConfig: Setting CVar [[r.Shadow.MaxResolution:2048]]
[2020.03.05-12.53.09:958][  0]LogConfig: Setting CVar [[r.Shadow.MaxCSMResolution:2048]]
[2020.03.05-12.53.09:958][  0]LogConfig: Setting CVar [[r.Shadow.RadiusThreshold:0.01]]
[2020.03.05-12.53.09:958][  0]LogConfig: Setting CVar [[r.Shadow.DistanceScale:1.0]]
[2020.03.05-12.53.09:958][  0]LogConfig: Setting CVar [[r.Shadow.CSM.TransitionScale:1.0]]
[2020.03.05-12.53.09:958][  0]LogConfig: Setting CVar [[r.Shadow.PreShadowResolutionFactor:1.0]]
[2020.03.05-12.53.09:958][  0]LogConfig: Setting CVar [[r.DistanceFieldShadowing:1]]
[2020.03.05-12.53.09:958][  0]LogConfig: Setting CVar [[r.DistanceFieldAO:1]]
[2020.03.05-12.53.09:958][  0]LogConfig: Setting CVar [[r.AOQuality:2]]
[2020.03.05-12.53.09:958][  0]LogConfig: Setting CVar [[r.VolumetricFog:1]]
[2020.03.05-12.53.09:958][  0]LogConfig: Setting CVar [[r.VolumetricFog.GridPixelSize:8]]
[2020.03.05-12.53.09:958][  0]LogConfig: Setting CVar [[r.VolumetricFog.GridSizeZ:128]]
[2020.03.05-12.53.09:958][  0]LogConfig: Setting CVar [[r.VolumetricFog.HistoryMissSupersampleCount:4]]
[2020.03.05-12.53.09:958][  0]LogConfig: Setting CVar [[r.LightMaxDrawDistanceScale:1]]
[2020.03.05-12.53.09:958][  0]LogConfig: Setting CVar [[r.CapsuleShadows:1]]
[2020.03.05-12.53.09:958][  0]LogConfig: Applying CVar settings from Section [PostProcessQuality@3] File [C:/Users/N0737367/Documents/GitHub/VR-Kit/VR_Kit/Saved/Config/Windows/Scalability.ini]
[2020.03.05-12.53.09:958][  0]LogConfig: Setting CVar [[r.MotionBlurQuality:0]]
[2020.03.05-12.53.09:958][  0]LogConfig: Setting CVar [[r.AmbientOcclusionMipLevelFactor:0.4]]
[2020.03.05-12.53.09:958][  0]LogConfig: Setting CVar [[r.AmbientOcclusionMaxQuality:100]]
[2020.03.05-12.53.09:958][  0]LogConfig: Setting CVar [[r.AmbientOcclusionLevels:0]]
[2020.03.05-12.53.09:958][  0]LogConfig: Setting CVar [[r.AmbientOcclusionRadiusScale:1.0]]
[2020.03.05-12.53.09:958][  0]LogConfig: Setting CVar [[r.DepthOfFieldQuality:0]]
[2020.03.05-12.53.09:958][  0]LogConfig: Setting CVar [[r.RenderTargetPoolMin:400]]
[2020.03.05-12.53.09:958][  0]LogConfig: Setting CVar [[r.LensFlareQuality:0]]
[2020.03.05-12.53.09:958][  0]LogConfig: Setting CVar [[r.SceneColorFringeQuality:0]]
[2020.03.05-12.53.09:958][  0]LogConfig: Setting CVar [[r.EyeAdaptationQuality:2]]
[2020.03.05-12.53.09:958][  0]LogConfig: Setting CVar [[r.BloomQuality:1]]
[2020.03.05-12.53.09:958][  0]LogConfig: Setting CVar [[r.FastBlurThreshold:0]]
[2020.03.05-12.53.09:958][  0]LogConfig: Setting CVar [[r.Upscale.Quality:3]]
[2020.03.05-12.53.09:958][  0]LogConfig: Setting CVar [[r.Tonemapper.GrainQuantization:1]]
[2020.03.05-12.53.09:958][  0]LogConfig: Setting CVar [[r.LightShaftQuality:1]]
[2020.03.05-12.53.09:958][  0]LogConfig: Setting CVar [[r.Filter.SizeScale:1]]
[2020.03.05-12.53.09:958][  0]LogConfig: Setting CVar [[r.Tonemapper.Quality:5]]
[2020.03.05-12.53.09:958][  0]LogConfig: Setting CVar [[r.DOF.Gather.AccumulatorQuality:1        ; higher gathering accumulator quality]]
[2020.03.05-12.53.09:958][  0]LogConfig: Setting CVar [[r.DOF.Gather.PostfilterMethod:1          ; Median3x3 postfilering method]]
[2020.03.05-12.53.09:958][  0]LogConfig: Setting CVar [[r.DOF.Gather.EnableBokehSettings:0       ; no bokeh simulation when gathering]]
[2020.03.05-12.53.09:958][  0]LogConfig: Setting CVar [[r.DOF.Gather.RingCount:4                 ; medium number of samples when gathering]]
[2020.03.05-12.53.09:958][  0]LogConfig: Setting CVar [[r.DOF.Scatter.ForegroundCompositing:1    ; additive foreground scattering]]
[2020.03.05-12.53.09:958][  0]LogConfig: Setting CVar [[r.DOF.Scatter.BackgroundCompositing:2    ; additive background scattering]]
[2020.03.05-12.53.09:958][  0]LogConfig: Setting CVar [[r.DOF.Scatter.EnableBokehSettings:1      ; bokeh simulation when scattering]]
[2020.03.05-12.53.09:958][  0]LogConfig: Setting CVar [[r.DOF.Scatter.MaxSpriteRatio:0.1         ; only a maximum of 10% of scattered bokeh]]
[2020.03.05-12.53.09:958][  0]LogConfig: Setting CVar [[r.DOF.Recombine.Quality:1                ; cheap slight out of focus]]
[2020.03.05-12.53.09:958][  0]LogConfig: Setting CVar [[r.DOF.Recombine.EnableBokehSettings:0    ; no bokeh simulation on slight out of focus]]
[2020.03.05-12.53.09:958][  0]LogConfig: Setting CVar [[r.DOF.TemporalAAQuality:1                ; more stable temporal accumulation]]
[2020.03.05-12.53.09:958][  0]LogConfig: Setting CVar [[r.DOF.Kernel.MaxForegroundRadius:0.025]]
[2020.03.05-12.53.09:958][  0]LogConfig: Setting CVar [[r.DOF.Kernel.MaxBackgroundRadius:0.025]]
[2020.03.05-12.53.09:958][  0]LogConfig: Applying CVar settings from Section [TextureQuality@3] File [C:/Users/N0737367/Documents/GitHub/VR-Kit/VR_Kit/Saved/Config/Windows/Scalability.ini]
[2020.03.05-12.53.09:958][  0]LogConfig: Setting CVar [[r.Streaming.MipBias:0]]
[2020.03.05-12.53.09:958][  0]LogConfig: Setting CVar [[r.Streaming.AmortizeCPUToGPUCopy:0]]
[2020.03.05-12.53.09:958][  0]LogConfig: Setting CVar [[r.Streaming.MaxNumTexturesToStreamPerFrame:0]]
[2020.03.05-12.53.09:958][  0]LogConfig: Setting CVar [[r.Streaming.Boost:1]]
[2020.03.05-12.53.09:958][  0]LogConfig: Setting CVar [[r.MaxAnisotropy:8]]
[2020.03.05-12.53.09:958][  0]LogConfig: Setting CVar [[r.Streaming.LimitPoolSizeToVRAM:0]]
[2020.03.05-12.53.09:958][  0]LogConfig: Setting CVar [[r.Streaming.PoolSize:1000]]
[2020.03.05-12.53.09:958][  0]LogConfig: Setting CVar [[r.Streaming.MaxEffectiveScreenSize:0]]
[2020.03.05-12.53.09:958][  0]LogConfig: Applying CVar settings from Section [EffectsQuality@3] File [C:/Users/N0737367/Documents/GitHub/VR-Kit/VR_Kit/Saved/Config/Windows/Scalability.ini]
[2020.03.05-12.53.09:958][  0]LogConfig: Setting CVar [[r.TranslucencyLightingVolumeDim:4]]
[2020.03.05-12.53.09:959][  0]LogConfig: Setting CVar [[r.RefractionQuality:2]]
[2020.03.05-12.53.09:959][  0]LogConfig: Setting CVar [[r.SSR.Quality:0]]
[2020.03.05-12.53.09:959][  0]LogConfig: Setting CVar [[r.SceneColorFormat:2]]
[2020.03.05-12.53.09:959][  0]LogConfig: Setting CVar [[r.DetailMode:2]]
[2020.03.05-12.53.09:959][  0]LogConfig: Setting CVar [[r.TranslucencyVolumeBlur:0]]
[2020.03.05-12.53.09:959][  0]LogConfig: Setting CVar [[r.MaterialQualityLevel:1 ; High quality]]
[2020.03.05-12.53.09:959][  0]LogConfig: Setting CVar [[r.SSS.Scale:1]]
[2020.03.05-12.53.09:959][  0]LogConfig: Setting CVar [[r.SSS.SampleSet:2]]
[2020.03.05-12.53.09:959][  0]LogConfig: Setting CVar [[r.SSS.Quality:1]]
[2020.03.05-12.53.09:959][  0]LogConfig: Setting CVar [[r.SSS.HalfRes:1]]
[2020.03.05-12.53.09:959][  0]LogConfig: Setting CVar [[r.EmitterSpawnRateScale:1.0]]
[2020.03.05-12.53.09:959][  0]LogConfig: Setting CVar [[r.ParticleLightQuality:2]]
[2020.03.05-12.53.09:959][  0]LogConfig: Applying CVar settings from Section [FoliageQuality@3] File [C:/Users/N0737367/Documents/GitHub/VR-Kit/VR_Kit/Saved/Config/Windows/Scalability.ini]
[2020.03.05-12.53.09:959][  0]LogConfig: Setting CVar [[foliage.DensityScale:1.0]]
[2020.03.05-12.53.09:959][  0]LogConfig: Setting CVar [[grass.DensityScale:1.0]]
[2020.03.05-12.53.09:959][  0]LogInit: Selected Device Profile: [Windows]
[2020.03.05-12.53.09:959][  0]LogInit: Applying CVar settings loaded from the selected device profile: [Windows]
[2020.03.05-12.53.09:985][  0]LogHAL: Display: Platform has ~ 16 GB [17094701056 / 17179869184 / 16], which maps to Larger [LargestMinGB=32, LargerMinGB=12, DefaultMinGB=8, SmallerMinGB=6, SmallestMinGB=0)
[2020.03.05-12.53.09:985][  0]LogInit: Going up to parent DeviceProfile []
[2020.03.05-12.53.09:985][  0]LogConfig: Applying CVar settings from Section [ViewDistanceQuality@3] File [C:/Users/N0737367/Documents/GitHub/VR-Kit/VR_Kit/Saved/Config/Windows/Scalability.ini]
[2020.03.05-12.53.09:985][  0]LogConfig: Setting CVar [[r.SkeletalMeshLODBias:0]]
[2020.03.05-12.53.09:985][  0]LogConfig: Setting CVar [[r.ViewDistanceScale:1.0]]
[2020.03.05-12.53.09:985][  0]LogConfig: Applying CVar settings from Section [AntiAliasingQuality@3] File [C:/Users/N0737367/Documents/GitHub/VR-Kit/VR_Kit/Saved/Config/Windows/Scalability.ini]
[2020.03.05-12.53.09:985][  0]LogConfig: Setting CVar [[r.PostProcessAAQuality:3]]
[2020.03.05-12.53.09:985][  0]LogConfig: Applying CVar settings from Section [ShadowQuality@3] File [C:/Users/N0737367/Documents/GitHub/VR-Kit/VR_Kit/Saved/Config/Windows/Scalability.ini]
[2020.03.05-12.53.09:985][  0]LogConfig: Setting CVar [[r.LightFunctionQuality:1]]
[2020.03.05-12.53.09:985][  0]LogConfig: Setting CVar [[r.ShadowQuality:5]]
[2020.03.05-12.53.09:985][  0]LogConfig: Setting CVar [[r.Shadow.CSM.MaxCascades:10]]
[2020.03.05-12.53.09:985][  0]LogConfig: Setting CVar [[r.Shadow.MaxResolution:2048]]
[2020.03.05-12.53.09:985][  0]LogConfig: Setting CVar [[r.Shadow.MaxCSMResolution:2048]]
[2020.03.05-12.53.09:985][  0]LogConfig: Setting CVar [[r.Shadow.RadiusThreshold:0.01]]
[2020.03.05-12.53.09:985][  0]LogConfig: Setting CVar [[r.Shadow.DistanceScale:1.0]]
[2020.03.05-12.53.09:985][  0]LogConfig: Setting CVar [[r.Shadow.CSM.TransitionScale:1.0]]
[2020.03.05-12.53.09:985][  0]LogConfig: Setting CVar [[r.Shadow.PreShadowResolutionFactor:1.0]]
[2020.03.05-12.53.09:985][  0]LogConfig: Setting CVar [[r.DistanceFieldShadowing:1]]
[2020.03.05-12.53.09:985][  0]LogConfig: Setting CVar [[r.DistanceFieldAO:1]]
[2020.03.05-12.53.09:986][  0]LogConfig: Setting CVar [[r.AOQuality:2]]
[2020.03.05-12.53.09:986][  0]LogConfig: Setting CVar [[r.VolumetricFog:1]]
[2020.03.05-12.53.09:986][  0]LogConfig: Setting CVar [[r.VolumetricFog.GridPixelSize:8]]
[2020.03.05-12.53.09:986][  0]LogConfig: Setting CVar [[r.VolumetricFog.GridSizeZ:128]]
[2020.03.05-12.53.09:986][  0]LogConfig: Setting CVar [[r.VolumetricFog.HistoryMissSupersampleCount:4]]
[2020.03.05-12.53.09:986][  0]LogConfig: Setting CVar [[r.LightMaxDrawDistanceScale:1]]
[2020.03.05-12.53.09:986][  0]LogConfig: Setting CVar [[r.CapsuleShadows:1]]
[2020.03.05-12.53.09:986][  0]LogConfig: Applying CVar settings from Section [PostProcessQuality@3] File [C:/Users/N0737367/Documents/GitHub/VR-Kit/VR_Kit/Saved/Config/Windows/Scalability.ini]
[2020.03.05-12.53.09:986][  0]LogConfig: Setting CVar [[r.MotionBlurQuality:0]]
[2020.03.05-12.53.09:986][  0]LogConfig: Setting CVar [[r.AmbientOcclusionMipLevelFactor:0.4]]
[2020.03.05-12.53.09:986][  0]LogConfig: Setting CVar [[r.AmbientOcclusionMaxQuality:100]]
[2020.03.05-12.53.09:986][  0]LogConfig: Setting CVar [[r.AmbientOcclusionLevels:0]]
[2020.03.05-12.53.09:986][  0]LogConfig: Setting CVar [[r.AmbientOcclusionRadiusScale:1.0]]
[2020.03.05-12.53.09:986][  0]LogConfig: Setting CVar [[r.DepthOfFieldQuality:0]]
[2020.03.05-12.53.09:986][  0]LogConfig: Setting CVar [[r.RenderTargetPoolMin:400]]
[2020.03.05-12.53.09:986][  0]LogConfig: Setting CVar [[r.LensFlareQuality:0]]
[2020.03.05-12.53.09:986][  0]LogConfig: Setting CVar [[r.SceneColorFringeQuality:0]]
[2020.03.05-12.53.09:986][  0]LogConfig: Setting CVar [[r.EyeAdaptationQuality:2]]
[2020.03.05-12.53.09:986][  0]LogConfig: Setting CVar [[r.BloomQuality:1]]
[2020.03.05-12.53.09:986][  0]LogConfig: Setting CVar [[r.FastBlurThreshold:0]]
[2020.03.05-12.53.09:986][  0]LogConfig: Setting CVar [[r.Upscale.Quality:3]]
[2020.03.05-12.53.09:986][  0]LogConfig: Setting CVar [[r.Tonemapper.GrainQuantization:1]]
[2020.03.05-12.53.09:986][  0]LogConfig: Setting CVar [[r.LightShaftQuality:1]]
[2020.03.05-12.53.09:986][  0]LogConfig: Setting CVar [[r.Filter.SizeScale:1]]
[2020.03.05-12.53.09:986][  0]LogConfig: Setting CVar [[r.Tonemapper.Quality:5]]
[2020.03.05-12.53.09:986][  0]LogConfig: Setting CVar [[r.DOF.Gather.AccumulatorQuality:1        ; higher gathering accumulator quality]]
[2020.03.05-12.53.09:986][  0]LogConfig: Setting CVar [[r.DOF.Gather.PostfilterMethod:1          ; Median3x3 postfilering method]]
[2020.03.05-12.53.09:986][  0]LogConfig: Setting CVar [[r.DOF.Gather.EnableBokehSettings:0       ; no bokeh simulation when gathering]]
[2020.03.05-12.53.09:986][  0]LogConfig: Setting CVar [[r.DOF.Gather.RingCount:4                 ; medium number of samples when gathering]]
[2020.03.05-12.53.09:986][  0]LogConfig: Setting CVar [[r.DOF.Scatter.ForegroundCompositing:1    ; additive foreground scattering]]
[2020.03.05-12.53.09:986][  0]LogConfig: Setting CVar [[r.DOF.Scatter.BackgroundCompositing:2    ; additive background scattering]]
[2020.03.05-12.53.09:986][  0]LogConfig: Setting CVar [[r.DOF.Scatter.EnableBokehSettings:1      ; bokeh simulation when scattering]]
[2020.03.05-12.53.09:986][  0]LogConfig: Setting CVar [[r.DOF.Scatter.MaxSpriteRatio:0.1         ; only a maximum of 10% of scattered bokeh]]
[2020.03.05-12.53.09:986][  0]LogConfig: Setting CVar [[r.DOF.Recombine.Quality:1                ; cheap slight out of focus]]
[2020.03.05-12.53.09:986][  0]LogConfig: Setting CVar [[r.DOF.Recombine.EnableBokehSettings:0    ; no bokeh simulation on slight out of focus]]
[2020.03.05-12.53.09:986][  0]LogConfig: Setting CVar [[r.DOF.TemporalAAQuality:1                ; more stable temporal accumulation]]
[2020.03.05-12.53.09:986][  0]LogConfig: Setting CVar [[r.DOF.Kernel.MaxForegroundRadius:0.025]]
[2020.03.05-12.53.09:986][  0]LogConfig: Setting CVar [[r.DOF.Kernel.MaxBackgroundRadius:0.025]]
[2020.03.05-12.53.09:986][  0]LogConfig: Applying CVar settings from Section [TextureQuality@3] File [C:/Users/N0737367/Documents/GitHub/VR-Kit/VR_Kit/Saved/Config/Windows/Scalability.ini]
[2020.03.05-12.53.09:986][  0]LogConfig: Setting CVar [[r.Streaming.MipBias:0]]
[2020.03.05-12.53.09:986][  0]LogConfig: Setting CVar [[r.Streaming.AmortizeCPUToGPUCopy:0]]
[2020.03.05-12.53.09:986][  0]LogConfig: Setting CVar [[r.Streaming.MaxNumTexturesToStreamPerFrame:0]]
[2020.03.05-12.53.09:986][  0]LogConfig: Setting CVar [[r.Streaming.Boost:1]]
[2020.03.05-12.53.09:986][  0]LogConfig: Setting CVar [[r.MaxAnisotropy:8]]
[2020.03.05-12.53.09:986][  0]LogConfig: Setting CVar [[r.Streaming.LimitPoolSizeToVRAM:0]]
[2020.03.05-12.53.09:986][  0]LogConfig: Setting CVar [[r.Streaming.PoolSize:1000]]
[2020.03.05-12.53.09:986][  0]LogConfig: Setting CVar [[r.Streaming.MaxEffectiveScreenSize:0]]
[2020.03.05-12.53.09:986][  0]LogConfig: Applying CVar settings from Section [EffectsQuality@3] File [C:/Users/N0737367/Documents/GitHub/VR-Kit/VR_Kit/Saved/Config/Windows/Scalability.ini]
[2020.03.05-12.53.09:986][  0]LogConfig: Setting CVar [[r.TranslucencyLightingVolumeDim:4]]
[2020.03.05-12.53.09:986][  0]LogConfig: Setting CVar [[r.RefractionQuality:2]]
[2020.03.05-12.53.09:986][  0]LogConfig: Setting CVar [[r.SSR.Quality:0]]
[2020.03.05-12.53.09:986][  0]LogConfig: Setting CVar [[r.SceneColorFormat:2]]
[2020.03.05-12.53.09:986][  0]LogConfig: Setting CVar [[r.DetailMode:2]]
[2020.03.05-12.53.09:986][  0]LogConfig: Setting CVar [[r.TranslucencyVolumeBlur:0]]
[2020.03.05-12.53.09:986][  0]LogConfig: Setting CVar [[r.MaterialQualityLevel:1 ; High quality]]
[2020.03.05-12.53.09:986][  0]LogConfig: Setting CVar [[r.SSS.Scale:1]]
[2020.03.05-12.53.09:986][  0]LogConfig: Setting CVar [[r.SSS.SampleSet:2]]
[2020.03.05-12.53.09:986][  0]LogConfig: Setting CVar [[r.SSS.Quality:1]]
[2020.03.05-12.53.09:986][  0]LogConfig: Setting CVar [[r.SSS.HalfRes:1]]
[2020.03.05-12.53.09:986][  0]LogConfig: Setting CVar [[r.EmitterSpawnRateScale:1.0]]
[2020.03.05-12.53.09:986][  0]LogConfig: Setting CVar [[r.ParticleLightQuality:2]]
[2020.03.05-12.53.09:986][  0]LogConfig: Applying CVar settings from Section [FoliageQuality@3] File [C:/Users/N0737367/Documents/GitHub/VR-Kit/VR_Kit/Saved/Config/Windows/Scalability.ini]
[2020.03.05-12.53.09:986][  0]LogConfig: Setting CVar [[foliage.DensityScale:1.0]]
[2020.03.05-12.53.09:986][  0]LogConfig: Setting CVar [[grass.DensityScale:1.0]]
[2020.03.05-12.53.09:986][  0]LogConfig: Applying CVar settings from Section [Startup] File [../../../Engine/Config/ConsoleVariables.ini]
[2020.03.05-12.53.09:986][  0]LogConfig: Setting CVar [[net.UseAdaptiveNetUpdateFrequency:0]]
[2020.03.05-12.53.09:987][  0]LogConfig: Setting CVar [[p.chaos.AllowCreatePhysxBodies:1]]
[2020.03.05-12.53.09:987][  0]LogConfig: Applying CVar settings from Section [ConsoleVariables] File [C:/Users/N0737367/Documents/GitHub/VR-Kit/VR_Kit/Saved/Config/Windows/Engine.ini]
[2020.03.05-12.53.09:987][  0]LogInit: Computer: ERD177-02
[2020.03.05-12.53.09:987][  0]LogInit: User: N0737367
[2020.03.05-12.53.09:987][  0]LogInit: CPU Page size=4096, Cores=6
[2020.03.05-12.53.09:987][  0]LogInit: High frequency timer resolution =10.000000 MHz
[2020.03.05-12.53.09:987][  0]LogMemory: Memory total: Physical=15.9GB (16GB approx)
[2020.03.05-12.53.09:987][  0]LogMemory: Platform Memory Stats for Windows
[2020.03.05-12.53.09:987][  0]LogMemory: Process Physical Memory: 102.38 MB used, 102.38 MB peak
[2020.03.05-12.53.09:987][  0]LogMemory: Process Virtual Memory: 90.22 MB used, 90.22 MB peak
[2020.03.05-12.53.09:987][  0]LogMemory: Physical Memory: 6910.32 MB used,  9392.46 MB free, 16302.78 MB total
[2020.03.05-12.53.09:987][  0]LogMemory: Virtual Memory: 4696.22 MB used,  134213032.00 MB free, 134217728.00 MB total
[2020.03.05-12.53.09:991][  0]LogWindows: WindowsPlatformFeatures enabled
[2020.03.05-12.53.10:033][  0]LogInit: Using OS detected language (en-GB).
[2020.03.05-12.53.10:033][  0]LogInit: Using OS detected locale (en-GB).
[2020.03.05-12.53.10:034][  0]LogTextLocalizationManager: No specific localization for 'en-GB' exists, so the 'en' localization will be used.
[2020.03.05-12.53.10:250][  0]LogInit: Setting process to per monitor DPI aware
[2020.03.05-12.53.10:434][  0]LogSlate: New Slate User Created.  User Index 0, Is Virtual User: 0
[2020.03.05-12.53.10:434][  0]LogSlate: Slate User Registered.  User Index 0, Is Virtual User: 0
[2020.03.05-12.54.44:519][  0]LogD3D11RHI: D3D11 adapters:
[2020.03.05-12.54.44:579][  0]LogD3D11RHI:    0. 'NVIDIA GeForce GTX 1080 Ti' (Feature Level 11_0)
[2020.03.05-12.54.44:579][  0]LogD3D11RHI:       11127/0/8151 MB DedicatedVideo/DedicatedSystem/SharedSystem, Outputs:1, VendorId:0x10de
[2020.03.05-12.54.44:582][  0]LogD3D11RHI:    1. 'Microsoft Basic Render Driver' (Feature Level 11_0)
[2020.03.05-12.54.44:582][  0]LogD3D11RHI:       0/0/8151 MB DedicatedVideo/DedicatedSystem/SharedSystem, Outputs:0, VendorId:0x1414
[2020.03.05-12.54.44:582][  0]LogD3D11RHI: Chosen D3D11 Adapter: 0
[2020.03.05-12.54.44:591][  0]LogD3D11RHI: Creating new Direct3DDevice
[2020.03.05-12.54.44:591][  0]LogD3D11RHI:     GPU DeviceId: 0x1b06 (for the marketing name, search the web for "GPU Device Id")
[2020.03.05-12.54.44:591][  0]LogWindows: EnumDisplayDevices:
[2020.03.05-12.54.44:591][  0]LogWindows:    0. 'NVIDIA GeForce GTX 1080 Ti' (P:1 D:1)
[2020.03.05-12.54.44:592][  0]LogWindows:    1. 'NVIDIA GeForce GTX 1080 Ti' (P:0 D:0)
[2020.03.05-12.54.44:593][  0]LogWindows:    2. 'NVIDIA GeForce GTX 1080 Ti' (P:0 D:0)
[2020.03.05-12.54.44:593][  0]LogWindows:    3. 'NVIDIA GeForce GTX 1080 Ti' (P:0 D:0)
[2020.03.05-12.54.44:594][  0]LogWindows: DebugString: FoundDriverCount:4 
[2020.03.05-12.54.44:594][  0]LogD3D11RHI:     Adapter Name: NVIDIA GeForce GTX 1080 Ti
[2020.03.05-12.54.44:594][  0]LogD3D11RHI:   Driver Version: 441.20 (internal:26.21.14.4120, unified:441.20)
[2020.03.05-12.54.44:594][  0]LogD3D11RHI:      Driver Date: 11-6-2019
[2020.03.05-12.54.44:594][  0]LogRHI: Texture pool is 7788 MB (70% of 11127 MB)
[2020.03.05-12.54.44:624][  0]LogD3D11RHI: Async texture creation enabled
[2020.03.05-12.54.44:635][  0]LogD3D11RHI: GPU Timing Frequency: 1000.000000 (Debug: 2 1)
[2020.03.05-12.54.45:411][  0]LogTemp: Display: Module 'AllDesktopTargetPlatform' loaded TargetPlatform 'AllDesktop'
[2020.03.05-12.54.45:440][  0]LogTemp: Display: Module 'MacClientTargetPlatform' loaded TargetPlatform 'MacClient'
[2020.03.05-12.54.45:451][  0]LogTemp: Display: Module 'MacNoEditorTargetPlatform' loaded TargetPlatform 'MacNoEditor'
[2020.03.05-12.54.45:462][  0]LogTemp: Display: Module 'MacServerTargetPlatform' loaded TargetPlatform 'MacServer'
[2020.03.05-12.54.45:533][  0]LogTemp: Display: Module 'MacTargetPlatform' loaded TargetPlatform 'Mac'
[2020.03.05-12.54.45:544][  0]LogTemp: Display: Module 'WindowsClientTargetPlatform' loaded TargetPlatform 'WindowsClient'
[2020.03.05-12.54.45:555][  0]LogTemp: Display: Module 'WindowsNoEditorTargetPlatform' loaded TargetPlatform 'WindowsNoEditor'
[2020.03.05-12.54.45:567][  0]LogTemp: Display: Module 'WindowsServerTargetPlatform' loaded TargetPlatform 'WindowsServer'
[2020.03.05-12.54.45:573][  0]LogTemp: Display: Module 'WindowsTargetPlatform' loaded TargetPlatform 'Windows'
[2020.03.05-12.54.45:681][  0]LogTemp: Display: Module 'AndroidTargetPlatform' loaded TargetPlatform 'Android'
[2020.03.05-12.54.45:681][  0]LogTemp: Display: Module 'AndroidTargetPlatform' loaded TargetPlatform 'Android_ASTC'
[2020.03.05-12.54.45:681][  0]LogTemp: Display: Module 'AndroidTargetPlatform' loaded TargetPlatform 'Android_ATC'
[2020.03.05-12.54.45:681][  0]LogTemp: Display: Module 'AndroidTargetPlatform' loaded TargetPlatform 'Android_DXT'
[2020.03.05-12.54.45:681][  0]LogTemp: Display: Module 'AndroidTargetPlatform' loaded TargetPlatform 'Android_ETC1'
[2020.03.05-12.54.45:681][  0]LogTemp: Display: Module 'AndroidTargetPlatform' loaded TargetPlatform 'Android_ETC1a'
[2020.03.05-12.54.45:681][  0]LogTemp: Display: Module 'AndroidTargetPlatform' loaded TargetPlatform 'Android_ETC2'
[2020.03.05-12.54.45:681][  0]LogTemp: Display: Module 'AndroidTargetPlatform' loaded TargetPlatform 'Android_PVRTC'
[2020.03.05-12.54.45:681][  0]LogTemp: Display: Module 'AndroidTargetPlatform' loaded TargetPlatform 'AndroidClient'
[2020.03.05-12.54.45:681][  0]LogTemp: Display: Module 'AndroidTargetPlatform' loaded TargetPlatform 'Android_ASTCClient'
[2020.03.05-12.54.45:681][  0]LogTemp: Display: Module 'AndroidTargetPlatform' loaded TargetPlatform 'Android_ATCClient'
[2020.03.05-12.54.45:681][  0]LogTemp: Display: Module 'AndroidTargetPlatform' loaded TargetPlatform 'Android_DXTClient'
[2020.03.05-12.54.45:681][  0]LogTemp: Display: Module 'AndroidTargetPlatform' loaded TargetPlatform 'Android_ETC1Client'
[2020.03.05-12.54.45:681][  0]LogTemp: Display: Module 'AndroidTargetPlatform' loaded TargetPlatform 'Android_ETC1aClient'
[2020.03.05-12.54.45:681][  0]LogTemp: Display: Module 'AndroidTargetPlatform' loaded TargetPlatform 'Android_ETC2Client'
[2020.03.05-12.54.45:681][  0]LogTemp: Display: Module 'AndroidTargetPlatform' loaded TargetPlatform 'Android_PVRTCClient'
[2020.03.05-12.54.45:681][  0]LogTemp: Display: Module 'AndroidTargetPlatform' loaded TargetPlatform 'Android_Multi'
[2020.03.05-12.54.45:681][  0]LogTemp: Display: Module 'AndroidTargetPlatform' loaded TargetPlatform 'Android_MultiClient'
[2020.03.05-12.54.45:685][  0]LogTemp: Display: Module 'HTML5TargetPlatform' loaded TargetPlatform 'HTML5'
[2020.03.05-12.54.45:739][  0]LogTemp: Display: Module 'IOSTargetPlatform' loaded TargetPlatform 'IOSClient'
[2020.03.05-12.54.45:739][  0]LogTemp: Display: Module 'IOSTargetPlatform' loaded TargetPlatform 'IOS'
[2020.03.05-12.54.45:756][  0]LogTemp: Display: Module 'TVOSTargetPlatform' loaded TargetPlatform 'TVOSClient'
[2020.03.05-12.54.45:756][  0]LogTemp: Display: Module 'TVOSTargetPlatform' loaded TargetPlatform 'TVOS'
[2020.03.05-12.54.45:765][  0]LogTemp: Display: Module 'LinuxClientTargetPlatform' loaded TargetPlatform 'LinuxClient'
[2020.03.05-12.54.45:776][  0]LogTemp: Display: Module 'LinuxNoEditorTargetPlatform' loaded TargetPlatform 'LinuxNoEditor'
[2020.03.05-12.54.45:785][  0]LogTemp: Display: Module 'LinuxServerTargetPlatform' loaded TargetPlatform 'LinuxServer'
[2020.03.05-12.54.45:815][  0]LogTemp: Display: Module 'LinuxTargetPlatform' loaded TargetPlatform 'Linux'
[2020.03.05-12.54.45:850][  0]LogTemp: Display: Module 'LuminTargetPlatform' loaded TargetPlatform 'Lumin'
[2020.03.05-12.54.45:850][  0]LogTemp: Display: Module 'LuminTargetPlatform' loaded TargetPlatform 'LuminClient'
[2020.03.05-12.54.45:850][  0]LogTargetPlatformManager: Display: Building Assets For Windows
[2020.03.05-12.54.45:866][  0]LogAudioDebug: Display: Lib vorbis DLL was dynamically loaded.
[2020.03.05-12.54.45:992][  0]LogShaderCompilers: Guid format shader working directory is -12 characters bigger than the processId version (../../../../../Users/N0737367/Documents/GitHub/VR-Kit/VR_Kit/Intermediate/Shaders/WorkingDirectory/25240/).
[2020.03.05-12.54.45:993][  0]LogShaderCompilers: Cleaned the shader compiler working directory 'C:/Users/N0737367/AppData/Local/Temp/UnrealShaderWorkingDir/E39A43B04E487F83DFB48E8075AA5F1F/'.
[2020.03.05-12.54.45:996][  0]LogShaderCompilers: Display: Using XGE Shader Compiler (Interception Interface).
[2020.03.05-12.54.47:967][  0]LogDerivedDataCache: Display: Max Cache Size: 512 MB
[2020.03.05-12.54.48:286][  0]LogDerivedDataCache: Loaded boot cache 0.32s 60MB C:/Users/N0737367/AppData/Local/UnrealEngine/4.23/DerivedDataCache/Boot.ddc.
[2020.03.05-12.54.48:286][  0]LogDerivedDataCache: Display: Loaded Boot cache: C:/Users/N0737367/AppData/Local/UnrealEngine/4.23/DerivedDataCache/Boot.ddc
[2020.03.05-12.54.48:286][  0]LogDerivedDataCache: FDerivedDataBackendGraph:  Pak pak cache file ../../../../../Users/N0737367/Documents/GitHub/VR-Kit/VR_Kit/DerivedDataCache/DDC.ddp not found, will not use a pak cache.
[2020.03.05-12.54.48:286][  0]LogDerivedDataCache: Unable to find inner node Pak for hierarchical cache Hierarchy.
[2020.03.05-12.54.48:286][  0]LogDerivedDataCache: FDerivedDataBackendGraph:  CompressedPak pak cache file ../../../../../Users/N0737367/Documents/GitHub/VR-Kit/VR_Kit/DerivedDataCache/Compressed.ddp not found, will not use a pak cache.
[2020.03.05-12.54.48:287][  0]LogDerivedDataCache: Unable to find inner node CompressedPak for hierarchical cache Hierarchy.
[2020.03.05-12.54.48:296][  0]LogDerivedDataCache: Display: Pak cache opened for reading ../../../Engine/DerivedDataCache/Compressed.ddp.
[2020.03.05-12.54.48:296][  0]LogDerivedDataCache: FDerivedDataBackendGraph:  EnterprisePak pak cache file ../../../Enterprise/DerivedDataCache/Compressed.ddp not found, will not use a pak cache.
[2020.03.05-12.54.48:296][  0]LogDerivedDataCache: Unable to find inner node EnterprisePak for hierarchical cache Hierarchy.
[2020.03.05-12.54.48:298][  0]LogDerivedDataCache: Using Local data cache path C:/Users/N0737367/AppData/Local/UnrealEngine/Common/DerivedDataCache: Writable
[2020.03.05-12.54.48:298][  0]LogDerivedDataCache: Shared data cache path not found in *engine.ini, will not use an Shared cache.
[2020.03.05-12.54.48:298][  0]LogDerivedDataCache: Unable to find inner node Shared for hierarchical cache Hierarchy.
[2020.03.05-12.54.48:319][  0]LogMaterial: Verifying Global Shaders for PCD3D_SM5
[2020.03.05-12.54.48:321][  0]LogSlate: Using FreeType 2.6.0
[2020.03.05-12.54.48:345][  0]LogSlate: SlateFontServices - WITH_FREETYPE: 1, WITH_HARFBUZZ: 1
[2020.03.05-12.54.49:463][  0]LogAssetRegistry: FAssetRegistry took 0.0025 seconds to start up
[2020.03.05-12.54.49:729][  0]LogInit: Selected Device Profile: [Windows]
[2020.03.05-12.54.49:904][  0]LogMeshReduction: Using QuadricMeshReduction for automatic static mesh reduction
[2020.03.05-12.54.49:904][  0]LogMeshReduction: Using SimplygonMeshReduction for automatic skeletal mesh reduction
[2020.03.05-12.54.49:904][  0]LogMeshReduction: Using ProxyLODMeshReduction for automatic mesh merging
[2020.03.05-12.54.49:904][  0]LogMeshReduction: No distributed automatic mesh merging module available
[2020.03.05-12.54.49:904][  0]LogMeshMerging: No distributed automatic mesh merging module available
[2020.03.05-12.54.49:914][  0]LogNetVersion: VR_Essential_Kit 1.0.0, NetCL: 8386587, EngineNetVer: 11, GameNetVer: 0 (Checksum: 1001419721)
[2020.03.05-12.54.49:958][  0]LogNavigation: Error: [/Script/Engine.NavigationSystem] found in the DefaultEngine.ini file. This class has been moved. Please rename that section to [/Script/NavigationSystem.NavigationSystemV1]
[2020.03.05-12.54.50:048][  0]LogMaterial: Display: Missing cached shader map for material Widget3DPassThrough, compiling. 
[2020.03.05-12.54.50:066][  0]LogMaterial: Display: Missing cached shader map for material Widget3DPassThrough, compiling. 
[2020.03.05-12.54.50:074][  0]LogMaterial: Display: Missing cached shader map for material Widget3DPassThrough, compiling. 
[2020.03.05-12.54.50:087][  0]LogMaterial: Display: Missing cached shader map for material Widget3DPassThrough, compiling. 
[2020.03.05-12.54.50:100][  0]LogMaterial: Display: Missing cached shader map for material TranslucentTransformGizmoMaterial, compiling. 
[2020.03.05-12.54.50:122][  0]LogMaterial: Display: Missing cached shader map for material TransformGizmoMaterial, compiling. 
[2020.03.05-12.54.50:138][  0]LogMaterial: Display: Missing cached shader map for material WireframeMaterial, compiling. Is special engine material.
[2020.03.05-12.54.50:244][  0]LogMaterial: Display: Missing cached shader map for material CineMat, compiling. 
[2020.03.05-12.54.50:303][  0]LogMaterial: Display: Missing cached shader map for material M_SimpleOpaque, compiling. 
[2020.03.05-12.54.50:323][  0]LogMaterial: Display: Missing cached shader map for material M_SimpleTranslucent, compiling. 
[2020.03.05-12.54.50:434][  0]LogMaterial: Display: Missing cached shader map for material SkySphereMaterial, compiling. 
[2020.03.05-12.54.50:446][  0]LogMaterial: Display: Missing cached shader map for material FloorPlaneMaterial, compiling. 
[2020.03.05-12.54.50:536][  0]LogMaterial: Display: Missing cached shader map for material LandscapeGizmo_Mat, compiling. 
[2020.03.05-12.54.50:553][  0]LogMaterial: Display: Missing cached shader map for material LandscapeGizmoHeight_Mat, compiling. 
[2020.03.05-12.54.50:599][  0]LogMaterial: Display: Missing cached shader map for material SplineEditorMeshMat, compiling. 
[2020.03.05-12.54.50:696][  0]LogPackageLocalizationCache: Processed 12 localized package path(s) for 1 prioritized culture(s) in 0.083897 seconds
[2020.03.05-12.54.50:704][  0]LogUObjectArray: 43444 objects as part of root set at end of initial load.
[2020.03.05-12.54.50:704][  0]LogUObjectAllocator: 7548648 out of 0 bytes used by permanent object pool.
[2020.03.05-12.54.50:704][  0]LogUObjectArray: CloseDisregardForGC: 0/0 objects in disregard for GC pool
[2020.03.05-12.55.10:996][  0]LogMaterial: Display: Missing cached shader map for material DefaultSpriteMaterial, compiling. 
[2020.03.05-12.55.11:006][  0]LogMaterial: Display: Missing cached shader map for material DefaultSpriteMaterial, compiling. 
[2020.03.05-12.55.11:101][  0]LogMaterial: Display: Missing cached shader map for material BaseColor, compiling. 
[2020.03.05-12.55.11:111][  0]LogMaterial: Display: Missing cached shader map for material CustomDepth, compiling. 
[2020.03.05-12.55.11:128][  0]LogMaterial: Display: Missing cached shader map for material CustomStencil, compiling. 
[2020.03.05-12.55.11:137][  0]LogMaterial: Display: Missing cached shader map for material FinalImage, compiling. 
[2020.03.05-12.55.11:145][  0]LogMaterial: Display: Missing cached shader map for material LightingModel, compiling. 
[2020.03.05-12.55.11:152][  0]LogMaterial: Display: Missing cached shader map for material MaterialAO, compiling. 
[2020.03.05-12.55.11:160][  0]LogMaterial: Display: Missing cached shader map for material Metallic, compiling. 
[2020.03.05-12.55.11:168][  0]LogMaterial: Display: Missing cached shader map for material Opacity, compiling. 
[2020.03.05-12.55.11:176][  0]LogMaterial: Display: Missing cached shader map for material Roughness, compiling. 
[2020.03.05-12.55.11:184][  0]LogMaterial: Display: Missing cached shader map for material SceneColor, compiling. 
[2020.03.05-12.55.11:192][  0]LogMaterial: Display: Missing cached shader map for material SceneDepth, compiling. 
[2020.03.05-12.55.11:199][  0]LogMaterial: Display: Missing cached shader map for material SeparateTranslucencyRGB, compiling. 
[2020.03.05-12.55.11:207][  0]LogMaterial: Display: Missing cached shader map for material SeparateTranslucencyA, compiling. 
[2020.03.05-12.55.11:216][  0]LogMaterial: Display: Missing cached shader map for material Specular, compiling. 
[2020.03.05-12.55.11:225][  0]LogMaterial: Display: Missing cached shader map for material SubsurfaceColor, compiling. 
[2020.03.05-12.55.11:232][  0]LogMaterial: Display: Missing cached shader map for material WorldNormal, compiling. 
[2020.03.05-12.55.11:241][  0]LogMaterial: Display: Missing cached shader map for material AmbientOcclusion, compiling. 
[2020.03.05-12.55.11:255][  0]LogMaterial: Display: Missing cached shader map for material CustomDepthWorldUnits, compiling. 
[2020.03.05-12.55.11:264][  0]LogMaterial: Display: Missing cached shader map for material SceneDepthWorldUnits, compiling. 
[2020.03.05-12.55.11:273][  0]LogMaterial: Display: Missing cached shader map for material Velocity, compiling. 
[2020.03.05-12.55.11:282][  0]LogMaterial: Display: Missing cached shader map for material PreTonemapHDRColor, compiling. 
[2020.03.05-12.55.11:290][  0]LogMaterial: Display: Missing cached shader map for material PostTonemapHDRColor, compiling. 
[2020.03.05-12.55.11:455][  0]LogTcpMessaging: Initializing TcpMessaging bridge
[2020.03.05-12.55.11:500][  0]LogUdpMessaging: Initializing bridge on interface 0.0.0.0:0 to multicast group 230.0.0.1:6666.
[2020.03.05-12.55.11:522][  0]LogMaterial: Display: Missing cached shader map for material DefaultMaterial, compiling. 
[2020.03.05-12.55.11:629][  0]SourceControl: Source control is disabled
[2020.03.05-12.55.11:630][  0]SourceControl: Source control is disabled
[2020.03.05-12.55.11:632][  0]SourceControl: Source control is disabled
[2020.03.05-12.55.11:635][  0]SourceControl: Source control is disabled
[2020.03.05-12.55.12:005][  0]LogAndroidPermission: UAndroidPermissionCallbackProxy::GetInstance
[2020.03.05-12.55.12:329][  0]LogMaterial: Display: Missing cached shader map for material M_VolumeRenderSphereTracePP, compiling. 
[2020.03.05-12.55.12:342][  0]LogOcInput: OculusInput pre-init called
[2020.03.05-12.55.12:355][  0]LogWindows: Failed to load 'OVRPlugin.dll' (GetLastError=126)
[2020.03.05-12.55.12:355][  0]LogWindows: File 'OVRPlugin.dll' does not exist
[2020.03.05-12.55.12:572][  0]LogMaterial: Display: Missing cached shader map for material HighResScreenshot, compiling. 
[2020.03.05-12.55.12:584][  0]LogMaterial: Display: Missing cached shader map for material HighResScreenshotMask, compiling. 
[2020.03.05-12.55.12:599][  0]LogMaterial: Display: Missing cached shader map for material HighResScreenshotCaptureRegion, compiling. 
[2020.03.05-12.55.12:634][  0]LogEngine: Initializing Engine...
[2020.03.05-12.55.12:635][  0]LogHMD: SteamVR initialized.  Driver: lighthouse  Display: LHR-E448BF54
[2020.03.05-12.55.12:637][  0]LogStats: UGameplayTagsManager::InitializeManager -  0.000 s
[2020.03.05-12.55.12:642][  0]LogMaterial: Display: Missing cached shader map for material LevelColorationLitMaterial, compiling. Is special engine material.
[2020.03.05-12.55.12:938][  0]LogMaterial: Display: Missing cached shader map for material LevelColorationUnlitMaterial, compiling. Is special engine material.
[2020.03.05-12.55.13:008][  0]LogMaterial: Display: Missing cached shader map for material MAT_LevelColorationLitLightmapUV, compiling. Is special engine material.
[2020.03.05-12.55.13:308][  0]LogMaterial: Display: Missing cached shader map for material ShadedLevelColorationLitMaterial, compiling. Is special engine material.
[2020.03.05-12.55.13:613][  0]LogMaterial: Display: Missing cached shader map for material ShadedLevelColorationUnlitMateri, compiling. Is special engine material.
[2020.03.05-12.55.13:688][  0]LogMaterial: Display: Missing cached shader map for material VertexColorMaterial, compiling. 
[2020.03.05-12.55.13:754][  0]LogMaterial: Display: Missing cached shader map for material VertexColorViewMode_ColorOnly, compiling. 
[2020.03.05-12.55.13:771][  0]LogMaterial: Display: Missing cached shader map for material VertexColorViewMode_AlphaAsColor, compiling. 
[2020.03.05-12.55.13:789][  0]LogMaterial: Display: Missing cached shader map for material VertexColorViewMode_RedOnly, compiling. 
[2020.03.05-12.55.13:803][  0]LogMaterial: Display: Missing cached shader map for material VertexColorViewMode_GreenOnly, compiling. 
[2020.03.05-12.55.13:818][  0]LogMaterial: Display: Missing cached shader map for material VertexColorViewMode_BlueOnly, compiling. 
[2020.03.05-12.55.13:833][  0]LogMaterial: Display: Missing cached shader map for material RemoveSurfaceMaterial, compiling. 
[2020.03.05-12.55.13:841][  0]LogMaterial: Display: Missing cached shader map for material DebugMeshMaterial, compiling. 
[2020.03.05-12.55.13:854][  0]LogMaterial: Display: Missing cached shader map for material EmissiveMeshMaterial, compiling. 
[2020.03.05-12.55.13:867][  0]LogMaterial: Display: Missing cached shader map for material M_InvalidLightmapSettings, compiling. 
[2020.03.05-12.55.13:891][  0]LogMaterial: Display: Missing cached shader map for material GizmoMaterial, compiling. 
[2020.03.05-12.55.13:901][  0]LogMaterial: Display: Missing cached shader map for material PhAT_JointLimitMaterial, compiling. 
[2020.03.05-12.55.13:915][  0]LogMaterial: Display: Missing cached shader map for material GeomMaterial, compiling. 
[2020.03.05-12.55.13:926][  0]LogMaterial: Display: Missing cached shader map for material EditorBrushMaterial, compiling. 
[2020.03.05-12.55.13:939][  0]LogMaterial: Display: Missing cached shader map for material BoneWeightMaterial, compiling. 
[2020.03.05-12.55.13:997][  0]LogMaterial: Display: Missing cached shader map for material ClothMaterial, compiling. 
[2020.03.05-12.55.14:012][  0]LogMaterial: Display: Missing cached shader map for material ClothMaterial_WF, compiling. 
[2020.03.05-12.55.14:025][  0]LogMaterial: Display: Missing cached shader map for material DebugEditorMaterial, compiling. 
[2020.03.05-12.55.14:034][  0]LogMaterial: Display: Missing cached shader map for material PreviewShadowIndicatorMaterial, compiling. 
[2020.03.05-12.55.14:093][  0]LogInit: Initializing FReadOnlyCVARCache
[2020.03.05-12.55.14:115][  0]LogAIModule: Creating AISystem for world Untitled
[2020.03.05-12.55.14:178][  0]LogInit: XAudio2 using 'VIVE Pro (NVIDIA High Definition Audio)' : 2 channels at 48 kHz using 16 bits per sample (channel mask 0x3)
[2020.03.05-12.55.14:209][  0]LogInit: FAudioDevice initialized.
[2020.03.05-12.55.14:209][  0]LogNetVersion: Set ProjectVersion to 1.0.0.0. Version Checksum will be recalculated on next use.
[2020.03.05-12.55.14:395][  0]LogDerivedDataCache: Saved boot cache 0.19s 64MB C:/Users/N0737367/AppData/Local/UnrealEngine/4.23/DerivedDataCache/Boot.ddc.
[2020.03.05-12.55.14:403][  0]LogInit: Texture streaming: Enabled
[2020.03.05-12.55.14:432][  0]LogEngineSessionManager: EngineSessionManager initialized
[2020.03.05-12.55.14:432][  0]LogEditorSessionSummary: Verbose: Initializing EditorSessionSummaryWriter for editor session tracking
[2020.03.05-12.55.14:436][  0]LogEditorSessionSummary: EditorSessionSummaryWriter initialized
[2020.03.05-12.55.14:471][  0]LogInit: Transaction tracking system initialized
[2020.03.05-12.55.14:518][  0]BlueprintLog: New page: Editor Load
[2020.03.05-12.55.14:660][  0]LocalizationService: Localization service is disabled
[2020.03.05-12.55.14:886][  0]LogMaterial: Display: Missing cached shader map for material Cross_Mat, compiling. 
[2020.03.05-12.55.14:897][  0]LogMaterial: Display: Missing cached shader map for material PhAT_BoneSelectedMaterial, compiling. 
[2020.03.05-12.55.14:912][  0]LogMaterial: Display: Missing cached shader map for material PhAT_ElemSelectedMaterial, compiling. 
[2020.03.05-12.55.14:924][  0]LogMaterial: Display: Missing cached shader map for material PhAT_NoCollisionMaterial, compiling. 
[2020.03.05-12.55.14:936][  0]LogMaterial: Display: Missing cached shader map for material PhAT_UnselectedMaterial, compiling. 
[2020.03.05-12.55.14:951][  0]LogMaterial: Display: Missing cached shader map for material Tick_Mat, compiling. 
[2020.03.05-12.55.14:966][  0]LogMaterial: Display: Missing cached shader map for material WidgetGridVertexColorMaterial_Ma, compiling. 
[2020.03.05-12.55.14:981][  0]LogMaterial: Display: Missing cached shader map for material WidgetMaterial, compiling. 
[2020.03.05-12.55.14:991][  0]LogMaterial: Display: Missing cached shader map for material WidgetMaterial_Current, compiling. 
[2020.03.05-12.55.15:000][  0]LogMaterial: Display: Missing cached shader map for material WidgetMaterial_X, compiling. 
[2020.03.05-12.55.15:010][  0]LogMaterial: Display: Missing cached shader map for material WidgetMaterial_Y, compiling. 
[2020.03.05-12.55.15:024][  0]LogMaterial: Display: Missing cached shader map for material WidgetMaterial_Z, compiling. 
[2020.03.05-12.55.15:032][  0]LogMaterial: Display: Missing cached shader map for material WidgetVertexColorMaterial, compiling. 
[2020.03.05-12.55.15:062][  0]LogMaterial: Display: Missing cached shader map for material LevelGridMaterial, compiling. 
[2020.03.05-12.55.15:095][  0]LogMaterial: Display: Missing cached shader map for material BlinkingCaret, compiling. 
[2020.03.05-12.55.15:124][  0]LogMaterial: Display: Missing cached shader map for material M_StreamingPause, compiling. 
[2020.03.05-12.55.15:167][  0]LogFileCache: Scanning file cache for directory 'C:/Users/N0737367/Documents/GitHub/VR-Kit/VR_Kit/Content/' took 0.00s
[2020.03.05-12.55.15:167][  0]LogCook: Display: Max memory allowance for cook 16384mb min free memory 0mb
[2020.03.05-12.55.15:167][  0]LogCook: Display: Mobile HDR setting 1
[2020.03.05-12.55.17:177][  0]LogMaterial: Display: Missing cached shader map for material OculusMR_WhiteMaterial, compiling. 
[2020.03.05-12.55.17:198][  0]LogMaterial: Display: Missing cached shader map for material OculusMR_ChromaKey, compiling. 
[2020.03.05-12.55.17:217][  0]LogMaterial: Display: Missing cached shader map for material OculusMR_ChromaKey_Lit, compiling. 
[2020.03.05-12.55.17:241][  0]LogMaterial: Display: Missing cached shader map for material OculusMR_OpaqueColoredMaterial, compiling. 
[2020.03.05-12.55.17:604][  0]SourceControl: Source control is disabled
[2020.03.05-12.55.17:605][  0]Cmd: MAP LOAD FILE="../../../../../Users/N0737367/Documents/GitHub/VR-Kit/VR_Kit/Content/VR_Essential_Kit/Maps/DemoMap.umap" TEMPLATE=0 SHOWPROGRESS=1 FEATURELEVEL=3
[2020.03.05-12.55.17:605][  0]LightingResults: New page: Lighting Build
[2020.03.05-12.55.17:608][  0]LogWorld: UWorld::CleanupWorld for Untitled, bSessionEnded=true, bCleanupResources=true
[2020.03.05-12.55.17:608][  0]MapCheck: New page: Map Check
[2020.03.05-12.55.17:608][  0]LightingResults: New page: Lighting Build
[2020.03.05-12.55.17:633][  0]LogUObjectHash: Compacting FUObjectHashTables data took   1.40ms
[2020.03.05-12.55.17:733][  0]LogBlueprint: Warning: [Compiler BP_MotionController] Default value for  Sim Frequency  on  Predict Projectile Path By ObjectType  has changed and this asset is from a version that may have had incorrect default value information - verify and resave
[2020.03.05-12.55.17:735][  0]LogClass: Warning: Enum '/Game/VirtualRealityBP/Blueprints/GripEnum.GripEnum' was upgraded to use FText to store its display name data. Please re-save this asset to avoid issues with localization and determinstic cooking.
[2020.03.05-12.55.17:750][  0]LogBlueprint: Warning: [Compiler BP_MotionController] Set Hand : Usage of 'Hand' has been deprecated. Please replace or remove it.
[2020.03.05-12.55.17:750][  0]LogBlueprint: Warning: [Compiler BP_MotionController] Set Hand : Usage of 'Set Tracking Source' has been deprecated. Please use the Motion Source property instead of Hand
[2020.03.05-12.55.17:756][  0]LogBlueprint: Warning: [Compiler BP_MotionController] ProjectPointToNavigation_DEPRECATED : Usage of 'ProjectPointToNavigation_DEPRECATED' has been deprecated. This version of ProjectPointToNavigation is deprecated. Please use the new version
[2020.03.05-12.55.17:912][  0]LogClass: Warning: Enum '/Game/VR_Essential_Kit/Blueprints/ENUM_InteractableActorType.ENUM_InteractableActorType' was upgraded to use FText to store its display name data. Please re-save this asset to avoid issues with localization and determinstic cooking.
[2020.03.05-12.55.18:078][  0]LogClass: Warning: Enum '/Game/DemoRoom/BluePrint/BP_DemoDisplay_Enum.BP_DemoDisplay_Enum' was upgraded to use FText to store its display name data. Please re-save this asset to avoid issues with localization and determinstic cooking.
[2020.03.05-12.55.18:098][  0]LogBlueprint: Warning: [Compiler BP_DemoDisplay] Set Text (String) : Usage of 'Set Text (String)' has been deprecated. Use the SetText function taking an FText instead.
[2020.03.05-12.55.18:099][  0]LogBlueprint: Warning: [Compiler BP_DemoDisplay] Set Text (String) : Usage of 'Set Text (String)' has been deprecated. Use the SetText function taking an FText instead.
[2020.03.05-12.55.18:100][  0]LogBlueprint: Warning: [Compiler BP_DemoDisplay] Set Text (String) : Usage of 'Set Text (String)' has been deprecated. Use the SetText function taking an FText instead.
[2020.03.05-12.55.18:102][  0]LogBlueprint: Warning: [Compiler BP_DemoDisplay] Set Text (String) : Usage of 'Set Text (String)' has been deprecated. Use the SetText function taking an FText instead.
[2020.03.05-12.55.18:105][  0]LogBlueprint: Warning: [Compiler BP_DemoDisplay] Set Text (String) : Usage of 'Set Text (String)' has been deprecated. Use the SetText function taking an FText instead.
[2020.03.05-12.55.18:223][  0]LogBlueprint: Warning: [Compiler BP_DemoRoom] Set Text (String) : Usage of 'Set Text (String)' has been deprecated. Use the SetText function taking an FText instead.
[2020.03.05-12.55.18:223][  0]LogBlueprint: Warning: [Compiler BP_DemoRoom] Set Text (String) : Usage of 'Set Text (String)' has been deprecated. Use the SetText function taking an FText instead.
[2020.03.05-12.55.18:370][  0]LogMaterial: Display: Missing cached shader map for material M_DemoRoomTiles, compiling. 
[2020.03.05-12.55.18:395][  0]LogMaterial: Display: Missing cached shader map for material M_Sky_Panning_Clouds2, compiling. 
[2020.03.05-12.55.18:415][  0]LogMaterial: Display: Missing cached shader map for material M_DemoWall, compiling. 
[2020.03.05-12.55.18:515][  0]LogMaterial: Display: Missing cached shader map for material DefaultTextMaterialTranslucentUnlit, compiling. 
[2020.03.05-12.55.18:553][  0]LogMaterial: Display: Missing cached shader map for material M_Glass, compiling. 
[2020.03.05-12.55.18:603][  0]LogMaterial: Display: Missing cached shader map for material CubeMaterial, compiling. 
[2020.03.05-12.55.18:637][  0]LogMaterial: Display: Missing cached shader map for material M_BaseMaterial, compiling. 
[2020.03.05-12.55.18:671][  0]LogMaterial: Display: Missing cached shader map for material BasicShapeMaterial, compiling. 
[2020.03.05-12.55.18:718][  0]LogClass: Warning: Enum '/Game/VR_Essential_Kit/Blueprints/ENUM_PickupObjectType.ENUM_PickupObjectType' was upgraded to use FText to store its display name data. Please re-save this asset to avoid issues with localization and determinstic cooking.
[2020.03.05-12.55.18:721][  0]LogMaterial: Display: Missing cached shader map for material M_TeleportPreviews, compiling. 
[2020.03.05-12.55.18:734][  0]LogMaterial: Display: Missing cached shader map for material M_ArcEndpoint, compiling. 
[2020.03.05-12.55.18:766][  0]LogMaterial: Display: Missing cached shader map for material M_SplineArcMat, compiling. 
[2020.03.05-12.55.18:782][  0]LogMaterial: Display: Missing cached shader map for material M_HandMat, compiling. 
[2020.03.05-12.55.18:826][  0]LogMaterial: Display: Missing cached shader map for material M_LightTube, compiling. 
[2020.03.05-12.55.18:835][  0]LogMaterial: Display: Missing cached shader map for material M_Glass, compiling. 
[2020.03.05-12.55.18:865][  0]LogMaterial: Display: Missing cached shader map for material M_DemoWallPattern, compiling. 
[2020.03.05-12.55.18:884][  0]LogMaterial: Display: Missing cached shader map for material M_DemoWallPattern, compiling. 
[2020.03.05-12.55.18:906][  0]LogMaterial: Display: Missing cached shader map for material M_DemoWallPattern, compiling. 
[2020.03.05-12.55.18:927][  0]LogAIModule: Creating AISystem for world DemoMap
[2020.03.05-12.55.19:002][  0]LogEditorServer: Finished looking for orphan Actors (0.000 secs)
[2020.03.05-12.55.19:052][  0]LogUObjectHash: Compacting FUObjectHashTables data took   3.23ms
[2020.03.05-12.55.19:052][  0]Cmd: MAP CHECKDEP NOCLEARLOG
[2020.03.05-12.55.19:052][  0]MapCheck: Map check complete: 0 Error(s), 0 Warning(s), took 0.236ms to complete.
[2020.03.05-12.55.19:052][  0]LogFileHelpers: Loading map 'DemoMap' took 1.448
[2020.03.05-12.55.19:570][  0]LogSlate: Updating window title bar state: overlay mode, drag disabled, window buttons hidden, title bar hidden
[2020.03.05-12.55.19:575][  0]LogSlate: Updating window title bar state: overlay mode, drag disabled, window buttons hidden, title bar hidden
[2020.03.05-12.55.19:580][  0]LogSlate: Updating window title bar state: overlay mode, drag disabled, window buttons hidden, title bar hidden
[2020.03.05-12.55.19:585][  0]LogSlate: Updating window title bar state: overlay mode, drag disabled, window buttons hidden, title bar hidden
[2020.03.05-12.55.19:593][  0]LogCollectionManager: Loaded 0 collections in 0.002068 seconds
[2020.03.05-12.55.19:600][  0]LogFileCache: Scanning file cache for directory 'C:/Users/N0737367/Documents/GitHub/VR-Kit/VR_Kit/Saved/Collections/' took 0.00s
[2020.03.05-12.55.19:600][  0]LogFileCache: Scanning file cache for directory 'C:/Users/N0737367/Documents/GitHub/VR-Kit/VR_Kit/Content/Developers/N0737367/Collections/' took 0.00s
[2020.03.05-12.55.19:600][  0]LogFileCache: Scanning file cache for directory 'C:/Users/N0737367/Documents/GitHub/VR-Kit/VR_Kit/Content/Collections/' took 0.00s
[2020.03.05-12.55.19:600][  0]LogCollectionManager: Rebuilt the GUID cache for 0 collections in 0.000001 seconds
[2020.03.05-12.55.19:606][  0]LogContentBrowser: Native class hierarchy populated in 0.0065 seconds. Added 2863 classes and 680 folders.
[2020.03.05-12.55.19:613][  0]LogContentBrowser: Native class hierarchy updated for 'WidgetCarousel' in 0.0002 seconds. Added 0 classes and 0 folders.
[2020.03.05-12.55.21:199][  0]LogContentBrowser: Native class hierarchy updated for 'AddContentDialog' in 0.0003 seconds. Added 0 classes and 0 folders.
[2020.03.05-12.55.21:207][  0]LogContentBrowser: Native class hierarchy updated for 'SceneOutliner' in 0.0003 seconds. Added 1 classes and 2 folders.
[2020.03.05-12.55.21:220][  0]LogSlate: Took 0.000180 seconds to synchronously load lazily loaded font '../../../Engine/Content/Slate/Fonts/Roboto-Regular.ttf' (155K)
[2020.03.05-12.55.21:221][  0]LogSlate: Took 0.000180 seconds to synchronously load lazily loaded font '../../../Engine/Content/Slate/Fonts/Roboto-Bold.ttf' (160K)
[2020.03.05-12.55.21:226][  0]LogSlate: Took 0.000346 seconds to synchronously load lazily loaded font '../../../Engine/Content/Editor/Slate/Fonts/FontAwesome.ttf' (139K)
[2020.03.05-12.55.21:270][  0]LogMaterial: Display: Missing cached shader map for material LevelGridMaterial2, compiling. 
[2020.03.05-12.55.21:303][  0]LogRenderer: Reallocating scene render targets to support 1208x572 Format 26 NumSamples 1 (Frame:1).
[2020.03.05-12.55.21:416][  0]LogSlate: FSceneViewport::OnFocusLost() reason 5
[2020.03.05-12.55.21:435][  0]LogSlate: Window 'Tutorials' being destroyed
[2020.03.05-12.55.21:450][  0]LogContentBrowser: Native class hierarchy updated for 'HierarchicalLODOutliner' in 0.0004 seconds. Added 0 classes and 0 folders.
[2020.03.05-12.55.21:450][  0]LogLoad: (Engine Initialization) Total time: 136.05 seconds
[2020.03.05-12.55.21:450][  0]LogLoad: (Engine Initialization) Total Blueprint compile time: 0.00 seconds
[2020.03.05-12.55.21:638][  0]LogContentStreaming: Texture pool size now 1000 MB
[2020.03.05-12.55.21:842][  0]LogSlate: Took 0.000191 seconds to synchronously load lazily loaded font '../../../Engine/Content/Slate/Fonts/Roboto-Light.ttf' (167K)
[2020.03.05-12.55.24:168][ 24]LogAssetRegistry: Asset discovery search completed in 34.7080 seconds
[2020.03.05-12.55.24:172][ 24]LogCollectionManager: Rebuilt the object cache for 0 collections in 0.000005 seconds (found 0 objects)
[2020.03.05-12.55.24:172][ 24]LogCollectionManager: Fixed up redirectors for 0 collections in 0.000055 seconds (updated 0 objects)
[2020.03.05-13.03.51:429][838]LogSlate: FSceneViewport::OnFocusLost() reason 0
[2020.03.05-13.03.51:517][846]MapCheck: New page: Map Check
[2020.03.05-13.03.51:570][846]Cmd: MAP REBUILD ALLVISIBLE
[2020.03.05-13.03.51:571][846]LogEditorServer: Rebuildmap Clear paths rebuilt
[2020.03.05-13.03.51:845][846]LogWorld: UWorld::CleanupWorld for DemoMap, bSessionEnded=true, bCleanupResources=false
[2020.03.05-13.03.52:111][846]LogUObjectHash: Compacting FUObjectHashTables data took   2.77ms
[2020.03.05-13.17.28:664][846]LogWindowsDesktop: Alt-F4 pressed!
