Log file open, 03/06/20 11:59:08
LogWindows: Failed to load 'aqProf.dll' (GetLastError=126)
LogWindows: File 'aqProf.dll' does not exist
LogWindows: Failed to load 'VtuneApi.dll' (GetLastError=126)
LogWindows: File 'VtuneApi.dll' does not exist
LogWindows: Failed to load 'VtuneApi32e.dll' (GetLastError=126)
LogWindows: File 'VtuneApi32e.dll' does not exist
LogConsoleResponse: Display: Failed to find resolution value strings in scalability ini. Falling back to default.
LogInit: Display: Running engine for game: VREscapeRoom
LogPlatformFile: Not using cached read wrapper
LogTaskGraph: Started task graph with 5 named threads and 23 total threads with 3 sets of task threads.
LogStats: Stats thread started at 3.969035
LogD3D11RHI: Loaded GFSDK_Aftermath_Lib.x64.dll
LogICUInternationalization: ICU TimeZone Detection - Raw Offset: +0:00, Platform Override: ''
LogPluginManager: Mounting plugin Paper2D
LogPluginManager: Mounting plugin AISupport
LogPluginManager: Mounting plugin LightPropagationVolume
LogPluginManager: Mounting plugin ActorLayerUtilities
LogPluginManager: Mounting plugin AnimationSharing
LogPluginManager: Mounting plugin CLionSourceCodeAccess
LogPluginManager: Mounting plugin CodeLiteSourceCodeAccess
LogPluginManager: Mounting plugin GitSourceControl
LogPluginManager: Mounting plugin KDevelopSourceCodeAccess
LogPluginManager: Mounting plugin NullSourceCodeAccess
LogPluginManager: Mounting plugin PerforceSourceControl
LogPluginManager: Mounting plugin SubversionSourceControl
LogPluginManager: Mounting plugin UObjectPlugin
LogPluginManager: Mounting plugin VisualStudioCodeSourceCodeAccess
LogPluginManager: Mounting plugin VisualStudioSourceCodeAccess
LogPluginManager: Mounting plugin XCodeSourceCodeAccess
LogPluginManager: Mounting plugin AssetManagerEditor
LogPluginManager: Mounting plugin CryptoKeys
LogPluginManager: Mounting plugin CurveEditorTools
LogPluginManager: Mounting plugin DataValidation
LogPluginManager: Mounting plugin FacialAnimation
LogPluginManager: Mounting plugin GameplayTagsEditor
LogPluginManager: Mounting plugin MacGraphicsSwitching
LogPluginManager: Mounting plugin MaterialAnalyzer
LogPluginManager: Mounting plugin MobileLauncherProfileWizard
LogPluginManager: Mounting plugin PluginBrowser
LogPluginManager: Mounting plugin SpeedTreeImporter
LogPluginManager: Mounting plugin DatasmithContent
LogPluginManager: Mounting plugin VariantManagerContent
LogPluginManager: Mounting plugin AlembicImporter
LogPluginManager: Mounting plugin AutomationUtils
LogPluginManager: Mounting plugin BackChannel
LogPluginManager: Mounting plugin CharacterAI
LogPluginManager: Mounting plugin GeometryCache
LogPluginManager: Mounting plugin HTML5Networking
LogPluginManager: Mounting plugin PlatformCrypto
LogPluginManager: Mounting plugin ProxyLODPlugin
LogPluginManager: Mounting plugin SkeletalReduction
LogPluginManager: Mounting plugin MagicLeap
LogPluginManager: Mounting plugin MagicLeapMedia
LogPluginManager: Mounting plugin AndroidMedia
LogPluginManager: Mounting plugin AvfMedia
LogPluginManager: Mounting plugin ImgMedia
LogPluginManager: Mounting plugin MediaCompositing
LogPluginManager: Mounting plugin MediaPlayerEditor
LogPluginManager: Mounting plugin WebMMedia
LogPluginManager: Mounting plugin WmfMedia
LogPluginManager: Mounting plugin TcpMessaging
LogPluginManager: Mounting plugin UdpMessaging
LogPluginManager: Mounting plugin ActorSequence
LogPluginManager: Mounting plugin LevelSequenceEditor
LogPluginManager: Mounting plugin MatineeToLevelSequence
LogPluginManager: Mounting plugin NetcodeUnitTest
LogPluginManager: Mounting plugin NUTUnrealEngine4
LogPluginManager: Mounting plugin OnlineSubsystemGooglePlay
LogPluginManager: Mounting plugin OnlineSubsystemIOS
LogPluginManager: Mounting plugin OnlineSubsystem
LogPluginManager: Mounting plugin OnlineSubsystemNull
LogPluginManager: Mounting plugin OnlineSubsystemUtils
LogPluginManager: Mounting plugin LauncherChunkInstaller
LogPluginManager: Mounting plugin AndroidDeviceProfileSelector
LogPluginManager: Mounting plugin AndroidMoviePlayer
LogPluginManager: Mounting plugin AndroidPermission
LogPluginManager: Mounting plugin AppleImageUtils
LogPluginManager: Mounting plugin AppleMoviePlayer
LogPluginManager: Mounting plugin ArchVisCharacter
LogPluginManager: Mounting plugin AudioCapture
LogPluginManager: Mounting plugin CableComponent
LogPluginManager: Mounting plugin CustomMeshComponent
LogPluginManager: Mounting plugin EditableMesh
LogPluginManager: Mounting plugin ExampleDeviceProfileSelector
LogPluginManager: Mounting plugin GoogleCloudMessaging
LogPluginManager: Mounting plugin IOSDeviceProfileSelector
LogPluginManager: Mounting plugin LinuxDeviceProfileSelector
LogPluginManager: Mounting plugin LocationServicesBPLibrary
LogPluginManager: Mounting plugin MobilePatchingUtils
LogPluginManager: Mounting plugin OculusVR
LogPluginManager: Mounting plugin PhysXVehicles
LogPluginManager: Mounting plugin ProceduralMeshComponent
LogPluginManager: Mounting plugin RuntimePhysXCooking
LogPluginManager: Mounting plugin SignificanceManager
LogPluginManager: Mounting plugin SteamVR
LogPluginManager: Mounting plugin WebMMoviePlayer
LogPluginManager: Mounting plugin WindowsMoviePlayer
LogPluginManager: Mounting plugin ScreenshotTools
LogInit: Using libcurl 7.55.1-DEV
LogInit:  - built for x86_64-pc-win32
LogInit:  - supports SSL with OpenSSL/1.1.1
LogInit:  - supports HTTP deflate (compression) using libz 1.2.8
LogInit:  - other features:
LogInit:      CURL_VERSION_SSL
LogInit:      CURL_VERSION_LIBZ
LogInit:      CURL_VERSION_IPV6
LogInit:      CURL_VERSION_ASYNCHDNS
LogInit:      CURL_VERSION_LARGEFILE
LogInit:      CURL_VERSION_IDN
LogInit:  CurlRequestOptions (configurable via config and command line):
LogInit:  - bVerifyPeer = true  - Libcurl will verify peer certificate
LogInit:  - bUseHttpProxy = false  - Libcurl will NOT use HTTP proxy
LogInit:  - bDontReuseConnections = false  - Libcurl will reuse connections
LogInit:  - MaxHostConnections = 16  - Libcurl will limit the number of connections to a host
LogInit:  - LocalHostAddr = Default
LogInit:  - BufferSize = 65536
LogOnline: OSS: Creating online subsystem instance for: NULL
LogInit: WinSock: version 1.1 (2.2), MaxSocks=32767, MaxUdp=65467
LogInit: Build: ++UE4+Release-4.23-CL-9631420
LogInit: Engine Version: 4.23.1-9631420+++UE4+Release-4.23
LogInit: Compatible Engine Version: 4.23.0-8386587+++UE4+Release-4.23
LogInit: Net CL: 8386587
LogInit: OS: Windows 10 (Release 1809) (), CPU: Intel(R) Core(TM) i7-4770K CPU @ 3.50GHz, GPU: NVIDIA GeForce GTX 970
LogInit: Compiled (64-bit): Oct 18 2019 02:07:44
LogInit: Compiled with Visual C++: 19.16.27030.01
LogInit: Build Configuration: Development
LogInit: Branch Name: ++UE4+Release-4.23
LogInit: Command Line: 
LogInit: Base Directory: C:/Epic Games/UE_4.23/Engine/Binaries/Win64/
LogInit: Installed Engine Build: 1
LogDevObjectVersion: Number of dev versions registered: 23
LogDevObjectVersion:   Dev-Blueprints (B0D832E4-1F89-4F0D-ACCF-7EB736FD4AA2): 10
LogDevObjectVersion:   Dev-Build (E1C64328-A22C-4D53-A36C-8E866417BD8C): 0
LogDevObjectVersion:   Dev-Core (375EC13C-06E4-48FB-B500-84F0262A717E): 3
LogDevObjectVersion:   Dev-Editor (E4B068ED-F494-42E9-A231-DA0B2E46BB41): 34
LogDevObjectVersion:   Dev-Framework (CFFC743F-43B0-4480-9391-14DF171D2073): 35
LogDevObjectVersion:   Dev-Mobile (B02B49B5-BB20-44E9-A304-32B752E40360): 2
LogDevObjectVersion:   Dev-Networking (A4E4105C-59A1-49B5-A7C5-40C4547EDFEE): 0
LogDevObjectVersion:   Dev-Online (39C831C9-5AE6-47DC-9A44-9C173E1C8E7C): 0
LogDevObjectVersion:   Dev-Physics (78F01B33-EBEA-4F98-B9B4-84EACCB95AA2): 0
LogDevObjectVersion:   Dev-Platform (6631380F-2D4D-43E0-8009-CF276956A95A): 0
LogDevObjectVersion:   Dev-Rendering (12F88B9F-8875-4AFC-A67C-D90C383ABD29): 31
LogDevObjectVersion:   Dev-Sequencer (7B5AE74C-D270-4C10-A958-57980B212A5A): 11
LogDevObjectVersion:   Dev-VR (D7296918-1DD6-4BDD-9DE2-64A83CC13884): 2
LogDevObjectVersion:   Dev-LoadTimes (C2A15278-BFE7-4AFE-6C17-90FF531DF755): 1
LogDevObjectVersion:   Private-Geometry (6EACA3D4-40EC-4CC1-B786-8BED09428FC5): 3
LogDevObjectVersion:   Dev-AnimPhys (29E575DD-E0A3-4627-9D10-D276232CDCEA): 17
LogDevObjectVersion:   Dev-Anim (AF43A65D-7FD3-4947-9873-3E8ED9C1BB05): 2
LogDevObjectVersion:   Dev-ReflectionCapture (6B266CEC-1EC7-4B8F-A30B-E4D90942FC07): 1
LogDevObjectVersion:   Dev-Automation (0DF73D61-A23F-47EA-B727-89E90C41499A): 1
LogDevObjectVersion:   FortniteMain (601D1886-AC64-4F84-AA16-D3DE0DEAC7D6): 27
LogDevObjectVersion:   Dev-Enterprise (9DFFBCD6-494F-0158-E221-12823C92A888): 6
LogDevObjectVersion:   Dev-Niagara (F2AED0AC-9AFE-416F-8664-AA7FFA26D6FC): 1
LogDevObjectVersion:   Dev-Destruction (174F1F0B-B4C6-45A5-B13F-2EE8D0FB917D): 9
LogInit: Presizing for max 16777216 objects, including 0 objects not considered by GC, pre-allocating 0 bytes for permanent pool.
LogInit: Object subsystem initialized
LogConfig: Setting CVar [[con.DebugEarlyDefault:1]]
LogConfig: Setting CVar [[r.setres:1280x720]]
[2020.03.06-11.59.11:201][  0]LogConfig: Setting CVar [[r.VSync:0]]
[2020.03.06-11.59.11:201][  0]LogConfig: Setting CVar [[r.RHICmdBypass:0]]
[2020.03.06-11.59.11:201][  0]LogConfig: Applying CVar settings from Section [/Script/Engine.RendererSettings] File [C:/Users/N0737367/Documents/GitHub/VR-Project/VREscapeRoom/Saved/Config/Windows/Engine.ini]
[2020.03.06-11.59.11:201][  0]LogConfig: Setting CVar [[r.GPUCrashDebugging:0]]
[2020.03.06-11.59.11:201][  0]LogConfig: Setting CVar [[r.DefaultFeature.AmbientOcclusion:0]]
[2020.03.06-11.59.11:201][  0]LogConfig: Setting CVar [[r.DefaultFeature.AmbientOcclusionStaticFraction:0]]
[2020.03.06-11.59.11:201][  0]LogConfig: Setting CVar [[vr.InstancedStereo:1]]
[2020.03.06-11.59.11:202][  0]LogConfig: Setting CVar [[r.SeparateTranslucency:0]]
[2020.03.06-11.59.11:202][  0]LogConfig: Setting CVar [[r.HZBOcclusion:0]]
[2020.03.06-11.59.11:202][  0]LogConfig: Setting CVar [[r.SSR.MaxRoughness:0]]
[2020.03.06-11.59.11:202][  0]LogConfig: Setting CVar [[r.rhicmdbypass:0]]
[2020.03.06-11.59.11:202][  0]LogConfig: Applying CVar settings from Section [/Script/Engine.RendererOverrideSettings] File [C:/Users/N0737367/Documents/GitHub/VR-Project/VREscapeRoom/Saved/Config/Windows/Engine.ini]
[2020.03.06-11.59.11:202][  0]LogConfig: Applying CVar settings from Section [/Script/Engine.StreamingSettings] File [C:/Users/N0737367/Documents/GitHub/VR-Project/VREscapeRoom/Saved/Config/Windows/Engine.ini]
[2020.03.06-11.59.11:202][  0]LogConfig: Setting CVar [[s.MinBulkDataSizeForAsyncLoading:131072]]
[2020.03.06-11.59.11:202][  0]LogConfig: Setting CVar [[s.AsyncLoadingThreadEnabled:0]]
[2020.03.06-11.59.11:202][  0]LogConfig: Setting CVar [[s.EventDrivenLoaderEnabled:1]]
[2020.03.06-11.59.11:202][  0]LogConfig: Setting CVar [[s.WarnIfTimeLimitExceeded:0]]
[2020.03.06-11.59.11:202][  0]LogConfig: Setting CVar [[s.TimeLimitExceededMultiplier:1.5]]
[2020.03.06-11.59.11:202][  0]LogConfig: Setting CVar [[s.TimeLimitExceededMinTime:0.005]]
[2020.03.06-11.59.11:202][  0]LogConfig: Setting CVar [[s.UseBackgroundLevelStreaming:1]]
[2020.03.06-11.59.11:202][  0]LogConfig: Setting CVar [[s.PriorityAsyncLoadingExtraTime:15.0]]
[2020.03.06-11.59.11:202][  0]LogConfig: Setting CVar [[s.LevelStreamingActorsUpdateTimeLimit:5.0]]
[2020.03.06-11.59.11:202][  0]LogConfig: Setting CVar [[s.PriorityLevelStreamingActorsUpdateExtraTime:5.0]]
[2020.03.06-11.59.11:202][  0]LogConfig: Setting CVar [[s.LevelStreamingComponentsRegistrationGranularity:10]]
[2020.03.06-11.59.11:202][  0]LogConfig: Setting CVar [[s.UnregisterComponentsTimeLimit:1.0]]
[2020.03.06-11.59.11:202][  0]LogConfig: Setting CVar [[s.LevelStreamingComponentsUnregistrationGranularity:5]]
[2020.03.06-11.59.11:202][  0]LogConfig: Applying CVar settings from Section [/Script/Engine.GarbageCollectionSettings] File [C:/Users/N0737367/Documents/GitHub/VR-Project/VREscapeRoom/Saved/Config/Windows/Engine.ini]
[2020.03.06-11.59.11:202][  0]LogConfig: Setting CVar [[gc.MaxObjectsNotConsideredByGC:1]]
[2020.03.06-11.59.11:202][  0]LogConfig: Setting CVar [[gc.SizeOfPermanentObjectPool:0]]
[2020.03.06-11.59.11:202][  0]LogConfig: Setting CVar [[gc.FlushStreamingOnGC:0]]
[2020.03.06-11.59.11:202][  0]LogConfig: Setting CVar [[gc.NumRetriesBeforeForcingGC:10]]
[2020.03.06-11.59.11:202][  0]LogConfig: Setting CVar [[gc.AllowParallelGC:1]]
[2020.03.06-11.59.11:202][  0]LogConfig: Setting CVar [[gc.TimeBetweenPurgingPendingKillObjects:61.1]]
[2020.03.06-11.59.11:202][  0]LogConfig: Setting CVar [[gc.MaxObjectsInEditor:16777216]]
[2020.03.06-11.59.11:202][  0]LogConfig: Setting CVar [[gc.IncrementalBeginDestroyEnabled:1]]
[2020.03.06-11.59.11:202][  0]LogConfig: Setting CVar [[gc.CreateGCClusters:1]]
[2020.03.06-11.59.11:202][  0]LogConfig: Setting CVar [[gc.MinGCClusterSize:5]]
[2020.03.06-11.59.11:202][  0]LogConfig: Setting CVar [[gc.ActorClusteringEnabled:0]]
[2020.03.06-11.59.11:202][  0]LogConfig: Setting CVar [[gc.BlueprintClusteringEnabled:0]]
[2020.03.06-11.59.11:202][  0]LogConfig: Setting CVar [[gc.UseDisregardForGCOnDedicatedServers:0]]
[2020.03.06-11.59.11:202][  0]LogConfig: Applying CVar settings from Section [/Script/Engine.NetworkSettings] File [C:/Users/N0737367/Documents/GitHub/VR-Project/VREscapeRoom/Saved/Config/Windows/Engine.ini]
[2020.03.06-11.59.11:202][  0]LogConfig: Applying CVar settings from Section [/Script/UnrealEd.CookerSettings] File [C:/Users/N0737367/Documents/GitHub/VR-Project/VREscapeRoom/Saved/Config/Windows/Engine.ini]
[2020.03.06-11.59.11:269][  0]LogConfig: Applying CVar settings from Section [ViewDistanceQuality@3] File [C:/Users/N0737367/Documents/GitHub/VR-Project/VREscapeRoom/Saved/Config/Windows/Scalability.ini]
[2020.03.06-11.59.11:269][  0]LogConfig: Setting CVar [[r.SkeletalMeshLODBias:0]]
[2020.03.06-11.59.11:269][  0]LogConfig: Setting CVar [[r.ViewDistanceScale:1.0]]
[2020.03.06-11.59.11:269][  0]LogConfig: Applying CVar settings from Section [AntiAliasingQuality@3] File [C:/Users/N0737367/Documents/GitHub/VR-Project/VREscapeRoom/Saved/Config/Windows/Scalability.ini]
[2020.03.06-11.59.11:269][  0]LogConfig: Setting CVar [[r.PostProcessAAQuality:3]]
[2020.03.06-11.59.11:269][  0]LogConfig: Applying CVar settings from Section [ShadowQuality@3] File [C:/Users/N0737367/Documents/GitHub/VR-Project/VREscapeRoom/Saved/Config/Windows/Scalability.ini]
[2020.03.06-11.59.11:269][  0]LogConfig: Setting CVar [[r.LightFunctionQuality:1]]
[2020.03.06-11.59.11:269][  0]LogConfig: Setting CVar [[r.ShadowQuality:5]]
[2020.03.06-11.59.11:269][  0]LogConfig: Setting CVar [[r.Shadow.CSM.MaxCascades:10]]
[2020.03.06-11.59.11:269][  0]LogConfig: Setting CVar [[r.Shadow.MaxResolution:2048]]
[2020.03.06-11.59.11:269][  0]LogConfig: Setting CVar [[r.Shadow.MaxCSMResolution:2048]]
[2020.03.06-11.59.11:269][  0]LogConfig: Setting CVar [[r.Shadow.RadiusThreshold:0.01]]
[2020.03.06-11.59.11:269][  0]LogConfig: Setting CVar [[r.Shadow.DistanceScale:1.0]]
[2020.03.06-11.59.11:269][  0]LogConfig: Setting CVar [[r.Shadow.CSM.TransitionScale:1.0]]
[2020.03.06-11.59.11:269][  0]LogConfig: Setting CVar [[r.Shadow.PreShadowResolutionFactor:1.0]]
[2020.03.06-11.59.11:269][  0]LogConfig: Setting CVar [[r.DistanceFieldShadowing:1]]
[2020.03.06-11.59.11:269][  0]LogConfig: Setting CVar [[r.DistanceFieldAO:1]]
[2020.03.06-11.59.11:269][  0]LogConfig: Setting CVar [[r.AOQuality:2]]
[2020.03.06-11.59.11:269][  0]LogConfig: Setting CVar [[r.VolumetricFog:1]]
[2020.03.06-11.59.11:269][  0]LogConfig: Setting CVar [[r.VolumetricFog.GridPixelSize:8]]
[2020.03.06-11.59.11:269][  0]LogConfig: Setting CVar [[r.VolumetricFog.GridSizeZ:128]]
[2020.03.06-11.59.11:269][  0]LogConfig: Setting CVar [[r.VolumetricFog.HistoryMissSupersampleCount:4]]
[2020.03.06-11.59.11:269][  0]LogConfig: Setting CVar [[r.LightMaxDrawDistanceScale:1]]
[2020.03.06-11.59.11:269][  0]LogConfig: Setting CVar [[r.CapsuleShadows:1]]
[2020.03.06-11.59.11:269][  0]LogConfig: Applying CVar settings from Section [PostProcessQuality@3] File [C:/Users/N0737367/Documents/GitHub/VR-Project/VREscapeRoom/Saved/Config/Windows/Scalability.ini]
[2020.03.06-11.59.11:269][  0]LogConfig: Setting CVar [[r.MotionBlurQuality:0]]
[2020.03.06-11.59.11:269][  0]LogConfig: Setting CVar [[r.AmbientOcclusionMipLevelFactor:0.4]]
[2020.03.06-11.59.11:269][  0]LogConfig: Setting CVar [[r.AmbientOcclusionMaxQuality:100]]
[2020.03.06-11.59.11:269][  0]LogConfig: Setting CVar [[r.AmbientOcclusionLevels:0]]
[2020.03.06-11.59.11:269][  0]LogConfig: Setting CVar [[r.AmbientOcclusionRadiusScale:1.0]]
[2020.03.06-11.59.11:269][  0]LogConfig: Setting CVar [[r.DepthOfFieldQuality:0]]
[2020.03.06-11.59.11:269][  0]LogConfig: Setting CVar [[r.RenderTargetPoolMin:400]]
[2020.03.06-11.59.11:269][  0]LogConfig: Setting CVar [[r.LensFlareQuality:0]]
[2020.03.06-11.59.11:269][  0]LogConfig: Setting CVar [[r.SceneColorFringeQuality:0]]
[2020.03.06-11.59.11:269][  0]LogConfig: Setting CVar [[r.EyeAdaptationQuality:2]]
[2020.03.06-11.59.11:269][  0]LogConfig: Setting CVar [[r.BloomQuality:1]]
[2020.03.06-11.59.11:269][  0]LogConfig: Setting CVar [[r.FastBlurThreshold:0]]
[2020.03.06-11.59.11:269][  0]LogConfig: Setting CVar [[r.Upscale.Quality:3]]
[2020.03.06-11.59.11:269][  0]LogConfig: Setting CVar [[r.Tonemapper.GrainQuantization:1]]
[2020.03.06-11.59.11:269][  0]LogConfig: Setting CVar [[r.LightShaftQuality:1]]
[2020.03.06-11.59.11:269][  0]LogConfig: Setting CVar [[r.Filter.SizeScale:1]]
[2020.03.06-11.59.11:269][  0]LogConfig: Setting CVar [[r.Tonemapper.Quality:5]]
[2020.03.06-11.59.11:269][  0]LogConfig: Setting CVar [[r.DOF.Gather.AccumulatorQuality:1        ; higher gathering accumulator quality]]
[2020.03.06-11.59.11:269][  0]LogConfig: Setting CVar [[r.DOF.Gather.PostfilterMethod:1          ; Median3x3 postfilering method]]
[2020.03.06-11.59.11:269][  0]LogConfig: Setting CVar [[r.DOF.Gather.EnableBokehSettings:0       ; no bokeh simulation when gathering]]
[2020.03.06-11.59.11:269][  0]LogConfig: Setting CVar [[r.DOF.Gather.RingCount:4                 ; medium number of samples when gathering]]
[2020.03.06-11.59.11:269][  0]LogConfig: Setting CVar [[r.DOF.Scatter.ForegroundCompositing:1    ; additive foreground scattering]]
[2020.03.06-11.59.11:269][  0]LogConfig: Setting CVar [[r.DOF.Scatter.BackgroundCompositing:2    ; additive background scattering]]
[2020.03.06-11.59.11:269][  0]LogConfig: Setting CVar [[r.DOF.Scatter.EnableBokehSettings:1      ; bokeh simulation when scattering]]
[2020.03.06-11.59.11:269][  0]LogConfig: Setting CVar [[r.DOF.Scatter.MaxSpriteRatio:0.1         ; only a maximum of 10% of scattered bokeh]]
[2020.03.06-11.59.11:269][  0]LogConfig: Setting CVar [[r.DOF.Recombine.Quality:1                ; cheap slight out of focus]]
[2020.03.06-11.59.11:269][  0]LogConfig: Setting CVar [[r.DOF.Recombine.EnableBokehSettings:0    ; no bokeh simulation on slight out of focus]]
[2020.03.06-11.59.11:269][  0]LogConfig: Setting CVar [[r.DOF.TemporalAAQuality:1                ; more stable temporal accumulation]]
[2020.03.06-11.59.11:269][  0]LogConfig: Setting CVar [[r.DOF.Kernel.MaxForegroundRadius:0.025]]
[2020.03.06-11.59.11:269][  0]LogConfig: Setting CVar [[r.DOF.Kernel.MaxBackgroundRadius:0.025]]
[2020.03.06-11.59.11:269][  0]LogConfig: Applying CVar settings from Section [TextureQuality@3] File [C:/Users/N0737367/Documents/GitHub/VR-Project/VREscapeRoom/Saved/Config/Windows/Scalability.ini]
[2020.03.06-11.59.11:269][  0]LogConfig: Setting CVar [[r.Streaming.MipBias:0]]
[2020.03.06-11.59.11:269][  0]LogConfig: Setting CVar [[r.Streaming.AmortizeCPUToGPUCopy:0]]
[2020.03.06-11.59.11:269][  0]LogConfig: Setting CVar [[r.Streaming.MaxNumTexturesToStreamPerFrame:0]]
[2020.03.06-11.59.11:269][  0]LogConfig: Setting CVar [[r.Streaming.Boost:1]]
[2020.03.06-11.59.11:269][  0]LogConfig: Setting CVar [[r.MaxAnisotropy:8]]
[2020.03.06-11.59.11:269][  0]LogConfig: Setting CVar [[r.Streaming.LimitPoolSizeToVRAM:0]]
[2020.03.06-11.59.11:269][  0]LogConfig: Setting CVar [[r.Streaming.PoolSize:1000]]
[2020.03.06-11.59.11:269][  0]LogConfig: Setting CVar [[r.Streaming.MaxEffectiveScreenSize:0]]
[2020.03.06-11.59.11:269][  0]LogConfig: Applying CVar settings from Section [EffectsQuality@3] File [C:/Users/N0737367/Documents/GitHub/VR-Project/VREscapeRoom/Saved/Config/Windows/Scalability.ini]
[2020.03.06-11.59.11:269][  0]LogConfig: Setting CVar [[r.TranslucencyLightingVolumeDim:4]]
[2020.03.06-11.59.11:269][  0]LogConfig: Setting CVar [[r.RefractionQuality:2]]
[2020.03.06-11.59.11:269][  0]LogConfig: Setting CVar [[r.SSR.Quality:0]]
[2020.03.06-11.59.11:269][  0]LogConfig: Setting CVar [[r.SceneColorFormat:2]]
[2020.03.06-11.59.11:269][  0]LogConfig: Setting CVar [[r.DetailMode:2]]
[2020.03.06-11.59.11:269][  0]LogConfig: Setting CVar [[r.TranslucencyVolumeBlur:0]]
[2020.03.06-11.59.11:270][  0]LogConfig: Setting CVar [[r.MaterialQualityLevel:1 ; High quality]]
[2020.03.06-11.59.11:270][  0]LogConfig: Setting CVar [[r.SSS.Scale:1]]
[2020.03.06-11.59.11:270][  0]LogConfig: Setting CVar [[r.SSS.SampleSet:2]]
[2020.03.06-11.59.11:270][  0]LogConfig: Setting CVar [[r.SSS.Quality:1]]
[2020.03.06-11.59.11:270][  0]LogConfig: Setting CVar [[r.SSS.HalfRes:1]]
[2020.03.06-11.59.11:270][  0]LogConfig: Setting CVar [[r.EmitterSpawnRateScale:1.0]]
[2020.03.06-11.59.11:270][  0]LogConfig: Setting CVar [[r.ParticleLightQuality:2]]
[2020.03.06-11.59.11:270][  0]LogConfig: Applying CVar settings from Section [FoliageQuality@3] File [C:/Users/N0737367/Documents/GitHub/VR-Project/VREscapeRoom/Saved/Config/Windows/Scalability.ini]
[2020.03.06-11.59.11:270][  0]LogConfig: Setting CVar [[foliage.DensityScale:1.0]]
[2020.03.06-11.59.11:270][  0]LogConfig: Setting CVar [[grass.DensityScale:1.0]]
[2020.03.06-11.59.11:279][  0]LogInit: Selected Device Profile: [Windows]
[2020.03.06-11.59.11:284][  0]LogInit: Applying CVar settings loaded from the selected device profile: [Windows]
[2020.03.06-11.59.11:309][  0]LogHAL: Display: Platform has ~ 16 GB [17125552128 / 17179869184 / 16], which maps to Larger [LargestMinGB=32, LargerMinGB=12, DefaultMinGB=8, SmallerMinGB=6, SmallestMinGB=0)
[2020.03.06-11.59.11:309][  0]LogInit: Going up to parent DeviceProfile []
[2020.03.06-11.59.11:310][  0]LogConfig: Applying CVar settings from Section [ViewDistanceQuality@3] File [C:/Users/N0737367/Documents/GitHub/VR-Project/VREscapeRoom/Saved/Config/Windows/Scalability.ini]
[2020.03.06-11.59.11:310][  0]LogConfig: Setting CVar [[r.SkeletalMeshLODBias:0]]
[2020.03.06-11.59.11:310][  0]LogConfig: Setting CVar [[r.ViewDistanceScale:1.0]]
[2020.03.06-11.59.11:310][  0]LogConfig: Applying CVar settings from Section [AntiAliasingQuality@3] File [C:/Users/N0737367/Documents/GitHub/VR-Project/VREscapeRoom/Saved/Config/Windows/Scalability.ini]
[2020.03.06-11.59.11:310][  0]LogConfig: Setting CVar [[r.PostProcessAAQuality:3]]
[2020.03.06-11.59.11:310][  0]LogConfig: Applying CVar settings from Section [ShadowQuality@3] File [C:/Users/N0737367/Documents/GitHub/VR-Project/VREscapeRoom/Saved/Config/Windows/Scalability.ini]
[2020.03.06-11.59.11:310][  0]LogConfig: Setting CVar [[r.LightFunctionQuality:1]]
[2020.03.06-11.59.11:310][  0]LogConfig: Setting CVar [[r.ShadowQuality:5]]
[2020.03.06-11.59.11:310][  0]LogConfig: Setting CVar [[r.Shadow.CSM.MaxCascades:10]]
[2020.03.06-11.59.11:310][  0]LogConfig: Setting CVar [[r.Shadow.MaxResolution:2048]]
[2020.03.06-11.59.11:310][  0]LogConfig: Setting CVar [[r.Shadow.MaxCSMResolution:2048]]
[2020.03.06-11.59.11:310][  0]LogConfig: Setting CVar [[r.Shadow.RadiusThreshold:0.01]]
[2020.03.06-11.59.11:310][  0]LogConfig: Setting CVar [[r.Shadow.DistanceScale:1.0]]
[2020.03.06-11.59.11:310][  0]LogConfig: Setting CVar [[r.Shadow.CSM.TransitionScale:1.0]]
[2020.03.06-11.59.11:310][  0]LogConfig: Setting CVar [[r.Shadow.PreShadowResolutionFactor:1.0]]
[2020.03.06-11.59.11:310][  0]LogConfig: Setting CVar [[r.DistanceFieldShadowing:1]]
[2020.03.06-11.59.11:310][  0]LogConfig: Setting CVar [[r.DistanceFieldAO:1]]
[2020.03.06-11.59.11:310][  0]LogConfig: Setting CVar [[r.AOQuality:2]]
[2020.03.06-11.59.11:310][  0]LogConfig: Setting CVar [[r.VolumetricFog:1]]
[2020.03.06-11.59.11:310][  0]LogConfig: Setting CVar [[r.VolumetricFog.GridPixelSize:8]]
[2020.03.06-11.59.11:310][  0]LogConfig: Setting CVar [[r.VolumetricFog.GridSizeZ:128]]
[2020.03.06-11.59.11:310][  0]LogConfig: Setting CVar [[r.VolumetricFog.HistoryMissSupersampleCount:4]]
[2020.03.06-11.59.11:310][  0]LogConfig: Setting CVar [[r.LightMaxDrawDistanceScale:1]]
[2020.03.06-11.59.11:310][  0]LogConfig: Setting CVar [[r.CapsuleShadows:1]]
[2020.03.06-11.59.11:310][  0]LogConfig: Applying CVar settings from Section [PostProcessQuality@3] File [C:/Users/N0737367/Documents/GitHub/VR-Project/VREscapeRoom/Saved/Config/Windows/Scalability.ini]
[2020.03.06-11.59.11:310][  0]LogConfig: Setting CVar [[r.MotionBlurQuality:0]]
[2020.03.06-11.59.11:310][  0]LogConfig: Setting CVar [[r.AmbientOcclusionMipLevelFactor:0.4]]
[2020.03.06-11.59.11:310][  0]LogConfig: Setting CVar [[r.AmbientOcclusionMaxQuality:100]]
[2020.03.06-11.59.11:310][  0]LogConfig: Setting CVar [[r.AmbientOcclusionLevels:0]]
[2020.03.06-11.59.11:310][  0]LogConfig: Setting CVar [[r.AmbientOcclusionRadiusScale:1.0]]
[2020.03.06-11.59.11:310][  0]LogConfig: Setting CVar [[r.DepthOfFieldQuality:0]]
[2020.03.06-11.59.11:310][  0]LogConfig: Setting CVar [[r.RenderTargetPoolMin:400]]
[2020.03.06-11.59.11:310][  0]LogConfig: Setting CVar [[r.LensFlareQuality:0]]
[2020.03.06-11.59.11:310][  0]LogConfig: Setting CVar [[r.SceneColorFringeQuality:0]]
[2020.03.06-11.59.11:310][  0]LogConfig: Setting CVar [[r.EyeAdaptationQuality:2]]
[2020.03.06-11.59.11:310][  0]LogConfig: Setting CVar [[r.BloomQuality:1]]
[2020.03.06-11.59.11:310][  0]LogConfig: Setting CVar [[r.FastBlurThreshold:0]]
[2020.03.06-11.59.11:310][  0]LogConfig: Setting CVar [[r.Upscale.Quality:3]]
[2020.03.06-11.59.11:310][  0]LogConfig: Setting CVar [[r.Tonemapper.GrainQuantization:1]]
[2020.03.06-11.59.11:310][  0]LogConfig: Setting CVar [[r.LightShaftQuality:1]]
[2020.03.06-11.59.11:310][  0]LogConfig: Setting CVar [[r.Filter.SizeScale:1]]
[2020.03.06-11.59.11:310][  0]LogConfig: Setting CVar [[r.Tonemapper.Quality:5]]
[2020.03.06-11.59.11:310][  0]LogConfig: Setting CVar [[r.DOF.Gather.AccumulatorQuality:1        ; higher gathering accumulator quality]]
[2020.03.06-11.59.11:310][  0]LogConfig: Setting CVar [[r.DOF.Gather.PostfilterMethod:1          ; Median3x3 postfilering method]]
[2020.03.06-11.59.11:310][  0]LogConfig: Setting CVar [[r.DOF.Gather.EnableBokehSettings:0       ; no bokeh simulation when gathering]]
[2020.03.06-11.59.11:310][  0]LogConfig: Setting CVar [[r.DOF.Gather.RingCount:4                 ; medium number of samples when gathering]]
[2020.03.06-11.59.11:310][  0]LogConfig: Setting CVar [[r.DOF.Scatter.ForegroundCompositing:1    ; additive foreground scattering]]
[2020.03.06-11.59.11:310][  0]LogConfig: Setting CVar [[r.DOF.Scatter.BackgroundCompositing:2    ; additive background scattering]]
[2020.03.06-11.59.11:310][  0]LogConfig: Setting CVar [[r.DOF.Scatter.EnableBokehSettings:1      ; bokeh simulation when scattering]]
[2020.03.06-11.59.11:310][  0]LogConfig: Setting CVar [[r.DOF.Scatter.MaxSpriteRatio:0.1         ; only a maximum of 10% of scattered bokeh]]
[2020.03.06-11.59.11:310][  0]LogConfig: Setting CVar [[r.DOF.Recombine.Quality:1                ; cheap slight out of focus]]
[2020.03.06-11.59.11:310][  0]LogConfig: Setting CVar [[r.DOF.Recombine.EnableBokehSettings:0    ; no bokeh simulation on slight out of focus]]
[2020.03.06-11.59.11:310][  0]LogConfig: Setting CVar [[r.DOF.TemporalAAQuality:1                ; more stable temporal accumulation]]
[2020.03.06-11.59.11:310][  0]LogConfig: Setting CVar [[r.DOF.Kernel.MaxForegroundRadius:0.025]]
[2020.03.06-11.59.11:310][  0]LogConfig: Setting CVar [[r.DOF.Kernel.MaxBackgroundRadius:0.025]]
[2020.03.06-11.59.11:310][  0]LogConfig: Applying CVar settings from Section [TextureQuality@3] File [C:/Users/N0737367/Documents/GitHub/VR-Project/VREscapeRoom/Saved/Config/Windows/Scalability.ini]
[2020.03.06-11.59.11:310][  0]LogConfig: Setting CVar [[r.Streaming.MipBias:0]]
[2020.03.06-11.59.11:310][  0]LogConfig: Setting CVar [[r.Streaming.AmortizeCPUToGPUCopy:0]]
[2020.03.06-11.59.11:310][  0]LogConfig: Setting CVar [[r.Streaming.MaxNumTexturesToStreamPerFrame:0]]
[2020.03.06-11.59.11:310][  0]LogConfig: Setting CVar [[r.Streaming.Boost:1]]
[2020.03.06-11.59.11:310][  0]LogConfig: Setting CVar [[r.MaxAnisotropy:8]]
[2020.03.06-11.59.11:310][  0]LogConfig: Setting CVar [[r.Streaming.LimitPoolSizeToVRAM:0]]
[2020.03.06-11.59.11:310][  0]LogConfig: Setting CVar [[r.Streaming.PoolSize:1000]]
[2020.03.06-11.59.11:310][  0]LogConfig: Setting CVar [[r.Streaming.MaxEffectiveScreenSize:0]]
[2020.03.06-11.59.11:310][  0]LogConfig: Applying CVar settings from Section [EffectsQuality@3] File [C:/Users/N0737367/Documents/GitHub/VR-Project/VREscapeRoom/Saved/Config/Windows/Scalability.ini]
[2020.03.06-11.59.11:310][  0]LogConfig: Setting CVar [[r.TranslucencyLightingVolumeDim:4]]
[2020.03.06-11.59.11:310][  0]LogConfig: Setting CVar [[r.RefractionQuality:2]]
[2020.03.06-11.59.11:310][  0]LogConfig: Setting CVar [[r.SSR.Quality:0]]
[2020.03.06-11.59.11:310][  0]LogConfig: Setting CVar [[r.SceneColorFormat:2]]
[2020.03.06-11.59.11:310][  0]LogConfig: Setting CVar [[r.DetailMode:2]]
[2020.03.06-11.59.11:311][  0]LogConfig: Setting CVar [[r.TranslucencyVolumeBlur:0]]
[2020.03.06-11.59.11:311][  0]LogConfig: Setting CVar [[r.MaterialQualityLevel:1 ; High quality]]
[2020.03.06-11.59.11:311][  0]LogConfig: Setting CVar [[r.SSS.Scale:1]]
[2020.03.06-11.59.11:311][  0]LogConfig: Setting CVar [[r.SSS.SampleSet:2]]
[2020.03.06-11.59.11:311][  0]LogConfig: Setting CVar [[r.SSS.Quality:1]]
[2020.03.06-11.59.11:311][  0]LogConfig: Setting CVar [[r.SSS.HalfRes:1]]
[2020.03.06-11.59.11:311][  0]LogConfig: Setting CVar [[r.EmitterSpawnRateScale:1.0]]
[2020.03.06-11.59.11:311][  0]LogConfig: Setting CVar [[r.ParticleLightQuality:2]]
[2020.03.06-11.59.11:311][  0]LogConfig: Applying CVar settings from Section [FoliageQuality@3] File [C:/Users/N0737367/Documents/GitHub/VR-Project/VREscapeRoom/Saved/Config/Windows/Scalability.ini]
[2020.03.06-11.59.11:311][  0]LogConfig: Setting CVar [[foliage.DensityScale:1.0]]
[2020.03.06-11.59.11:311][  0]LogConfig: Setting CVar [[grass.DensityScale:1.0]]
[2020.03.06-11.59.11:311][  0]LogConfig: Applying CVar settings from Section [Startup] File [../../../Engine/Config/ConsoleVariables.ini]
[2020.03.06-11.59.11:325][  0]LogConfig: Setting CVar [[net.UseAdaptiveNetUpdateFrequency:0]]
[2020.03.06-11.59.11:325][  0]LogConfig: Setting CVar [[p.chaos.AllowCreatePhysxBodies:1]]
[2020.03.06-11.59.11:325][  0]LogConfig: Applying CVar settings from Section [ConsoleVariables] File [C:/Users/N0737367/Documents/GitHub/VR-Project/VREscapeRoom/Saved/Config/Windows/Engine.ini]
[2020.03.06-11.59.11:343][  0]LogInit: Computer: ERD177-15
[2020.03.06-11.59.11:343][  0]LogInit: User: N0737367
[2020.03.06-11.59.11:343][  0]LogInit: CPU Page size=4096, Cores=4
[2020.03.06-11.59.11:343][  0]LogInit: High frequency timer resolution =10.000000 MHz
[2020.03.06-11.59.11:358][  0]LogMemory: Memory total: Physical=15.9GB (16GB approx)
[2020.03.06-11.59.11:358][  0]LogMemory: Platform Memory Stats for Windows
[2020.03.06-11.59.11:358][  0]LogMemory: Process Physical Memory: 102.67 MB used, 102.68 MB peak
[2020.03.06-11.59.11:358][  0]LogMemory: Process Virtual Memory: 101.80 MB used, 101.80 MB peak
[2020.03.06-11.59.11:358][  0]LogMemory: Physical Memory: 4817.75 MB used,  11514.45 MB free, 16332.20 MB total
[2020.03.06-11.59.11:358][  0]LogMemory: Virtual Memory: 4689.97 MB used,  134213040.00 MB free, 134217728.00 MB total
[2020.03.06-11.59.11:378][  0]LogWindows: WindowsPlatformFeatures enabled
[2020.03.06-11.59.12:145][  0]LogInit: Using OS detected language (en-GB).
[2020.03.06-11.59.12:145][  0]LogInit: Using OS detected locale (en-GB).
[2020.03.06-11.59.12:202][  0]LogTextLocalizationManager: No specific localization for 'en-GB' exists, so the 'en' localization will be used.
[2020.03.06-11.59.12:806][  0]LogInit: Setting process to per monitor DPI aware
[2020.03.06-11.59.13:224][  0]LogSlate: New Slate User Created.  User Index 0, Is Virtual User: 0
[2020.03.06-11.59.13:224][  0]LogSlate: Slate User Registered.  User Index 0, Is Virtual User: 0
[2020.03.06-11.59.18:349][  0]LogHMD: Failed to initialize OpenVR with code 110
[2020.03.06-11.59.18:349][  0]LogD3D11RHI: D3D11 adapters:
[2020.03.06-11.59.18:531][  0]LogD3D11RHI:    0. 'NVIDIA GeForce GTX 970' (Feature Level 11_0)
[2020.03.06-11.59.18:531][  0]LogD3D11RHI:       4043/0/8166 MB DedicatedVideo/DedicatedSystem/SharedSystem, Outputs:1, VendorId:0x10de
[2020.03.06-11.59.18:535][  0]LogD3D11RHI:    1. 'Microsoft Basic Render Driver' (Feature Level 11_0)
[2020.03.06-11.59.18:535][  0]LogD3D11RHI:       0/0/8166 MB DedicatedVideo/DedicatedSystem/SharedSystem, Outputs:0, VendorId:0x1414
[2020.03.06-11.59.18:535][  0]LogD3D11RHI: Chosen D3D11 Adapter: 0
[2020.03.06-11.59.18:552][  0]LogD3D11RHI: Creating new Direct3DDevice
[2020.03.06-11.59.18:552][  0]LogD3D11RHI:     GPU DeviceId: 0x13c2 (for the marketing name, search the web for "GPU Device Id")
[2020.03.06-11.59.18:552][  0]LogWindows: EnumDisplayDevices:
[2020.03.06-11.59.18:553][  0]LogWindows:    0. 'NVIDIA GeForce GTX 970' (P:1 D:1)
[2020.03.06-11.59.18:554][  0]LogWindows:    1. 'NVIDIA GeForce GTX 970' (P:0 D:0)
[2020.03.06-11.59.18:556][  0]LogWindows:    2. 'NVIDIA GeForce GTX 970' (P:0 D:0)
[2020.03.06-11.59.18:557][  0]LogWindows:    3. 'NVIDIA GeForce GTX 970' (P:0 D:0)
[2020.03.06-11.59.18:558][  0]LogWindows: DebugString: FoundDriverCount:4 
[2020.03.06-11.59.18:558][  0]LogD3D11RHI:     Adapter Name: NVIDIA GeForce GTX 970
[2020.03.06-11.59.18:558][  0]LogD3D11RHI:   Driver Version: 441.20 (internal:26.21.14.4120, unified:441.20)
[2020.03.06-11.59.18:558][  0]LogD3D11RHI:      Driver Date: 11-6-2019
[2020.03.06-11.59.18:558][  0]LogRHI: Texture pool is 2830 MB (70% of 4043 MB)
[2020.03.06-11.59.18:669][  0]LogD3D11RHI: Async texture creation enabled
[2020.03.06-11.59.18:861][  0]LogD3D11RHI: GPU Timing Frequency: 1000.000000 (Debug: 2 1)
[2020.03.06-11.59.20:076][  0]LogTemp: Display: Module 'AllDesktopTargetPlatform' loaded TargetPlatform 'AllDesktop'
[2020.03.06-11.59.20:097][  0]LogTemp: Display: Module 'MacClientTargetPlatform' loaded TargetPlatform 'MacClient'
[2020.03.06-11.59.20:124][  0]LogTemp: Display: Module 'MacNoEditorTargetPlatform' loaded TargetPlatform 'MacNoEditor'
[2020.03.06-11.59.20:146][  0]LogTemp: Display: Module 'MacServerTargetPlatform' loaded TargetPlatform 'MacServer'
[2020.03.06-11.59.20:183][  0]LogTemp: Display: Module 'MacTargetPlatform' loaded TargetPlatform 'Mac'
[2020.03.06-11.59.20:223][  0]LogTemp: Display: Module 'WindowsClientTargetPlatform' loaded TargetPlatform 'WindowsClient'
[2020.03.06-11.59.20:251][  0]LogTemp: Display: Module 'WindowsNoEditorTargetPlatform' loaded TargetPlatform 'WindowsNoEditor'
[2020.03.06-11.59.20:278][  0]LogTemp: Display: Module 'WindowsServerTargetPlatform' loaded TargetPlatform 'WindowsServer'
[2020.03.06-11.59.20:299][  0]LogTemp: Display: Module 'WindowsTargetPlatform' loaded TargetPlatform 'Windows'
[2020.03.06-11.59.20:373][  0]LogTemp: Display: Module 'AndroidTargetPlatform' loaded TargetPlatform 'Android'
[2020.03.06-11.59.20:373][  0]LogTemp: Display: Module 'AndroidTargetPlatform' loaded TargetPlatform 'Android_ASTC'
[2020.03.06-11.59.20:373][  0]LogTemp: Display: Module 'AndroidTargetPlatform' loaded TargetPlatform 'Android_ATC'
[2020.03.06-11.59.20:373][  0]LogTemp: Display: Module 'AndroidTargetPlatform' loaded TargetPlatform 'Android_DXT'
[2020.03.06-11.59.20:374][  0]LogTemp: Display: Module 'AndroidTargetPlatform' loaded TargetPlatform 'Android_ETC1'
[2020.03.06-11.59.20:374][  0]LogTemp: Display: Module 'AndroidTargetPlatform' loaded TargetPlatform 'Android_ETC1a'
[2020.03.06-11.59.20:374][  0]LogTemp: Display: Module 'AndroidTargetPlatform' loaded TargetPlatform 'Android_ETC2'
[2020.03.06-11.59.20:374][  0]LogTemp: Display: Module 'AndroidTargetPlatform' loaded TargetPlatform 'Android_PVRTC'
[2020.03.06-11.59.20:374][  0]LogTemp: Display: Module 'AndroidTargetPlatform' loaded TargetPlatform 'AndroidClient'
[2020.03.06-11.59.20:374][  0]LogTemp: Display: Module 'AndroidTargetPlatform' loaded TargetPlatform 'Android_ASTCClient'
[2020.03.06-11.59.20:374][  0]LogTemp: Display: Module 'AndroidTargetPlatform' loaded TargetPlatform 'Android_ATCClient'
[2020.03.06-11.59.20:374][  0]LogTemp: Display: Module 'AndroidTargetPlatform' loaded TargetPlatform 'Android_DXTClient'
[2020.03.06-11.59.20:374][  0]LogTemp: Display: Module 'AndroidTargetPlatform' loaded TargetPlatform 'Android_ETC1Client'
[2020.03.06-11.59.20:374][  0]LogTemp: Display: Module 'AndroidTargetPlatform' loaded TargetPlatform 'Android_ETC1aClient'
[2020.03.06-11.59.20:374][  0]LogTemp: Display: Module 'AndroidTargetPlatform' loaded TargetPlatform 'Android_ETC2Client'
[2020.03.06-11.59.20:374][  0]LogTemp: Display: Module 'AndroidTargetPlatform' loaded TargetPlatform 'Android_PVRTCClient'
[2020.03.06-11.59.20:374][  0]LogTemp: Display: Module 'AndroidTargetPlatform' loaded TargetPlatform 'Android_Multi'
[2020.03.06-11.59.20:374][  0]LogTemp: Display: Module 'AndroidTargetPlatform' loaded TargetPlatform 'Android_MultiClient'
[2020.03.06-11.59.20:388][  0]LogTemp: Display: Module 'HTML5TargetPlatform' loaded TargetPlatform 'HTML5'
[2020.03.06-11.59.20:475][  0]LogTemp: Display: Module 'IOSTargetPlatform' loaded TargetPlatform 'IOSClient'
[2020.03.06-11.59.20:475][  0]LogTemp: Display: Module 'IOSTargetPlatform' loaded TargetPlatform 'IOS'
[2020.03.06-11.59.20:503][  0]LogTemp: Display: Module 'TVOSTargetPlatform' loaded TargetPlatform 'TVOSClient'
[2020.03.06-11.59.20:503][  0]LogTemp: Display: Module 'TVOSTargetPlatform' loaded TargetPlatform 'TVOS'
[2020.03.06-11.59.20:526][  0]LogTemp: Display: Module 'LinuxClientTargetPlatform' loaded TargetPlatform 'LinuxClient'
[2020.03.06-11.59.20:544][  0]LogTemp: Display: Module 'LinuxNoEditorTargetPlatform' loaded TargetPlatform 'LinuxNoEditor'
[2020.03.06-11.59.20:566][  0]LogTemp: Display: Module 'LinuxServerTargetPlatform' loaded TargetPlatform 'LinuxServer'
[2020.03.06-11.59.20:619][  0]LogTemp: Display: Module 'LinuxTargetPlatform' loaded TargetPlatform 'Linux'
[2020.03.06-11.59.20:671][  0]LogTemp: Display: Module 'LuminTargetPlatform' loaded TargetPlatform 'Lumin'
[2020.03.06-11.59.20:671][  0]LogTemp: Display: Module 'LuminTargetPlatform' loaded TargetPlatform 'LuminClient'
[2020.03.06-11.59.20:671][  0]LogTargetPlatformManager: Display: Building Assets For Windows
[2020.03.06-11.59.20:871][  0]LogAudioDebug: Display: Lib vorbis DLL was dynamically loaded.
[2020.03.06-11.59.21:432][  0]LogShaderCompilers: Guid format shader working directory is -22 characters bigger than the processId version (../../../../../Users/N0737367/Documents/GitHub/VR-Project/VREscapeRoom/Intermediate/Shaders/WorkingDirectory/16408/).
[2020.03.06-11.59.21:433][  0]LogShaderCompilers: Cleaned the shader compiler working directory 'C:/Users/N0737367/AppData/Local/Temp/UnrealShaderWorkingDir/7D4E835F44534BC7212591A085F1ACB3/'.
[2020.03.06-11.59.21:454][  0]LogXGEController: Cleaning working directory: C:/Users/N0737367/AppData/Local/Temp/UnrealXGEWorkingDir/
[2020.03.06-11.59.21:454][  0]LogShaderCompilers: Display: Using XGE Shader Compiler (Interception Interface).
[2020.03.06-11.59.26:697][  0]LogDerivedDataCache: Display: Max Cache Size: 512 MB
[2020.03.06-11.59.26:698][  0]LogDerivedDataCache: Display: Starting with empty Boot cache
[2020.03.06-11.59.26:698][  0]LogDerivedDataCache: FDerivedDataBackendGraph:  Pak pak cache file ../../../../../Users/N0737367/Documents/GitHub/VR-Project/VREscapeRoom/DerivedDataCache/DDC.ddp not found, will not use a pak cache.
[2020.03.06-11.59.26:698][  0]LogDerivedDataCache: Unable to find inner node Pak for hierarchical cache Hierarchy.
[2020.03.06-11.59.26:698][  0]LogDerivedDataCache: FDerivedDataBackendGraph:  CompressedPak pak cache file ../../../../../Users/N0737367/Documents/GitHub/VR-Project/VREscapeRoom/DerivedDataCache/Compressed.ddp not found, will not use a pak cache.
[2020.03.06-11.59.26:698][  0]LogDerivedDataCache: Unable to find inner node CompressedPak for hierarchical cache Hierarchy.
[2020.03.06-11.59.26:753][  0]LogDerivedDataCache: Display: Pak cache opened for reading ../../../Engine/DerivedDataCache/Compressed.ddp.
[2020.03.06-11.59.26:754][  0]LogDerivedDataCache: FDerivedDataBackendGraph:  EnterprisePak pak cache file ../../../Enterprise/DerivedDataCache/Compressed.ddp not found, will not use a pak cache.
[2020.03.06-11.59.26:754][  0]LogDerivedDataCache: Unable to find inner node EnterprisePak for hierarchical cache Hierarchy.
[2020.03.06-11.59.26:757][  0]LogDerivedDataCache: Using Local data cache path C:/Users/N0737367/AppData/Local/UnrealEngine/Common/DerivedDataCache: Writable
[2020.03.06-11.59.26:757][  0]LogDerivedDataCache: Shared data cache path not found in *engine.ini, will not use an Shared cache.
[2020.03.06-11.59.26:757][  0]LogDerivedDataCache: Unable to find inner node Shared for hierarchical cache Hierarchy.
[2020.03.06-11.59.26:774][  0]LogMaterial: Verifying Global Shaders for PCD3D_SM5
[2020.03.06-11.59.28:005][  0]LogSlate: Using FreeType 2.6.0
[2020.03.06-11.59.28:112][  0]LogSlate: SlateFontServices - WITH_FREETYPE: 1, WITH_HARFBUZZ: 1
[2020.03.06-11.59.31:652][  0]LogAssetRegistry: FAssetRegistry took 0.0204 seconds to start up
[2020.03.06-11.59.38:338][  0]LogInit: Selected Device Profile: [Windows]
[2020.03.06-11.59.39:905][  0]LogMaterial: Display: Missing cached shader map for material DefaultDeferredDecalMaterial, compiling. 
[2020.03.06-12.13.04:294][  0]LogMaterial: Display: Missing cached shader map for material DefaultLightFunctionMaterial, compiling. 
[2020.03.06-12.13.09:619][  0]LogMaterial: Display: Missing cached shader map for material DefaultPostProcessMaterial, compiling. 
[2020.03.06-12.13.13:432][  0]LogMaterial: Display: Missing cached shader map for material DefaultVirtualTextureMaterial, compiling. 
[2020.03.06-12.13.46:340][  0]LogMaterial: Display: Missing cached shader map for material WorldGridMaterial, compiling. Is special engine material.
[2020.03.06-12.17.19:137][  0]LogMaterial: Display: Missing cached shader map for material MatineeCam_mat, compiling. 
[2020.03.06-12.17.19:603][  0]LogMeshReduction: Using QuadricMeshReduction for automatic static mesh reduction
[2020.03.06-12.17.19:603][  0]LogMeshReduction: Using SimplygonMeshReduction for automatic skeletal mesh reduction
[2020.03.06-12.17.19:603][  0]LogMeshReduction: Using ProxyLODMeshReduction for automatic mesh merging
[2020.03.06-12.17.19:603][  0]LogMeshReduction: No distributed automatic mesh merging module available
[2020.03.06-12.17.19:603][  0]LogMeshMerging: No distributed automatic mesh merging module available
[2020.03.06-12.17.19:893][  0]LogNetVersion: VREscapeRoom 1.0.0, NetCL: 8386587, EngineNetVer: 11, GameNetVer: 0 (Checksum: 2526743875)
[2020.03.06-12.17.19:968][  0]LogMaterial: Display: Missing cached shader map for material HelpActorMaterial, compiling. 
[2020.03.06-12.17.20:215][  0]LogNavigation: Error: [/Script/Engine.NavigationSystem] found in the DefaultEngine.ini file. This class has been moved. Please rename that section to [/Script/NavigationSystem.NavigationSystemV1]
[2020.03.06-12.17.20:367][  0]LogMaterial: Display: Missing cached shader map for material M_ChromeBall, compiling. 
[2020.03.06-12.17.20:527][  0]LogMaterial: Display: Missing cached shader map for material DefaultTextMaterialOpaque, compiling. 
[2020.03.06-12.17.20:621][  0]LogMaterial: Display: Missing cached shader map for material BaseFlattenMaterial, compiling. 
[2020.03.06-12.17.20:979][  0]LogMaterial: Display: Missing cached shader map for material Xray, compiling. 
[2020.03.06-12.17.20:994][  0]LogMaterial: Display: Missing cached shader map for material Main, compiling. 
[2020.03.06-12.17.21:116][  0]LogMaterial: Display: Missing cached shader map for material Widget3DPassThrough, compiling. 
[2020.03.06-12.17.21:134][  0]LogMaterial: Display: Missing cached shader map for material Widget3DPassThrough, compiling. 
[2020.03.06-12.17.21:153][  0]LogMaterial: Display: Missing cached shader map for material Widget3DPassThrough, compiling. 
[2020.03.06-12.17.21:166][  0]LogMaterial: Display: Missing cached shader map for material Widget3DPassThrough, compiling. 
[2020.03.06-12.17.21:174][  0]LogMaterial: Display: Missing cached shader map for material Widget3DPassThrough, compiling. 
[2020.03.06-12.17.21:194][  0]LogMaterial: Display: Missing cached shader map for material Widget3DPassThrough, compiling. 
[2020.03.06-12.17.21:233][  0]LogMaterial: Display: Missing cached shader map for material TranslucentTransformGizmoMaterial, compiling. 
[2020.03.06-12.17.21:252][  0]LogMaterial: Display: Missing cached shader map for material TransformGizmoMaterial, compiling. 
[2020.03.06-12.17.21:337][  0]LogMaterial: Display: Missing cached shader map for material WireframeMaterial, compiling. Is special engine material.
[2020.03.06-12.17.21:472][  0]LogMaterial: Display: Missing cached shader map for material CineMat, compiling. 
[2020.03.06-12.17.21:676][  0]LogMaterial: Display: Missing cached shader map for material M_SimpleOpaque, compiling. 
[2020.03.06-12.17.21:781][  0]LogMaterial: Display: Missing cached shader map for material M_SimpleTranslucent, compiling. 
[2020.03.06-12.17.22:341][  0]LogMaterial: Display: Missing cached shader map for material SkySphereMaterial, compiling. 
[2020.03.06-12.17.22:425][  0]LogMaterial: Display: Missing cached shader map for material FloorPlaneMaterial, compiling. 
[2020.03.06-12.17.22:669][  0]LogMaterial: Display: Missing cached shader map for material LandscapeGizmo_Mat, compiling. 
[2020.03.06-12.17.22:688][  0]LogMaterial: Display: Missing cached shader map for material LandscapeGizmoHeight_Mat, compiling. 
[2020.03.06-12.17.22:733][  0]LogMaterial: Display: Missing cached shader map for material SplineEditorMeshMat, compiling. 
[2020.03.06-12.17.23:160][  0]LogPackageLocalizationCache: Processed 12 localized package path(s) for 1 prioritized culture(s) in 0.107691 seconds
[2020.03.06-12.17.23:167][  0]LogUObjectArray: 43444 objects as part of root set at end of initial load.
[2020.03.06-12.17.23:167][  0]LogUObjectAllocator: 7548648 out of 0 bytes used by permanent object pool.
[2020.03.06-12.17.23:167][  0]LogUObjectArray: CloseDisregardForGC: 0/0 objects in disregard for GC pool
[2020.03.06-12.17.41:989][  0]LogMaterial: Display: Missing cached shader map for material DefaultSpriteMaterial, compiling. 
[2020.03.06-12.17.42:003][  0]LogMaterial: Display: Missing cached shader map for material DefaultSpriteMaterial, compiling. 
[2020.03.06-12.17.42:513][  0]LogMaterial: Display: Missing cached shader map for material BaseColor, compiling. 
[2020.03.06-12.17.42:522][  0]LogMaterial: Display: Missing cached shader map for material CustomDepth, compiling. 
[2020.03.06-12.17.42:554][  0]LogMaterial: Display: Missing cached shader map for material CustomStencil, compiling. 
[2020.03.06-12.17.42:563][  0]LogMaterial: Display: Missing cached shader map for material FinalImage, compiling. 
[2020.03.06-12.17.42:573][  0]LogMaterial: Display: Missing cached shader map for material LightingModel, compiling. 
[2020.03.06-12.17.42:584][  0]LogMaterial: Display: Missing cached shader map for material MaterialAO, compiling. 
[2020.03.06-12.17.42:595][  0]LogMaterial: Display: Missing cached shader map for material Metallic, compiling. 
[2020.03.06-12.17.42:605][  0]LogMaterial: Display: Missing cached shader map for material Opacity, compiling. 
[2020.03.06-12.17.42:616][  0]LogMaterial: Display: Missing cached shader map for material Roughness, compiling. 
[2020.03.06-12.17.42:627][  0]LogMaterial: Display: Missing cached shader map for material SceneColor, compiling. 
[2020.03.06-12.17.42:636][  0]LogMaterial: Display: Missing cached shader map for material SceneDepth, compiling. 
[2020.03.06-12.17.42:645][  0]LogMaterial: Display: Missing cached shader map for material SeparateTranslucencyRGB, compiling. 
[2020.03.06-12.17.42:654][  0]LogMaterial: Display: Missing cached shader map for material SeparateTranslucencyA, compiling. 
[2020.03.06-12.17.42:663][  0]LogMaterial: Display: Missing cached shader map for material Specular, compiling. 
[2020.03.06-12.17.42:673][  0]LogMaterial: Display: Missing cached shader map for material SubsurfaceColor, compiling. 
[2020.03.06-12.17.42:682][  0]LogMaterial: Display: Missing cached shader map for material WorldNormal, compiling. 
[2020.03.06-12.17.42:692][  0]LogMaterial: Display: Missing cached shader map for material AmbientOcclusion, compiling. 
[2020.03.06-12.17.42:709][  0]LogMaterial: Display: Missing cached shader map for material CustomDepthWorldUnits, compiling. 
[2020.03.06-12.17.42:719][  0]LogMaterial: Display: Missing cached shader map for material SceneDepthWorldUnits, compiling. 
[2020.03.06-12.17.42:733][  0]LogMaterial: Display: Missing cached shader map for material Velocity, compiling. 
[2020.03.06-12.17.42:742][  0]LogMaterial: Display: Missing cached shader map for material PreTonemapHDRColor, compiling. 
[2020.03.06-12.17.42:751][  0]LogMaterial: Display: Missing cached shader map for material PostTonemapHDRColor, compiling. 
[2020.03.06-12.17.43:284][  0]LogTcpMessaging: Initializing TcpMessaging bridge
[2020.03.06-12.17.43:301][  0]LogUdpMessaging: Initializing bridge on interface 0.0.0.0:0 to multicast group 230.0.0.1:6666.
[2020.03.06-12.17.43:412][  0]LogMaterial: Display: Missing cached shader map for material DefaultMaterial, compiling. 
[2020.03.06-12.17.43:869][  0]SourceControl: Source control is disabled
[2020.03.06-12.17.43:883][  0]SourceControl: Source control is disabled
[2020.03.06-12.17.43:951][  0]SourceControl: Source control is disabled
[2020.03.06-12.17.43:960][  0]SourceControl: Source control is disabled
[2020.03.06-12.17.45:101][  0]LogAndroidPermission: UAndroidPermissionCallbackProxy::GetInstance
[2020.03.06-12.17.45:778][  0]LogMaterial: Display: Missing cached shader map for material M_VolumeRenderSphereTracePP, compiling. 
[2020.03.06-12.17.45:811][  0]LogOcInput: OculusInput pre-init called
[2020.03.06-12.17.45:859][  0]LogWindows: Failed to load 'OVRPlugin.dll' (GetLastError=126)
[2020.03.06-12.17.45:860][  0]LogWindows: File 'OVRPlugin.dll' does not exist
[2020.03.06-12.17.46:037][  0]LogMaterial: Display: Missing cached shader map for material HighResScreenshot, compiling. 
[2020.03.06-12.17.46:051][  0]LogMaterial: Display: Missing cached shader map for material HighResScreenshotMask, compiling. 
[2020.03.06-12.17.46:072][  0]LogMaterial: Display: Missing cached shader map for material HighResScreenshotCaptureRegion, compiling. 
[2020.03.06-12.17.46:635][  0]LogEngine: Initializing Engine...
[2020.03.06-12.17.46:660][  0]LogHMD: Failed to initialize OpenVR with code 110
[2020.03.06-12.17.46:709][  0]LogStats: UGameplayTagsManager::InitializeManager -  0.032 s
[2020.03.06-12.17.46:714][  0]LogMaterial: Display: Missing cached shader map for material LevelColorationLitMaterial, compiling. Is special engine material.
[2020.03.06-12.17.47:048][  0]LogMaterial: Display: Missing cached shader map for material LevelColorationUnlitMaterial, compiling. Is special engine material.
[2020.03.06-12.17.47:156][  0]LogMaterial: Display: Missing cached shader map for material MAT_LevelColorationLitLightmapUV, compiling. Is special engine material.
[2020.03.06-12.17.47:506][  0]LogMaterial: Display: Missing cached shader map for material ShadedLevelColorationLitMaterial, compiling. Is special engine material.
[2020.03.06-12.17.47:865][  0]LogMaterial: Display: Missing cached shader map for material ShadedLevelColorationUnlitMateri, compiling. Is special engine material.
[2020.03.06-12.17.47:950][  0]LogMaterial: Display: Missing cached shader map for material VertexColorMaterial, compiling. 
[2020.03.06-12.17.48:027][  0]LogMaterial: Display: Missing cached shader map for material VertexColorViewMode_ColorOnly, compiling. 
[2020.03.06-12.17.48:053][  0]LogMaterial: Display: Missing cached shader map for material VertexColorViewMode_AlphaAsColor, compiling. 
[2020.03.06-12.17.48:073][  0]LogMaterial: Display: Missing cached shader map for material VertexColorViewMode_RedOnly, compiling. 
[2020.03.06-12.17.48:097][  0]LogMaterial: Display: Missing cached shader map for material VertexColorViewMode_GreenOnly, compiling. 
[2020.03.06-12.17.48:113][  0]LogMaterial: Display: Missing cached shader map for material VertexColorViewMode_BlueOnly, compiling. 
[2020.03.06-12.17.48:130][  0]LogMaterial: Display: Missing cached shader map for material RemoveSurfaceMaterial, compiling. 
[2020.03.06-12.17.48:138][  0]LogMaterial: Display: Missing cached shader map for material DebugMeshMaterial, compiling. 
[2020.03.06-12.17.48:152][  0]LogMaterial: Display: Missing cached shader map for material EmissiveMeshMaterial, compiling. 
[2020.03.06-12.17.48:178][  0]LogMaterial: Display: Missing cached shader map for material M_InvalidLightmapSettings, compiling. 
[2020.03.06-12.17.48:203][  0]LogMaterial: Display: Missing cached shader map for material GizmoMaterial, compiling. 
[2020.03.06-12.17.48:216][  0]LogMaterial: Display: Missing cached shader map for material PhAT_JointLimitMaterial, compiling. 
[2020.03.06-12.17.48:230][  0]LogMaterial: Display: Missing cached shader map for material GeomMaterial, compiling. 
[2020.03.06-12.17.48:244][  0]LogMaterial: Display: Missing cached shader map for material EditorBrushMaterial, compiling. 
[2020.03.06-12.17.48:259][  0]LogMaterial: Display: Missing cached shader map for material BoneWeightMaterial, compiling. 
[2020.03.06-12.17.48:319][  0]LogMaterial: Display: Missing cached shader map for material ClothMaterial, compiling. 
[2020.03.06-12.17.48:335][  0]LogMaterial: Display: Missing cached shader map for material ClothMaterial_WF, compiling. 
[2020.03.06-12.17.48:349][  0]LogMaterial: Display: Missing cached shader map for material DebugEditorMaterial, compiling. 
[2020.03.06-12.17.48:361][  0]LogMaterial: Display: Missing cached shader map for material PreviewShadowIndicatorMaterial, compiling. 
[2020.03.06-12.17.48:690][  0]LogInit: Initializing FReadOnlyCVARCache
[2020.03.06-12.17.49:107][  0]LogAIModule: Creating AISystem for world Untitled
[2020.03.06-12.17.49:362][  0]LogInit: XAudio2 using 'Speakers (USB Audio Device)' : 2 channels at 48 kHz using 16 bits per sample (channel mask 0x3)
[2020.03.06-12.17.49:513][  0]LogInit: FAudioDevice initialized.
[2020.03.06-12.17.49:513][  0]LogNetVersion: Set ProjectVersion to 1.0.0.0. Version Checksum will be recalculated on next use.
[2020.03.06-12.17.49:676][  0]LogDerivedDataCache: Saved boot cache 0.16s 61MB C:/Users/N0737367/AppData/Local/UnrealEngine/4.23/DerivedDataCache/Boot.ddc.
[2020.03.06-12.17.49:681][  0]LogInit: Texture streaming: Enabled
[2020.03.06-12.17.49:824][  0]LogEngineSessionManager: EngineSessionManager initialized
[2020.03.06-12.17.49:824][  0]LogEditorSessionSummary: Verbose: Initializing EditorSessionSummaryWriter for editor session tracking
[2020.03.06-12.17.49:839][  0]LogEditorSessionSummary: EditorSessionSummaryWriter initialized
[2020.03.06-12.17.50:765][  0]LogInit: Transaction tracking system initialized
[2020.03.06-12.17.53:736][  0]BlueprintLog: New page: Editor Load
[2020.03.06-12.17.55:717][  0]LocalizationService: Localization service is disabled
[2020.03.06-12.17.57:995][  0]LogMaterial: Display: Missing cached shader map for material Cross_Mat, compiling. 
[2020.03.06-12.17.58:007][  0]LogMaterial: Display: Missing cached shader map for material PhAT_BoneSelectedMaterial, compiling. 
[2020.03.06-12.17.58:021][  0]LogMaterial: Display: Missing cached shader map for material PhAT_ElemSelectedMaterial, compiling. 
[2020.03.06-12.17.58:037][  0]LogMaterial: Display: Missing cached shader map for material PhAT_NoCollisionMaterial, compiling. 
[2020.03.06-12.17.58:056][  0]LogMaterial: Display: Missing cached shader map for material PhAT_UnselectedMaterial, compiling. 
[2020.03.06-12.17.58:096][  0]LogMaterial: Display: Missing cached shader map for material Tick_Mat, compiling. 
[2020.03.06-12.17.58:131][  0]LogMaterial: Display: Missing cached shader map for material WidgetGridVertexColorMaterial_Ma, compiling. 
[2020.03.06-12.17.58:144][  0]LogMaterial: Display: Missing cached shader map for material WidgetMaterial, compiling. 
[2020.03.06-12.17.58:154][  0]LogMaterial: Display: Missing cached shader map for material WidgetMaterial_Current, compiling. 
[2020.03.06-12.17.58:164][  0]LogMaterial: Display: Missing cached shader map for material WidgetMaterial_X, compiling. 
[2020.03.06-12.17.58:175][  0]LogMaterial: Display: Missing cached shader map for material WidgetMaterial_Y, compiling. 
[2020.03.06-12.17.58:186][  0]LogMaterial: Display: Missing cached shader map for material WidgetMaterial_Z, compiling. 
[2020.03.06-12.17.58:198][  0]LogMaterial: Display: Missing cached shader map for material WidgetVertexColorMaterial, compiling. 
[2020.03.06-12.17.58:271][  0]LogMaterial: Display: Missing cached shader map for material LevelGridMaterial, compiling. 
[2020.03.06-12.17.58:678][  0]LogMaterial: Display: Missing cached shader map for material BlinkingCaret, compiling. 
[2020.03.06-12.17.58:956][  0]LogMaterial: Display: Missing cached shader map for material M_StreamingPause, compiling. 
[2020.03.06-12.17.59:173][  0]LogFileCache: Scanning file cache for directory 'C:/Users/N0737367/Documents/GitHub/VR-Project/VREscapeRoom/Content/' took 0.03s
[2020.03.06-12.17.59:173][  0]LogCook: Display: Max memory allowance for cook 16384mb min free memory 0mb
[2020.03.06-12.17.59:173][  0]LogCook: Display: Mobile HDR setting 1
[2020.03.06-12.18.03:398][  0]LogMaterial: Display: Missing cached shader map for material OculusMR_WhiteMaterial, compiling. 
[2020.03.06-12.18.03:459][  0]LogMaterial: Display: Missing cached shader map for material OculusMR_ChromaKey, compiling. 
[2020.03.06-12.18.03:487][  0]LogMaterial: Display: Missing cached shader map for material OculusMR_ChromaKey_Lit, compiling. 
[2020.03.06-12.18.03:516][  0]LogMaterial: Display: Missing cached shader map for material OculusMR_OpaqueColoredMaterial, compiling. 
[2020.03.06-12.18.05:555][  0]SourceControl: Source control is disabled
[2020.03.06-12.18.05:599][  0]Cmd: MAP LOAD FILE="../../../../../Users/N0737367/Documents/GitHub/VR-Project/VREscapeRoom/Content/Maps/MotionControllerMap.umap" TEMPLATE=0 SHOWPROGRESS=1 FEATURELEVEL=3
[2020.03.06-12.18.05:601][  0]LightingResults: New page: Lighting Build
[2020.03.06-12.18.06:019][  0]LogWorld: UWorld::CleanupWorld for Untitled, bSessionEnded=true, bCleanupResources=true
[2020.03.06-12.18.06:366][  0]MapCheck: New page: Map Check
[2020.03.06-12.18.06:366][  0]LightingResults: New page: Lighting Build
[2020.03.06-12.18.06:688][  0]LogUObjectHash: Compacting FUObjectHashTables data took   2.62ms
[2020.03.06-12.18.08:842][  0]LogBlueprint: Warning: [Compiler BP_MotionController] Default value for  Sim Frequency  on  Predict Projectile Path By ObjectType  has changed and this asset is from a version that may have had incorrect default value information - verify and resave
[2020.03.06-12.18.08:867][  0]LogClass: Warning: Enum '/Game/VirtualRealityBP/Blueprints/GripEnum.GripEnum' was upgraded to use FText to store its display name data. Please re-save this asset to avoid issues with localization and determinstic cooking.
[2020.03.06-12.18.08:899][  0]LogBlueprint: Warning: [Compiler BP_MotionController] Set Hand : Usage of 'Hand' has been deprecated. Please replace or remove it.
[2020.03.06-12.18.08:899][  0]LogBlueprint: Warning: [Compiler BP_MotionController] Set Hand : Usage of 'Set Tracking Source' has been deprecated. Please use the Motion Source property instead of Hand
[2020.03.06-12.18.08:905][  0]LogBlueprint: Warning: [Compiler BP_MotionController] ProjectPointToNavigation_DEPRECATED : Usage of 'ProjectPointToNavigation_DEPRECATED' has been deprecated. This version of ProjectPointToNavigation is deprecated. Please use the new version
[2020.03.06-12.18.09:526][  0]LogClass: Warning: Enum '/Game/VR_Essential_Kit/Blueprints/ENUM_InteractableActorType.ENUM_InteractableActorType' was upgraded to use FText to store its display name data. Please re-save this asset to avoid issues with localization and determinstic cooking.
[2020.03.06-12.18.10:027][  0]LogLinker: Warning: While loading '../../../../../Users/N0737367/Documents/GitHub/VR-Project/VREscapeRoom/Content/Maps/MotionControllerMap.umap' failed to load '/Game/Maps/MotionControllerMap_BuiltData': Can't find file.
[2020.03.06-12.18.10:028][  0]LogLinker: Warning: While loading '../../../../../Users/N0737367/Documents/GitHub/VR-Project/VREscapeRoom/Content/Maps/MotionControllerMap.umap' failed to load '/Game/Maps/MotionControllerMap_BuiltData': Can't find file.
[2020.03.06-12.18.10:263][  0]LogLinker: Warning: While loading '../../../../../Users/N0737367/Documents/GitHub/VR-Project/VREscapeRoom/Content/Maps/MotionControllerMap.umap' failed to load '/Game/Maps/MotionControllerMap_BuiltData': Can't find file.
[2020.03.06-12.18.10:264][  0]LogLinker: Warning: While loading '../../../../../Users/N0737367/Documents/GitHub/VR-Project/VREscapeRoom/Content/Maps/MotionControllerMap.umap' failed to load '/Game/Maps/MotionControllerMap_BuiltData': Can't find file.
[2020.03.06-12.18.10:607][  0]LogLinker: Warning: Failed to load '/Game/Maps/MotionControllerMap_BuiltData': Can't find file.
[2020.03.06-12.18.10:608][  0]LogLinker: Warning: Failed to load '/Game/Maps/MotionControllerMap_BuiltData': Can't find file.
[2020.03.06-12.18.10:608][  0]LogLinker: Warning: Failed to load '/Game/Maps/MotionControllerMap_BuiltData': Can't find file.
[2020.03.06-12.18.10:609][  0]LogLinker: Warning: Failed to load '/Game/Maps/MotionControllerMap_BuiltData': Can't find file.
[2020.03.06-12.18.10:688][  0]LogLinker: Warning: While loading '../../../../../Users/N0737367/Documents/GitHub/VR-Project/VREscapeRoom/Content/Maps/MotionControllerMap.umap' failed to load '/Game/Maps/MotionControllerMap_BuiltData': Can't find file.
[2020.03.06-12.18.10:688][  0]LoadErrors: Failed to load /Game/Maps/MotionControllerMap_BuiltData.MotionControllerMap_BuiltData Referenced by PersistentLevel
[2020.03.06-12.18.10:688][  0]LogLinker: Warning: While loading '../../../../../Users/N0737367/Documents/GitHub/VR-Project/VREscapeRoom/Content/Maps/MotionControllerMap.umap' failed to load '/Game/Maps/MotionControllerMap_BuiltData': Can't find file.
[2020.03.06-12.18.10:688][  0]LoadErrors: Failed to load /Game/Maps/MotionControllerMap_BuiltData.MotionControllerMap_BuiltData Referenced by PersistentLevel
[2020.03.06-12.18.11:000][  0]LogTexture: Display: Building textures: T_PolygonScifi_Emissive_03 (AutoDXT, 2048X2048)
[2020.03.06-12.18.11:000][  0]LogTexture: Display: Building textures: T_PolygonScifi_Emissive_01 (AutoDXT, 2048X2048)
[2020.03.06-12.18.11:000][  0]LogTexture: Display: Building textures: T_PolygonScifi_Emissive_04 (AutoDXT, 2048X2048)
[2020.03.06-12.18.11:000][  0]LogMaterial: Display: Missing cached shader map for material M_SplineArcMat, compiling. 
[2020.03.06-12.18.11:060][  0]LogStaticMesh: Building static mesh BeamMesh...
[2020.03.06-12.18.11:085][  0]LogTexture: Display: Building textures: T_PolygonScifi_01_A (AutoDXT, 2048X2048)
[2020.03.06-12.18.11:085][  0]LogTexture: Display: Building textures: T_PolygonScifi_03_D (AutoDXT, 2048X2048)
[2020.03.06-12.18.11:085][  0]LogStaticMesh: Built static mesh [0.02s] /Game/VirtualReality/Meshes/BeamMesh.BeamMesh
[2020.03.06-12.18.11:168][  0]LogTexture: Display: Building textures: T_PolygonScifi_04_F (AutoDXT, 2048X2048)
[2020.03.06-12.18.11:168][  0]LogStaticMesh: Building static mesh BeaconDirection...
[2020.03.06-12.18.11:173][  0]LogStaticMesh: Built static mesh [0.00s] /Game/VirtualReality/Meshes/BeaconDirection.BeaconDirection
[2020.03.06-12.18.11:180][  0]LogMaterial: Display: Missing cached shader map for material M_ArcEndpoint, compiling. 
[2020.03.06-12.18.11:301][  0]LogMaterial: Display: Missing cached shader map for material BasicShapeMaterial, compiling. 
[2020.03.06-12.18.11:388][  0]LogMaterial: Display: Missing cached shader map for material M_TeleportPreviews, compiling. 
[2020.03.06-12.18.11:413][  0]LogStaticMesh: Building static mesh 1x1_cube...
[2020.03.06-12.18.11:414][  0]LogStaticMesh: Built static mesh [0.00s] /Game/VirtualReality/Meshes/1x1_cube.1x1_cube
[2020.03.06-12.18.11:420][  0]LogStaticMesh: Building static mesh SM_FatCylinder...
[2020.03.06-12.18.11:432][  0]LogStaticMesh: Built static mesh [0.01s] /Game/VirtualReality/Meshes/SM_FatCylinder.SM_FatCylinder
[2020.03.06-12.18.11:654][  0]LogMaterial: Display: Missing cached shader map for material M_Sky_Panning_Clouds2, compiling. 
[2020.03.06-12.18.11:666][  0]LogStaticMesh: Building static mesh SM_ChestDrawer...
[2020.03.06-12.18.11:702][  0]LogStaticMesh: Built static mesh [0.04s] /Game/VR_Essential_Kit/Meshes/SM_ChestDrawer.SM_ChestDrawer
[2020.03.06-12.18.11:703][  0]LogStaticMesh: Building static mesh coin...
[2020.03.06-12.18.11:709][  0]LogStaticMesh: Built static mesh [0.01s] /Game/coin.coin
[2020.03.06-12.18.11:717][  0]LogStaticMesh: Building static mesh SM_Prop_Cylinder_02...
[2020.03.06-12.18.11:725][  0]LogStaticMesh: Built static mesh [0.01s] /Game/PolygonScifi/Meshes/Props/SM_Prop_Cylinder_02.SM_Prop_Cylinder_02
[2020.03.06-12.18.11:732][  0]LogStaticMesh: Building static mesh SM_Prop_Wall_Prop_01...
[2020.03.06-12.18.11:735][  0]LogStaticMesh: Built static mesh [0.00s] /Game/PolygonScifi/Meshes/Props/SM_Prop_Wall_Prop_01.SM_Prop_Wall_Prop_01
[2020.03.06-12.18.11:746][  0]LogStaticMesh: Building static mesh SM_Chest...
[2020.03.06-12.18.11:802][  0]LogStaticMesh: Built static mesh [0.06s] /Game/VR_Essential_Kit/Meshes/SM_Chest.SM_Chest
[2020.03.06-12.18.11:808][  0]LogStaticMesh: Building static mesh SM_Env_Floor_01...
[2020.03.06-12.18.11:808][  0]LogStaticMesh: Built static mesh [0.00s] /Game/PolygonScifi/Meshes/Environments/SM_Env_Floor_01.SM_Env_Floor_01
[2020.03.06-12.18.11:811][  0]LogStaticMesh: Building static mesh SM_Env_Wall_Generic_01...
[2020.03.06-12.18.11:812][  0]LogStaticMesh: Built static mesh [0.00s] /Game/PolygonScifi/Meshes/Environments/SM_Env_Wall_Generic_01.SM_Env_Wall_Generic_01
[2020.03.06-12.18.11:818][  0]LogStaticMesh: Building static mesh SM_Prop_AirConditioningUnit_02...
[2020.03.06-12.18.11:821][  0]LogStaticMesh: Built static mesh [0.00s] /Game/PolygonScifi/Meshes/Props/SM_Prop_AirConditioningUnit_02.SM_Prop_AirConditioningUnit_02
[2020.03.06-12.18.11:826][  0]LogStaticMesh: Building static mesh SM_Prop_Bottle_01...
[2020.03.06-12.18.11:828][  0]LogStaticMesh: Built static mesh [0.00s] /Game/PolygonScifi/Meshes/Props/SM_Prop_Bottle_01.SM_Prop_Bottle_01
[2020.03.06-12.18.11:834][  0]LogStaticMesh: Building static mesh SM_Prop_Carpet_Mat_01...
[2020.03.06-12.18.11:836][  0]LogStaticMesh: Built static mesh [0.00s] /Game/PolygonScifi/Meshes/Props/SM_Prop_Carpet_Mat_01.SM_Prop_Carpet_Mat_01
[2020.03.06-12.18.11:845][  0]LogStaticMesh: Building static mesh SM_Prop_Couch_01...
[2020.03.06-12.18.11:851][  0]LogStaticMesh: Built static mesh [0.01s] /Game/PolygonScifi/Meshes/Props/SM_Prop_Couch_01.SM_Prop_Couch_01
[2020.03.06-12.18.11:854][  0]LogStaticMesh: Building static mesh SM_Prop_Cylinder_01...
[2020.03.06-12.18.11:859][  0]LogStaticMesh: Built static mesh [0.01s] /Game/PolygonScifi/Meshes/Props/SM_Prop_Cylinder_01.SM_Prop_Cylinder_01
[2020.03.06-12.18.11:864][  0]LogStaticMesh: Building static mesh SM_Prop_Cylinder_01_Lid...
[2020.03.06-12.18.11:877][  0]LogStaticMesh: Built static mesh [0.01s] /Game/PolygonScifi/Meshes/Props/SM_Prop_Cylinder_01_Lid.SM_Prop_Cylinder_01_Lid
[2020.03.06-12.18.11:890][  0]LogStaticMesh: Building static mesh SM_Prop_Door_02...
[2020.03.06-12.18.11:898][  0]LogStaticMesh: Built static mesh [0.01s] /Game/PolygonScifi/Meshes/Props/SM_Prop_Door_02.SM_Prop_Door_02
[2020.03.06-12.18.11:907][  0]LogStaticMesh: Building static mesh SM_Prop_Security_Monitor_01...
[2020.03.06-12.18.11:911][  0]LogStaticMesh: Built static mesh [0.00s] /Game/PolygonScifi/Meshes/Props/SM_Prop_Security_Monitor_01.SM_Prop_Security_Monitor_01
[2020.03.06-12.18.11:935][  0]LogStaticMesh: Building static mesh SM_Prop_Shelves_01...
[2020.03.06-12.18.11:950][  0]LogStaticMesh: Built static mesh [0.02s] /Game/PolygonScifi/Meshes/Props/SM_Prop_Shelves_01.SM_Prop_Shelves_01
[2020.03.06-12.18.11:963][  0]LogStaticMesh: Building static mesh SM_Prop_VendingMachine_01...
[2020.03.06-12.18.11:970][  0]LogStaticMesh: Built static mesh [0.01s] /Game/PolygonScifi/Meshes/Props/SM_Prop_VendingMachine_01.SM_Prop_VendingMachine_01
[2020.03.06-12.18.11:982][  0]LogStaticMesh: Building static mesh SM_Button...
[2020.03.06-12.18.12:004][  0]LogStaticMesh: Built static mesh [0.02s] /Game/VR_Essential_Kit/Meshes/SM_Button.SM_Button
[2020.03.06-12.18.12:054][  0]LogSkeletalMesh: Building Skeletal Mesh SK_Character_Robot_01...
[2020.03.06-12.18.12:085][  0]LogTexture: Display: Building textures: T_PolygonSciFiCity_Texture_Roughness (BGRA8, 2048X2048)
[2020.03.06-12.18.12:085][  0]LogSkeletalMesh: Built Skeletal Mesh [0.03s] /Game/PolygonScifi/Meshes/Characters/SK_Character_Robot_01.SK_Character_Robot_01
[2020.03.06-12.18.13:111][  0]LogTexture: Display: Building textures: T_PolygonSciFiCity_Texture_Normal (BC5, 2048X2048)
[2020.03.06-12.18.13:111][  0]LogTexture: Display: Building textures: T_PolygonSciFiCity_Texture_Metallic (BGRA8, 2048X2048)
[2020.03.06-12.18.13:111][  0]LogTexture: Display: Building textures: T_PolygonScifi_Emissive_02 (AutoDXT, 2048X2048)
[2020.03.06-12.18.13:111][  0]LogMaterial: Display: Missing cached shader map for material Mat_PolygonScifi_04_F, compiling. 
[2020.03.06-12.18.13:502][  0]LogTexture: Display: Building textures: T_PolygonScifi_02_C (AutoDXT, 2048X2048)
[2020.03.06-12.18.13:502][  0]LogTexture: Display: Building textures: T_PolygonScifi_02_A (AutoDXT, 2048X2048)
[2020.03.06-12.18.13:502][  0]LogTexture: Display: Building textures: T_PolygonScifi_01_D (AutoDXT, 2048X2048)
[2020.03.06-12.18.13:502][  0]LogMaterial: Display: Missing cached shader map for material Mat_PolygonScifi_01_A, compiling. 
[2020.03.06-12.18.13:656][  0]LogMaterial: Display: Missing cached shader map for material Mat_PolygonScifi_03_D, compiling. 
[2020.03.06-12.18.14:864][  0]LogTexture: Display: Building textures: T_PolygonScifi_03_C (AutoDXT, 2048X2048)
[2020.03.06-12.18.14:864][  0]LogMaterial: Display: Missing cached shader map for material Mat_PolygonScifi_02_C, compiling. 
[2020.03.06-12.18.15:090][  0]LogMaterial: Display: Missing cached shader map for material Mat_PolygonScifi_02_A, compiling. 
[2020.03.06-12.18.15:175][  0]LogMaterial: Display: Missing cached shader map for material Mat_PolygonScifi_01_D, compiling. 
[2020.03.06-12.18.15:261][  0]LogMaterial: Display: Missing cached shader map for material coinMat, compiling. 
[2020.03.06-12.18.15:291][  0]LogMaterial: Display: Missing cached shader map for material M_BaseMaterial, compiling. 
[2020.03.06-12.18.15:352][  0]LogMaterial: Display: Missing cached shader map for material CubeMaterial, compiling. 
[2020.03.06-12.18.15:415][  0]LogMaterial: Display: Missing cached shader map for material M_HandMat, compiling. 
[2020.03.06-12.18.15:465][  0]LogSkeletalMesh: Building Skeletal Mesh MannequinHand_Right...
[2020.03.06-12.18.15:476][  0]LogSkeletalMesh: Built Skeletal Mesh [0.01s] /Game/VirtualReality/Mannequin/Character/Mesh/MannequinHand_Right.MannequinHand_Right
[2020.03.06-12.18.15:522][  0]LogAnimationCompression: Building Anim DDC data for AnimSequence /Game/VirtualReality/Mannequin/Animations/MannequinHand_Right_CanGrab.MannequinHand_Right_CanGrab
[2020.03.06-12.18.15:524][  0]LogAnimationCompression: Recompressing (AnimSequence /Game/VirtualReality/Mannequin/Animations/MannequinHand_Right_CanGrab.MannequinHand_Right_CanGrab) using current/default (AnimCompress_BitwiseCompressOnly_0) bFirstRecompressUsingCurrentOrDefault(1) bTryAlternateCompressor(0) IsCompressedDataValid(0)
[2020.03.06-12.18.15:536][  0]LogAnimationCompression: Building Anim DDC data for AnimSequence /Game/VirtualReality/Mannequin/Animations/MannequinHand_Right_Open.MannequinHand_Right_Open
[2020.03.06-12.18.15:536][  0]LogAnimationCompression: Recompressing (AnimSequence /Game/VirtualReality/Mannequin/Animations/MannequinHand_Right_Open.MannequinHand_Right_Open) using current/default (AnimCompress_BitwiseCompressOnly_0) bFirstRecompressUsingCurrentOrDefault(1) bTryAlternateCompressor(0) IsCompressedDataValid(0)
[2020.03.06-12.18.15:537][  0]LogAnimationCompression: Building Anim DDC data for AnimSequence /Game/VirtualReality/Mannequin/Animations/MannequinHand_Right_Grab.MannequinHand_Right_Grab
[2020.03.06-12.18.15:537][  0]LogAnimationCompression: Recompressing (AnimSequence /Game/VirtualReality/Mannequin/Animations/MannequinHand_Right_Grab.MannequinHand_Right_Grab) using current/default (AnimCompress_BitwiseCompressOnly_0) bFirstRecompressUsingCurrentOrDefault(1) bTryAlternateCompressor(0) IsCompressedDataValid(0)
[2020.03.06-12.18.15:547][  0]LogMaterial: Display: Missing cached shader map for material Mat_PolygonScifi_03_C, compiling. 
[2020.03.06-12.18.15:592][  0]LogClass: Warning: Enum '/Game/VR_Essential_Kit/Blueprints/ENUM_PickupObjectType.ENUM_PickupObjectType' was upgraded to use FText to store its display name data. Please re-save this asset to avoid issues with localization and determinstic cooking.
[2020.03.06-12.18.15:616][  0]LogAIModule: Creating AISystem for world MotionControllerMap
[2020.03.06-12.18.17:904][  0]LogScript: Warning: Accessed None trying to read property CallFunc_Array_Get_Item
	BP_InteractableActor_C /Game/Maps/MotionControllerMap.MotionControllerMap:PersistentLevel.vending_button
	Function /Game/VR_Essential_Kit/Blueprints/BP_InteractableActor.BP_InteractableActor_C:UserConstructionScript:088C
[2020.03.06-12.18.17:976][  0]LogEditorServer: Finished looking for orphan Actors (0.000 secs)
[2020.03.06-12.18.18:124][  0]LogUObjectHash: Compacting FUObjectHashTables data took   3.93ms
[2020.03.06-12.18.18:125][  0]Cmd: MAP CHECKDEP NOCLEARLOG
[2020.03.06-12.18.18:126][  0]MapCheck: Map check complete: 0 Error(s), 0 Warning(s), took 1.004ms to complete.
[2020.03.06-12.18.18:126][  0]LogFileHelpers: Loading map 'MotionControllerMap' took 12.553
[2020.03.06-12.18.20:068][  0]LogSlate: Updating window title bar state: overlay mode, drag disabled, window buttons hidden, title bar hidden
[2020.03.06-12.18.20:094][  0]LogSlate: Updating window title bar state: overlay mode, drag disabled, window buttons hidden, title bar hidden
[2020.03.06-12.18.20:101][  0]LogSlate: Updating window title bar state: overlay mode, drag disabled, window buttons hidden, title bar hidden
[2020.03.06-12.18.20:110][  0]LogSlate: Updating window title bar state: overlay mode, drag disabled, window buttons hidden, title bar hidden
[2020.03.06-12.18.20:452][  0]LogCollectionManager: Loaded 0 collections in 0.004334 seconds
[2020.03.06-12.18.20:711][  0]LogFileCache: Scanning file cache for directory 'C:/Users/N0737367/Documents/GitHub/VR-Project/VREscapeRoom/Saved/Collections/' took 0.00s
[2020.03.06-12.18.20:711][  0]LogFileCache: Scanning file cache for directory 'C:/Users/N0737367/Documents/GitHub/VR-Project/VREscapeRoom/Content/Developers/N0737367/Collections/' took 0.00s
[2020.03.06-12.18.20:711][  0]LogFileCache: Scanning file cache for directory 'C:/Users/N0737367/Documents/GitHub/VR-Project/VREscapeRoom/Content/Collections/' took 0.00s
[2020.03.06-12.18.20:711][  0]LogCollectionManager: Rebuilt the GUID cache for 0 collections in 0.000002 seconds
[2020.03.06-12.18.20:752][  0]LogContentBrowser: Native class hierarchy populated in 0.0250 seconds. Added 2863 classes and 680 folders.
[2020.03.06-12.18.20:924][  0]LogContentBrowser: Native class hierarchy updated for 'WidgetCarousel' in 0.0003 seconds. Added 0 classes and 0 folders.
[2020.03.06-12.18.25:288][  0]LogContentBrowser: Native class hierarchy updated for 'AddContentDialog' in 0.0003 seconds. Added 0 classes and 0 folders.
[2020.03.06-12.18.25:466][  0]LogContentBrowser: Native class hierarchy updated for 'SceneOutliner' in 0.0003 seconds. Added 1 classes and 2 folders.
[2020.03.06-12.18.26:292][  0]LogSlate: Took 0.014749 seconds to synchronously load lazily loaded font '../../../Engine/Content/Slate/Fonts/Roboto-Bold.ttf' (160K)
[2020.03.06-12.18.26:353][  0]LogSlate: Took 0.030157 seconds to synchronously load lazily loaded font '../../../Engine/Content/Slate/Fonts/Roboto-Regular.ttf' (155K)
[2020.03.06-12.18.26:401][  0]LogSlate: FSceneViewport::OnFocusLost() reason 5
[2020.03.06-12.18.26:554][  0]LogSlate: Window 'Tutorials' being destroyed
[2020.03.06-12.18.26:755][  0]LogContentBrowser: Native class hierarchy updated for 'HierarchicalLODOutliner' in 0.0006 seconds. Added 0 classes and 0 folders.
[2020.03.06-12.18.26:755][  0]LogLoad: (Engine Initialization) Total time: 1179.37 seconds
[2020.03.06-12.18.26:755][  0]LogLoad: (Engine Initialization) Total Blueprint compile time: 0.00 seconds
[2020.03.06-12.18.27:089][  0]LogContentStreaming: Texture pool size now 1000 MB
[2020.03.06-12.18.27:094][  0]LogSlate: FSceneViewport::OnFocusLost() reason 5
[2020.03.06-12.18.27:206][  0]LogSlate: Took 0.040455 seconds to synchronously load lazily loaded font '../../../Engine/Content/Editor/Slate/Fonts/FontAwesome.ttf' (139K)
[2020.03.06-12.18.27:600][  0]LogMaterial: Display: Missing cached shader map for material LevelGridMaterial2, compiling. 
[2020.03.06-12.18.27:832][  0]LogRenderer: Reallocating scene render targets to support 804x360 Format 26 NumSamples 1 (Frame:1).
[2020.03.06-12.18.27:832][  0]LogSlate: Took 0.091039 seconds to synchronously load lazily loaded font '../../../Engine/Content/Slate/Fonts/Roboto-Light.ttf' (167K)
[2020.03.06-12.18.28:526][  3]LogAssetRegistry: Asset discovery search completed in 1136.8664 seconds
[2020.03.06-12.18.28:539][  3]LogCollectionManager: Rebuilt the object cache for 0 collections in 0.000005 seconds (found 0 objects)
[2020.03.06-12.18.28:539][  3]LogCollectionManager: Fixed up redirectors for 0 collections in 0.000085 seconds (updated 0 objects)
[2020.03.06-12.18.28:667][  5]PIE: Warning: Constraint in '/Engine/Transient.World_2:PersistentLevel.BP_InteractableActor_C_0.PhysicsConstraint' attempting to create a joint between objects that are both static.  No joint created.
[2020.03.06-12.18.31:858][313]LogSlate: Window 'Message Log' being destroyed
[2020.03.06-12.18.31:862][313]LogSlate: Window 'Message Log' being destroyed
[2020.03.06-12.18.35:790][755]LogSlate: FSceneViewport::OnFocusLost() reason 0
[2020.03.06-12.18.35:972][770]LogRenderer: Reallocating scene render targets to support 1208x572 Format 26 NumSamples 1 (Frame:744).
[2020.03.06-13.22.21:755][ 18]LogSlate: Took 0.008788 seconds to synchronously load lazily loaded font '../../../Engine/Content/Slate/Fonts/Roboto-Light.ttf' (167K)
[2020.03.06-13.22.21:800][ 18]LogFactory: FactoryCreateFile: StaticMesh with FbxFactory (0 0 ../../../../../Users/N0737367/Desktop/hammer.fbx)
[2020.03.06-13.22.21:911][ 18]LogFbx: Loading FBX Scene from ../../../../../Users/N0737367/Desktop/hammer.fbx
[2020.03.06-13.22.21:929][ 18]LogFbx: FBX Scene Loaded Succesfully
[2020.03.06-13.22.23:700][ 18]LogSlate: Window 'FBX Import Options' being destroyed
[2020.03.06-13.22.24:459][ 18]LogMaterial: Display: Missing cached shader map for material 02_-_Default, compiling. 
[2020.03.06-13.22.24:484][ 18]LogMaterial: Display: Missing cached shader map for material 01_-_Default, compiling. 
[2020.03.06-13.22.24:563][ 18]LogStaticMesh: Building static mesh hammer_Mallet1...
[2020.03.06-13.22.24:591][ 18]LogStaticMesh: Built static mesh [0.03s] /Game/hammer_Mallet1.hammer_Mallet1
[2020.03.06-13.22.24:616][ 18]LogStaticMesh: Building static mesh hammer_Box001...
[2020.03.06-13.22.24:625][ 18]LogStaticMesh: Built static mesh [0.01s] /Game/hammer_Box001.hammer_Box001
[2020.03.06-13.22.24:646][ 18]LogStaticMesh: Building static mesh hammer_Box002...
[2020.03.06-13.22.24:650][ 18]LogStaticMesh: Built static mesh [0.00s] /Game/hammer_Box002.hammer_Box002
[2020.03.06-13.22.24:685][ 18]FBXImport: Warning: No smoothing group information was found in this FBX scene.  Please make sure to enable the 'Export Smoothing Groups' option in the FBX Exporter plug-in before exporting the file.  Even for tools that don't support smoothing groups, the FBX Exporter will generate appropriate smoothing data at export-time so that correct vertex normals can be inferred while importing. 
[2020.03.06-13.22.25:454][ 18]LogFactory: FactoryCreateFile: Texture with ReimportTextureFactory (0 0 ../../../../../Users/N0737367/Desktop/HammerTexture.tga)
[2020.03.06-13.22.25:517][ 18]LogTexture: Display: Building textures: HammerTexture (AutoDXT, 2048X2048)
[2020.03.06-13.22.32:545][536]LogSlate: Window 'Message Log' being destroyed
[2020.03.06-13.22.32:548][536]LogSlate: Window 'Message Log' being destroyed
[2020.03.06-13.22.39:940][322]LogUObjectHash: Compacting FUObjectHashTables data took   5.13ms
[2020.03.06-13.22.41:060][322]LogSlate: Window 'Delete Assets' being destroyed
[2020.03.06-13.22.41:162][322]LogUObjectHash: Compacting FUObjectHashTables data took   5.37ms
[2020.03.06-13.22.42:043][405]LogUObjectHash: Compacting FUObjectHashTables data took   0.77ms
[2020.03.06-13.22.42:870][405]LogSlate: Window 'Delete Assets' being destroyed
[2020.03.06-13.22.42:933][405]LogUObjectHash: Compacting FUObjectHashTables data took   1.92ms
[2020.03.06-13.22.43:022][406]LogUObjectHash: Compacting FUObjectHashTables data took   0.66ms
[2020.03.06-13.22.43:022][406]LogFileHelpers: Editor autosave (incl. sublevels) for '/Game/Maps/MotionControllerMap' took 0.021
[2020.03.06-13.22.43:024][406]OBJ SavePackage: Generating thumbnails for [1] asset(s) in package [/Game/HammerTexture] ([1] browsable assets)...
[2020.03.06-13.22.43:030][406]OBJ SavePackage:     Rendered thumbnail for [Texture2D /Game/HammerTexture.HammerTexture]
[2020.03.06-13.22.43:030][406]OBJ SavePackage: Finished generating thumbnails for package [/Game/HammerTexture]
[2020.03.06-13.22.43:078][406]LogSavePackage: Moving '../../../../../Users/N0737367/Documents/GitHub/VR-Project/VREscapeRoom/Saved/HammerTexture_Auto11681171248970EBA98951DBD7BD79802.tmp' to '../../../../../Users/N0737367/Documents/GitHub/VR-Project/VREscapeRoom/Saved/Autosaves/Game/HammerTexture_Auto1.uasset'
[2020.03.06-13.22.43:081][406]OBJ SavePackage: Generating thumbnails for [1] asset(s) in package [/Game/hammer_Box001] ([1] browsable assets)...
[2020.03.06-13.22.43:103][406]OBJ SavePackage:     Rendered thumbnail for [StaticMesh /Game/hammer_Box001.hammer_Box001]
[2020.03.06-13.22.43:103][406]OBJ SavePackage: Finished generating thumbnails for package [/Game/hammer_Box001]
[2020.03.06-13.22.43:134][406]LogSavePackage: Moving '../../../../../Users/N0737367/Documents/GitHub/VR-Project/VREscapeRoom/Saved/hammer_Box001_Auto11C87E43D4F66E2EC3B14F591993D1A84.tmp' to '../../../../../Users/N0737367/Documents/GitHub/VR-Project/VREscapeRoom/Saved/Autosaves/Game/hammer_Box001_Auto1.uasset'
[2020.03.06-13.22.43:138][406]OBJ SavePackage: Generating thumbnails for [1] asset(s) in package [/Game/02_-_Default] ([1] browsable assets)...
[2020.03.06-13.22.43:147][406]OBJ SavePackage:     Rendered thumbnail for [Material /Game/02_-_Default.02_-_Default]
[2020.03.06-13.22.43:147][406]OBJ SavePackage: Finished generating thumbnails for package [/Game/02_-_Default]
[2020.03.06-13.22.43:147][406]Cmd: OBJ SAVEPACKAGE PACKAGE="/Game/02_-_Default" FILE="../../../../../Users/N0737367/Documents/GitHub/VR-Project/VREscapeRoom/Saved/Autosaves/Game/02_-_Default_Auto1.uasset" SILENT=false AUTOSAVING=true
[2020.03.06-13.22.43:167][406]LogSavePackage: Moving '../../../../../Users/N0737367/Documents/GitHub/VR-Project/VREscapeRoom/Saved/02_-_Default_Auto1841FB8C34340A5824FC7B191693DE5E2.tmp' to '../../../../../Users/N0737367/Documents/GitHub/VR-Project/VREscapeRoom/Saved/Autosaves/Game/02_-_Default_Auto1.uasset'
[2020.03.06-13.22.43:171][406]OBJ SavePackage: Generating thumbnails for [1] asset(s) in package [/Game/01_-_Default] ([1] browsable assets)...
[2020.03.06-13.22.43:179][406]OBJ SavePackage:     Rendered thumbnail for [Material /Game/01_-_Default.01_-_Default]
[2020.03.06-13.22.43:179][406]OBJ SavePackage: Finished generating thumbnails for package [/Game/01_-_Default]
[2020.03.06-13.22.43:179][406]Cmd: OBJ SAVEPACKAGE PACKAGE="/Game/01_-_Default" FILE="../../../../../Users/N0737367/Documents/GitHub/VR-Project/VREscapeRoom/Saved/Autosaves/Game/01_-_Default_Auto1.uasset" SILENT=false AUTOSAVING=true
[2020.03.06-13.22.43:199][406]LogSavePackage: Moving '../../../../../Users/N0737367/Documents/GitHub/VR-Project/VREscapeRoom/Saved/01_-_Default_Auto1D4B4227544DC8BCC09E92B85624B8824.tmp' to '../../../../../Users/N0737367/Documents/GitHub/VR-Project/VREscapeRoom/Saved/Autosaves/Game/01_-_Default_Auto1.uasset'
[2020.03.06-13.22.43:203][406]LogFileHelpers: Auto-saving content packages took 0.180
[2020.03.06-13.22.52:151][340]LogSlate: FSceneViewport::OnFocusLost() reason 0
[2020.03.06-13.22.52:300][354]LogActorFactory: Actor Factory created hammer_Box001
[2020.03.06-13.22.53:476][483]LogActorFactory: Actor Factory created hammer_Box001
[2020.03.06-13.22.56:681][764]LogSlate: FSceneViewport::OnFocusLost() reason 2
[2020.03.06-13.23.18:084][988]LogMaterial: Display: Missing cached shader map for material HammerMat, compiling. 
[2020.03.06-13.23.21:946][363]LogAssetEditorManager: Opening Asset editor for Material /Game/HammerMat.HammerMat
[2020.03.06-13.23.21:965][363]LogMaterial: Display: Missing cached shader map for material HammerMat, compiling. 
[2020.03.06-13.23.22:325][363]LogMaterial: Display: Missing cached shader map for material M_SkyBox, compiling. 
[2020.03.06-13.23.22:349][363]LogMaterial: Display: Missing cached shader map for material GridMaterial, compiling. 
[2020.03.06-13.23.22:553][363]LogMaterial: Display: Missing cached shader map for material HammerMat, compiling. 
[2020.03.06-13.23.22:583][363]LogMaterial: Display: Missing cached shader map for material HammerMat, compiling. 
[2020.03.06-13.23.22:617][363]LogMaterial: Display: Missing cached shader map for material FMatExpressionPreview MaterialExpressionTextureSample_0, compiling. 
[2020.03.06-13.23.22:699][363]LogSlate: Took 0.024282 seconds to synchronously load lazily loaded font '../../../Engine/Content/Slate/Fonts/Roboto-BoldCondensed.ttf' (158K)
[2020.03.06-13.23.30:723][841]LogMaterialEditor: Saving and Compiling material HammerMat
[2020.03.06-13.23.30:889][841]Cmd: OBJ SAVEPACKAGE PACKAGE="/Game/HammerMat" FILE="../../../../../Users/N0737367/Documents/GitHub/VR-Project/VREscapeRoom/Content/HammerMat.uasset" SILENT=true
[2020.03.06-13.23.30:916][841]LogSavePackage: Moving '../../../../../Users/N0737367/Documents/GitHub/VR-Project/VREscapeRoom/Saved/HammerMat48061F9442113FC267A63FA4DBD4230C.tmp' to '../../../../../Users/N0737367/Documents/GitHub/VR-Project/VREscapeRoom/Content/HammerMat.uasset'
[2020.03.06-13.23.32:094][920]LogSlate: Window 'HammerMat' being destroyed
[2020.03.06-13.23.32:098][920]LogSlate: Window 'HammerMat' being destroyed
[2020.03.06-13.23.32:137][920]LogWorld: UWorld::CleanupWorld for World_6, bSessionEnded=true, bCleanupResources=true
[2020.03.06-13.23.51:642][915]LogSlate: FSceneViewport::OnFocusLost() reason 0
[2020.03.06-13.23.57:435][461]LogSlate: FSceneViewport::OnFocusLost() reason 2
[2020.03.06-13.24.00:147][726]LogSlate: Took 0.015766 seconds to synchronously load lazily loaded font '../../../Engine/Content/Slate/Fonts/Roboto-Italic.ttf' (157K)
[2020.03.06-13.24.01:338][847]LogSlate: FSceneViewport::OnFocusLost() reason 2
[2020.03.06-13.24.04:983][197]LogEditorViewport: Clicking on Actor (LMB): StaticMeshActor (hammer_Box001)
[2020.03.06-13.24.05:576][262]Cmd: DELETE
[2020.03.06-13.24.05:576][262]Cmd: ACTOR DELETE
[2020.03.06-13.24.05:667][262]LogEditorActor: Deleted Actor: StaticMeshActor
[2020.03.06-13.24.05:694][262]LogUObjectHash: Compacting FUObjectHashTables data took   1.95ms
[2020.03.06-13.24.05:694][262]LogEditorActor: Deleted 1 Actors (0.059 secs)
[2020.03.06-13.24.11:177][919]LogEditorViewport: Clicking on Actor (LMB): BP_PickupObject_C (BP_PickupObject3)
[2020.03.06-13.24.25:944][565]LogSlate: FSceneViewport::OnFocusLost() reason 0
[2020.03.06-13.25.09:609][610]LogSlate: FSceneViewport::OnFocusLost() reason 0
[2020.03.06-13.27.25:759][ 22]LogInit: XAudio2 using 'HTC-VIVE (NVIDIA High Definition Audio)' : 2 channels at 48 kHz using 16 bits per sample (channel mask 0x3)
