Log file open, 03/10/20 12:58:28
LogWindows: Failed to load 'aqProf.dll' (GetLastError=126)
LogWindows: File 'aqProf.dll' does not exist
LogWindows: Failed to load 'VtuneApi.dll' (GetLastError=126)
LogWindows: File 'VtuneApi.dll' does not exist
LogWindows: Failed to load 'VtuneApi32e.dll' (GetLastError=126)
LogWindows: File 'VtuneApi32e.dll' does not exist
LogConsoleResponse: Display: Failed to find resolution value strings in scalability ini. Falling back to default.
LogInit: Display: Running engine for game: VREscapeRoom
LogPlatformFile: Not using cached read wrapper
LogTaskGraph: Started task graph with 5 named threads and 35 total threads with 3 sets of task threads.
LogStats: Stats thread started at 3.174586
LogD3D11RHI: Loaded GFSDK_Aftermath_Lib.x64.dll
LogICUInternationalization: ICU TimeZone Detection - Raw Offset: +0:00, Platform Override: ''
LogPluginManager: Mounting plugin Paper2D
LogPluginManager: Mounting plugin AISupport
LogPluginManager: Mounting plugin LightPropagationVolume
LogPluginManager: Mounting plugin ActorLayerUtilities
LogPluginManager: Mounting plugin AnimationSharing
LogPluginManager: Mounting plugin CLionSourceCodeAccess
LogPluginManager: Mounting plugin CodeLiteSourceCodeAccess
LogPluginManager: Mounting plugin GitSourceControl
LogPluginManager: Mounting plugin KDevelopSourceCodeAccess
LogPluginManager: Mounting plugin NullSourceCodeAccess
LogPluginManager: Mounting plugin PerforceSourceControl
LogPluginManager: Mounting plugin SubversionSourceControl
LogPluginManager: Mounting plugin UObjectPlugin
LogPluginManager: Mounting plugin VisualStudioCodeSourceCodeAccess
LogPluginManager: Mounting plugin VisualStudioSourceCodeAccess
LogPluginManager: Mounting plugin XCodeSourceCodeAccess
LogPluginManager: Mounting plugin AssetManagerEditor
LogPluginManager: Mounting plugin CryptoKeys
LogPluginManager: Mounting plugin CurveEditorTools
LogPluginManager: Mounting plugin DataValidation
LogPluginManager: Mounting plugin FacialAnimation
LogPluginManager: Mounting plugin GameplayTagsEditor
LogPluginManager: Mounting plugin MacGraphicsSwitching
LogPluginManager: Mounting plugin MaterialAnalyzer
LogPluginManager: Mounting plugin MobileLauncherProfileWizard
LogPluginManager: Mounting plugin PluginBrowser
LogPluginManager: Mounting plugin SpeedTreeImporter
LogPluginManager: Mounting plugin DatasmithContent
LogPluginManager: Mounting plugin VariantManagerContent
LogPluginManager: Mounting plugin AlembicImporter
LogPluginManager: Mounting plugin AutomationUtils
LogPluginManager: Mounting plugin BackChannel
LogPluginManager: Mounting plugin CharacterAI
LogPluginManager: Mounting plugin GeometryCache
LogPluginManager: Mounting plugin HTML5Networking
LogPluginManager: Mounting plugin PlatformCrypto
LogPluginManager: Mounting plugin ProxyLODPlugin
LogPluginManager: Mounting plugin SkeletalReduction
LogPluginManager: Mounting plugin MagicLeap
LogPluginManager: Mounting plugin MagicLeapMedia
LogPluginManager: Mounting plugin AndroidMedia
LogPluginManager: Mounting plugin AvfMedia
LogPluginManager: Mounting plugin ImgMedia
LogPluginManager: Mounting plugin MediaCompositing
LogPluginManager: Mounting plugin MediaPlayerEditor
LogPluginManager: Mounting plugin WebMMedia
LogPluginManager: Mounting plugin WmfMedia
LogPluginManager: Mounting plugin TcpMessaging
LogPluginManager: Mounting plugin UdpMessaging
LogPluginManager: Mounting plugin ActorSequence
LogPluginManager: Mounting plugin LevelSequenceEditor
LogPluginManager: Mounting plugin MatineeToLevelSequence
LogPluginManager: Mounting plugin NetcodeUnitTest
LogPluginManager: Mounting plugin NUTUnrealEngine4
LogPluginManager: Mounting plugin OnlineSubsystemGooglePlay
LogPluginManager: Mounting plugin OnlineSubsystemIOS
LogPluginManager: Mounting plugin OnlineSubsystem
LogPluginManager: Mounting plugin OnlineSubsystemNull
LogPluginManager: Mounting plugin OnlineSubsystemUtils
LogPluginManager: Mounting plugin LauncherChunkInstaller
LogPluginManager: Mounting plugin AndroidDeviceProfileSelector
LogPluginManager: Mounting plugin AndroidMoviePlayer
LogPluginManager: Mounting plugin AndroidPermission
LogPluginManager: Mounting plugin AppleImageUtils
LogPluginManager: Mounting plugin AppleMoviePlayer
LogPluginManager: Mounting plugin ArchVisCharacter
LogPluginManager: Mounting plugin AudioCapture
LogPluginManager: Mounting plugin CableComponent
LogPluginManager: Mounting plugin CustomMeshComponent
LogPluginManager: Mounting plugin EditableMesh
LogPluginManager: Mounting plugin ExampleDeviceProfileSelector
LogPluginManager: Mounting plugin GoogleCloudMessaging
LogPluginManager: Mounting plugin IOSDeviceProfileSelector
LogPluginManager: Mounting plugin LinuxDeviceProfileSelector
LogPluginManager: Mounting plugin LocationServicesBPLibrary
LogPluginManager: Mounting plugin MobilePatchingUtils
LogPluginManager: Mounting plugin OculusVR
LogPluginManager: Mounting plugin PhysXVehicles
LogPluginManager: Mounting plugin ProceduralMeshComponent
LogPluginManager: Mounting plugin RuntimePhysXCooking
LogPluginManager: Mounting plugin SignificanceManager
LogPluginManager: Mounting plugin SteamVR
LogPluginManager: Mounting plugin WebMMoviePlayer
LogPluginManager: Mounting plugin WindowsMoviePlayer
LogPluginManager: Mounting plugin ScreenshotTools
LogInit: Using libcurl 7.55.1-DEV
LogInit:  - built for x86_64-pc-win32
LogInit:  - supports SSL with OpenSSL/1.1.1
LogInit:  - supports HTTP deflate (compression) using libz 1.2.8
LogInit:  - other features:
LogInit:      CURL_VERSION_SSL
LogInit:      CURL_VERSION_LIBZ
LogInit:      CURL_VERSION_IPV6
LogInit:      CURL_VERSION_ASYNCHDNS
LogInit:      CURL_VERSION_LARGEFILE
LogInit:      CURL_VERSION_IDN
LogInit:  CurlRequestOptions (configurable via config and command line):
LogInit:  - bVerifyPeer = true  - Libcurl will verify peer certificate
LogInit:  - bUseHttpProxy = false  - Libcurl will NOT use HTTP proxy
LogInit:  - bDontReuseConnections = false  - Libcurl will reuse connections
LogInit:  - MaxHostConnections = 16  - Libcurl will limit the number of connections to a host
LogInit:  - LocalHostAddr = Default
LogInit:  - BufferSize = 65536
LogOnline: OSS: Creating online subsystem instance for: NULL
LogInit: WinSock: version 1.1 (2.2), MaxSocks=32767, MaxUdp=65467
LogInit: Build: ++UE4+Release-4.23-CL-9631420
LogInit: Engine Version: 4.23.1-9631420+++UE4+Release-4.23
LogInit: Compatible Engine Version: 4.23.0-8386587+++UE4+Release-4.23
LogInit: Net CL: 8386587
LogInit: OS: Windows 10 (Release 1809) (), CPU: Intel(R) Core(TM) i7-8700 CPU @ 3.20GHz, GPU: NVIDIA GeForce GTX 1080 Ti
LogInit: Compiled (64-bit): Oct 18 2019 02:07:44
LogInit: Compiled with Visual C++: 19.16.27030.01
LogInit: Build Configuration: Development
LogInit: Branch Name: ++UE4+Release-4.23
LogInit: Command Line: 
LogInit: Base Directory: C:/Epic Games/UE_4.23/Engine/Binaries/Win64/
LogInit: Installed Engine Build: 1
LogDevObjectVersion: Number of dev versions registered: 23
LogDevObjectVersion:   Dev-Blueprints (B0D832E4-1F89-4F0D-ACCF-7EB736FD4AA2): 10
LogDevObjectVersion:   Dev-Build (E1C64328-A22C-4D53-A36C-8E866417BD8C): 0
LogDevObjectVersion:   Dev-Core (375EC13C-06E4-48FB-B500-84F0262A717E): 3
LogDevObjectVersion:   Dev-Editor (E4B068ED-F494-42E9-A231-DA0B2E46BB41): 34
LogDevObjectVersion:   Dev-Framework (CFFC743F-43B0-4480-9391-14DF171D2073): 35
LogDevObjectVersion:   Dev-Mobile (B02B49B5-BB20-44E9-A304-32B752E40360): 2
LogDevObjectVersion:   Dev-Networking (A4E4105C-59A1-49B5-A7C5-40C4547EDFEE): 0
LogDevObjectVersion:   Dev-Online (39C831C9-5AE6-47DC-9A44-9C173E1C8E7C): 0
LogDevObjectVersion:   Dev-Physics (78F01B33-EBEA-4F98-B9B4-84EACCB95AA2): 0
LogDevObjectVersion:   Dev-Platform (6631380F-2D4D-43E0-8009-CF276956A95A): 0
LogDevObjectVersion:   Dev-Rendering (12F88B9F-8875-4AFC-A67C-D90C383ABD29): 31
LogDevObjectVersion:   Dev-Sequencer (7B5AE74C-D270-4C10-A958-57980B212A5A): 11
LogDevObjectVersion:   Dev-VR (D7296918-1DD6-4BDD-9DE2-64A83CC13884): 2
LogDevObjectVersion:   Dev-LoadTimes (C2A15278-BFE7-4AFE-6C17-90FF531DF755): 1
LogDevObjectVersion:   Private-Geometry (6EACA3D4-40EC-4CC1-B786-8BED09428FC5): 3
LogDevObjectVersion:   Dev-AnimPhys (29E575DD-E0A3-4627-9D10-D276232CDCEA): 17
LogDevObjectVersion:   Dev-Anim (AF43A65D-7FD3-4947-9873-3E8ED9C1BB05): 2
LogDevObjectVersion:   Dev-ReflectionCapture (6B266CEC-1EC7-4B8F-A30B-E4D90942FC07): 1
LogDevObjectVersion:   Dev-Automation (0DF73D61-A23F-47EA-B727-89E90C41499A): 1
LogDevObjectVersion:   FortniteMain (601D1886-AC64-4F84-AA16-D3DE0DEAC7D6): 27
LogDevObjectVersion:   Dev-Enterprise (9DFFBCD6-494F-0158-E221-12823C92A888): 6
LogDevObjectVersion:   Dev-Niagara (F2AED0AC-9AFE-416F-8664-AA7FFA26D6FC): 1
LogDevObjectVersion:   Dev-Destruction (174F1F0B-B4C6-45A5-B13F-2EE8D0FB917D): 9
LogInit: Presizing for max 16777216 objects, including 0 objects not considered by GC, pre-allocating 0 bytes for permanent pool.
LogInit: Object subsystem initialized
LogConfig: Setting CVar [[con.DebugEarlyDefault:1]]
LogConfig: Setting CVar [[r.setres:1280x720]]
[2020.03.10-12.58.31:617][  0]LogConfig: Setting CVar [[r.VSync:0]]
[2020.03.10-12.58.31:617][  0]LogConfig: Setting CVar [[r.RHICmdBypass:0]]
[2020.03.10-12.58.31:617][  0]LogConfig: Applying CVar settings from Section [/Script/Engine.RendererSettings] File [C:/Users/N0737367/Documents/GitHub/VR-Project/VREscapeRoom/Saved/Config/Windows/Engine.ini]
[2020.03.10-12.58.31:618][  0]LogConfig: Setting CVar [[r.GPUCrashDebugging:0]]
[2020.03.10-12.58.31:618][  0]LogConfig: Setting CVar [[r.DefaultFeature.AmbientOcclusion:0]]
[2020.03.10-12.58.31:618][  0]LogConfig: Setting CVar [[r.DefaultFeature.AmbientOcclusionStaticFraction:0]]
[2020.03.10-12.58.31:618][  0]LogConfig: Setting CVar [[vr.InstancedStereo:1]]
[2020.03.10-12.58.31:618][  0]LogConfig: Setting CVar [[r.SeparateTranslucency:0]]
[2020.03.10-12.58.31:618][  0]LogConfig: Setting CVar [[r.HZBOcclusion:0]]
[2020.03.10-12.58.31:618][  0]LogConfig: Setting CVar [[r.SSR.MaxRoughness:0]]
[2020.03.10-12.58.31:618][  0]LogConfig: Setting CVar [[r.rhicmdbypass:0]]
[2020.03.10-12.58.31:618][  0]LogConfig: Applying CVar settings from Section [/Script/Engine.RendererOverrideSettings] File [C:/Users/N0737367/Documents/GitHub/VR-Project/VREscapeRoom/Saved/Config/Windows/Engine.ini]
[2020.03.10-12.58.31:618][  0]LogConfig: Applying CVar settings from Section [/Script/Engine.StreamingSettings] File [C:/Users/N0737367/Documents/GitHub/VR-Project/VREscapeRoom/Saved/Config/Windows/Engine.ini]
[2020.03.10-12.58.31:618][  0]LogConfig: Setting CVar [[s.MinBulkDataSizeForAsyncLoading:131072]]
[2020.03.10-12.58.31:618][  0]LogConfig: Setting CVar [[s.AsyncLoadingThreadEnabled:0]]
[2020.03.10-12.58.31:618][  0]LogConfig: Setting CVar [[s.EventDrivenLoaderEnabled:1]]
[2020.03.10-12.58.31:618][  0]LogConfig: Setting CVar [[s.WarnIfTimeLimitExceeded:0]]
[2020.03.10-12.58.31:618][  0]LogConfig: Setting CVar [[s.TimeLimitExceededMultiplier:1.5]]
[2020.03.10-12.58.31:618][  0]LogConfig: Setting CVar [[s.TimeLimitExceededMinTime:0.005]]
[2020.03.10-12.58.31:619][  0]LogConfig: Setting CVar [[s.UseBackgroundLevelStreaming:1]]
[2020.03.10-12.58.31:619][  0]LogConfig: Setting CVar [[s.PriorityAsyncLoadingExtraTime:15.0]]
[2020.03.10-12.58.31:619][  0]LogConfig: Setting CVar [[s.LevelStreamingActorsUpdateTimeLimit:5.0]]
[2020.03.10-12.58.31:619][  0]LogConfig: Setting CVar [[s.PriorityLevelStreamingActorsUpdateExtraTime:5.0]]
[2020.03.10-12.58.31:619][  0]LogConfig: Setting CVar [[s.LevelStreamingComponentsRegistrationGranularity:10]]
[2020.03.10-12.58.31:619][  0]LogConfig: Setting CVar [[s.UnregisterComponentsTimeLimit:1.0]]
[2020.03.10-12.58.31:619][  0]LogConfig: Setting CVar [[s.LevelStreamingComponentsUnregistrationGranularity:5]]
[2020.03.10-12.58.31:619][  0]LogConfig: Applying CVar settings from Section [/Script/Engine.GarbageCollectionSettings] File [C:/Users/N0737367/Documents/GitHub/VR-Project/VREscapeRoom/Saved/Config/Windows/Engine.ini]
[2020.03.10-12.58.31:619][  0]LogConfig: Setting CVar [[gc.MaxObjectsNotConsideredByGC:1]]
[2020.03.10-12.58.31:619][  0]LogConfig: Setting CVar [[gc.SizeOfPermanentObjectPool:0]]
[2020.03.10-12.58.31:619][  0]LogConfig: Setting CVar [[gc.FlushStreamingOnGC:0]]
[2020.03.10-12.58.31:619][  0]LogConfig: Setting CVar [[gc.NumRetriesBeforeForcingGC:10]]
[2020.03.10-12.58.31:619][  0]LogConfig: Setting CVar [[gc.AllowParallelGC:1]]
[2020.03.10-12.58.31:619][  0]LogConfig: Setting CVar [[gc.TimeBetweenPurgingPendingKillObjects:61.1]]
[2020.03.10-12.58.31:619][  0]LogConfig: Setting CVar [[gc.MaxObjectsInEditor:16777216]]
[2020.03.10-12.58.31:619][  0]LogConfig: Setting CVar [[gc.IncrementalBeginDestroyEnabled:1]]
[2020.03.10-12.58.31:619][  0]LogConfig: Setting CVar [[gc.CreateGCClusters:1]]
[2020.03.10-12.58.31:620][  0]LogConfig: Setting CVar [[gc.MinGCClusterSize:5]]
[2020.03.10-12.58.31:620][  0]LogConfig: Setting CVar [[gc.ActorClusteringEnabled:0]]
[2020.03.10-12.58.31:620][  0]LogConfig: Setting CVar [[gc.BlueprintClusteringEnabled:0]]
[2020.03.10-12.58.31:620][  0]LogConfig: Setting CVar [[gc.UseDisregardForGCOnDedicatedServers:0]]
[2020.03.10-12.58.31:620][  0]LogConfig: Applying CVar settings from Section [/Script/Engine.NetworkSettings] File [C:/Users/N0737367/Documents/GitHub/VR-Project/VREscapeRoom/Saved/Config/Windows/Engine.ini]
[2020.03.10-12.58.31:620][  0]LogConfig: Applying CVar settings from Section [/Script/UnrealEd.CookerSettings] File [C:/Users/N0737367/Documents/GitHub/VR-Project/VREscapeRoom/Saved/Config/Windows/Engine.ini]
[2020.03.10-12.58.31:646][  0]LogConfig: Applying CVar settings from Section [ViewDistanceQuality@3] File [C:/Users/N0737367/Documents/GitHub/VR-Project/VREscapeRoom/Saved/Config/Windows/Scalability.ini]
[2020.03.10-12.58.31:647][  0]LogConfig: Setting CVar [[r.SkeletalMeshLODBias:0]]
[2020.03.10-12.58.31:647][  0]LogConfig: Setting CVar [[r.ViewDistanceScale:1.0]]
[2020.03.10-12.58.31:647][  0]LogConfig: Applying CVar settings from Section [AntiAliasingQuality@3] File [C:/Users/N0737367/Documents/GitHub/VR-Project/VREscapeRoom/Saved/Config/Windows/Scalability.ini]
[2020.03.10-12.58.31:647][  0]LogConfig: Setting CVar [[r.PostProcessAAQuality:3]]
[2020.03.10-12.58.31:647][  0]LogConfig: Applying CVar settings from Section [ShadowQuality@3] File [C:/Users/N0737367/Documents/GitHub/VR-Project/VREscapeRoom/Saved/Config/Windows/Scalability.ini]
[2020.03.10-12.58.31:647][  0]LogConfig: Setting CVar [[r.LightFunctionQuality:1]]
[2020.03.10-12.58.31:647][  0]LogConfig: Setting CVar [[r.ShadowQuality:5]]
[2020.03.10-12.58.31:647][  0]LogConfig: Setting CVar [[r.Shadow.CSM.MaxCascades:10]]
[2020.03.10-12.58.31:647][  0]LogConfig: Setting CVar [[r.Shadow.MaxResolution:2048]]
[2020.03.10-12.58.31:647][  0]LogConfig: Setting CVar [[r.Shadow.MaxCSMResolution:2048]]
[2020.03.10-12.58.31:647][  0]LogConfig: Setting CVar [[r.Shadow.RadiusThreshold:0.01]]
[2020.03.10-12.58.31:647][  0]LogConfig: Setting CVar [[r.Shadow.DistanceScale:1.0]]
[2020.03.10-12.58.31:647][  0]LogConfig: Setting CVar [[r.Shadow.CSM.TransitionScale:1.0]]
[2020.03.10-12.58.31:647][  0]LogConfig: Setting CVar [[r.Shadow.PreShadowResolutionFactor:1.0]]
[2020.03.10-12.58.31:647][  0]LogConfig: Setting CVar [[r.DistanceFieldShadowing:1]]
[2020.03.10-12.58.31:648][  0]LogConfig: Setting CVar [[r.DistanceFieldAO:1]]
[2020.03.10-12.58.31:648][  0]LogConfig: Setting CVar [[r.AOQuality:2]]
[2020.03.10-12.58.31:648][  0]LogConfig: Setting CVar [[r.VolumetricFog:1]]
[2020.03.10-12.58.31:648][  0]LogConfig: Setting CVar [[r.VolumetricFog.GridPixelSize:8]]
[2020.03.10-12.58.31:648][  0]LogConfig: Setting CVar [[r.VolumetricFog.GridSizeZ:128]]
[2020.03.10-12.58.31:648][  0]LogConfig: Setting CVar [[r.VolumetricFog.HistoryMissSupersampleCount:4]]
[2020.03.10-12.58.31:648][  0]LogConfig: Setting CVar [[r.LightMaxDrawDistanceScale:1]]
[2020.03.10-12.58.31:648][  0]LogConfig: Setting CVar [[r.CapsuleShadows:1]]
[2020.03.10-12.58.31:648][  0]LogConfig: Applying CVar settings from Section [PostProcessQuality@3] File [C:/Users/N0737367/Documents/GitHub/VR-Project/VREscapeRoom/Saved/Config/Windows/Scalability.ini]
[2020.03.10-12.58.31:648][  0]LogConfig: Setting CVar [[r.MotionBlurQuality:0]]
[2020.03.10-12.58.31:648][  0]LogConfig: Setting CVar [[r.AmbientOcclusionMipLevelFactor:0.4]]
[2020.03.10-12.58.31:648][  0]LogConfig: Setting CVar [[r.AmbientOcclusionMaxQuality:100]]
[2020.03.10-12.58.31:648][  0]LogConfig: Setting CVar [[r.AmbientOcclusionLevels:0]]
[2020.03.10-12.58.31:648][  0]LogConfig: Setting CVar [[r.AmbientOcclusionRadiusScale:1.0]]
[2020.03.10-12.58.31:648][  0]LogConfig: Setting CVar [[r.DepthOfFieldQuality:0]]
[2020.03.10-12.58.31:648][  0]LogConfig: Setting CVar [[r.RenderTargetPoolMin:400]]
[2020.03.10-12.58.31:648][  0]LogConfig: Setting CVar [[r.LensFlareQuality:0]]
[2020.03.10-12.58.31:648][  0]LogConfig: Setting CVar [[r.SceneColorFringeQuality:0]]
[2020.03.10-12.58.31:649][  0]LogConfig: Setting CVar [[r.EyeAdaptationQuality:2]]
[2020.03.10-12.58.31:649][  0]LogConfig: Setting CVar [[r.BloomQuality:1]]
[2020.03.10-12.58.31:649][  0]LogConfig: Setting CVar [[r.FastBlurThreshold:0]]
[2020.03.10-12.58.31:649][  0]LogConfig: Setting CVar [[r.Upscale.Quality:3]]
[2020.03.10-12.58.31:649][  0]LogConfig: Setting CVar [[r.Tonemapper.GrainQuantization:1]]
[2020.03.10-12.58.31:649][  0]LogConfig: Setting CVar [[r.LightShaftQuality:1]]
[2020.03.10-12.58.31:649][  0]LogConfig: Setting CVar [[r.Filter.SizeScale:1]]
[2020.03.10-12.58.31:649][  0]LogConfig: Setting CVar [[r.Tonemapper.Quality:5]]
[2020.03.10-12.58.31:649][  0]LogConfig: Setting CVar [[r.DOF.Gather.AccumulatorQuality:1        ; higher gathering accumulator quality]]
[2020.03.10-12.58.31:649][  0]LogConfig: Setting CVar [[r.DOF.Gather.PostfilterMethod:1          ; Median3x3 postfilering method]]
[2020.03.10-12.58.31:649][  0]LogConfig: Setting CVar [[r.DOF.Gather.EnableBokehSettings:0       ; no bokeh simulation when gathering]]
[2020.03.10-12.58.31:649][  0]LogConfig: Setting CVar [[r.DOF.Gather.RingCount:4                 ; medium number of samples when gathering]]
[2020.03.10-12.58.31:649][  0]LogConfig: Setting CVar [[r.DOF.Scatter.ForegroundCompositing:1    ; additive foreground scattering]]
[2020.03.10-12.58.31:649][  0]LogConfig: Setting CVar [[r.DOF.Scatter.BackgroundCompositing:2    ; additive background scattering]]
[2020.03.10-12.58.31:649][  0]LogConfig: Setting CVar [[r.DOF.Scatter.EnableBokehSettings:1      ; bokeh simulation when scattering]]
[2020.03.10-12.58.31:649][  0]LogConfig: Setting CVar [[r.DOF.Scatter.MaxSpriteRatio:0.1         ; only a maximum of 10% of scattered bokeh]]
[2020.03.10-12.58.31:649][  0]LogConfig: Setting CVar [[r.DOF.Recombine.Quality:1                ; cheap slight out of focus]]
[2020.03.10-12.58.31:649][  0]LogConfig: Setting CVar [[r.DOF.Recombine.EnableBokehSettings:0    ; no bokeh simulation on slight out of focus]]
[2020.03.10-12.58.31:650][  0]LogConfig: Setting CVar [[r.DOF.TemporalAAQuality:1                ; more stable temporal accumulation]]
[2020.03.10-12.58.31:650][  0]LogConfig: Setting CVar [[r.DOF.Kernel.MaxForegroundRadius:0.025]]
[2020.03.10-12.58.31:650][  0]LogConfig: Setting CVar [[r.DOF.Kernel.MaxBackgroundRadius:0.025]]
[2020.03.10-12.58.31:650][  0]LogConfig: Applying CVar settings from Section [TextureQuality@3] File [C:/Users/N0737367/Documents/GitHub/VR-Project/VREscapeRoom/Saved/Config/Windows/Scalability.ini]
[2020.03.10-12.58.31:650][  0]LogConfig: Setting CVar [[r.Streaming.MipBias:0]]
[2020.03.10-12.58.31:650][  0]LogConfig: Setting CVar [[r.Streaming.AmortizeCPUToGPUCopy:0]]
[2020.03.10-12.58.31:650][  0]LogConfig: Setting CVar [[r.Streaming.MaxNumTexturesToStreamPerFrame:0]]
[2020.03.10-12.58.31:650][  0]LogConfig: Setting CVar [[r.Streaming.Boost:1]]
[2020.03.10-12.58.31:650][  0]LogConfig: Setting CVar [[r.MaxAnisotropy:8]]
[2020.03.10-12.58.31:650][  0]LogConfig: Setting CVar [[r.Streaming.LimitPoolSizeToVRAM:0]]
[2020.03.10-12.58.31:650][  0]LogConfig: Setting CVar [[r.Streaming.PoolSize:1000]]
[2020.03.10-12.58.31:650][  0]LogConfig: Setting CVar [[r.Streaming.MaxEffectiveScreenSize:0]]
[2020.03.10-12.58.31:650][  0]LogConfig: Applying CVar settings from Section [EffectsQuality@3] File [C:/Users/N0737367/Documents/GitHub/VR-Project/VREscapeRoom/Saved/Config/Windows/Scalability.ini]
[2020.03.10-12.58.31:650][  0]LogConfig: Setting CVar [[r.TranslucencyLightingVolumeDim:4]]
[2020.03.10-12.58.31:650][  0]LogConfig: Setting CVar [[r.RefractionQuality:2]]
[2020.03.10-12.58.31:650][  0]LogConfig: Setting CVar [[r.SSR.Quality:0]]
[2020.03.10-12.58.31:650][  0]LogConfig: Setting CVar [[r.SceneColorFormat:2]]
[2020.03.10-12.58.31:650][  0]LogConfig: Setting CVar [[r.DetailMode:2]]
[2020.03.10-12.58.31:651][  0]LogConfig: Setting CVar [[r.TranslucencyVolumeBlur:0]]
[2020.03.10-12.58.31:651][  0]LogConfig: Setting CVar [[r.MaterialQualityLevel:1 ; High quality]]
[2020.03.10-12.58.31:651][  0]LogConfig: Setting CVar [[r.SSS.Scale:1]]
[2020.03.10-12.58.31:651][  0]LogConfig: Setting CVar [[r.SSS.SampleSet:2]]
[2020.03.10-12.58.31:651][  0]LogConfig: Setting CVar [[r.SSS.Quality:1]]
[2020.03.10-12.58.31:651][  0]LogConfig: Setting CVar [[r.SSS.HalfRes:1]]
[2020.03.10-12.58.31:651][  0]LogConfig: Setting CVar [[r.EmitterSpawnRateScale:1.0]]
[2020.03.10-12.58.31:651][  0]LogConfig: Setting CVar [[r.ParticleLightQuality:2]]
[2020.03.10-12.58.31:651][  0]LogConfig: Applying CVar settings from Section [FoliageQuality@3] File [C:/Users/N0737367/Documents/GitHub/VR-Project/VREscapeRoom/Saved/Config/Windows/Scalability.ini]
[2020.03.10-12.58.31:651][  0]LogConfig: Setting CVar [[foliage.DensityScale:1.0]]
[2020.03.10-12.58.31:651][  0]LogConfig: Setting CVar [[grass.DensityScale:1.0]]
[2020.03.10-12.58.31:678][  0]LogInit: Selected Device Profile: [Windows]
[2020.03.10-12.58.31:678][  0]LogInit: Applying CVar settings loaded from the selected device profile: [Windows]
[2020.03.10-12.58.31:709][  0]LogHAL: Display: Platform has ~ 16 GB [17094701056 / 17179869184 / 16], which maps to Larger [LargestMinGB=32, LargerMinGB=12, DefaultMinGB=8, SmallerMinGB=6, SmallestMinGB=0)
[2020.03.10-12.58.31:709][  0]LogInit: Going up to parent DeviceProfile []
[2020.03.10-12.58.31:751][  0]LogConfig: Applying CVar settings from Section [ViewDistanceQuality@3] File [C:/Users/N0737367/Documents/GitHub/VR-Project/VREscapeRoom/Saved/Config/Windows/Scalability.ini]
[2020.03.10-12.58.31:751][  0]LogConfig: Setting CVar [[r.SkeletalMeshLODBias:0]]
[2020.03.10-12.58.31:751][  0]LogConfig: Setting CVar [[r.ViewDistanceScale:1.0]]
[2020.03.10-12.58.31:751][  0]LogConfig: Applying CVar settings from Section [AntiAliasingQuality@3] File [C:/Users/N0737367/Documents/GitHub/VR-Project/VREscapeRoom/Saved/Config/Windows/Scalability.ini]
[2020.03.10-12.58.31:751][  0]LogConfig: Setting CVar [[r.PostProcessAAQuality:3]]
[2020.03.10-12.58.31:751][  0]LogConfig: Applying CVar settings from Section [ShadowQuality@3] File [C:/Users/N0737367/Documents/GitHub/VR-Project/VREscapeRoom/Saved/Config/Windows/Scalability.ini]
[2020.03.10-12.58.31:751][  0]LogConfig: Setting CVar [[r.LightFunctionQuality:1]]
[2020.03.10-12.58.31:751][  0]LogConfig: Setting CVar [[r.ShadowQuality:5]]
[2020.03.10-12.58.31:751][  0]LogConfig: Setting CVar [[r.Shadow.CSM.MaxCascades:10]]
[2020.03.10-12.58.31:751][  0]LogConfig: Setting CVar [[r.Shadow.MaxResolution:2048]]
[2020.03.10-12.58.31:751][  0]LogConfig: Setting CVar [[r.Shadow.MaxCSMResolution:2048]]
[2020.03.10-12.58.31:751][  0]LogConfig: Setting CVar [[r.Shadow.RadiusThreshold:0.01]]
[2020.03.10-12.58.31:751][  0]LogConfig: Setting CVar [[r.Shadow.DistanceScale:1.0]]
[2020.03.10-12.58.31:751][  0]LogConfig: Setting CVar [[r.Shadow.CSM.TransitionScale:1.0]]
[2020.03.10-12.58.31:751][  0]LogConfig: Setting CVar [[r.Shadow.PreShadowResolutionFactor:1.0]]
[2020.03.10-12.58.31:751][  0]LogConfig: Setting CVar [[r.DistanceFieldShadowing:1]]
[2020.03.10-12.58.31:751][  0]LogConfig: Setting CVar [[r.DistanceFieldAO:1]]
[2020.03.10-12.58.31:751][  0]LogConfig: Setting CVar [[r.AOQuality:2]]
[2020.03.10-12.58.31:751][  0]LogConfig: Setting CVar [[r.VolumetricFog:1]]
[2020.03.10-12.58.31:751][  0]LogConfig: Setting CVar [[r.VolumetricFog.GridPixelSize:8]]
[2020.03.10-12.58.31:751][  0]LogConfig: Setting CVar [[r.VolumetricFog.GridSizeZ:128]]
[2020.03.10-12.58.31:751][  0]LogConfig: Setting CVar [[r.VolumetricFog.HistoryMissSupersampleCount:4]]
[2020.03.10-12.58.31:751][  0]LogConfig: Setting CVar [[r.LightMaxDrawDistanceScale:1]]
[2020.03.10-12.58.31:751][  0]LogConfig: Setting CVar [[r.CapsuleShadows:1]]
[2020.03.10-12.58.31:751][  0]LogConfig: Applying CVar settings from Section [PostProcessQuality@3] File [C:/Users/N0737367/Documents/GitHub/VR-Project/VREscapeRoom/Saved/Config/Windows/Scalability.ini]
[2020.03.10-12.58.31:751][  0]LogConfig: Setting CVar [[r.MotionBlurQuality:0]]
[2020.03.10-12.58.31:751][  0]LogConfig: Setting CVar [[r.AmbientOcclusionMipLevelFactor:0.4]]
[2020.03.10-12.58.31:751][  0]LogConfig: Setting CVar [[r.AmbientOcclusionMaxQuality:100]]
[2020.03.10-12.58.31:751][  0]LogConfig: Setting CVar [[r.AmbientOcclusionLevels:0]]
[2020.03.10-12.58.31:751][  0]LogConfig: Setting CVar [[r.AmbientOcclusionRadiusScale:1.0]]
[2020.03.10-12.58.31:751][  0]LogConfig: Setting CVar [[r.DepthOfFieldQuality:0]]
[2020.03.10-12.58.31:751][  0]LogConfig: Setting CVar [[r.RenderTargetPoolMin:400]]
[2020.03.10-12.58.31:751][  0]LogConfig: Setting CVar [[r.LensFlareQuality:0]]
[2020.03.10-12.58.31:751][  0]LogConfig: Setting CVar [[r.SceneColorFringeQuality:0]]
[2020.03.10-12.58.31:751][  0]LogConfig: Setting CVar [[r.EyeAdaptationQuality:2]]
[2020.03.10-12.58.31:751][  0]LogConfig: Setting CVar [[r.BloomQuality:1]]
[2020.03.10-12.58.31:751][  0]LogConfig: Setting CVar [[r.FastBlurThreshold:0]]
[2020.03.10-12.58.31:751][  0]LogConfig: Setting CVar [[r.Upscale.Quality:3]]
[2020.03.10-12.58.31:751][  0]LogConfig: Setting CVar [[r.Tonemapper.GrainQuantization:1]]
[2020.03.10-12.58.31:751][  0]LogConfig: Setting CVar [[r.LightShaftQuality:1]]
[2020.03.10-12.58.31:751][  0]LogConfig: Setting CVar [[r.Filter.SizeScale:1]]
[2020.03.10-12.58.31:751][  0]LogConfig: Setting CVar [[r.Tonemapper.Quality:5]]
[2020.03.10-12.58.31:751][  0]LogConfig: Setting CVar [[r.DOF.Gather.AccumulatorQuality:1        ; higher gathering accumulator quality]]
[2020.03.10-12.58.31:751][  0]LogConfig: Setting CVar [[r.DOF.Gather.PostfilterMethod:1          ; Median3x3 postfilering method]]
[2020.03.10-12.58.31:751][  0]LogConfig: Setting CVar [[r.DOF.Gather.EnableBokehSettings:0       ; no bokeh simulation when gathering]]
[2020.03.10-12.58.31:751][  0]LogConfig: Setting CVar [[r.DOF.Gather.RingCount:4                 ; medium number of samples when gathering]]
[2020.03.10-12.58.31:751][  0]LogConfig: Setting CVar [[r.DOF.Scatter.ForegroundCompositing:1    ; additive foreground scattering]]
[2020.03.10-12.58.31:751][  0]LogConfig: Setting CVar [[r.DOF.Scatter.BackgroundCompositing:2    ; additive background scattering]]
[2020.03.10-12.58.31:751][  0]LogConfig: Setting CVar [[r.DOF.Scatter.EnableBokehSettings:1      ; bokeh simulation when scattering]]
[2020.03.10-12.58.31:751][  0]LogConfig: Setting CVar [[r.DOF.Scatter.MaxSpriteRatio:0.1         ; only a maximum of 10% of scattered bokeh]]
[2020.03.10-12.58.31:751][  0]LogConfig: Setting CVar [[r.DOF.Recombine.Quality:1                ; cheap slight out of focus]]
[2020.03.10-12.58.31:751][  0]LogConfig: Setting CVar [[r.DOF.Recombine.EnableBokehSettings:0    ; no bokeh simulation on slight out of focus]]
[2020.03.10-12.58.31:751][  0]LogConfig: Setting CVar [[r.DOF.TemporalAAQuality:1                ; more stable temporal accumulation]]
[2020.03.10-12.58.31:751][  0]LogConfig: Setting CVar [[r.DOF.Kernel.MaxForegroundRadius:0.025]]
[2020.03.10-12.58.31:751][  0]LogConfig: Setting CVar [[r.DOF.Kernel.MaxBackgroundRadius:0.025]]
[2020.03.10-12.58.31:751][  0]LogConfig: Applying CVar settings from Section [TextureQuality@3] File [C:/Users/N0737367/Documents/GitHub/VR-Project/VREscapeRoom/Saved/Config/Windows/Scalability.ini]
[2020.03.10-12.58.31:751][  0]LogConfig: Setting CVar [[r.Streaming.MipBias:0]]
[2020.03.10-12.58.31:751][  0]LogConfig: Setting CVar [[r.Streaming.AmortizeCPUToGPUCopy:0]]
[2020.03.10-12.58.31:751][  0]LogConfig: Setting CVar [[r.Streaming.MaxNumTexturesToStreamPerFrame:0]]
[2020.03.10-12.58.31:751][  0]LogConfig: Setting CVar [[r.Streaming.Boost:1]]
[2020.03.10-12.58.31:751][  0]LogConfig: Setting CVar [[r.MaxAnisotropy:8]]
[2020.03.10-12.58.31:751][  0]LogConfig: Setting CVar [[r.Streaming.LimitPoolSizeToVRAM:0]]
[2020.03.10-12.58.31:752][  0]LogConfig: Setting CVar [[r.Streaming.PoolSize:1000]]
[2020.03.10-12.58.31:752][  0]LogConfig: Setting CVar [[r.Streaming.MaxEffectiveScreenSize:0]]
[2020.03.10-12.58.31:752][  0]LogConfig: Applying CVar settings from Section [EffectsQuality@3] File [C:/Users/N0737367/Documents/GitHub/VR-Project/VREscapeRoom/Saved/Config/Windows/Scalability.ini]
[2020.03.10-12.58.31:752][  0]LogConfig: Setting CVar [[r.TranslucencyLightingVolumeDim:4]]
[2020.03.10-12.58.31:752][  0]LogConfig: Setting CVar [[r.RefractionQuality:2]]
[2020.03.10-12.58.31:752][  0]LogConfig: Setting CVar [[r.SSR.Quality:0]]
[2020.03.10-12.58.31:752][  0]LogConfig: Setting CVar [[r.SceneColorFormat:2]]
[2020.03.10-12.58.31:752][  0]LogConfig: Setting CVar [[r.DetailMode:2]]
[2020.03.10-12.58.31:752][  0]LogConfig: Setting CVar [[r.TranslucencyVolumeBlur:0]]
[2020.03.10-12.58.31:752][  0]LogConfig: Setting CVar [[r.MaterialQualityLevel:1 ; High quality]]
[2020.03.10-12.58.31:752][  0]LogConfig: Setting CVar [[r.SSS.Scale:1]]
[2020.03.10-12.58.31:752][  0]LogConfig: Setting CVar [[r.SSS.SampleSet:2]]
[2020.03.10-12.58.31:752][  0]LogConfig: Setting CVar [[r.SSS.Quality:1]]
[2020.03.10-12.58.31:752][  0]LogConfig: Setting CVar [[r.SSS.HalfRes:1]]
[2020.03.10-12.58.31:752][  0]LogConfig: Setting CVar [[r.EmitterSpawnRateScale:1.0]]
[2020.03.10-12.58.31:752][  0]LogConfig: Setting CVar [[r.ParticleLightQuality:2]]
[2020.03.10-12.58.31:752][  0]LogConfig: Applying CVar settings from Section [FoliageQuality@3] File [C:/Users/N0737367/Documents/GitHub/VR-Project/VREscapeRoom/Saved/Config/Windows/Scalability.ini]
[2020.03.10-12.58.31:752][  0]LogConfig: Setting CVar [[foliage.DensityScale:1.0]]
[2020.03.10-12.58.31:752][  0]LogConfig: Setting CVar [[grass.DensityScale:1.0]]
[2020.03.10-12.58.31:752][  0]LogConfig: Applying CVar settings from Section [Startup] File [../../../Engine/Config/ConsoleVariables.ini]
[2020.03.10-12.58.31:757][  0]LogConfig: Setting CVar [[net.UseAdaptiveNetUpdateFrequency:0]]
[2020.03.10-12.58.31:757][  0]LogConfig: Setting CVar [[p.chaos.AllowCreatePhysxBodies:1]]
[2020.03.10-12.58.31:757][  0]LogConfig: Applying CVar settings from Section [ConsoleVariables] File [C:/Users/N0737367/Documents/GitHub/VR-Project/VREscapeRoom/Saved/Config/Windows/Engine.ini]
[2020.03.10-12.58.31:770][  0]LogInit: Computer: ERD177-18
[2020.03.10-12.58.31:770][  0]LogInit: User: N0737367
[2020.03.10-12.58.31:770][  0]LogInit: CPU Page size=4096, Cores=6
[2020.03.10-12.58.31:770][  0]LogInit: High frequency timer resolution =10.000000 MHz
[2020.03.10-12.58.31:770][  0]LogMemory: Memory total: Physical=15.9GB (16GB approx)
[2020.03.10-12.58.31:770][  0]LogMemory: Platform Memory Stats for Windows
[2020.03.10-12.58.31:770][  0]LogMemory: Process Physical Memory: 111.76 MB used, 111.77 MB peak
[2020.03.10-12.58.31:770][  0]LogMemory: Process Virtual Memory: 107.57 MB used, 107.57 MB peak
[2020.03.10-12.58.31:770][  0]LogMemory: Physical Memory: 4964.57 MB used,  11338.21 MB free, 16302.78 MB total
[2020.03.10-12.58.31:770][  0]LogMemory: Virtual Memory: 4736.31 MB used,  134212992.00 MB free, 134217728.00 MB total
[2020.03.10-12.58.31:786][  0]LogWindows: WindowsPlatformFeatures enabled
[2020.03.10-12.58.32:725][  0]LogInit: Using OS detected language (en-GB).
[2020.03.10-12.58.32:725][  0]LogInit: Using OS detected locale (en-GB).
[2020.03.10-12.58.32:835][  0]LogTextLocalizationManager: No specific localization for 'en-GB' exists, so the 'en' localization will be used.
[2020.03.10-12.58.33:770][  0]LogInit: Setting process to per monitor DPI aware
[2020.03.10-12.58.34:319][  0]LogSlate: New Slate User Created.  User Index 0, Is Virtual User: 0
[2020.03.10-12.58.34:319][  0]LogSlate: Slate User Registered.  User Index 0, Is Virtual User: 0
[2020.03.10-12.58.38:814][  0]LogD3D11RHI: D3D11 adapters:
[2020.03.10-12.58.38:862][  0]LogD3D11RHI:    0. 'NVIDIA GeForce GTX 1080 Ti' (Feature Level 11_0)
[2020.03.10-12.58.38:862][  0]LogD3D11RHI:       11127/0/8151 MB DedicatedVideo/DedicatedSystem/SharedSystem, Outputs:1, VendorId:0x10de
[2020.03.10-12.58.38:865][  0]LogD3D11RHI:    1. 'Microsoft Basic Render Driver' (Feature Level 11_0)
[2020.03.10-12.58.38:865][  0]LogD3D11RHI:       0/0/8151 MB DedicatedVideo/DedicatedSystem/SharedSystem, Outputs:0, VendorId:0x1414
[2020.03.10-12.58.38:865][  0]LogD3D11RHI: Chosen D3D11 Adapter: 0
[2020.03.10-12.58.38:889][  0]LogD3D11RHI: Creating new Direct3DDevice
[2020.03.10-12.58.38:889][  0]LogD3D11RHI:     GPU DeviceId: 0x1b06 (for the marketing name, search the web for "GPU Device Id")
[2020.03.10-12.58.38:889][  0]LogWindows: EnumDisplayDevices:
[2020.03.10-12.58.38:890][  0]LogWindows:    0. 'NVIDIA GeForce GTX 1080 Ti' (P:1 D:1)
[2020.03.10-12.58.38:890][  0]LogWindows:    1. 'NVIDIA GeForce GTX 1080 Ti' (P:0 D:0)
[2020.03.10-12.58.38:891][  0]LogWindows:    2. 'NVIDIA GeForce GTX 1080 Ti' (P:0 D:0)
[2020.03.10-12.58.38:891][  0]LogWindows:    3. 'NVIDIA GeForce GTX 1080 Ti' (P:0 D:0)
[2020.03.10-12.58.38:892][  0]LogWindows: DebugString: FoundDriverCount:4 
[2020.03.10-12.58.38:892][  0]LogD3D11RHI:     Adapter Name: NVIDIA GeForce GTX 1080 Ti
[2020.03.10-12.58.38:905][  0]LogD3D11RHI:   Driver Version: 390.77 (internal:23.21.13.9077, unified:390.77)
[2020.03.10-12.58.38:905][  0]LogD3D11RHI:      Driver Date: 1-23-2018
[2020.03.10-12.58.38:905][  0]LogRHI: Texture pool is 7788 MB (70% of 11127 MB)
[2020.03.10-12.58.38:942][  0]LogD3D11RHI: Async texture creation enabled
[2020.03.10-12.58.39:089][  0]LogD3D11RHI: GPU Timing Frequency: 1000.000000 (Debug: 2 2)
[2020.03.10-12.58.40:210][  0]LogTemp: Display: Module 'AllDesktopTargetPlatform' loaded TargetPlatform 'AllDesktop'
[2020.03.10-12.58.40:225][  0]LogTemp: Display: Module 'MacClientTargetPlatform' loaded TargetPlatform 'MacClient'
[2020.03.10-12.58.40:243][  0]LogTemp: Display: Module 'MacNoEditorTargetPlatform' loaded TargetPlatform 'MacNoEditor'
[2020.03.10-12.58.40:294][  0]LogTemp: Display: Module 'MacServerTargetPlatform' loaded TargetPlatform 'MacServer'
[2020.03.10-12.58.40:424][  0]LogTemp: Display: Module 'MacTargetPlatform' loaded TargetPlatform 'Mac'
[2020.03.10-12.58.40:454][  0]LogTemp: Display: Module 'WindowsClientTargetPlatform' loaded TargetPlatform 'WindowsClient'
[2020.03.10-12.58.40:470][  0]LogTemp: Display: Module 'WindowsNoEditorTargetPlatform' loaded TargetPlatform 'WindowsNoEditor'
[2020.03.10-12.58.40:490][  0]LogTemp: Display: Module 'WindowsServerTargetPlatform' loaded TargetPlatform 'WindowsServer'
[2020.03.10-12.58.40:499][  0]LogTemp: Display: Module 'WindowsTargetPlatform' loaded TargetPlatform 'Windows'
[2020.03.10-12.58.40:568][  0]LogTemp: Display: Module 'AndroidTargetPlatform' loaded TargetPlatform 'Android'
[2020.03.10-12.58.40:568][  0]LogTemp: Display: Module 'AndroidTargetPlatform' loaded TargetPlatform 'Android_ASTC'
[2020.03.10-12.58.40:568][  0]LogTemp: Display: Module 'AndroidTargetPlatform' loaded TargetPlatform 'Android_ATC'
[2020.03.10-12.58.40:568][  0]LogTemp: Display: Module 'AndroidTargetPlatform' loaded TargetPlatform 'Android_DXT'
[2020.03.10-12.58.40:568][  0]LogTemp: Display: Module 'AndroidTargetPlatform' loaded TargetPlatform 'Android_ETC1'
[2020.03.10-12.58.40:568][  0]LogTemp: Display: Module 'AndroidTargetPlatform' loaded TargetPlatform 'Android_ETC1a'
[2020.03.10-12.58.40:568][  0]LogTemp: Display: Module 'AndroidTargetPlatform' loaded TargetPlatform 'Android_ETC2'
[2020.03.10-12.58.40:568][  0]LogTemp: Display: Module 'AndroidTargetPlatform' loaded TargetPlatform 'Android_PVRTC'
[2020.03.10-12.58.40:568][  0]LogTemp: Display: Module 'AndroidTargetPlatform' loaded TargetPlatform 'AndroidClient'
[2020.03.10-12.58.40:568][  0]LogTemp: Display: Module 'AndroidTargetPlatform' loaded TargetPlatform 'Android_ASTCClient'
[2020.03.10-12.58.40:568][  0]LogTemp: Display: Module 'AndroidTargetPlatform' loaded TargetPlatform 'Android_ATCClient'
[2020.03.10-12.58.40:569][  0]LogTemp: Display: Module 'AndroidTargetPlatform' loaded TargetPlatform 'Android_DXTClient'
[2020.03.10-12.58.40:569][  0]LogTemp: Display: Module 'AndroidTargetPlatform' loaded TargetPlatform 'Android_ETC1Client'
[2020.03.10-12.58.40:569][  0]LogTemp: Display: Module 'AndroidTargetPlatform' loaded TargetPlatform 'Android_ETC1aClient'
[2020.03.10-12.58.40:569][  0]LogTemp: Display: Module 'AndroidTargetPlatform' loaded TargetPlatform 'Android_ETC2Client'
[2020.03.10-12.58.40:569][  0]LogTemp: Display: Module 'AndroidTargetPlatform' loaded TargetPlatform 'Android_PVRTCClient'
[2020.03.10-12.58.40:569][  0]LogTemp: Display: Module 'AndroidTargetPlatform' loaded TargetPlatform 'Android_Multi'
[2020.03.10-12.58.40:569][  0]LogTemp: Display: Module 'AndroidTargetPlatform' loaded TargetPlatform 'Android_MultiClient'
[2020.03.10-12.58.40:648][  0]LogTemp: Display: Module 'HTML5TargetPlatform' loaded TargetPlatform 'HTML5'
[2020.03.10-12.58.40:750][  0]LogTemp: Display: Module 'IOSTargetPlatform' loaded TargetPlatform 'IOSClient'
[2020.03.10-12.58.40:750][  0]LogTemp: Display: Module 'IOSTargetPlatform' loaded TargetPlatform 'IOS'
[2020.03.10-12.58.40:781][  0]LogTemp: Display: Module 'TVOSTargetPlatform' loaded TargetPlatform 'TVOSClient'
[2020.03.10-12.58.40:782][  0]LogTemp: Display: Module 'TVOSTargetPlatform' loaded TargetPlatform 'TVOS'
[2020.03.10-12.58.40:802][  0]LogTemp: Display: Module 'LinuxClientTargetPlatform' loaded TargetPlatform 'LinuxClient'
[2020.03.10-12.58.40:812][  0]LogTemp: Display: Module 'LinuxNoEditorTargetPlatform' loaded TargetPlatform 'LinuxNoEditor'
[2020.03.10-12.58.40:999][  0]LogTemp: Display: Module 'LinuxServerTargetPlatform' loaded TargetPlatform 'LinuxServer'
[2020.03.10-12.58.41:092][  0]LogTemp: Display: Module 'LinuxTargetPlatform' loaded TargetPlatform 'Linux'
[2020.03.10-12.58.41:135][  0]LogTemp: Display: Module 'LuminTargetPlatform' loaded TargetPlatform 'Lumin'
[2020.03.10-12.58.41:135][  0]LogTemp: Display: Module 'LuminTargetPlatform' loaded TargetPlatform 'LuminClient'
[2020.03.10-12.58.41:135][  0]LogTargetPlatformManager: Display: Building Assets For Windows
[2020.03.10-12.58.41:354][  0]LogAudioDebug: Display: Lib vorbis DLL was dynamically loaded.
[2020.03.10-12.58.42:082][  0]LogShaderCompilers: Guid format shader working directory is -22 characters bigger than the processId version (../../../../../Users/N0737367/Documents/GitHub/VR-Project/VREscapeRoom/Intermediate/Shaders/WorkingDirectory/23532/).
[2020.03.10-12.58.42:082][  0]LogShaderCompilers: Cleaned the shader compiler working directory 'C:/Users/N0737367/AppData/Local/Temp/UnrealShaderWorkingDir/D67DF8FE45A2105BE8C6DC958D05876E/'.
[2020.03.10-12.58.42:095][  0]LogXGEController: Cleaning working directory: C:/Users/N0737367/AppData/Local/Temp/UnrealXGEWorkingDir/
[2020.03.10-12.58.42:671][  0]LogShaderCompilers: Display: Using XGE Shader Compiler (Interception Interface).
[2020.03.10-12.58.48:029][  0]LogDerivedDataCache: Display: Max Cache Size: 512 MB
[2020.03.10-12.58.48:866][  0]LogDerivedDataCache: Loaded boot cache 0.84s 73MB C:/Users/N0737367/AppData/Local/UnrealEngine/4.23/DerivedDataCache/Boot.ddc.
[2020.03.10-12.58.48:867][  0]LogDerivedDataCache: Display: Loaded Boot cache: C:/Users/N0737367/AppData/Local/UnrealEngine/4.23/DerivedDataCache/Boot.ddc
[2020.03.10-12.58.48:867][  0]LogDerivedDataCache: FDerivedDataBackendGraph:  Pak pak cache file ../../../../../Users/N0737367/Documents/GitHub/VR-Project/VREscapeRoom/DerivedDataCache/DDC.ddp not found, will not use a pak cache.
[2020.03.10-12.58.48:867][  0]LogDerivedDataCache: Unable to find inner node Pak for hierarchical cache Hierarchy.
[2020.03.10-12.58.48:867][  0]LogDerivedDataCache: FDerivedDataBackendGraph:  CompressedPak pak cache file ../../../../../Users/N0737367/Documents/GitHub/VR-Project/VREscapeRoom/DerivedDataCache/Compressed.ddp not found, will not use a pak cache.
[2020.03.10-12.58.48:867][  0]LogDerivedDataCache: Unable to find inner node CompressedPak for hierarchical cache Hierarchy.
[2020.03.10-12.58.49:136][  0]LogDerivedDataCache: Display: Pak cache opened for reading ../../../Engine/DerivedDataCache/Compressed.ddp.
[2020.03.10-12.58.49:136][  0]LogDerivedDataCache: FDerivedDataBackendGraph:  EnterprisePak pak cache file ../../../Enterprise/DerivedDataCache/Compressed.ddp not found, will not use a pak cache.
[2020.03.10-12.58.49:136][  0]LogDerivedDataCache: Unable to find inner node EnterprisePak for hierarchical cache Hierarchy.
[2020.03.10-12.58.49:138][  0]LogDerivedDataCache: Using Local data cache path C:/Users/N0737367/AppData/Local/UnrealEngine/Common/DerivedDataCache: Writable
[2020.03.10-12.58.49:138][  0]LogDerivedDataCache: Shared data cache path not found in *engine.ini, will not use an Shared cache.
[2020.03.10-12.58.49:138][  0]LogDerivedDataCache: Unable to find inner node Shared for hierarchical cache Hierarchy.
[2020.03.10-12.58.50:193][  0]LogMaterial: Verifying Global Shaders for PCD3D_SM5
[2020.03.10-12.58.50:226][  0]LogSlate: Using FreeType 2.6.0
[2020.03.10-12.58.50:389][  0]LogSlate: SlateFontServices - WITH_FREETYPE: 1, WITH_HARFBUZZ: 1
[2020.03.10-12.58.51:750][  0]LogAssetRegistry: FAssetRegistry took 0.0110 seconds to start up
[2020.03.10-12.58.57:943][  0]LogInit: Selected Device Profile: [Windows]
[2020.03.10-12.59.00:459][  0]LogMeshReduction: Using QuadricMeshReduction for automatic static mesh reduction
[2020.03.10-12.59.00:459][  0]LogMeshReduction: Using SimplygonMeshReduction for automatic skeletal mesh reduction
[2020.03.10-12.59.00:459][  0]LogMeshReduction: Using ProxyLODMeshReduction for automatic mesh merging
[2020.03.10-12.59.00:459][  0]LogMeshReduction: No distributed automatic mesh merging module available
[2020.03.10-12.59.00:460][  0]LogMeshMerging: No distributed automatic mesh merging module available
[2020.03.10-12.59.00:814][  0]LogNetVersion: VREscapeRoom 1.0.0, NetCL: 8386587, EngineNetVer: 11, GameNetVer: 0 (Checksum: 2526743875)
[2020.03.10-12.59.01:786][  0]LogNavigation: Error: [/Script/Engine.NavigationSystem] found in the DefaultEngine.ini file. This class has been moved. Please rename that section to [/Script/NavigationSystem.NavigationSystemV1]
[2020.03.10-12.59.06:827][  0]LogPackageLocalizationCache: Processed 12 localized package path(s) for 1 prioritized culture(s) in 0.187131 seconds
[2020.03.10-12.59.06:857][  0]LogUObjectArray: 43444 objects as part of root set at end of initial load.
[2020.03.10-12.59.06:857][  0]LogUObjectAllocator: 7548648 out of 0 bytes used by permanent object pool.
[2020.03.10-12.59.06:857][  0]LogUObjectArray: CloseDisregardForGC: 0/0 objects in disregard for GC pool
[2020.03.10-12.59.36:563][  0]LogTcpMessaging: Initializing TcpMessaging bridge
[2020.03.10-12.59.36:618][  0]LogUdpMessaging: Initializing bridge on interface 0.0.0.0:0 to multicast group 230.0.0.1:6666.
[2020.03.10-12.59.37:779][  0]SourceControl: Source control is disabled
[2020.03.10-12.59.37:805][  0]SourceControl: Source control is disabled
[2020.03.10-12.59.38:024][  0]SourceControl: Source control is disabled
[2020.03.10-12.59.38:070][  0]SourceControl: Source control is disabled
[2020.03.10-12.59.40:625][  0]LogAndroidPermission: UAndroidPermissionCallbackProxy::GetInstance
[2020.03.10-12.59.41:754][  0]LogOcInput: OculusInput pre-init called
[2020.03.10-12.59.44:931][  0]LogEngine: Initializing Engine...
[2020.03.10-12.59.45:082][  0]LogHMD: Oculus plugin initialized. Version: 4.23.1-9631420+++UE4+Release-4.23, OVRPlugin: 1.37.0
[2020.03.10-12.59.45:258][  0]LogStats: UGameplayTagsManager::InitializeManager -  0.076 s
[2020.03.10-12.59.45:534][  0]LogInit: Initializing FReadOnlyCVARCache
[2020.03.10-12.59.46:130][  0]LogAIModule: Creating AISystem for world Untitled
[2020.03.10-12.59.46:489][  0]LogInit: XAudio2 using 'Headphones (Rift Audio)' : 2 channels at 48 kHz using 16 bits per sample (channel mask 0x3)
[2020.03.10-12.59.46:539][  0]LogInit: FAudioDevice initialized.
[2020.03.10-12.59.46:539][  0]LogNetVersion: Set ProjectVersion to 1.0.0.0. Version Checksum will be recalculated on next use.
[2020.03.10-12.59.46:830][  0]LogDerivedDataCache: Saved boot cache 0.29s 77MB C:/Users/N0737367/AppData/Local/UnrealEngine/4.23/DerivedDataCache/Boot.ddc.
[2020.03.10-12.59.46:834][  0]LogInit: Texture streaming: Enabled
[2020.03.10-12.59.47:157][  0]LogEngineSessionManager: EngineSessionManager initialized
[2020.03.10-12.59.47:170][  0]LogEditorSessionSummary: Verbose: Initializing EditorSessionSummaryWriter for editor session tracking
[2020.03.10-12.59.47:172][  0]LogEditorSessionSummary: EditorSessionSummaryWriter initialized
[2020.03.10-12.59.47:900][  0]LogInit: Transaction tracking system initialized
[2020.03.10-12.59.48:912][  0]BlueprintLog: New page: Editor Load
[2020.03.10-12.59.50:605][  0]LocalizationService: Localization service is disabled
[2020.03.10-12.59.53:426][  0]LogFileCache: Scanning file cache for directory 'C:/Users/N0737367/Documents/GitHub/VR-Project/VREscapeRoom/Content/' took 0.01s
[2020.03.10-12.59.53:427][  0]LogCook: Display: Max memory allowance for cook 16384mb min free memory 0mb
[2020.03.10-12.59.53:427][  0]LogCook: Display: Mobile HDR setting 1
[2020.03.10-12.59.59:052][  0]SourceControl: Source control is disabled
[2020.03.10-12.59.59:086][  0]Cmd: MAP LOAD FILE="../../../../../Users/N0737367/Documents/GitHub/VR-Project/VREscapeRoom/Content/Maps/World1.umap" TEMPLATE=0 SHOWPROGRESS=1 FEATURELEVEL=3
[2020.03.10-12.59.59:096][  0]LightingResults: New page: Lighting Build
[2020.03.10-12.59.59:269][  0]LogWorld: UWorld::CleanupWorld for Untitled, bSessionEnded=true, bCleanupResources=true
[2020.03.10-12.59.59:335][  0]MapCheck: New page: Map Check
[2020.03.10-12.59.59:335][  0]LightingResults: New page: Lighting Build
[2020.03.10-12.59.59:765][  0]LogUObjectHash: Compacting FUObjectHashTables data took   6.16ms
[2020.03.10-13.00.00:523][  0]LogBlueprint: Warning: [Compiler BP_MotionController] Set Hand : Usage of 'Hand' has been deprecated. Please replace or remove it.
[2020.03.10-13.00.00:523][  0]LogBlueprint: Warning: [Compiler BP_MotionController] Set Hand : Usage of 'Set Tracking Source' has been deprecated. Please use the Motion Source property instead of Hand
[2020.03.10-13.00.00:528][  0]LogBlueprint: Warning: [Compiler BP_MotionController] ProjectPointToNavigation_DEPRECATED : Usage of 'ProjectPointToNavigation_DEPRECATED' has been deprecated. This version of ProjectPointToNavigation is deprecated. Please use the new version
[2020.03.10-13.00.00:968][  0]LogLinker: Warning: While loading '../../../../../Users/N0737367/Documents/GitHub/VR-Project/VREscapeRoom/Content/Meshes/Furnature/SM_Prop_Cylinder_02.uasset' failed to load '/Game/PolygonScifi/Materials/Mat_PolygonScifi_01_A': Can't find file.
[2020.03.10-13.00.00:968][  0]LogLinker: Warning: While loading '../../../../../Users/N0737367/Documents/GitHub/VR-Project/VREscapeRoom/Content/Meshes/Furnature/SM_Prop_Cylinder_02.uasset' failed to load '/Game/PolygonScifi/Materials/Mat_PolygonScifi_01_A': Can't find file.
[2020.03.10-13.00.00:968][  0]LogLinker: Warning: While loading '../../../../../Users/N0737367/Documents/GitHub/VR-Project/VREscapeRoom/Content/Meshes/Furnature/SM_Prop_Cylinder_02.uasset' failed to load '/Game/PolygonScifi/Materials/Mat_PolygonScifi_01_A': Can't find file.
[2020.03.10-13.00.00:969][  0]LogLinker: Warning: While loading '../../../../../Users/N0737367/Documents/GitHub/VR-Project/VREscapeRoom/Content/Meshes/Furnature/SM_Prop_Cylinder_02.uasset' failed to load '/Game/PolygonScifi/Materials/Mat_PolygonScifi_01_A': Can't find file.
[2020.03.10-13.00.01:032][  0]LogLinker: Warning: While loading '../../../../../Users/N0737367/Documents/GitHub/VR-Project/VREscapeRoom/Content/Meshes/Pickup_Items/SM_Pistol.uasset' failed to load '/Game/PolygonScifi/Materials/Mat_PolygonScifi_01_A': Can't find file.
[2020.03.10-13.00.01:032][  0]LogLinker: Warning: While loading '../../../../../Users/N0737367/Documents/GitHub/VR-Project/VREscapeRoom/Content/Meshes/Pickup_Items/SM_Pistol.uasset' failed to load '/Game/PolygonScifi/Materials/Mat_PolygonScifi_01_A': Can't find file.
[2020.03.10-13.00.01:032][  0]LogLinker: Warning: While loading '../../../../../Users/N0737367/Documents/GitHub/VR-Project/VREscapeRoom/Content/Meshes/Pickup_Items/SM_Pistol.uasset' failed to load '/Game/PolygonScifi/Materials/Mat_PolygonScifi_01_A': Can't find file.
[2020.03.10-13.00.01:033][  0]LogLinker: Warning: While loading '../../../../../Users/N0737367/Documents/GitHub/VR-Project/VREscapeRoom/Content/Meshes/Pickup_Items/SM_Pistol.uasset' failed to load '/Game/PolygonScifi/Materials/Mat_PolygonScifi_01_A': Can't find file.
[2020.03.10-13.00.01:065][  0]LogLinker: Warning: While loading '../../../../../Users/N0737367/Documents/GitHub/VR-Project/VREscapeRoom/Content/Maps/World1.umap' failed to load '/Game/Maps/World1_BuiltData': Can't find file.
[2020.03.10-13.00.01:066][  0]LogLinker: Warning: While loading '../../../../../Users/N0737367/Documents/GitHub/VR-Project/VREscapeRoom/Content/Maps/World1.umap' failed to load '/Game/Maps/World1_BuiltData': Can't find file.
[2020.03.10-13.00.01:090][  0]LogLinker: Warning: While loading '../../../../../Users/N0737367/Documents/GitHub/VR-Project/VREscapeRoom/Content/Maps/World1.umap' failed to load '/Game/Maps/World1_BuiltData': Can't find file.
[2020.03.10-13.00.01:090][  0]LogLinker: Warning: While loading '../../../../../Users/N0737367/Documents/GitHub/VR-Project/VREscapeRoom/Content/Maps/World1.umap' failed to load '/Game/Maps/World1_BuiltData': Can't find file.
[2020.03.10-13.00.01:098][  0]LogLinker: Warning: While loading '../../../../../Users/N0737367/Documents/GitHub/VR-Project/VREscapeRoom/Content/Meshes/Furnature/SM_Prop_Couch_01.uasset' failed to load '/Game/PolygonScifi/Materials/Mat_PolygonScifi_01_A': Can't find file.
[2020.03.10-13.00.01:098][  0]LogLinker: Warning: While loading '../../../../../Users/N0737367/Documents/GitHub/VR-Project/VREscapeRoom/Content/Meshes/Furnature/SM_Prop_Couch_01.uasset' failed to load '/Game/PolygonScifi/Materials/Mat_PolygonScifi_01_A': Can't find file.
[2020.03.10-13.00.01:098][  0]LogLinker: Warning: While loading '../../../../../Users/N0737367/Documents/GitHub/VR-Project/VREscapeRoom/Content/Meshes/Furnature/SM_Prop_Couch_01.uasset' failed to load '/Game/PolygonScifi/Materials/Mat_PolygonScifi_01_A': Can't find file.
[2020.03.10-13.00.01:098][  0]LogLinker: Warning: While loading '../../../../../Users/N0737367/Documents/GitHub/VR-Project/VREscapeRoom/Content/Meshes/Furnature/SM_Prop_Couch_01.uasset' failed to load '/Game/PolygonScifi/Materials/Mat_PolygonScifi_01_A': Can't find file.
[2020.03.10-13.00.01:100][  0]LogLinker: Warning: While loading '../../../../../Users/N0737367/Documents/GitHub/VR-Project/VREscapeRoom/Content/Meshes/Furnature/SM_Prop_Cylinder_01.uasset' failed to load '/Game/PolygonScifi/Materials/Mat_PolygonScifi_01_A': Can't find file.
[2020.03.10-13.00.01:100][  0]LogLinker: Warning: While loading '../../../../../Users/N0737367/Documents/GitHub/VR-Project/VREscapeRoom/Content/Meshes/Furnature/SM_Prop_Cylinder_01.uasset' failed to load '/Game/PolygonScifi/Materials/Mat_PolygonScifi_01_A': Can't find file.
[2020.03.10-13.00.01:100][  0]LogLinker: Warning: While loading '../../../../../Users/N0737367/Documents/GitHub/VR-Project/VREscapeRoom/Content/Meshes/Furnature/SM_Prop_Cylinder_01.uasset' failed to load '/Game/PolygonScifi/Materials/Mat_PolygonScifi_01_A': Can't find file.
[2020.03.10-13.00.01:100][  0]LogLinker: Warning: While loading '../../../../../Users/N0737367/Documents/GitHub/VR-Project/VREscapeRoom/Content/Meshes/Furnature/SM_Prop_Cylinder_01.uasset' failed to load '/Game/PolygonScifi/Materials/Mat_PolygonScifi_01_A': Can't find file.
[2020.03.10-13.00.01:104][  0]LogLinker: Warning: While loading '../../../../../Users/N0737367/Documents/GitHub/VR-Project/VREscapeRoom/Content/Meshes/Furnature/SM_Prop_Wall_Prop_01.uasset' failed to load '/Game/PolygonScifi/Materials/Mat_PolygonScifi_01_A': Can't find file.
[2020.03.10-13.00.01:104][  0]LogLinker: Warning: While loading '../../../../../Users/N0737367/Documents/GitHub/VR-Project/VREscapeRoom/Content/Meshes/Furnature/SM_Prop_Wall_Prop_01.uasset' failed to load '/Game/PolygonScifi/Materials/Mat_PolygonScifi_01_A': Can't find file.
[2020.03.10-13.00.01:105][  0]LogLinker: Warning: While loading '../../../../../Users/N0737367/Documents/GitHub/VR-Project/VREscapeRoom/Content/Meshes/Furnature/SM_Prop_Wall_Prop_01.uasset' failed to load '/Game/PolygonScifi/Materials/Mat_PolygonScifi_01_A': Can't find file.
[2020.03.10-13.00.01:105][  0]LogLinker: Warning: While loading '../../../../../Users/N0737367/Documents/GitHub/VR-Project/VREscapeRoom/Content/Meshes/Furnature/SM_Prop_Wall_Prop_01.uasset' failed to load '/Game/PolygonScifi/Materials/Mat_PolygonScifi_01_A': Can't find file.
[2020.03.10-13.00.01:106][  0]LogLinker: Warning: While loading '../../../../../Users/N0737367/Documents/GitHub/VR-Project/VREscapeRoom/Content/Meshes/Furnature/SM_Prop_Wall_Table_01.uasset' failed to load '/Game/PolygonScifi/Materials/Mat_PolygonScifi_01_A': Can't find file.
[2020.03.10-13.00.01:106][  0]LogLinker: Warning: While loading '../../../../../Users/N0737367/Documents/GitHub/VR-Project/VREscapeRoom/Content/Meshes/Furnature/SM_Prop_Wall_Table_01.uasset' failed to load '/Game/PolygonScifi/Materials/Mat_PolygonScifi_01_A': Can't find file.
[2020.03.10-13.00.01:106][  0]LogLinker: Warning: While loading '../../../../../Users/N0737367/Documents/GitHub/VR-Project/VREscapeRoom/Content/Meshes/Furnature/SM_Prop_Wall_Table_01.uasset' failed to load '/Game/PolygonScifi/Materials/Mat_PolygonScifi_01_A': Can't find file.
[2020.03.10-13.00.01:106][  0]LogLinker: Warning: While loading '../../../../../Users/N0737367/Documents/GitHub/VR-Project/VREscapeRoom/Content/Meshes/Furnature/SM_Prop_Wall_Table_01.uasset' failed to load '/Game/PolygonScifi/Materials/Mat_PolygonScifi_01_A': Can't find file.
[2020.03.10-13.00.01:107][  0]LogLinker: Warning: While loading '../../../../../Users/N0737367/Documents/GitHub/VR-Project/VREscapeRoom/Content/Meshes/Furnature/SM_Prop_WallAttach_Electronics_02.uasset' failed to load '/Game/PolygonScifi/Materials/Mat_PolygonScifi_01_A': Can't find file.
[2020.03.10-13.00.01:108][  0]LogLinker: Warning: While loading '../../../../../Users/N0737367/Documents/GitHub/VR-Project/VREscapeRoom/Content/Meshes/Furnature/SM_Prop_WallAttach_Electronics_02.uasset' failed to load '/Game/PolygonScifi/Materials/Mat_PolygonScifi_01_A': Can't find file.
[2020.03.10-13.00.01:108][  0]LogLinker: Warning: While loading '../../../../../Users/N0737367/Documents/GitHub/VR-Project/VREscapeRoom/Content/Meshes/Furnature/SM_Prop_WallAttach_Electronics_02.uasset' failed to load '/Game/PolygonScifi/Materials/Mat_PolygonScifi_01_A': Can't find file.
[2020.03.10-13.00.01:108][  0]LogLinker: Warning: While loading '../../../../../Users/N0737367/Documents/GitHub/VR-Project/VREscapeRoom/Content/Meshes/Furnature/SM_Prop_WallAttach_Electronics_02.uasset' failed to load '/Game/PolygonScifi/Materials/Mat_PolygonScifi_01_A': Can't find file.
[2020.03.10-13.00.01:117][  0]LogLinker: Warning: Failed to load '/Game/Maps/World1_BuiltData': Can't find file.
[2020.03.10-13.00.01:117][  0]LogLinker: Warning: Failed to load '/Game/Maps/World1_BuiltData': Can't find file.
[2020.03.10-13.00.01:118][  0]LogLinker: Warning: Failed to load '/Game/Maps/World1_BuiltData': Can't find file.
[2020.03.10-13.00.01:118][  0]LogLinker: Warning: Failed to load '/Game/Maps/World1_BuiltData': Can't find file.
[2020.03.10-13.00.01:254][  0]LogLinker: Warning: While loading '../../../../../Users/N0737367/Documents/GitHub/VR-Project/VREscapeRoom/Content/Maps/World1.umap' failed to load '/Game/Maps/World1_BuiltData': Can't find file.
[2020.03.10-13.00.01:254][  0]LoadErrors: Failed to load /Game/Maps/World1_BuiltData.World1_BuiltData Referenced by PersistentLevel
[2020.03.10-13.00.01:255][  0]LogLinker: Warning: While loading '../../../../../Users/N0737367/Documents/GitHub/VR-Project/VREscapeRoom/Content/Maps/World1.umap' failed to load '/Game/Maps/World1_BuiltData': Can't find file.
[2020.03.10-13.00.01:255][  0]LoadErrors: Failed to load /Game/Maps/World1_BuiltData.World1_BuiltData Referenced by PersistentLevel
[2020.03.10-13.00.01:295][  0]LogLinker: Warning: While loading '../../../../../Users/N0737367/Documents/GitHub/VR-Project/VREscapeRoom/Content/Meshes/Furnature/SM_Prop_Cylinder_02.uasset' failed to load '/Game/PolygonScifi/Materials/Mat_PolygonScifi_01_A': Can't find file.
[2020.03.10-13.00.01:295][  0]LoadErrors: Failed to load /Game/PolygonScifi/Materials/Mat_PolygonScifi_01_A.Mat_PolygonScifi_01_A Referenced by SM_Prop_Cylinder_02
[2020.03.10-13.00.01:295][  0]LogLinker: Warning: While loading '../../../../../Users/N0737367/Documents/GitHub/VR-Project/VREscapeRoom/Content/Meshes/Furnature/SM_Prop_Cylinder_02.uasset' failed to load '/Game/PolygonScifi/Materials/Mat_PolygonScifi_01_A': Can't find file.
[2020.03.10-13.00.01:295][  0]LoadErrors: Failed to load /Game/PolygonScifi/Materials/Mat_PolygonScifi_01_A.Mat_PolygonScifi_01_A Referenced by SM_Prop_Cylinder_02
[2020.03.10-13.00.01:296][  0]LogLinker: Warning: While loading '../../../../../Users/N0737367/Documents/GitHub/VR-Project/VREscapeRoom/Content/Meshes/Furnature/SM_Prop_Cylinder_02.uasset' failed to load '/Game/PolygonScifi/Materials/Mat_PolygonScifi_01_A': Can't find file.
[2020.03.10-13.00.01:296][  0]LoadErrors: Failed to load /Game/PolygonScifi/Materials/Mat_PolygonScifi_01_A.Mat_PolygonScifi_01_A Referenced by SM_Prop_Cylinder_02
[2020.03.10-13.00.01:296][  0]LogLinker: Warning: While loading '../../../../../Users/N0737367/Documents/GitHub/VR-Project/VREscapeRoom/Content/Meshes/Furnature/SM_Prop_Cylinder_02.uasset' failed to load '/Game/PolygonScifi/Materials/Mat_PolygonScifi_01_A': Can't find file.
[2020.03.10-13.00.01:296][  0]LoadErrors: Failed to load /Game/PolygonScifi/Materials/Mat_PolygonScifi_01_A.Mat_PolygonScifi_01_A Referenced by SM_Prop_Cylinder_02
[2020.03.10-13.00.01:299][  0]LogLinker: Warning: While loading '../../../../../Users/N0737367/Documents/GitHub/VR-Project/VREscapeRoom/Content/Meshes/Pickup_Items/SM_Pistol.uasset' failed to load '/Game/PolygonScifi/Materials/Mat_PolygonScifi_01_A': Can't find file.
[2020.03.10-13.00.01:299][  0]LoadErrors: Failed to load /Game/PolygonScifi/Materials/Mat_PolygonScifi_01_A.Mat_PolygonScifi_01_A Referenced by SM_Pistol
[2020.03.10-13.00.01:300][  0]LogLinker: Warning: While loading '../../../../../Users/N0737367/Documents/GitHub/VR-Project/VREscapeRoom/Content/Meshes/Pickup_Items/SM_Pistol.uasset' failed to load '/Game/PolygonScifi/Materials/Mat_PolygonScifi_01_A': Can't find file.
[2020.03.10-13.00.01:300][  0]LoadErrors: Failed to load /Game/PolygonScifi/Materials/Mat_PolygonScifi_01_A.Mat_PolygonScifi_01_A Referenced by SM_Pistol
[2020.03.10-13.00.01:300][  0]LogLinker: Warning: While loading '../../../../../Users/N0737367/Documents/GitHub/VR-Project/VREscapeRoom/Content/Meshes/Pickup_Items/SM_Pistol.uasset' failed to load '/Game/PolygonScifi/Materials/Mat_PolygonScifi_01_A': Can't find file.
[2020.03.10-13.00.01:300][  0]LoadErrors: Failed to load /Game/PolygonScifi/Materials/Mat_PolygonScifi_01_A.Mat_PolygonScifi_01_A Referenced by SM_Pistol
[2020.03.10-13.00.01:300][  0]LogLinker: Warning: While loading '../../../../../Users/N0737367/Documents/GitHub/VR-Project/VREscapeRoom/Content/Meshes/Pickup_Items/SM_Pistol.uasset' failed to load '/Game/PolygonScifi/Materials/Mat_PolygonScifi_01_A': Can't find file.
[2020.03.10-13.00.01:300][  0]LoadErrors: Failed to load /Game/PolygonScifi/Materials/Mat_PolygonScifi_01_A.Mat_PolygonScifi_01_A Referenced by SM_Pistol
[2020.03.10-13.00.01:302][  0]LogLinker: Warning: While loading '../../../../../Users/N0737367/Documents/GitHub/VR-Project/VREscapeRoom/Content/Meshes/Furnature/SM_Prop_WallAttach_Electronics_02.uasset' failed to load '/Game/PolygonScifi/Materials/Mat_PolygonScifi_01_A': Can't find file.
[2020.03.10-13.00.01:302][  0]LoadErrors: Failed to load /Game/PolygonScifi/Materials/Mat_PolygonScifi_01_A.Mat_PolygonScifi_01_A Referenced by SM_Prop_WallAttach_Electronics_02
[2020.03.10-13.00.01:302][  0]LogLinker: Warning: While loading '../../../../../Users/N0737367/Documents/GitHub/VR-Project/VREscapeRoom/Content/Meshes/Furnature/SM_Prop_WallAttach_Electronics_02.uasset' failed to load '/Game/PolygonScifi/Materials/Mat_PolygonScifi_01_A': Can't find file.
[2020.03.10-13.00.01:302][  0]LoadErrors: Failed to load /Game/PolygonScifi/Materials/Mat_PolygonScifi_01_A.Mat_PolygonScifi_01_A Referenced by SM_Prop_WallAttach_Electronics_02
[2020.03.10-13.00.01:302][  0]LogLinker: Warning: While loading '../../../../../Users/N0737367/Documents/GitHub/VR-Project/VREscapeRoom/Content/Meshes/Furnature/SM_Prop_WallAttach_Electronics_02.uasset' failed to load '/Game/PolygonScifi/Materials/Mat_PolygonScifi_01_A': Can't find file.
[2020.03.10-13.00.01:302][  0]LoadErrors: Failed to load /Game/PolygonScifi/Materials/Mat_PolygonScifi_01_A.Mat_PolygonScifi_01_A Referenced by SM_Prop_WallAttach_Electronics_02
[2020.03.10-13.00.01:302][  0]LogLinker: Warning: While loading '../../../../../Users/N0737367/Documents/GitHub/VR-Project/VREscapeRoom/Content/Meshes/Furnature/SM_Prop_WallAttach_Electronics_02.uasset' failed to load '/Game/PolygonScifi/Materials/Mat_PolygonScifi_01_A': Can't find file.
[2020.03.10-13.00.01:302][  0]LoadErrors: Failed to load /Game/PolygonScifi/Materials/Mat_PolygonScifi_01_A.Mat_PolygonScifi_01_A Referenced by SM_Prop_WallAttach_Electronics_02
[2020.03.10-13.00.01:303][  0]LogLinker: Warning: While loading '../../../../../Users/N0737367/Documents/GitHub/VR-Project/VREscapeRoom/Content/Meshes/Furnature/SM_Prop_Wall_Table_01.uasset' failed to load '/Game/PolygonScifi/Materials/Mat_PolygonScifi_01_A': Can't find file.
[2020.03.10-13.00.01:303][  0]LoadErrors: Failed to load /Game/PolygonScifi/Materials/Mat_PolygonScifi_01_A.Mat_PolygonScifi_01_A Referenced by SM_Prop_Wall_Table_01
[2020.03.10-13.00.01:303][  0]LogLinker: Warning: While loading '../../../../../Users/N0737367/Documents/GitHub/VR-Project/VREscapeRoom/Content/Meshes/Furnature/SM_Prop_Wall_Table_01.uasset' failed to load '/Game/PolygonScifi/Materials/Mat_PolygonScifi_01_A': Can't find file.
[2020.03.10-13.00.01:303][  0]LoadErrors: Failed to load /Game/PolygonScifi/Materials/Mat_PolygonScifi_01_A.Mat_PolygonScifi_01_A Referenced by SM_Prop_Wall_Table_01
[2020.03.10-13.00.01:303][  0]LogLinker: Warning: While loading '../../../../../Users/N0737367/Documents/GitHub/VR-Project/VREscapeRoom/Content/Meshes/Furnature/SM_Prop_Wall_Table_01.uasset' failed to load '/Game/PolygonScifi/Materials/Mat_PolygonScifi_01_A': Can't find file.
[2020.03.10-13.00.01:303][  0]LoadErrors: Failed to load /Game/PolygonScifi/Materials/Mat_PolygonScifi_01_A.Mat_PolygonScifi_01_A Referenced by SM_Prop_Wall_Table_01
[2020.03.10-13.00.01:304][  0]LogLinker: Warning: While loading '../../../../../Users/N0737367/Documents/GitHub/VR-Project/VREscapeRoom/Content/Meshes/Furnature/SM_Prop_Wall_Table_01.uasset' failed to load '/Game/PolygonScifi/Materials/Mat_PolygonScifi_01_A': Can't find file.
[2020.03.10-13.00.01:304][  0]LoadErrors: Failed to load /Game/PolygonScifi/Materials/Mat_PolygonScifi_01_A.Mat_PolygonScifi_01_A Referenced by SM_Prop_Wall_Table_01
[2020.03.10-13.00.01:304][  0]LogLinker: Warning: While loading '../../../../../Users/N0737367/Documents/GitHub/VR-Project/VREscapeRoom/Content/Meshes/Furnature/SM_Prop_Wall_Prop_01.uasset' failed to load '/Game/PolygonScifi/Materials/Mat_PolygonScifi_01_A': Can't find file.
[2020.03.10-13.00.01:304][  0]LoadErrors: Failed to load /Game/PolygonScifi/Materials/Mat_PolygonScifi_01_A.Mat_PolygonScifi_01_A Referenced by SM_Prop_Wall_Prop_01
[2020.03.10-13.00.01:304][  0]LogLinker: Warning: While loading '../../../../../Users/N0737367/Documents/GitHub/VR-Project/VREscapeRoom/Content/Meshes/Furnature/SM_Prop_Wall_Prop_01.uasset' failed to load '/Game/PolygonScifi/Materials/Mat_PolygonScifi_01_A': Can't find file.
[2020.03.10-13.00.01:304][  0]LoadErrors: Failed to load /Game/PolygonScifi/Materials/Mat_PolygonScifi_01_A.Mat_PolygonScifi_01_A Referenced by SM_Prop_Wall_Prop_01
[2020.03.10-13.00.01:305][  0]LogLinker: Warning: While loading '../../../../../Users/N0737367/Documents/GitHub/VR-Project/VREscapeRoom/Content/Meshes/Furnature/SM_Prop_Wall_Prop_01.uasset' failed to load '/Game/PolygonScifi/Materials/Mat_PolygonScifi_01_A': Can't find file.
[2020.03.10-13.00.01:305][  0]LoadErrors: Failed to load /Game/PolygonScifi/Materials/Mat_PolygonScifi_01_A.Mat_PolygonScifi_01_A Referenced by SM_Prop_Wall_Prop_01
[2020.03.10-13.00.01:305][  0]LogLinker: Warning: While loading '../../../../../Users/N0737367/Documents/GitHub/VR-Project/VREscapeRoom/Content/Meshes/Furnature/SM_Prop_Wall_Prop_01.uasset' failed to load '/Game/PolygonScifi/Materials/Mat_PolygonScifi_01_A': Can't find file.
[2020.03.10-13.00.01:305][  0]LoadErrors: Failed to load /Game/PolygonScifi/Materials/Mat_PolygonScifi_01_A.Mat_PolygonScifi_01_A Referenced by SM_Prop_Wall_Prop_01
[2020.03.10-13.00.01:306][  0]LogLinker: Warning: While loading '../../../../../Users/N0737367/Documents/GitHub/VR-Project/VREscapeRoom/Content/Meshes/Furnature/SM_Prop_Cylinder_01.uasset' failed to load '/Game/PolygonScifi/Materials/Mat_PolygonScifi_01_A': Can't find file.
[2020.03.10-13.00.01:306][  0]LoadErrors: Failed to load /Game/PolygonScifi/Materials/Mat_PolygonScifi_01_A.Mat_PolygonScifi_01_A Referenced by SM_Prop_Cylinder_01
[2020.03.10-13.00.01:306][  0]LogLinker: Warning: While loading '../../../../../Users/N0737367/Documents/GitHub/VR-Project/VREscapeRoom/Content/Meshes/Furnature/SM_Prop_Cylinder_01.uasset' failed to load '/Game/PolygonScifi/Materials/Mat_PolygonScifi_01_A': Can't find file.
[2020.03.10-13.00.01:306][  0]LoadErrors: Failed to load /Game/PolygonScifi/Materials/Mat_PolygonScifi_01_A.Mat_PolygonScifi_01_A Referenced by SM_Prop_Cylinder_01
[2020.03.10-13.00.01:307][  0]LogLinker: Warning: While loading '../../../../../Users/N0737367/Documents/GitHub/VR-Project/VREscapeRoom/Content/Meshes/Furnature/SM_Prop_Cylinder_01.uasset' failed to load '/Game/PolygonScifi/Materials/Mat_PolygonScifi_01_A': Can't find file.
[2020.03.10-13.00.01:307][  0]LoadErrors: Failed to load /Game/PolygonScifi/Materials/Mat_PolygonScifi_01_A.Mat_PolygonScifi_01_A Referenced by SM_Prop_Cylinder_01
[2020.03.10-13.00.01:307][  0]LogLinker: Warning: While loading '../../../../../Users/N0737367/Documents/GitHub/VR-Project/VREscapeRoom/Content/Meshes/Furnature/SM_Prop_Cylinder_01.uasset' failed to load '/Game/PolygonScifi/Materials/Mat_PolygonScifi_01_A': Can't find file.
[2020.03.10-13.00.01:307][  0]LoadErrors: Failed to load /Game/PolygonScifi/Materials/Mat_PolygonScifi_01_A.Mat_PolygonScifi_01_A Referenced by SM_Prop_Cylinder_01
[2020.03.10-13.00.01:308][  0]LogLinker: Warning: While loading '../../../../../Users/N0737367/Documents/GitHub/VR-Project/VREscapeRoom/Content/Meshes/Furnature/SM_Prop_Couch_01.uasset' failed to load '/Game/PolygonScifi/Materials/Mat_PolygonScifi_01_A': Can't find file.
[2020.03.10-13.00.01:308][  0]LoadErrors: Failed to load /Game/PolygonScifi/Materials/Mat_PolygonScifi_01_A.Mat_PolygonScifi_01_A Referenced by SM_Prop_Couch_01
[2020.03.10-13.00.01:308][  0]LogLinker: Warning: While loading '../../../../../Users/N0737367/Documents/GitHub/VR-Project/VREscapeRoom/Content/Meshes/Furnature/SM_Prop_Couch_01.uasset' failed to load '/Game/PolygonScifi/Materials/Mat_PolygonScifi_01_A': Can't find file.
[2020.03.10-13.00.01:308][  0]LoadErrors: Failed to load /Game/PolygonScifi/Materials/Mat_PolygonScifi_01_A.Mat_PolygonScifi_01_A Referenced by SM_Prop_Couch_01
[2020.03.10-13.00.01:309][  0]LogLinker: Warning: While loading '../../../../../Users/N0737367/Documents/GitHub/VR-Project/VREscapeRoom/Content/Meshes/Furnature/SM_Prop_Couch_01.uasset' failed to load '/Game/PolygonScifi/Materials/Mat_PolygonScifi_01_A': Can't find file.
[2020.03.10-13.00.01:309][  0]LoadErrors: Failed to load /Game/PolygonScifi/Materials/Mat_PolygonScifi_01_A.Mat_PolygonScifi_01_A Referenced by SM_Prop_Couch_01
[2020.03.10-13.00.01:309][  0]LogLinker: Warning: While loading '../../../../../Users/N0737367/Documents/GitHub/VR-Project/VREscapeRoom/Content/Meshes/Furnature/SM_Prop_Couch_01.uasset' failed to load '/Game/PolygonScifi/Materials/Mat_PolygonScifi_01_A': Can't find file.
[2020.03.10-13.00.01:309][  0]LoadErrors: Failed to load /Game/PolygonScifi/Materials/Mat_PolygonScifi_01_A.Mat_PolygonScifi_01_A Referenced by SM_Prop_Couch_01
[2020.03.10-13.00.01:465][  0]LogTexture: Display: Building textures: T_UnrealEngineDecal (DXT1, 2048X2048)
[2020.03.10-13.00.01:465][  0]LogStaticMesh: Building static mesh 1M_Cube...
[2020.03.10-13.00.01:544][  0]LogTexture: Display: Building textures: HammerTexture (AutoDXT, 2048X2048)
[2020.03.10-13.00.01:544][  0]LogTexture: Display: Building textures: T_PolygonScifi_01_C (AutoDXT, 2048X2048)
[2020.03.10-13.00.01:544][  0]LogTexture: Display: Building textures: T_PolygonScifi_04_C (AutoDXT, 2048X2048)
[2020.03.10-13.00.01:544][  0]LogTexture: Display: Building textures: T_PolygonScifi_01_B (AutoDXT, 2048X2048)
[2020.03.10-13.00.01:544][  0]LogTexture: Display: Building textures: T_PolygonScifi_02_B (AutoDXT, 2048X2048)
[2020.03.10-13.00.01:544][  0]LogStaticMesh: Built static mesh [0.21s] /Game/Meshes/1M_Cube.1M_Cube
[2020.03.10-13.00.02:345][  0]LogStaticMesh: Building static mesh SM_Prop_AirConditioningUnit_02...
[2020.03.10-13.00.02:347][  0]LogStaticMesh: Built static mesh [0.00s] /Game/Meshes/Environment/SM_Prop_AirConditioningUnit_02.SM_Prop_AirConditioningUnit_02
[2020.03.10-13.00.02:348][  0]LogStaticMesh: Building static mesh SM_Prop_Cylinder_02...
[2020.03.10-13.00.02:352][  0]LogStaticMesh: Built static mesh [0.00s] /Game/Meshes/Furnature/SM_Prop_Cylinder_02.SM_Prop_Cylinder_02
[2020.03.10-13.00.02:354][  0]LogStaticMesh: Building static mesh SM_Prop_Cylinder_01...
[2020.03.10-13.00.02:357][  0]LogStaticMesh: Built static mesh [0.00s] /Game/Meshes/Furnature/SM_Prop_Cylinder_01.SM_Prop_Cylinder_01
[2020.03.10-13.00.02:358][  0]LogStaticMesh: Building static mesh SM_Hammer...
[2020.03.10-13.00.02:366][  0]LogStaticMesh: Built static mesh [0.01s] /Game/Meshes/Pickup_Items/SM_Hammer.SM_Hammer
[2020.03.10-13.00.02:368][  0]LogStaticMesh: Building static mesh SM_Pistol...
[2020.03.10-13.00.02:400][  0]LogStaticMesh: Built static mesh [0.03s] /Game/Meshes/Pickup_Items/SM_Pistol.SM_Pistol
[2020.03.10-13.00.02:404][  0]LogStaticMesh: Building static mesh SM_Pistol_2...
[2020.03.10-13.00.02:415][  0]LogStaticMesh: Built static mesh [0.01s] /Game/Meshes/Pickup_Items/SM_Pistol_2.SM_Pistol_2
[2020.03.10-13.00.02:418][  0]LogStaticMesh: Building static mesh SM_Prop_Carpet_Mat_01...
[2020.03.10-13.00.02:420][  0]LogStaticMesh: Built static mesh [0.00s] /Game/Meshes/Environment/SM_Prop_Carpet_Mat_01.SM_Prop_Carpet_Mat_01
[2020.03.10-13.00.02:421][  0]LogStaticMesh: Building static mesh SM_ChestDrawer...
[2020.03.10-13.00.02:430][  0]LogStaticMesh: Built static mesh [0.01s] /Game/Meshes/SM_ChestDrawer.SM_ChestDrawer
[2020.03.10-13.00.02:431][  0]LogStaticMesh: Building static mesh coin...
[2020.03.10-13.00.02:441][  0]LogStaticMesh: Built static mesh [0.01s] /Game/Meshes/Pickup_Items/coin.coin
[2020.03.10-13.00.02:443][  0]LogStaticMesh: Building static mesh SM_Prop_Door_02...
[2020.03.10-13.00.02:448][  0]LogStaticMesh: Built static mesh [0.00s] /Game/Meshes/Environment/SM_Prop_Door_02.SM_Prop_Door_02
[2020.03.10-13.00.02:449][  0]LogStaticMesh: Building static mesh SM_Prop_Wall_Table_01...
[2020.03.10-13.00.02:453][  0]LogStaticMesh: Built static mesh [0.00s] /Game/Meshes/Furnature/SM_Prop_Wall_Table_01.SM_Prop_Wall_Table_01
[2020.03.10-13.00.02:462][  0]LogStaticMesh: Building static mesh SM_Prop_WallAttach_Electronics_02...
[2020.03.10-13.00.02:464][  0]LogStaticMesh: Built static mesh [0.00s] /Game/Meshes/Furnature/SM_Prop_WallAttach_Electronics_02.SM_Prop_WallAttach_Electronics_02
[2020.03.10-13.00.02:465][  0]LogStaticMesh: Building static mesh SM_Prop_Wall_Prop_01...
[2020.03.10-13.00.02:467][  0]LogStaticMesh: Built static mesh [0.00s] /Game/Meshes/Furnature/SM_Prop_Wall_Prop_01.SM_Prop_Wall_Prop_01
[2020.03.10-13.00.02:469][  0]LogStaticMesh: Building static mesh SM_Prop_Table_Small_01...
[2020.03.10-13.00.02:471][  0]LogStaticMesh: Built static mesh [0.00s] /Game/Meshes/Furnature/SM_Prop_Table_Small_01.SM_Prop_Table_Small_01
[2020.03.10-13.00.02:472][  0]LogStaticMesh: Building static mesh SM_Chest...
[2020.03.10-13.00.02:490][  0]LogStaticMesh: Built static mesh [0.02s] /Game/Meshes/SM_Chest.SM_Chest
[2020.03.10-13.00.02:492][  0]LogStaticMesh: Building static mesh SM_Env_Floor_01...
[2020.03.10-13.00.02:492][  0]LogStaticMesh: Built static mesh [0.00s] /Game/Meshes/Environment/SM_Env_Floor_01.SM_Env_Floor_01
[2020.03.10-13.00.02:492][  0]LogStaticMesh: Building static mesh SM_Env_Wall_Generic_01...
[2020.03.10-13.00.02:494][  0]LogStaticMesh: Built static mesh [0.00s] /Game/Meshes/Environment/SM_Env_Wall_Generic_01.SM_Env_Wall_Generic_01
[2020.03.10-13.00.02:494][  0]LogStaticMesh: Building static mesh SM_Prop_BarChair_01...
[2020.03.10-13.00.02:497][  0]LogStaticMesh: Built static mesh [0.00s] /Game/Meshes/Furnature/SM_Prop_BarChair_01.SM_Prop_BarChair_01
[2020.03.10-13.00.02:498][  0]LogStaticMesh: Building static mesh SM_Prop_Crate_01...
[2020.03.10-13.00.02:502][  0]LogStaticMesh: Built static mesh [0.00s] /Game/Meshes/Furnature/SM_Prop_Crate_01.SM_Prop_Crate_01
[2020.03.10-13.00.02:505][  0]LogStaticMesh: Building static mesh SM_Prop_MarketTable_02...
[2020.03.10-13.00.02:507][  0]LogStaticMesh: Built static mesh [0.00s] /Game/Meshes/Furnature/SM_Prop_MarketTable_02.SM_Prop_MarketTable_02
[2020.03.10-13.00.02:508][  0]LogStaticMesh: Building static mesh SM_Prop_Office_Chair_01...
[2020.03.10-13.00.02:514][  0]LogStaticMesh: Built static mesh [0.01s] /Game/Meshes/Furnature/SM_Prop_Office_Chair_01.SM_Prop_Office_Chair_01
[2020.03.10-13.00.02:515][  0]LogStaticMesh: Building static mesh SM_Prop_Rubbish_Paper_02...
[2020.03.10-13.00.02:518][  0]LogStaticMesh: Built static mesh [0.00s] /Game/Meshes/Pickup_Items/SM_Prop_Rubbish_Paper_02.SM_Prop_Rubbish_Paper_02
[2020.03.10-13.00.02:518][  0]LogStaticMesh: Building static mesh SM_Prop_Shelf_01...
[2020.03.10-13.00.02:521][  0]LogStaticMesh: Built static mesh [0.00s] /Game/Meshes/Furnature/SM_Prop_Shelf_01.SM_Prop_Shelf_01
[2020.03.10-13.00.02:522][  0]LogStaticMesh: Building static mesh SM_Prop_TrashCan_01...
[2020.03.10-13.00.02:525][  0]LogStaticMesh: Built static mesh [0.00s] /Game/Meshes/Environment/SM_Prop_TrashCan_01.SM_Prop_TrashCan_01
[2020.03.10-13.00.02:526][  0]LogStaticMesh: Building static mesh SM_Prop_Couch_01...
[2020.03.10-13.00.02:531][  0]LogStaticMesh: Built static mesh [0.01s] /Game/Meshes/Furnature/SM_Prop_Couch_01.SM_Prop_Couch_01
[2020.03.10-13.00.02:533][  0]LogStaticMesh: Building static mesh SM_Prop_Security_Monitor_01...
[2020.03.10-13.00.02:537][  0]LogStaticMesh: Built static mesh [0.00s] /Game/Meshes/Environment/SM_Prop_Security_Monitor_01.SM_Prop_Security_Monitor_01
[2020.03.10-13.00.02:543][  0]LogStaticMesh: Building static mesh SM_Button...
[2020.03.10-13.00.02:555][  0]LogStaticMesh: Built static mesh [0.02s] /Game/Meshes/SM_Button.SM_Button
[2020.03.10-13.00.02:557][  0]LogStaticMesh: Building static mesh SM_Prop_VendingMachine_01...
[2020.03.10-13.00.02:559][  0]LogStaticMesh: Built static mesh [0.00s] /Game/Meshes/Furnature/SM_Prop_VendingMachine_01.SM_Prop_VendingMachine_01
[2020.03.10-13.00.02:560][  0]LogStaticMesh: Building static mesh SM_Prop_Shelf_Wall_Preset_01...
[2020.03.10-13.00.02:579][  0]LogStaticMesh: Built static mesh [0.02s] /Game/Meshes/Furnature/SM_Prop_Shelf_Wall_Preset_01.SM_Prop_Shelf_Wall_Preset_01
[2020.03.10-13.00.03:005][  0]LogMaterial: Display: Missing cached shader map for material SparksMat, compiling. 
[2020.03.10-13.00.03:166][  0]LogMaterial: Display: Missing cached shader map for material FuseGlow, compiling. 
[2020.03.10-13.00.03:287][  0]LogMaterial: Display: Missing cached shader map for material Mat_Hammer, compiling. 
[2020.03.10-13.00.03:546][  0]LogMaterial: Display: Missing cached shader map for material Mat_ShineWhite, compiling. 
[2020.03.10-13.00.03:613][  0]LogMaterial: Display: Missing cached shader map for material Mat_Glass, compiling. 
[2020.03.10-13.00.04:183][  0]LogMaterial: Display: Missing cached shader map for material Mat_PolygonScifi_04_C, compiling. 
[2020.03.10-13.00.04:573][  0]LogMaterial: Display: Missing cached shader map for material Mat_PolygonScifi_02_B, compiling. 
[2020.03.10-13.00.05:246][  0]LogMaterial: Display: Missing cached shader map for material Mat_PolygonScifi_01_C, compiling. 
[2020.03.10-13.00.05:284][  0]LogMaterial: Display: Missing cached shader map for material Mat_PolygonScifi_01_B, compiling. 
[2020.03.10-13.00.05:325][  0]LogMaterial: Display: Missing cached shader map for material Ghost_Fuse, compiling. 
[2020.03.10-13.00.06:056][  0]LogAIModule: Creating AISystem for world World1
[2020.03.10-13.00.06:780][  0]LogPhysics: Warning: Initialising Body : Scale3D is (nearly) zero: Component: '/Game/Maps/World1.World1:PersistentLevel.VendingMachineBP.FuseSpawnPoint' 
[2020.03.10-13.00.07:360][  0]LogPhysics: Warning: Initialising Body : Scale3D is (nearly) zero: Component: '/Game/Maps/World1.World1:PersistentLevel.VendingMachineBP.FuseSpawnPoint' 
[2020.03.10-13.00.07:360][  0]LogPhysics: Warning: Initialising Body : Scale3D is (nearly) zero: Component: '/Game/Maps/World1.World1:PersistentLevel.VendingMachineBP.FuseSpawnPoint' 
[2020.03.10-13.00.07:360][  0]LogPhysics: Warning: Initialising Body : Scale3D is (nearly) zero: Component: '/Game/Maps/World1.World1:PersistentLevel.VendingMachineBP.FuseSpawnPoint' 
[2020.03.10-13.00.07:452][  0]LogEditorServer: Finished looking for orphan Actors (0.000 secs)
[2020.03.10-13.00.07:772][  0]LogUObjectHash: Compacting FUObjectHashTables data took   2.16ms
[2020.03.10-13.00.07:772][  0]Cmd: MAP CHECKDEP NOCLEARLOG
[2020.03.10-13.00.07:790][  0]MapCheck: Map check complete: 0 Error(s), 0 Warning(s), took 18.672ms to complete.
[2020.03.10-13.00.07:790][  0]LogFileHelpers: Loading map 'World1' took 8.724
[2020.03.10-13.00.10:433][  0]LogSlate: Updating window title bar state: overlay mode, drag disabled, window buttons hidden, title bar hidden
[2020.03.10-13.00.10:439][  0]LogSlate: Updating window title bar state: overlay mode, drag disabled, window buttons hidden, title bar hidden
[2020.03.10-13.00.10:444][  0]LogSlate: Updating window title bar state: overlay mode, drag disabled, window buttons hidden, title bar hidden
[2020.03.10-13.00.10:449][  0]LogSlate: Updating window title bar state: overlay mode, drag disabled, window buttons hidden, title bar hidden
[2020.03.10-13.00.10:562][  0]LogCollectionManager: Loaded 0 collections in 0.001946 seconds
[2020.03.10-13.00.10:739][  0]LogFileCache: Scanning file cache for directory 'C:/Users/N0737367/Documents/GitHub/VR-Project/VREscapeRoom/Saved/Collections/' took 0.00s
[2020.03.10-13.00.10:739][  0]LogFileCache: Scanning file cache for directory 'C:/Users/N0737367/Documents/GitHub/VR-Project/VREscapeRoom/Content/Developers/N0737367/Collections/' took 0.00s
[2020.03.10-13.00.10:739][  0]LogFileCache: Scanning file cache for directory 'C:/Users/N0737367/Documents/GitHub/VR-Project/VREscapeRoom/Content/Collections/' took 0.00s
[2020.03.10-13.00.10:739][  0]LogCollectionManager: Rebuilt the GUID cache for 0 collections in 0.000004 seconds
[2020.03.10-13.00.10:747][  0]LogContentBrowser: Native class hierarchy populated in 0.0070 seconds. Added 2863 classes and 680 folders.
[2020.03.10-13.00.10:828][  0]LogContentBrowser: Native class hierarchy updated for 'WidgetCarousel' in 0.0002 seconds. Added 0 classes and 0 folders.
[2020.03.10-13.00.14:386][  0]LogContentBrowser: Native class hierarchy updated for 'AddContentDialog' in 0.0003 seconds. Added 0 classes and 0 folders.
[2020.03.10-13.00.14:601][  0]LogContentBrowser: Native class hierarchy updated for 'SceneOutliner' in 0.0002 seconds. Added 1 classes and 2 folders.
[2020.03.10-13.00.15:076][  0]LogSlate: Took 0.099580 seconds to synchronously load lazily loaded font '../../../Engine/Content/Slate/Fonts/Roboto-Regular.ttf' (155K)
[2020.03.10-13.00.15:388][  0]LogSlate: Took 0.310618 seconds to synchronously load lazily loaded font '../../../Engine/Content/Slate/Fonts/Roboto-Bold.ttf' (160K)
[2020.03.10-13.00.15:408][  0]LogSlate: Took 0.016989 seconds to synchronously load lazily loaded font '../../../Engine/Content/Editor/Slate/Fonts/FontAwesome.ttf' (139K)
[2020.03.10-13.00.15:934][  0]LogRenderer: Reallocating scene render targets to support 1208x572 Format 26 NumSamples 1 (Frame:1).
[2020.03.10-13.00.16:323][  0]LogSlate: FSceneViewport::OnFocusLost() reason 5
[2020.03.10-13.00.16:502][  0]LogSlate: Window 'Tutorials' being destroyed
[2020.03.10-13.00.16:552][  0]LogContentBrowser: Native class hierarchy updated for 'HierarchicalLODOutliner' in 0.0002 seconds. Added 0 classes and 0 folders.
[2020.03.10-13.00.16:559][  0]LogLoad: (Engine Initialization) Total time: 136.73 seconds
[2020.03.10-13.00.16:559][  0]LogLoad: (Engine Initialization) Total Blueprint compile time: 0.00 seconds
[2020.03.10-13.00.16:590][  0]LogOcInput: OculusInput is initialized
[2020.03.10-13.00.16:853][  0]LogContentStreaming: Texture pool size now 1000 MB
[2020.03.10-13.00.16:867][  0]LogSlate: FSceneViewport::OnFocusLost() reason 5
[2020.03.10-13.00.16:995][  0]LogSlate: Took 0.019602 seconds to synchronously load lazily loaded font '../../../Engine/Content/Slate/Fonts/Roboto-Light.ttf' (167K)
[2020.03.10-13.00.17:317][  2]LogAssetRegistry: Asset discovery search completed in 85.5737 seconds
[2020.03.10-13.00.17:330][  2]LogCollectionManager: Rebuilt the object cache for 0 collections in 0.000004 seconds (found 0 objects)
[2020.03.10-13.00.17:330][  2]LogCollectionManager: Fixed up redirectors for 0 collections in 0.000043 seconds (updated 0 objects)
[2020.03.10-13.01.16:579][957]LogEditorSessionSummary: EditorSessionSummary sent report. Type=Shutdown, SessionId={6C1D6903-48A8-61F6-1884-75895E1414D0}
[2020.03.10-13.01.16:579][957]LogEditorSessionSummary: EditorSessionSummary sent report. Type=Shutdown, SessionId={9BAE23FF-45FF-A1FC-A896-B2B2C372746E}
[2020.03.10-13.11.06:171][651]LogSlate: Window 'Message Log' being destroyed
[2020.03.10-13.11.06:175][651]LogSlate: Window 'Message Log' being destroyed
[2020.03.10-13.11.07:333][790]LogSlate: FSceneViewport::OnFocusLost() reason 0
[2020.03.10-13.11.07:408][799]LogTemp: Repeating last play command: VR Preview
[2020.03.10-13.11.07:441][799]LogBlueprintUserMessages: Early PlayInEditor Detection: Level '/Game/Maps/World1.World1:PersistentLevel' has LevelScriptBlueprint '/Game/Maps/World1.World1:PersistentLevel.World1' with GeneratedClass '/Game/Maps/World1.World1_C' with ClassGeneratedBy '/Game/Maps/World1.World1:PersistentLevel.World1'
[2020.03.10-13.11.07:445][799]LogPlayLevel: PlayLevel: No blueprints needed recompiling
[2020.03.10-13.11.07:451][799]LogHMD: Initializing OVRPlugin session
[2020.03.10-13.11.11:397][799]LogHMD: Allocating Oculus 2688 x 1600 rendertarget swapchain
[2020.03.10-13.11.11:431][799]PIE: New page: PIE session: World1 (10 Mar 2020 13:11:11)
[2020.03.10-13.11.11:711][799]LogOnline: OSS: Creating online subsystem instance for: NULL
[2020.03.10-13.11.11:714][799]LogPlayLevel: Creating play world package: /Game/Maps/UEDPIE_0_World1
[2020.03.10-13.11.11:751][799]LogPlayLevel: PIE: StaticDuplicateObject took: (0.035888s)
[2020.03.10-13.11.11:753][799]LogAIModule: Creating AISystem for world World1
[2020.03.10-13.11.11:755][799]LogPlayLevel: PIE: World Init took: (0.003831s)
[2020.03.10-13.11.11:755][799]LogPlayLevel: PIE: Created PIE world by copying editor world from /Game/Maps/World1.World1 to /Game/Maps/UEDPIE_0_World1.World1 (0.040594s)
[2020.03.10-13.11.11:821][799]LogUObjectHash: Compacting FUObjectHashTables data took   2.76ms
[2020.03.10-13.11.11:964][799]LogInit: XAudio2 using 'Headphones (Rift Audio)' : 2 channels at 48 kHz using 16 bits per sample (channel mask 0x3)
[2020.03.10-13.11.11:979][799]LogInit: FAudioDevice initialized.
[2020.03.10-13.11.12:007][799]LogSlate: Updating window title bar state: overlay mode, drag disabled, window buttons hidden, title bar hidden
[2020.03.10-13.11.12:175][799]LogUObjectGlobals: Warning: Failed to find object 'Class None.'
[2020.03.10-13.11.12:175][799]LogLoad: Game class is 'GameModeBase'
[2020.03.10-13.11.12:273][799]LogPhysics: Warning: Initialising Body : Scale3D is (nearly) zero: Component: '/Game/Maps/UEDPIE_0_World1.World1:PersistentLevel.VendingMachineBP.FuseSpawnPoint' 
[2020.03.10-13.11.12:273][799]LogWorld: Bringing World /Game/Maps/UEDPIE_0_World1.World1 up for play (max tick rate 0) at 2020.03.10-13.11.12
[2020.03.10-13.11.12:309][799]LogWorld: Bringing up level for play took: 0.068149
[2020.03.10-13.11.12:309][799]LogOnline: OSS: Creating online subsystem instance for: :Context_2
[2020.03.10-13.11.12:887][799]LogContentBrowser: Native class hierarchy updated for 'MovieSceneCapture' in 0.0011 seconds. Added 20 classes and 0 folders.
[2020.03.10-13.11.13:434][799]PIE: Play in editor start time for /Game/Maps/UEDPIE_0_World1 6.847
[2020.03.10-13.11.13:436][799]LogBlueprintUserMessages: Late PlayInEditor Detection: Level '/Game/Maps/World1.World1:PersistentLevel' has LevelScriptBlueprint '/Game/Maps/World1.World1:PersistentLevel.World1' with GeneratedClass '/Game/Maps/World1.World1_C' with ClassGeneratedBy '/Game/Maps/World1.World1:PersistentLevel.World1'
[2020.03.10-13.11.13:475][799]LogEngine: Changing dynamic resolution state.
[2020.03.10-13.11.13:966][799]LogRenderer: Reallocating scene render targets to support 2688x1600 Format 26 NumSamples 1 (Frame:1).
[2020.03.10-13.11.13:966][799]LogHMD: Allocating Oculus 2688 x 1600 depth rendertarget swapchain
[2020.03.10-13.11.14:452][801]LogProfilingDebugging: Allocated a 1024 x 1024 texture for HMD canvas layer
[2020.03.10-13.11.59:088][ 68]LogBlueprintUserMessages: Early EndPlayMap Detection: Level '/Game/Maps/World1.World1:PersistentLevel' has LevelScriptBlueprint '/Game/Maps/World1.World1:PersistentLevel.World1' with GeneratedClass '/Game/Maps/World1.World1_C' with ClassGeneratedBy '/Game/Maps/World1.World1:PersistentLevel.World1'
[2020.03.10-13.11.59:120][ 68]LogSlate: Updating window title bar state: overlay mode, drag disabled, window buttons hidden, title bar hidden
[2020.03.10-13.11.59:120][ 68]LogWorld: BeginTearingDown for /Game/Maps/UEDPIE_0_World1
[2020.03.10-13.11.59:167][ 68]LogSlate: Window 'VREscapeRoom Game Preview Standalone (64-bit/PCD3D_SM5)' being destroyed
[2020.03.10-13.11.59:250][ 68]LogWorld: UWorld::CleanupWorld for World1, bSessionEnded=true, bCleanupResources=true
[2020.03.10-13.11.59:324][ 68]LogPlayLevel: Display: Shutting down PIE online subsystems
[2020.03.10-13.11.59:324][ 68]LogBlueprintUserMessages: Late EndPlayMap Detection: Level '/Game/Maps/World1.World1:PersistentLevel' has LevelScriptBlueprint '/Game/Maps/World1.World1:PersistentLevel.World1' with GeneratedClass '/Game/Maps/World1.World1_C' with ClassGeneratedBy '/Game/Maps/World1.World1:PersistentLevel.World1'
[2020.03.10-13.11.59:637][ 68]LogUObjectHash: Compacting FUObjectHashTables data took   1.44ms
[2020.03.10-13.11.59:648][ 69]LogPlayLevel: Display: Destroying online subsystem :Context_2
[2020.03.10-13.11.59:679][ 69]LogEngine: Changing dynamic resolution state.
[2020.03.10-13.12.01:228][156]LogEditorViewport: Clicking on Actor (context menu): StaticMeshActor (SM_Prop_TrashCan_01)
[2020.03.10-13.12.03:111][156]LogSlate: FSceneViewport::OnFocusLost() reason 5
[2020.03.10-13.12.08:466][701]LogEditorViewport: Clicking on Actor (LMB): StaticMeshActor (SM_Env_Floor_4)
[2020.03.10-13.12.08:889][731]LogEditorViewport: Clicking on Actor (LMB): MotionControllerPawn_C (VRPawn)
[2020.03.10-13.12.38:665][954]LogSlate: Took 0.000531 seconds to synchronously load lazily loaded font '../../../Engine/Content/Slate/Fonts/Roboto-Light.ttf' (167K)
